[2024-02-25T11:13:07.653+0000] {taskinstance.py:1103} INFO - Dependencies all met for dep_context=non-requeueable deps ti=<TaskInstance: load_data_from_csv.stg_to_ods scheduled__2024-02-25T11:12:00+00:00 [queued]>
[2024-02-25T11:13:07.665+0000] {taskinstance.py:1103} INFO - Dependencies all met for dep_context=requeueable deps ti=<TaskInstance: load_data_from_csv.stg_to_ods scheduled__2024-02-25T11:12:00+00:00 [queued]>
[2024-02-25T11:13:07.667+0000] {taskinstance.py:1308} INFO - Starting attempt 1 of 1
[2024-02-25T11:13:07.677+0000] {taskinstance.py:1327} INFO - Executing <Task(PythonOperator): stg_to_ods> on 2024-02-25 11:12:00+00:00
[2024-02-25T11:13:07.685+0000] {standard_task_runner.py:57} INFO - Started process 762 to run task
[2024-02-25T11:13:07.690+0000] {standard_task_runner.py:84} INFO - Running: ['***', 'tasks', 'run', 'load_data_from_csv', 'stg_to_ods', 'scheduled__2024-02-25T11:12:00+00:00', '--job-id', '109', '--raw', '--subdir', 'DAGS_FOLDER/dag_raw_to_dds.py', '--cfg-path', '/tmp/tmpagbasf93']
[2024-02-25T11:13:07.692+0000] {standard_task_runner.py:85} INFO - Job 109: Subtask stg_to_ods
[2024-02-25T11:13:07.744+0000] {task_command.py:410} INFO - Running <TaskInstance: load_data_from_csv.stg_to_ods scheduled__2024-02-25T11:12:00+00:00 [running]> on host 44b084e90875
[2024-02-25T11:13:07.815+0000] {taskinstance.py:1547} INFO - Exporting env vars: AIRFLOW_CTX_DAG_OWNER='***' AIRFLOW_CTX_DAG_ID='load_data_from_csv' AIRFLOW_CTX_TASK_ID='stg_to_ods' AIRFLOW_CTX_EXECUTION_DATE='2024-02-25T11:12:00+00:00' AIRFLOW_CTX_TRY_NUMBER='1' AIRFLOW_CTX_DAG_RUN_ID='scheduled__2024-02-25T11:12:00+00:00'
[2024-02-25T11:13:07.955+0000] {log.py:232} WARNING - 2024-02-25 11:13:07,955 INFO sqlalchemy.engine.Engine select pg_catalog.version()
[2024-02-25T11:13:07.955+0000] {log.py:128} INFO - select pg_catalog.version()
[2024-02-25T11:13:07.958+0000] {log.py:232} WARNING - 2024-02-25 11:13:07,958 INFO sqlalchemy.engine.Engine [raw sql] {}
[2024-02-25T11:13:07.958+0000] {log.py:128} INFO - [raw sql] {}
[2024-02-25T11:13:07.984+0000] {log.py:232} WARNING - 2024-02-25 11:13:07,984 INFO sqlalchemy.engine.Engine select current_schema()
[2024-02-25T11:13:07.984+0000] {log.py:128} INFO - select current_schema()
[2024-02-25T11:13:07.986+0000] {log.py:232} WARNING - 2024-02-25 11:13:07,986 INFO sqlalchemy.engine.Engine [raw sql] {}
[2024-02-25T11:13:07.986+0000] {log.py:128} INFO - [raw sql] {}
[2024-02-25T11:13:08.013+0000] {log.py:232} WARNING - 2024-02-25 11:13:08,013 INFO sqlalchemy.engine.Engine show standard_conforming_strings
[2024-02-25T11:13:08.013+0000] {log.py:128} INFO - show standard_conforming_strings
[2024-02-25T11:13:08.014+0000] {log.py:232} WARNING - 2024-02-25 11:13:08,014 INFO sqlalchemy.engine.Engine [raw sql] {}
[2024-02-25T11:13:08.014+0000] {log.py:128} INFO - [raw sql] {}
[2024-02-25T11:13:08.048+0000] {log.py:232} WARNING - 2024-02-25 11:13:08,048 INFO sqlalchemy.engine.Engine SELECT ods.load_fraud_full();
[2024-02-25T11:13:08.048+0000] {log.py:128} INFO - SELECT ods.load_fraud_full();
[2024-02-25T11:13:08.052+0000] {log.py:232} WARNING - 2024-02-25 11:13:08,052 INFO sqlalchemy.engine.Engine [raw sql] {}
[2024-02-25T11:13:08.052+0000] {log.py:128} INFO - [raw sql] {}
[2024-02-25T11:13:08.165+0000] {python.py:183} INFO - Done. Returned value was: None
[2024-02-25T11:13:08.178+0000] {taskinstance.py:1350} INFO - Marking task as SUCCESS. dag_id=load_data_from_csv, task_id=stg_to_ods, execution_date=20240225T111200, start_date=20240225T111307, end_date=20240225T111308
[2024-02-25T11:13:08.228+0000] {local_task_job_runner.py:225} INFO - Task exited with return code 0
[2024-02-25T11:13:08.250+0000] {taskinstance.py:2653} INFO - 2 downstream tasks scheduled from follow-on schedule check
