[2023-07-19T18:42:20.026+0000] {processor.py:157} INFO - Started process (PID=52) to work on /home/airflow/.local/lib/python3.7/site-packages/airflow/example_dags/example_subdag_operator.py
[2023-07-19T18:42:20.038+0000] {processor.py:826} INFO - Processing file /home/airflow/.local/lib/python3.7/site-packages/airflow/example_dags/example_subdag_operator.py for tasks to queue
[2023-07-19T18:42:20.044+0000] {logging_mixin.py:150} INFO - [2023-07-19T18:42:20.044+0000] {dagbag.py:541} INFO - Filling up the DagBag from /home/airflow/.local/lib/python3.7/site-packages/airflow/example_dags/example_subdag_operator.py
[2023-07-19T18:42:20.129+0000] {processor.py:836} INFO - DAG(s) dict_keys(['example_subdag_operator.section-1', 'example_subdag_operator.section-2', 'example_subdag_operator']) retrieved from /home/airflow/.local/lib/python3.7/site-packages/airflow/example_dags/example_subdag_operator.py
[2023-07-19T18:42:20.137+0000] {logging_mixin.py:150} INFO - [2023-07-19T18:42:20.136+0000] {dag.py:2742} INFO - Sync 3 DAGs
[2023-07-19T18:42:20.194+0000] {logging_mixin.py:150} INFO - [2023-07-19T18:42:20.193+0000] {dag.py:3508} INFO - Setting next_dagrun for example_subdag_operator to 2022-01-01T00:00:00+00:00, run_after=2022-01-01T00:00:00+00:00
[2023-07-19T18:42:20.208+0000] {logging_mixin.py:150} INFO - [2023-07-19T18:42:20.208+0000] {dag.py:3508} INFO - Setting next_dagrun for example_subdag_operator.section-1 to None, run_after=None
[2023-07-19T18:42:20.212+0000] {logging_mixin.py:150} INFO - [2023-07-19T18:42:20.212+0000] {dag.py:3508} INFO - Setting next_dagrun for example_subdag_operator.section-2 to None, run_after=None
[2023-07-19T18:42:20.230+0000] {logging_mixin.py:150} INFO - [2023-07-19T18:42:20.230+0000] {dag.py:2742} INFO - Sync 2 DAGs
[2023-07-19T18:42:20.240+0000] {logging_mixin.py:150} INFO - [2023-07-19T18:42:20.240+0000] {dag.py:3508} INFO - Setting next_dagrun for example_subdag_operator.section-1 to None, run_after=None
[2023-07-19T18:42:20.243+0000] {logging_mixin.py:150} INFO - [2023-07-19T18:42:20.242+0000] {dag.py:3508} INFO - Setting next_dagrun for example_subdag_operator.section-2 to None, run_after=None
[2023-07-19T18:42:20.272+0000] {processor.py:179} INFO - Processing /home/airflow/.local/lib/python3.7/site-packages/airflow/example_dags/example_subdag_operator.py took 0.255 seconds
[2023-07-19T18:42:50.323+0000] {processor.py:157} INFO - Started process (PID=112) to work on /home/airflow/.local/lib/python3.7/site-packages/airflow/example_dags/example_subdag_operator.py
[2023-07-19T18:42:50.325+0000] {processor.py:826} INFO - Processing file /home/airflow/.local/lib/python3.7/site-packages/airflow/example_dags/example_subdag_operator.py for tasks to queue
[2023-07-19T18:42:50.329+0000] {logging_mixin.py:150} INFO - [2023-07-19T18:42:50.328+0000] {dagbag.py:541} INFO - Filling up the DagBag from /home/airflow/.local/lib/python3.7/site-packages/airflow/example_dags/example_subdag_operator.py
[2023-07-19T18:42:50.352+0000] {processor.py:836} INFO - DAG(s) dict_keys(['example_subdag_operator.section-1', 'example_subdag_operator.section-2', 'example_subdag_operator']) retrieved from /home/airflow/.local/lib/python3.7/site-packages/airflow/example_dags/example_subdag_operator.py
[2023-07-19T18:42:50.384+0000] {logging_mixin.py:150} INFO - [2023-07-19T18:42:50.384+0000] {dag.py:2742} INFO - Sync 3 DAGs
[2023-07-19T18:42:50.406+0000] {logging_mixin.py:150} INFO - [2023-07-19T18:42:50.405+0000] {dag.py:3508} INFO - Setting next_dagrun for example_subdag_operator to 2022-01-01T00:00:00+00:00, run_after=2022-01-01T00:00:00+00:00
[2023-07-19T18:42:50.410+0000] {logging_mixin.py:150} INFO - [2023-07-19T18:42:50.410+0000] {dag.py:3508} INFO - Setting next_dagrun for example_subdag_operator.section-1 to None, run_after=None
[2023-07-19T18:42:50.413+0000] {logging_mixin.py:150} INFO - [2023-07-19T18:42:50.413+0000] {dag.py:3508} INFO - Setting next_dagrun for example_subdag_operator.section-2 to None, run_after=None
[2023-07-19T18:42:50.421+0000] {logging_mixin.py:150} INFO - [2023-07-19T18:42:50.421+0000] {dag.py:2742} INFO - Sync 2 DAGs
[2023-07-19T18:42:50.428+0000] {logging_mixin.py:150} INFO - [2023-07-19T18:42:50.428+0000] {dag.py:3508} INFO - Setting next_dagrun for example_subdag_operator.section-1 to None, run_after=None
[2023-07-19T18:42:50.430+0000] {logging_mixin.py:150} INFO - [2023-07-19T18:42:50.430+0000] {dag.py:3508} INFO - Setting next_dagrun for example_subdag_operator.section-2 to None, run_after=None
[2023-07-19T18:42:50.440+0000] {processor.py:179} INFO - Processing /home/airflow/.local/lib/python3.7/site-packages/airflow/example_dags/example_subdag_operator.py took 0.119 seconds
[2023-07-19T18:43:21.427+0000] {processor.py:157} INFO - Started process (PID=171) to work on /home/airflow/.local/lib/python3.7/site-packages/airflow/example_dags/example_subdag_operator.py
[2023-07-19T18:43:21.429+0000] {processor.py:826} INFO - Processing file /home/airflow/.local/lib/python3.7/site-packages/airflow/example_dags/example_subdag_operator.py for tasks to queue
[2023-07-19T18:43:21.430+0000] {logging_mixin.py:150} INFO - [2023-07-19T18:43:21.430+0000] {dagbag.py:541} INFO - Filling up the DagBag from /home/airflow/.local/lib/python3.7/site-packages/airflow/example_dags/example_subdag_operator.py
[2023-07-19T18:43:21.456+0000] {processor.py:836} INFO - DAG(s) dict_keys(['example_subdag_operator.section-1', 'example_subdag_operator.section-2', 'example_subdag_operator']) retrieved from /home/airflow/.local/lib/python3.7/site-packages/airflow/example_dags/example_subdag_operator.py
[2023-07-19T18:43:21.475+0000] {logging_mixin.py:150} INFO - [2023-07-19T18:43:21.475+0000] {dag.py:2742} INFO - Sync 3 DAGs
[2023-07-19T18:43:21.496+0000] {logging_mixin.py:150} INFO - [2023-07-19T18:43:21.496+0000] {dag.py:3508} INFO - Setting next_dagrun for example_subdag_operator to 2022-01-01T00:00:00+00:00, run_after=2022-01-01T00:00:00+00:00
[2023-07-19T18:43:21.500+0000] {logging_mixin.py:150} INFO - [2023-07-19T18:43:21.500+0000] {dag.py:3508} INFO - Setting next_dagrun for example_subdag_operator.section-1 to None, run_after=None
[2023-07-19T18:43:21.502+0000] {logging_mixin.py:150} INFO - [2023-07-19T18:43:21.502+0000] {dag.py:3508} INFO - Setting next_dagrun for example_subdag_operator.section-2 to None, run_after=None
[2023-07-19T18:43:21.511+0000] {logging_mixin.py:150} INFO - [2023-07-19T18:43:21.511+0000] {dag.py:2742} INFO - Sync 2 DAGs
[2023-07-19T18:43:21.519+0000] {logging_mixin.py:150} INFO - [2023-07-19T18:43:21.519+0000] {dag.py:3508} INFO - Setting next_dagrun for example_subdag_operator.section-1 to None, run_after=None
[2023-07-19T18:43:21.523+0000] {logging_mixin.py:150} INFO - [2023-07-19T18:43:21.523+0000] {dag.py:3508} INFO - Setting next_dagrun for example_subdag_operator.section-2 to None, run_after=None
[2023-07-19T18:43:21.533+0000] {processor.py:179} INFO - Processing /home/airflow/.local/lib/python3.7/site-packages/airflow/example_dags/example_subdag_operator.py took 0.109 seconds
[2023-07-19T18:43:52.022+0000] {processor.py:157} INFO - Started process (PID=230) to work on /home/airflow/.local/lib/python3.7/site-packages/airflow/example_dags/example_subdag_operator.py
[2023-07-19T18:43:52.024+0000] {processor.py:826} INFO - Processing file /home/airflow/.local/lib/python3.7/site-packages/airflow/example_dags/example_subdag_operator.py for tasks to queue
[2023-07-19T18:43:52.026+0000] {logging_mixin.py:150} INFO - [2023-07-19T18:43:52.025+0000] {dagbag.py:541} INFO - Filling up the DagBag from /home/airflow/.local/lib/python3.7/site-packages/airflow/example_dags/example_subdag_operator.py
[2023-07-19T18:43:52.053+0000] {processor.py:836} INFO - DAG(s) dict_keys(['example_subdag_operator.section-1', 'example_subdag_operator.section-2', 'example_subdag_operator']) retrieved from /home/airflow/.local/lib/python3.7/site-packages/airflow/example_dags/example_subdag_operator.py
[2023-07-19T18:43:52.076+0000] {logging_mixin.py:150} INFO - [2023-07-19T18:43:52.076+0000] {dag.py:2742} INFO - Sync 3 DAGs
[2023-07-19T18:43:52.102+0000] {logging_mixin.py:150} INFO - [2023-07-19T18:43:52.101+0000] {dag.py:3508} INFO - Setting next_dagrun for example_subdag_operator to 2022-01-01T00:00:00+00:00, run_after=2022-01-01T00:00:00+00:00
[2023-07-19T18:43:52.107+0000] {logging_mixin.py:150} INFO - [2023-07-19T18:43:52.107+0000] {dag.py:3508} INFO - Setting next_dagrun for example_subdag_operator.section-1 to None, run_after=None
[2023-07-19T18:43:52.110+0000] {logging_mixin.py:150} INFO - [2023-07-19T18:43:52.110+0000] {dag.py:3508} INFO - Setting next_dagrun for example_subdag_operator.section-2 to None, run_after=None
[2023-07-19T18:43:52.117+0000] {logging_mixin.py:150} INFO - [2023-07-19T18:43:52.117+0000] {dag.py:2742} INFO - Sync 2 DAGs
[2023-07-19T18:43:52.124+0000] {logging_mixin.py:150} INFO - [2023-07-19T18:43:52.123+0000] {dag.py:3508} INFO - Setting next_dagrun for example_subdag_operator.section-1 to None, run_after=None
[2023-07-19T18:43:52.125+0000] {logging_mixin.py:150} INFO - [2023-07-19T18:43:52.125+0000] {dag.py:3508} INFO - Setting next_dagrun for example_subdag_operator.section-2 to None, run_after=None
[2023-07-19T18:43:52.133+0000] {processor.py:179} INFO - Processing /home/airflow/.local/lib/python3.7/site-packages/airflow/example_dags/example_subdag_operator.py took 0.114 seconds
[2023-07-19T18:44:23.444+0000] {processor.py:157} INFO - Started process (PID=288) to work on /home/airflow/.local/lib/python3.7/site-packages/airflow/example_dags/example_subdag_operator.py
[2023-07-19T18:44:23.448+0000] {processor.py:826} INFO - Processing file /home/airflow/.local/lib/python3.7/site-packages/airflow/example_dags/example_subdag_operator.py for tasks to queue
[2023-07-19T18:44:23.451+0000] {logging_mixin.py:150} INFO - [2023-07-19T18:44:23.451+0000] {dagbag.py:541} INFO - Filling up the DagBag from /home/airflow/.local/lib/python3.7/site-packages/airflow/example_dags/example_subdag_operator.py
[2023-07-19T18:44:23.495+0000] {processor.py:836} INFO - DAG(s) dict_keys(['example_subdag_operator.section-1', 'example_subdag_operator.section-2', 'example_subdag_operator']) retrieved from /home/airflow/.local/lib/python3.7/site-packages/airflow/example_dags/example_subdag_operator.py
[2023-07-19T18:44:23.520+0000] {logging_mixin.py:150} INFO - [2023-07-19T18:44:23.520+0000] {dag.py:2742} INFO - Sync 3 DAGs
[2023-07-19T18:44:23.548+0000] {logging_mixin.py:150} INFO - [2023-07-19T18:44:23.547+0000] {dag.py:3508} INFO - Setting next_dagrun for example_subdag_operator to 2022-01-01T00:00:00+00:00, run_after=2022-01-01T00:00:00+00:00
[2023-07-19T18:44:23.555+0000] {logging_mixin.py:150} INFO - [2023-07-19T18:44:23.555+0000] {dag.py:3508} INFO - Setting next_dagrun for example_subdag_operator.section-1 to None, run_after=None
[2023-07-19T18:44:23.560+0000] {logging_mixin.py:150} INFO - [2023-07-19T18:44:23.560+0000] {dag.py:3508} INFO - Setting next_dagrun for example_subdag_operator.section-2 to None, run_after=None
[2023-07-19T18:44:23.572+0000] {logging_mixin.py:150} INFO - [2023-07-19T18:44:23.571+0000] {dag.py:2742} INFO - Sync 2 DAGs
[2023-07-19T18:44:23.580+0000] {logging_mixin.py:150} INFO - [2023-07-19T18:44:23.579+0000] {dag.py:3508} INFO - Setting next_dagrun for example_subdag_operator.section-1 to None, run_after=None
[2023-07-19T18:44:23.583+0000] {logging_mixin.py:150} INFO - [2023-07-19T18:44:23.583+0000] {dag.py:3508} INFO - Setting next_dagrun for example_subdag_operator.section-2 to None, run_after=None
[2023-07-19T18:44:23.598+0000] {processor.py:179} INFO - Processing /home/airflow/.local/lib/python3.7/site-packages/airflow/example_dags/example_subdag_operator.py took 0.160 seconds
[2023-07-19T18:44:53.633+0000] {processor.py:157} INFO - Started process (PID=347) to work on /home/airflow/.local/lib/python3.7/site-packages/airflow/example_dags/example_subdag_operator.py
[2023-07-19T18:44:53.634+0000] {processor.py:826} INFO - Processing file /home/airflow/.local/lib/python3.7/site-packages/airflow/example_dags/example_subdag_operator.py for tasks to queue
[2023-07-19T18:44:53.636+0000] {logging_mixin.py:150} INFO - [2023-07-19T18:44:53.636+0000] {dagbag.py:541} INFO - Filling up the DagBag from /home/airflow/.local/lib/python3.7/site-packages/airflow/example_dags/example_subdag_operator.py
[2023-07-19T18:44:53.658+0000] {processor.py:836} INFO - DAG(s) dict_keys(['example_subdag_operator.section-1', 'example_subdag_operator.section-2', 'example_subdag_operator']) retrieved from /home/airflow/.local/lib/python3.7/site-packages/airflow/example_dags/example_subdag_operator.py
[2023-07-19T18:44:53.671+0000] {logging_mixin.py:150} INFO - [2023-07-19T18:44:53.671+0000] {dag.py:2742} INFO - Sync 3 DAGs
[2023-07-19T18:44:53.687+0000] {logging_mixin.py:150} INFO - [2023-07-19T18:44:53.687+0000] {dag.py:3508} INFO - Setting next_dagrun for example_subdag_operator to 2022-01-01T00:00:00+00:00, run_after=2022-01-01T00:00:00+00:00
[2023-07-19T18:44:53.690+0000] {logging_mixin.py:150} INFO - [2023-07-19T18:44:53.690+0000] {dag.py:3508} INFO - Setting next_dagrun for example_subdag_operator.section-1 to None, run_after=None
[2023-07-19T18:44:53.691+0000] {logging_mixin.py:150} INFO - [2023-07-19T18:44:53.691+0000] {dag.py:3508} INFO - Setting next_dagrun for example_subdag_operator.section-2 to None, run_after=None
[2023-07-19T18:44:53.698+0000] {logging_mixin.py:150} INFO - [2023-07-19T18:44:53.698+0000] {dag.py:2742} INFO - Sync 2 DAGs
[2023-07-19T18:44:53.702+0000] {logging_mixin.py:150} INFO - [2023-07-19T18:44:53.702+0000] {dag.py:3508} INFO - Setting next_dagrun for example_subdag_operator.section-1 to None, run_after=None
[2023-07-19T18:44:53.703+0000] {logging_mixin.py:150} INFO - [2023-07-19T18:44:53.703+0000] {dag.py:3508} INFO - Setting next_dagrun for example_subdag_operator.section-2 to None, run_after=None
[2023-07-19T18:44:53.709+0000] {processor.py:179} INFO - Processing /home/airflow/.local/lib/python3.7/site-packages/airflow/example_dags/example_subdag_operator.py took 0.080 seconds
[2023-07-19T18:45:25.184+0000] {processor.py:157} INFO - Started process (PID=406) to work on /home/airflow/.local/lib/python3.7/site-packages/airflow/example_dags/example_subdag_operator.py
[2023-07-19T18:45:25.193+0000] {processor.py:826} INFO - Processing file /home/airflow/.local/lib/python3.7/site-packages/airflow/example_dags/example_subdag_operator.py for tasks to queue
[2023-07-19T18:45:25.200+0000] {logging_mixin.py:150} INFO - [2023-07-19T18:45:25.200+0000] {dagbag.py:541} INFO - Filling up the DagBag from /home/airflow/.local/lib/python3.7/site-packages/airflow/example_dags/example_subdag_operator.py
[2023-07-19T18:45:25.269+0000] {processor.py:836} INFO - DAG(s) dict_keys(['example_subdag_operator.section-1', 'example_subdag_operator.section-2', 'example_subdag_operator']) retrieved from /home/airflow/.local/lib/python3.7/site-packages/airflow/example_dags/example_subdag_operator.py
[2023-07-19T18:45:25.297+0000] {logging_mixin.py:150} INFO - [2023-07-19T18:45:25.297+0000] {dag.py:2742} INFO - Sync 3 DAGs
[2023-07-19T18:45:25.323+0000] {logging_mixin.py:150} INFO - [2023-07-19T18:45:25.323+0000] {dag.py:3508} INFO - Setting next_dagrun for example_subdag_operator to 2022-01-01T00:00:00+00:00, run_after=2022-01-01T00:00:00+00:00
[2023-07-19T18:45:25.327+0000] {logging_mixin.py:150} INFO - [2023-07-19T18:45:25.327+0000] {dag.py:3508} INFO - Setting next_dagrun for example_subdag_operator.section-1 to None, run_after=None
[2023-07-19T18:45:25.329+0000] {logging_mixin.py:150} INFO - [2023-07-19T18:45:25.329+0000] {dag.py:3508} INFO - Setting next_dagrun for example_subdag_operator.section-2 to None, run_after=None
[2023-07-19T18:45:25.338+0000] {logging_mixin.py:150} INFO - [2023-07-19T18:45:25.338+0000] {dag.py:2742} INFO - Sync 2 DAGs
[2023-07-19T18:45:25.345+0000] {logging_mixin.py:150} INFO - [2023-07-19T18:45:25.345+0000] {dag.py:3508} INFO - Setting next_dagrun for example_subdag_operator.section-1 to None, run_after=None
[2023-07-19T18:45:25.347+0000] {logging_mixin.py:150} INFO - [2023-07-19T18:45:25.347+0000] {dag.py:3508} INFO - Setting next_dagrun for example_subdag_operator.section-2 to None, run_after=None
[2023-07-19T18:45:25.363+0000] {processor.py:179} INFO - Processing /home/airflow/.local/lib/python3.7/site-packages/airflow/example_dags/example_subdag_operator.py took 0.186 seconds
[2023-07-19T18:45:55.753+0000] {processor.py:157} INFO - Started process (PID=465) to work on /home/airflow/.local/lib/python3.7/site-packages/airflow/example_dags/example_subdag_operator.py
[2023-07-19T18:45:55.756+0000] {processor.py:826} INFO - Processing file /home/airflow/.local/lib/python3.7/site-packages/airflow/example_dags/example_subdag_operator.py for tasks to queue
[2023-07-19T18:45:55.758+0000] {logging_mixin.py:150} INFO - [2023-07-19T18:45:55.758+0000] {dagbag.py:541} INFO - Filling up the DagBag from /home/airflow/.local/lib/python3.7/site-packages/airflow/example_dags/example_subdag_operator.py
[2023-07-19T18:45:55.792+0000] {processor.py:836} INFO - DAG(s) dict_keys(['example_subdag_operator.section-1', 'example_subdag_operator.section-2', 'example_subdag_operator']) retrieved from /home/airflow/.local/lib/python3.7/site-packages/airflow/example_dags/example_subdag_operator.py
[2023-07-19T18:45:55.812+0000] {logging_mixin.py:150} INFO - [2023-07-19T18:45:55.812+0000] {dag.py:2742} INFO - Sync 3 DAGs
[2023-07-19T18:45:55.838+0000] {logging_mixin.py:150} INFO - [2023-07-19T18:45:55.837+0000] {dag.py:3508} INFO - Setting next_dagrun for example_subdag_operator to 2022-01-01T00:00:00+00:00, run_after=2022-01-01T00:00:00+00:00
[2023-07-19T18:45:55.841+0000] {logging_mixin.py:150} INFO - [2023-07-19T18:45:55.841+0000] {dag.py:3508} INFO - Setting next_dagrun for example_subdag_operator.section-1 to None, run_after=None
[2023-07-19T18:45:55.844+0000] {logging_mixin.py:150} INFO - [2023-07-19T18:45:55.843+0000] {dag.py:3508} INFO - Setting next_dagrun for example_subdag_operator.section-2 to None, run_after=None
[2023-07-19T18:45:55.851+0000] {logging_mixin.py:150} INFO - [2023-07-19T18:45:55.851+0000] {dag.py:2742} INFO - Sync 2 DAGs
[2023-07-19T18:45:55.861+0000] {logging_mixin.py:150} INFO - [2023-07-19T18:45:55.861+0000] {dag.py:3508} INFO - Setting next_dagrun for example_subdag_operator.section-1 to None, run_after=None
[2023-07-19T18:45:55.863+0000] {logging_mixin.py:150} INFO - [2023-07-19T18:45:55.863+0000] {dag.py:3508} INFO - Setting next_dagrun for example_subdag_operator.section-2 to None, run_after=None
[2023-07-19T18:45:55.878+0000] {processor.py:179} INFO - Processing /home/airflow/.local/lib/python3.7/site-packages/airflow/example_dags/example_subdag_operator.py took 0.128 seconds
[2023-07-19T18:46:26.328+0000] {processor.py:157} INFO - Started process (PID=524) to work on /home/airflow/.local/lib/python3.7/site-packages/airflow/example_dags/example_subdag_operator.py
[2023-07-19T18:46:26.333+0000] {processor.py:826} INFO - Processing file /home/airflow/.local/lib/python3.7/site-packages/airflow/example_dags/example_subdag_operator.py for tasks to queue
[2023-07-19T18:46:26.338+0000] {logging_mixin.py:150} INFO - [2023-07-19T18:46:26.337+0000] {dagbag.py:541} INFO - Filling up the DagBag from /home/airflow/.local/lib/python3.7/site-packages/airflow/example_dags/example_subdag_operator.py
[2023-07-19T18:46:26.414+0000] {processor.py:836} INFO - DAG(s) dict_keys(['example_subdag_operator.section-1', 'example_subdag_operator.section-2', 'example_subdag_operator']) retrieved from /home/airflow/.local/lib/python3.7/site-packages/airflow/example_dags/example_subdag_operator.py
[2023-07-19T18:46:26.445+0000] {logging_mixin.py:150} INFO - [2023-07-19T18:46:26.445+0000] {dag.py:2742} INFO - Sync 3 DAGs
[2023-07-19T18:46:26.468+0000] {logging_mixin.py:150} INFO - [2023-07-19T18:46:26.468+0000] {dag.py:3508} INFO - Setting next_dagrun for example_subdag_operator to 2022-01-01T00:00:00+00:00, run_after=2022-01-01T00:00:00+00:00
[2023-07-19T18:46:26.475+0000] {logging_mixin.py:150} INFO - [2023-07-19T18:46:26.474+0000] {dag.py:3508} INFO - Setting next_dagrun for example_subdag_operator.section-1 to None, run_after=None
[2023-07-19T18:46:26.478+0000] {logging_mixin.py:150} INFO - [2023-07-19T18:46:26.478+0000] {dag.py:3508} INFO - Setting next_dagrun for example_subdag_operator.section-2 to None, run_after=None
[2023-07-19T18:46:26.484+0000] {logging_mixin.py:150} INFO - [2023-07-19T18:46:26.484+0000] {dag.py:2742} INFO - Sync 2 DAGs
[2023-07-19T18:46:26.490+0000] {logging_mixin.py:150} INFO - [2023-07-19T18:46:26.490+0000] {dag.py:3508} INFO - Setting next_dagrun for example_subdag_operator.section-1 to None, run_after=None
[2023-07-19T18:46:26.490+0000] {logging_mixin.py:150} INFO - [2023-07-19T18:46:26.490+0000] {dag.py:3508} INFO - Setting next_dagrun for example_subdag_operator.section-2 to None, run_after=None
[2023-07-19T18:46:26.500+0000] {processor.py:179} INFO - Processing /home/airflow/.local/lib/python3.7/site-packages/airflow/example_dags/example_subdag_operator.py took 0.177 seconds
[2023-07-19T18:46:59.789+0000] {processor.py:157} INFO - Started process (PID=583) to work on /home/airflow/.local/lib/python3.7/site-packages/airflow/example_dags/example_subdag_operator.py
[2023-07-19T18:46:59.796+0000] {processor.py:826} INFO - Processing file /home/airflow/.local/lib/python3.7/site-packages/airflow/example_dags/example_subdag_operator.py for tasks to queue
[2023-07-19T18:46:59.805+0000] {logging_mixin.py:150} INFO - [2023-07-19T18:46:59.805+0000] {dagbag.py:541} INFO - Filling up the DagBag from /home/airflow/.local/lib/python3.7/site-packages/airflow/example_dags/example_subdag_operator.py
[2023-07-19T18:46:59.904+0000] {processor.py:836} INFO - DAG(s) dict_keys(['example_subdag_operator.section-1', 'example_subdag_operator.section-2', 'example_subdag_operator']) retrieved from /home/airflow/.local/lib/python3.7/site-packages/airflow/example_dags/example_subdag_operator.py
[2023-07-19T18:46:59.932+0000] {logging_mixin.py:150} INFO - [2023-07-19T18:46:59.932+0000] {dag.py:2742} INFO - Sync 3 DAGs
[2023-07-19T18:46:59.968+0000] {logging_mixin.py:150} INFO - [2023-07-19T18:46:59.968+0000] {dag.py:3508} INFO - Setting next_dagrun for example_subdag_operator to 2022-01-01T00:00:00+00:00, run_after=2022-01-01T00:00:00+00:00
[2023-07-19T18:46:59.974+0000] {logging_mixin.py:150} INFO - [2023-07-19T18:46:59.974+0000] {dag.py:3508} INFO - Setting next_dagrun for example_subdag_operator.section-1 to None, run_after=None
[2023-07-19T18:46:59.978+0000] {logging_mixin.py:150} INFO - [2023-07-19T18:46:59.978+0000] {dag.py:3508} INFO - Setting next_dagrun for example_subdag_operator.section-2 to None, run_after=None
[2023-07-19T18:46:59.989+0000] {logging_mixin.py:150} INFO - [2023-07-19T18:46:59.989+0000] {dag.py:2742} INFO - Sync 2 DAGs
[2023-07-19T18:47:00.000+0000] {logging_mixin.py:150} INFO - [2023-07-19T18:47:00.000+0000] {dag.py:3508} INFO - Setting next_dagrun for example_subdag_operator.section-1 to None, run_after=None
[2023-07-19T18:47:00.002+0000] {logging_mixin.py:150} INFO - [2023-07-19T18:47:00.002+0000] {dag.py:3508} INFO - Setting next_dagrun for example_subdag_operator.section-2 to None, run_after=None
[2023-07-19T18:47:00.015+0000] {processor.py:179} INFO - Processing /home/airflow/.local/lib/python3.7/site-packages/airflow/example_dags/example_subdag_operator.py took 0.235 seconds
[2023-07-19T18:47:31.517+0000] {processor.py:157} INFO - Started process (PID=642) to work on /home/airflow/.local/lib/python3.7/site-packages/airflow/example_dags/example_subdag_operator.py
[2023-07-19T18:47:31.521+0000] {processor.py:826} INFO - Processing file /home/airflow/.local/lib/python3.7/site-packages/airflow/example_dags/example_subdag_operator.py for tasks to queue
[2023-07-19T18:47:31.523+0000] {logging_mixin.py:150} INFO - [2023-07-19T18:47:31.522+0000] {dagbag.py:541} INFO - Filling up the DagBag from /home/airflow/.local/lib/python3.7/site-packages/airflow/example_dags/example_subdag_operator.py
[2023-07-19T18:47:31.582+0000] {processor.py:836} INFO - DAG(s) dict_keys(['example_subdag_operator.section-1', 'example_subdag_operator.section-2', 'example_subdag_operator']) retrieved from /home/airflow/.local/lib/python3.7/site-packages/airflow/example_dags/example_subdag_operator.py
[2023-07-19T18:47:31.621+0000] {logging_mixin.py:150} INFO - [2023-07-19T18:47:31.621+0000] {dag.py:2742} INFO - Sync 3 DAGs
[2023-07-19T18:47:31.699+0000] {logging_mixin.py:150} INFO - [2023-07-19T18:47:31.699+0000] {dag.py:3508} INFO - Setting next_dagrun for example_subdag_operator to 2022-01-01T00:00:00+00:00, run_after=2022-01-01T00:00:00+00:00
[2023-07-19T18:47:31.729+0000] {logging_mixin.py:150} INFO - [2023-07-19T18:47:31.729+0000] {dag.py:3508} INFO - Setting next_dagrun for example_subdag_operator.section-1 to None, run_after=None
[2023-07-19T18:47:31.735+0000] {logging_mixin.py:150} INFO - [2023-07-19T18:47:31.735+0000] {dag.py:3508} INFO - Setting next_dagrun for example_subdag_operator.section-2 to None, run_after=None
[2023-07-19T18:47:31.754+0000] {logging_mixin.py:150} INFO - [2023-07-19T18:47:31.754+0000] {dag.py:2742} INFO - Sync 2 DAGs
[2023-07-19T18:47:31.782+0000] {logging_mixin.py:150} INFO - [2023-07-19T18:47:31.781+0000] {dag.py:3508} INFO - Setting next_dagrun for example_subdag_operator.section-1 to None, run_after=None
[2023-07-19T18:47:31.790+0000] {logging_mixin.py:150} INFO - [2023-07-19T18:47:31.790+0000] {dag.py:3508} INFO - Setting next_dagrun for example_subdag_operator.section-2 to None, run_after=None
[2023-07-19T18:47:31.824+0000] {processor.py:179} INFO - Processing /home/airflow/.local/lib/python3.7/site-packages/airflow/example_dags/example_subdag_operator.py took 0.318 seconds
[2023-07-19T18:48:02.442+0000] {processor.py:157} INFO - Started process (PID=701) to work on /home/airflow/.local/lib/python3.7/site-packages/airflow/example_dags/example_subdag_operator.py
[2023-07-19T18:48:02.445+0000] {processor.py:826} INFO - Processing file /home/airflow/.local/lib/python3.7/site-packages/airflow/example_dags/example_subdag_operator.py for tasks to queue
[2023-07-19T18:48:02.449+0000] {logging_mixin.py:150} INFO - [2023-07-19T18:48:02.449+0000] {dagbag.py:541} INFO - Filling up the DagBag from /home/airflow/.local/lib/python3.7/site-packages/airflow/example_dags/example_subdag_operator.py
[2023-07-19T18:48:02.503+0000] {processor.py:836} INFO - DAG(s) dict_keys(['example_subdag_operator.section-1', 'example_subdag_operator.section-2', 'example_subdag_operator']) retrieved from /home/airflow/.local/lib/python3.7/site-packages/airflow/example_dags/example_subdag_operator.py
[2023-07-19T18:48:02.527+0000] {logging_mixin.py:150} INFO - [2023-07-19T18:48:02.527+0000] {dag.py:2742} INFO - Sync 3 DAGs
[2023-07-19T18:48:02.586+0000] {logging_mixin.py:150} INFO - [2023-07-19T18:48:02.585+0000] {dag.py:3508} INFO - Setting next_dagrun for example_subdag_operator to 2022-01-01T00:00:00+00:00, run_after=2022-01-01T00:00:00+00:00
[2023-07-19T18:48:02.604+0000] {logging_mixin.py:150} INFO - [2023-07-19T18:48:02.604+0000] {dag.py:3508} INFO - Setting next_dagrun for example_subdag_operator.section-1 to None, run_after=None
[2023-07-19T18:48:02.613+0000] {logging_mixin.py:150} INFO - [2023-07-19T18:48:02.612+0000] {dag.py:3508} INFO - Setting next_dagrun for example_subdag_operator.section-2 to None, run_after=None
[2023-07-19T18:48:02.638+0000] {logging_mixin.py:150} INFO - [2023-07-19T18:48:02.638+0000] {dag.py:2742} INFO - Sync 2 DAGs
[2023-07-19T18:48:02.657+0000] {logging_mixin.py:150} INFO - [2023-07-19T18:48:02.656+0000] {dag.py:3508} INFO - Setting next_dagrun for example_subdag_operator.section-1 to None, run_after=None
[2023-07-19T18:48:02.663+0000] {logging_mixin.py:150} INFO - [2023-07-19T18:48:02.661+0000] {dag.py:3508} INFO - Setting next_dagrun for example_subdag_operator.section-2 to None, run_after=None
[2023-07-19T18:48:02.701+0000] {processor.py:179} INFO - Processing /home/airflow/.local/lib/python3.7/site-packages/airflow/example_dags/example_subdag_operator.py took 0.266 seconds
[2023-07-19T18:48:34.141+0000] {processor.py:157} INFO - Started process (PID=760) to work on /home/airflow/.local/lib/python3.7/site-packages/airflow/example_dags/example_subdag_operator.py
[2023-07-19T18:48:34.156+0000] {processor.py:826} INFO - Processing file /home/airflow/.local/lib/python3.7/site-packages/airflow/example_dags/example_subdag_operator.py for tasks to queue
[2023-07-19T18:48:34.164+0000] {logging_mixin.py:150} INFO - [2023-07-19T18:48:34.163+0000] {dagbag.py:541} INFO - Filling up the DagBag from /home/airflow/.local/lib/python3.7/site-packages/airflow/example_dags/example_subdag_operator.py
[2023-07-19T18:48:34.233+0000] {processor.py:836} INFO - DAG(s) dict_keys(['example_subdag_operator.section-1', 'example_subdag_operator.section-2', 'example_subdag_operator']) retrieved from /home/airflow/.local/lib/python3.7/site-packages/airflow/example_dags/example_subdag_operator.py
[2023-07-19T18:48:34.268+0000] {logging_mixin.py:150} INFO - [2023-07-19T18:48:34.268+0000] {dag.py:2742} INFO - Sync 3 DAGs
[2023-07-19T18:48:34.329+0000] {logging_mixin.py:150} INFO - [2023-07-19T18:48:34.329+0000] {dag.py:3508} INFO - Setting next_dagrun for example_subdag_operator to 2022-01-01T00:00:00+00:00, run_after=2022-01-01T00:00:00+00:00
[2023-07-19T18:48:34.340+0000] {logging_mixin.py:150} INFO - [2023-07-19T18:48:34.340+0000] {dag.py:3508} INFO - Setting next_dagrun for example_subdag_operator.section-1 to None, run_after=None
[2023-07-19T18:48:34.346+0000] {logging_mixin.py:150} INFO - [2023-07-19T18:48:34.346+0000] {dag.py:3508} INFO - Setting next_dagrun for example_subdag_operator.section-2 to None, run_after=None
[2023-07-19T18:48:34.381+0000] {logging_mixin.py:150} INFO - [2023-07-19T18:48:34.380+0000] {dag.py:2742} INFO - Sync 2 DAGs
[2023-07-19T18:48:34.391+0000] {logging_mixin.py:150} INFO - [2023-07-19T18:48:34.390+0000] {dag.py:3508} INFO - Setting next_dagrun for example_subdag_operator.section-1 to None, run_after=None
[2023-07-19T18:48:34.401+0000] {logging_mixin.py:150} INFO - [2023-07-19T18:48:34.401+0000] {dag.py:3508} INFO - Setting next_dagrun for example_subdag_operator.section-2 to None, run_after=None
[2023-07-19T18:48:34.446+0000] {processor.py:179} INFO - Processing /home/airflow/.local/lib/python3.7/site-packages/airflow/example_dags/example_subdag_operator.py took 0.312 seconds
[2023-07-19T18:49:06.232+0000] {processor.py:157} INFO - Started process (PID=820) to work on /home/airflow/.local/lib/python3.7/site-packages/airflow/example_dags/example_subdag_operator.py
[2023-07-19T18:49:06.242+0000] {processor.py:826} INFO - Processing file /home/airflow/.local/lib/python3.7/site-packages/airflow/example_dags/example_subdag_operator.py for tasks to queue
[2023-07-19T18:49:06.248+0000] {logging_mixin.py:150} INFO - [2023-07-19T18:49:06.247+0000] {dagbag.py:541} INFO - Filling up the DagBag from /home/airflow/.local/lib/python3.7/site-packages/airflow/example_dags/example_subdag_operator.py
[2023-07-19T18:49:06.337+0000] {processor.py:836} INFO - DAG(s) dict_keys(['example_subdag_operator.section-1', 'example_subdag_operator.section-2', 'example_subdag_operator']) retrieved from /home/airflow/.local/lib/python3.7/site-packages/airflow/example_dags/example_subdag_operator.py
[2023-07-19T18:49:06.379+0000] {logging_mixin.py:150} INFO - [2023-07-19T18:49:06.377+0000] {dag.py:2742} INFO - Sync 3 DAGs
[2023-07-19T18:49:06.424+0000] {logging_mixin.py:150} INFO - [2023-07-19T18:49:06.423+0000] {dag.py:3508} INFO - Setting next_dagrun for example_subdag_operator to 2022-01-01T00:00:00+00:00, run_after=2022-01-01T00:00:00+00:00
[2023-07-19T18:49:06.429+0000] {logging_mixin.py:150} INFO - [2023-07-19T18:49:06.429+0000] {dag.py:3508} INFO - Setting next_dagrun for example_subdag_operator.section-1 to None, run_after=None
[2023-07-19T18:49:06.437+0000] {logging_mixin.py:150} INFO - [2023-07-19T18:49:06.437+0000] {dag.py:3508} INFO - Setting next_dagrun for example_subdag_operator.section-2 to None, run_after=None
[2023-07-19T18:49:06.453+0000] {logging_mixin.py:150} INFO - [2023-07-19T18:49:06.453+0000] {dag.py:2742} INFO - Sync 2 DAGs
[2023-07-19T18:49:06.467+0000] {logging_mixin.py:150} INFO - [2023-07-19T18:49:06.467+0000] {dag.py:3508} INFO - Setting next_dagrun for example_subdag_operator.section-1 to None, run_after=None
[2023-07-19T18:49:06.477+0000] {logging_mixin.py:150} INFO - [2023-07-19T18:49:06.476+0000] {dag.py:3508} INFO - Setting next_dagrun for example_subdag_operator.section-2 to None, run_after=None
[2023-07-19T18:49:06.513+0000] {processor.py:179} INFO - Processing /home/airflow/.local/lib/python3.7/site-packages/airflow/example_dags/example_subdag_operator.py took 0.286 seconds
[2023-07-19T18:49:37.045+0000] {processor.py:157} INFO - Started process (PID=879) to work on /home/airflow/.local/lib/python3.7/site-packages/airflow/example_dags/example_subdag_operator.py
[2023-07-19T18:49:37.049+0000] {processor.py:826} INFO - Processing file /home/airflow/.local/lib/python3.7/site-packages/airflow/example_dags/example_subdag_operator.py for tasks to queue
[2023-07-19T18:49:37.054+0000] {logging_mixin.py:150} INFO - [2023-07-19T18:49:37.053+0000] {dagbag.py:541} INFO - Filling up the DagBag from /home/airflow/.local/lib/python3.7/site-packages/airflow/example_dags/example_subdag_operator.py
[2023-07-19T18:49:37.088+0000] {processor.py:836} INFO - DAG(s) dict_keys(['example_subdag_operator.section-1', 'example_subdag_operator.section-2', 'example_subdag_operator']) retrieved from /home/airflow/.local/lib/python3.7/site-packages/airflow/example_dags/example_subdag_operator.py
[2023-07-19T18:49:37.109+0000] {logging_mixin.py:150} INFO - [2023-07-19T18:49:37.108+0000] {dag.py:2742} INFO - Sync 3 DAGs
[2023-07-19T18:49:37.133+0000] {logging_mixin.py:150} INFO - [2023-07-19T18:49:37.133+0000] {dag.py:3508} INFO - Setting next_dagrun for example_subdag_operator to 2022-01-01T00:00:00+00:00, run_after=2022-01-01T00:00:00+00:00
[2023-07-19T18:49:37.138+0000] {logging_mixin.py:150} INFO - [2023-07-19T18:49:37.138+0000] {dag.py:3508} INFO - Setting next_dagrun for example_subdag_operator.section-1 to None, run_after=None
[2023-07-19T18:49:37.141+0000] {logging_mixin.py:150} INFO - [2023-07-19T18:49:37.141+0000] {dag.py:3508} INFO - Setting next_dagrun for example_subdag_operator.section-2 to None, run_after=None
[2023-07-19T18:49:37.149+0000] {logging_mixin.py:150} INFO - [2023-07-19T18:49:37.149+0000] {dag.py:2742} INFO - Sync 2 DAGs
[2023-07-19T18:49:37.156+0000] {logging_mixin.py:150} INFO - [2023-07-19T18:49:37.156+0000] {dag.py:3508} INFO - Setting next_dagrun for example_subdag_operator.section-1 to None, run_after=None
[2023-07-19T18:49:37.160+0000] {logging_mixin.py:150} INFO - [2023-07-19T18:49:37.160+0000] {dag.py:3508} INFO - Setting next_dagrun for example_subdag_operator.section-2 to None, run_after=None
[2023-07-19T18:49:37.171+0000] {processor.py:179} INFO - Processing /home/airflow/.local/lib/python3.7/site-packages/airflow/example_dags/example_subdag_operator.py took 0.129 seconds
[2023-07-19T18:50:07.308+0000] {processor.py:157} INFO - Started process (PID=937) to work on /home/airflow/.local/lib/python3.7/site-packages/airflow/example_dags/example_subdag_operator.py
[2023-07-19T18:50:07.311+0000] {processor.py:826} INFO - Processing file /home/airflow/.local/lib/python3.7/site-packages/airflow/example_dags/example_subdag_operator.py for tasks to queue
[2023-07-19T18:50:07.314+0000] {logging_mixin.py:150} INFO - [2023-07-19T18:50:07.314+0000] {dagbag.py:541} INFO - Filling up the DagBag from /home/airflow/.local/lib/python3.7/site-packages/airflow/example_dags/example_subdag_operator.py
[2023-07-19T18:50:07.348+0000] {processor.py:836} INFO - DAG(s) dict_keys(['example_subdag_operator.section-1', 'example_subdag_operator.section-2', 'example_subdag_operator']) retrieved from /home/airflow/.local/lib/python3.7/site-packages/airflow/example_dags/example_subdag_operator.py
[2023-07-19T18:50:07.366+0000] {logging_mixin.py:150} INFO - [2023-07-19T18:50:07.366+0000] {dag.py:2742} INFO - Sync 3 DAGs
[2023-07-19T18:50:07.387+0000] {logging_mixin.py:150} INFO - [2023-07-19T18:50:07.387+0000] {dag.py:3508} INFO - Setting next_dagrun for example_subdag_operator to 2022-01-01T00:00:00+00:00, run_after=2022-01-01T00:00:00+00:00
[2023-07-19T18:50:07.391+0000] {logging_mixin.py:150} INFO - [2023-07-19T18:50:07.391+0000] {dag.py:3508} INFO - Setting next_dagrun for example_subdag_operator.section-1 to None, run_after=None
[2023-07-19T18:50:07.393+0000] {logging_mixin.py:150} INFO - [2023-07-19T18:50:07.393+0000] {dag.py:3508} INFO - Setting next_dagrun for example_subdag_operator.section-2 to None, run_after=None
[2023-07-19T18:50:07.402+0000] {logging_mixin.py:150} INFO - [2023-07-19T18:50:07.402+0000] {dag.py:2742} INFO - Sync 2 DAGs
[2023-07-19T18:50:07.408+0000] {logging_mixin.py:150} INFO - [2023-07-19T18:50:07.408+0000] {dag.py:3508} INFO - Setting next_dagrun for example_subdag_operator.section-1 to None, run_after=None
[2023-07-19T18:50:07.411+0000] {logging_mixin.py:150} INFO - [2023-07-19T18:50:07.410+0000] {dag.py:3508} INFO - Setting next_dagrun for example_subdag_operator.section-2 to None, run_after=None
[2023-07-19T18:50:07.420+0000] {processor.py:179} INFO - Processing /home/airflow/.local/lib/python3.7/site-packages/airflow/example_dags/example_subdag_operator.py took 0.118 seconds
[2023-07-19T18:50:43.063+0000] {processor.py:157} INFO - Started process (PID=997) to work on /home/airflow/.local/lib/python3.7/site-packages/airflow/example_dags/example_subdag_operator.py
[2023-07-19T18:50:43.069+0000] {processor.py:826} INFO - Processing file /home/airflow/.local/lib/python3.7/site-packages/airflow/example_dags/example_subdag_operator.py for tasks to queue
[2023-07-19T18:50:43.071+0000] {logging_mixin.py:150} INFO - [2023-07-19T18:50:43.071+0000] {dagbag.py:541} INFO - Filling up the DagBag from /home/airflow/.local/lib/python3.7/site-packages/airflow/example_dags/example_subdag_operator.py
[2023-07-19T18:50:43.120+0000] {processor.py:836} INFO - DAG(s) dict_keys(['example_subdag_operator.section-1', 'example_subdag_operator.section-2', 'example_subdag_operator']) retrieved from /home/airflow/.local/lib/python3.7/site-packages/airflow/example_dags/example_subdag_operator.py
[2023-07-19T18:50:43.152+0000] {logging_mixin.py:150} INFO - [2023-07-19T18:50:43.152+0000] {dag.py:2742} INFO - Sync 3 DAGs
[2023-07-19T18:50:43.190+0000] {logging_mixin.py:150} INFO - [2023-07-19T18:50:43.190+0000] {dag.py:3508} INFO - Setting next_dagrun for example_subdag_operator to 2022-01-01T00:00:00+00:00, run_after=2022-01-01T00:00:00+00:00
[2023-07-19T18:50:43.198+0000] {logging_mixin.py:150} INFO - [2023-07-19T18:50:43.198+0000] {dag.py:3508} INFO - Setting next_dagrun for example_subdag_operator.section-1 to None, run_after=None
[2023-07-19T18:50:43.201+0000] {logging_mixin.py:150} INFO - [2023-07-19T18:50:43.201+0000] {dag.py:3508} INFO - Setting next_dagrun for example_subdag_operator.section-2 to None, run_after=None
[2023-07-19T18:50:43.213+0000] {logging_mixin.py:150} INFO - [2023-07-19T18:50:43.212+0000] {dag.py:2742} INFO - Sync 2 DAGs
[2023-07-19T18:50:43.223+0000] {logging_mixin.py:150} INFO - [2023-07-19T18:50:43.223+0000] {dag.py:3508} INFO - Setting next_dagrun for example_subdag_operator.section-1 to None, run_after=None
[2023-07-19T18:50:43.225+0000] {logging_mixin.py:150} INFO - [2023-07-19T18:50:43.225+0000] {dag.py:3508} INFO - Setting next_dagrun for example_subdag_operator.section-2 to None, run_after=None
[2023-07-19T18:50:43.251+0000] {processor.py:179} INFO - Processing /home/airflow/.local/lib/python3.7/site-packages/airflow/example_dags/example_subdag_operator.py took 0.193 seconds
[2023-07-19T18:51:13.421+0000] {processor.py:157} INFO - Started process (PID=1056) to work on /home/airflow/.local/lib/python3.7/site-packages/airflow/example_dags/example_subdag_operator.py
[2023-07-19T18:51:13.426+0000] {processor.py:826} INFO - Processing file /home/airflow/.local/lib/python3.7/site-packages/airflow/example_dags/example_subdag_operator.py for tasks to queue
[2023-07-19T18:51:13.428+0000] {logging_mixin.py:150} INFO - [2023-07-19T18:51:13.428+0000] {dagbag.py:541} INFO - Filling up the DagBag from /home/airflow/.local/lib/python3.7/site-packages/airflow/example_dags/example_subdag_operator.py
[2023-07-19T18:51:13.456+0000] {processor.py:836} INFO - DAG(s) dict_keys(['example_subdag_operator.section-1', 'example_subdag_operator.section-2', 'example_subdag_operator']) retrieved from /home/airflow/.local/lib/python3.7/site-packages/airflow/example_dags/example_subdag_operator.py
[2023-07-19T18:51:13.474+0000] {logging_mixin.py:150} INFO - [2023-07-19T18:51:13.474+0000] {dag.py:2742} INFO - Sync 3 DAGs
[2023-07-19T18:51:13.498+0000] {logging_mixin.py:150} INFO - [2023-07-19T18:51:13.498+0000] {dag.py:3508} INFO - Setting next_dagrun for example_subdag_operator to 2022-01-01T00:00:00+00:00, run_after=2022-01-01T00:00:00+00:00
[2023-07-19T18:51:13.503+0000] {logging_mixin.py:150} INFO - [2023-07-19T18:51:13.503+0000] {dag.py:3508} INFO - Setting next_dagrun for example_subdag_operator.section-1 to None, run_after=None
[2023-07-19T18:51:13.506+0000] {logging_mixin.py:150} INFO - [2023-07-19T18:51:13.506+0000] {dag.py:3508} INFO - Setting next_dagrun for example_subdag_operator.section-2 to None, run_after=None
[2023-07-19T18:51:13.513+0000] {logging_mixin.py:150} INFO - [2023-07-19T18:51:13.513+0000] {dag.py:2742} INFO - Sync 2 DAGs
[2023-07-19T18:51:13.520+0000] {logging_mixin.py:150} INFO - [2023-07-19T18:51:13.520+0000] {dag.py:3508} INFO - Setting next_dagrun for example_subdag_operator.section-1 to None, run_after=None
[2023-07-19T18:51:13.523+0000] {logging_mixin.py:150} INFO - [2023-07-19T18:51:13.523+0000] {dag.py:3508} INFO - Setting next_dagrun for example_subdag_operator.section-2 to None, run_after=None
[2023-07-19T18:51:13.533+0000] {processor.py:179} INFO - Processing /home/airflow/.local/lib/python3.7/site-packages/airflow/example_dags/example_subdag_operator.py took 0.116 seconds
[2023-07-19T18:51:44.303+0000] {processor.py:157} INFO - Started process (PID=1116) to work on /home/airflow/.local/lib/python3.7/site-packages/airflow/example_dags/example_subdag_operator.py
[2023-07-19T18:51:44.311+0000] {processor.py:826} INFO - Processing file /home/airflow/.local/lib/python3.7/site-packages/airflow/example_dags/example_subdag_operator.py for tasks to queue
[2023-07-19T18:51:44.313+0000] {logging_mixin.py:150} INFO - [2023-07-19T18:51:44.313+0000] {dagbag.py:541} INFO - Filling up the DagBag from /home/airflow/.local/lib/python3.7/site-packages/airflow/example_dags/example_subdag_operator.py
[2023-07-19T18:51:44.347+0000] {processor.py:836} INFO - DAG(s) dict_keys(['example_subdag_operator.section-1', 'example_subdag_operator.section-2', 'example_subdag_operator']) retrieved from /home/airflow/.local/lib/python3.7/site-packages/airflow/example_dags/example_subdag_operator.py
[2023-07-19T18:51:44.366+0000] {logging_mixin.py:150} INFO - [2023-07-19T18:51:44.365+0000] {dag.py:2742} INFO - Sync 3 DAGs
[2023-07-19T18:51:44.410+0000] {logging_mixin.py:150} INFO - [2023-07-19T18:51:44.409+0000] {dag.py:3508} INFO - Setting next_dagrun for example_subdag_operator to 2022-01-01T00:00:00+00:00, run_after=2022-01-01T00:00:00+00:00
[2023-07-19T18:51:44.425+0000] {logging_mixin.py:150} INFO - [2023-07-19T18:51:44.424+0000] {dag.py:3508} INFO - Setting next_dagrun for example_subdag_operator.section-1 to None, run_after=None
[2023-07-19T18:51:44.427+0000] {logging_mixin.py:150} INFO - [2023-07-19T18:51:44.427+0000] {dag.py:3508} INFO - Setting next_dagrun for example_subdag_operator.section-2 to None, run_after=None
[2023-07-19T18:51:44.442+0000] {logging_mixin.py:150} INFO - [2023-07-19T18:51:44.442+0000] {dag.py:2742} INFO - Sync 2 DAGs
[2023-07-19T18:51:44.450+0000] {logging_mixin.py:150} INFO - [2023-07-19T18:51:44.450+0000] {dag.py:3508} INFO - Setting next_dagrun for example_subdag_operator.section-1 to None, run_after=None
[2023-07-19T18:51:44.452+0000] {logging_mixin.py:150} INFO - [2023-07-19T18:51:44.451+0000] {dag.py:3508} INFO - Setting next_dagrun for example_subdag_operator.section-2 to None, run_after=None
[2023-07-19T18:51:44.471+0000] {processor.py:179} INFO - Processing /home/airflow/.local/lib/python3.7/site-packages/airflow/example_dags/example_subdag_operator.py took 0.173 seconds
[2023-07-19T18:52:14.622+0000] {processor.py:157} INFO - Started process (PID=1175) to work on /home/airflow/.local/lib/python3.7/site-packages/airflow/example_dags/example_subdag_operator.py
[2023-07-19T18:52:14.628+0000] {processor.py:826} INFO - Processing file /home/airflow/.local/lib/python3.7/site-packages/airflow/example_dags/example_subdag_operator.py for tasks to queue
[2023-07-19T18:52:14.631+0000] {logging_mixin.py:150} INFO - [2023-07-19T18:52:14.630+0000] {dagbag.py:541} INFO - Filling up the DagBag from /home/airflow/.local/lib/python3.7/site-packages/airflow/example_dags/example_subdag_operator.py
[2023-07-19T18:52:14.660+0000] {processor.py:836} INFO - DAG(s) dict_keys(['example_subdag_operator.section-1', 'example_subdag_operator.section-2', 'example_subdag_operator']) retrieved from /home/airflow/.local/lib/python3.7/site-packages/airflow/example_dags/example_subdag_operator.py
[2023-07-19T18:52:14.677+0000] {logging_mixin.py:150} INFO - [2023-07-19T18:52:14.677+0000] {dag.py:2742} INFO - Sync 3 DAGs
[2023-07-19T18:52:14.708+0000] {logging_mixin.py:150} INFO - [2023-07-19T18:52:14.708+0000] {dag.py:3508} INFO - Setting next_dagrun for example_subdag_operator to 2022-01-01T00:00:00+00:00, run_after=2022-01-01T00:00:00+00:00
[2023-07-19T18:52:14.716+0000] {logging_mixin.py:150} INFO - [2023-07-19T18:52:14.716+0000] {dag.py:3508} INFO - Setting next_dagrun for example_subdag_operator.section-1 to None, run_after=None
[2023-07-19T18:52:14.728+0000] {logging_mixin.py:150} INFO - [2023-07-19T18:52:14.728+0000] {dag.py:3508} INFO - Setting next_dagrun for example_subdag_operator.section-2 to None, run_after=None
[2023-07-19T18:52:14.751+0000] {logging_mixin.py:150} INFO - [2023-07-19T18:52:14.750+0000] {dag.py:2742} INFO - Sync 2 DAGs
[2023-07-19T18:52:14.761+0000] {logging_mixin.py:150} INFO - [2023-07-19T18:52:14.761+0000] {dag.py:3508} INFO - Setting next_dagrun for example_subdag_operator.section-1 to None, run_after=None
[2023-07-19T18:52:14.762+0000] {logging_mixin.py:150} INFO - [2023-07-19T18:52:14.762+0000] {dag.py:3508} INFO - Setting next_dagrun for example_subdag_operator.section-2 to None, run_after=None
[2023-07-19T18:52:14.788+0000] {processor.py:179} INFO - Processing /home/airflow/.local/lib/python3.7/site-packages/airflow/example_dags/example_subdag_operator.py took 0.171 seconds
[2023-07-19T18:52:45.725+0000] {processor.py:157} INFO - Started process (PID=1235) to work on /home/airflow/.local/lib/python3.7/site-packages/airflow/example_dags/example_subdag_operator.py
[2023-07-19T18:52:45.728+0000] {processor.py:826} INFO - Processing file /home/airflow/.local/lib/python3.7/site-packages/airflow/example_dags/example_subdag_operator.py for tasks to queue
[2023-07-19T18:52:45.729+0000] {logging_mixin.py:150} INFO - [2023-07-19T18:52:45.729+0000] {dagbag.py:541} INFO - Filling up the DagBag from /home/airflow/.local/lib/python3.7/site-packages/airflow/example_dags/example_subdag_operator.py
[2023-07-19T18:52:45.755+0000] {processor.py:836} INFO - DAG(s) dict_keys(['example_subdag_operator.section-1', 'example_subdag_operator.section-2', 'example_subdag_operator']) retrieved from /home/airflow/.local/lib/python3.7/site-packages/airflow/example_dags/example_subdag_operator.py
[2023-07-19T18:52:45.778+0000] {logging_mixin.py:150} INFO - [2023-07-19T18:52:45.778+0000] {dag.py:2742} INFO - Sync 3 DAGs
[2023-07-19T18:52:45.810+0000] {logging_mixin.py:150} INFO - [2023-07-19T18:52:45.810+0000] {dag.py:3508} INFO - Setting next_dagrun for example_subdag_operator to 2022-01-01T00:00:00+00:00, run_after=2022-01-01T00:00:00+00:00
[2023-07-19T18:52:45.817+0000] {logging_mixin.py:150} INFO - [2023-07-19T18:52:45.817+0000] {dag.py:3508} INFO - Setting next_dagrun for example_subdag_operator.section-1 to None, run_after=None
[2023-07-19T18:52:45.820+0000] {logging_mixin.py:150} INFO - [2023-07-19T18:52:45.819+0000] {dag.py:3508} INFO - Setting next_dagrun for example_subdag_operator.section-2 to None, run_after=None
[2023-07-19T18:52:45.825+0000] {logging_mixin.py:150} INFO - [2023-07-19T18:52:45.825+0000] {dag.py:2742} INFO - Sync 2 DAGs
[2023-07-19T18:52:45.830+0000] {logging_mixin.py:150} INFO - [2023-07-19T18:52:45.830+0000] {dag.py:3508} INFO - Setting next_dagrun for example_subdag_operator.section-1 to None, run_after=None
[2023-07-19T18:52:45.832+0000] {logging_mixin.py:150} INFO - [2023-07-19T18:52:45.831+0000] {dag.py:3508} INFO - Setting next_dagrun for example_subdag_operator.section-2 to None, run_after=None
[2023-07-19T18:52:45.839+0000] {processor.py:179} INFO - Processing /home/airflow/.local/lib/python3.7/site-packages/airflow/example_dags/example_subdag_operator.py took 0.117 seconds
[2023-07-19T18:53:17.121+0000] {processor.py:157} INFO - Started process (PID=1294) to work on /home/airflow/.local/lib/python3.7/site-packages/airflow/example_dags/example_subdag_operator.py
[2023-07-19T18:53:17.124+0000] {processor.py:826} INFO - Processing file /home/airflow/.local/lib/python3.7/site-packages/airflow/example_dags/example_subdag_operator.py for tasks to queue
[2023-07-19T18:53:17.129+0000] {logging_mixin.py:150} INFO - [2023-07-19T18:53:17.128+0000] {dagbag.py:541} INFO - Filling up the DagBag from /home/airflow/.local/lib/python3.7/site-packages/airflow/example_dags/example_subdag_operator.py
[2023-07-19T18:53:17.156+0000] {processor.py:836} INFO - DAG(s) dict_keys(['example_subdag_operator.section-1', 'example_subdag_operator.section-2', 'example_subdag_operator']) retrieved from /home/airflow/.local/lib/python3.7/site-packages/airflow/example_dags/example_subdag_operator.py
[2023-07-19T18:53:17.176+0000] {logging_mixin.py:150} INFO - [2023-07-19T18:53:17.176+0000] {dag.py:2742} INFO - Sync 3 DAGs
[2023-07-19T18:53:17.204+0000] {logging_mixin.py:150} INFO - [2023-07-19T18:53:17.204+0000] {dag.py:3508} INFO - Setting next_dagrun for example_subdag_operator to 2022-01-01T00:00:00+00:00, run_after=2022-01-01T00:00:00+00:00
[2023-07-19T18:53:17.208+0000] {logging_mixin.py:150} INFO - [2023-07-19T18:53:17.208+0000] {dag.py:3508} INFO - Setting next_dagrun for example_subdag_operator.section-1 to None, run_after=None
[2023-07-19T18:53:17.210+0000] {logging_mixin.py:150} INFO - [2023-07-19T18:53:17.210+0000] {dag.py:3508} INFO - Setting next_dagrun for example_subdag_operator.section-2 to None, run_after=None
[2023-07-19T18:53:17.219+0000] {logging_mixin.py:150} INFO - [2023-07-19T18:53:17.219+0000] {dag.py:2742} INFO - Sync 2 DAGs
[2023-07-19T18:53:17.225+0000] {logging_mixin.py:150} INFO - [2023-07-19T18:53:17.225+0000] {dag.py:3508} INFO - Setting next_dagrun for example_subdag_operator.section-1 to None, run_after=None
[2023-07-19T18:53:17.228+0000] {logging_mixin.py:150} INFO - [2023-07-19T18:53:17.227+0000] {dag.py:3508} INFO - Setting next_dagrun for example_subdag_operator.section-2 to None, run_after=None
[2023-07-19T18:53:17.241+0000] {processor.py:179} INFO - Processing /home/airflow/.local/lib/python3.7/site-packages/airflow/example_dags/example_subdag_operator.py took 0.125 seconds
[2023-07-19T18:53:48.352+0000] {processor.py:157} INFO - Started process (PID=1353) to work on /home/airflow/.local/lib/python3.7/site-packages/airflow/example_dags/example_subdag_operator.py
[2023-07-19T18:53:48.356+0000] {processor.py:826} INFO - Processing file /home/airflow/.local/lib/python3.7/site-packages/airflow/example_dags/example_subdag_operator.py for tasks to queue
[2023-07-19T18:53:48.358+0000] {logging_mixin.py:150} INFO - [2023-07-19T18:53:48.358+0000] {dagbag.py:541} INFO - Filling up the DagBag from /home/airflow/.local/lib/python3.7/site-packages/airflow/example_dags/example_subdag_operator.py
[2023-07-19T18:53:48.399+0000] {processor.py:836} INFO - DAG(s) dict_keys(['example_subdag_operator.section-1', 'example_subdag_operator.section-2', 'example_subdag_operator']) retrieved from /home/airflow/.local/lib/python3.7/site-packages/airflow/example_dags/example_subdag_operator.py
[2023-07-19T18:53:48.424+0000] {logging_mixin.py:150} INFO - [2023-07-19T18:53:48.424+0000] {dag.py:2742} INFO - Sync 3 DAGs
[2023-07-19T18:53:48.458+0000] {logging_mixin.py:150} INFO - [2023-07-19T18:53:48.458+0000] {dag.py:3508} INFO - Setting next_dagrun for example_subdag_operator to 2022-01-01T00:00:00+00:00, run_after=2022-01-01T00:00:00+00:00
[2023-07-19T18:53:48.462+0000] {logging_mixin.py:150} INFO - [2023-07-19T18:53:48.462+0000] {dag.py:3508} INFO - Setting next_dagrun for example_subdag_operator.section-1 to None, run_after=None
[2023-07-19T18:53:48.475+0000] {logging_mixin.py:150} INFO - [2023-07-19T18:53:48.474+0000] {dag.py:3508} INFO - Setting next_dagrun for example_subdag_operator.section-2 to None, run_after=None
[2023-07-19T18:53:48.489+0000] {logging_mixin.py:150} INFO - [2023-07-19T18:53:48.489+0000] {dag.py:2742} INFO - Sync 2 DAGs
[2023-07-19T18:53:48.498+0000] {logging_mixin.py:150} INFO - [2023-07-19T18:53:48.498+0000] {dag.py:3508} INFO - Setting next_dagrun for example_subdag_operator.section-1 to None, run_after=None
[2023-07-19T18:53:48.502+0000] {logging_mixin.py:150} INFO - [2023-07-19T18:53:48.502+0000] {dag.py:3508} INFO - Setting next_dagrun for example_subdag_operator.section-2 to None, run_after=None
[2023-07-19T18:53:48.517+0000] {processor.py:179} INFO - Processing /home/airflow/.local/lib/python3.7/site-packages/airflow/example_dags/example_subdag_operator.py took 0.170 seconds
[2023-07-19T18:54:20.484+0000] {processor.py:157} INFO - Started process (PID=1418) to work on /home/airflow/.local/lib/python3.7/site-packages/airflow/example_dags/example_subdag_operator.py
[2023-07-19T18:54:20.488+0000] {processor.py:826} INFO - Processing file /home/airflow/.local/lib/python3.7/site-packages/airflow/example_dags/example_subdag_operator.py for tasks to queue
[2023-07-19T18:54:20.490+0000] {logging_mixin.py:150} INFO - [2023-07-19T18:54:20.489+0000] {dagbag.py:541} INFO - Filling up the DagBag from /home/airflow/.local/lib/python3.7/site-packages/airflow/example_dags/example_subdag_operator.py
[2023-07-19T18:54:20.542+0000] {processor.py:836} INFO - DAG(s) dict_keys(['example_subdag_operator.section-1', 'example_subdag_operator.section-2', 'example_subdag_operator']) retrieved from /home/airflow/.local/lib/python3.7/site-packages/airflow/example_dags/example_subdag_operator.py
[2023-07-19T18:54:20.568+0000] {logging_mixin.py:150} INFO - [2023-07-19T18:54:20.568+0000] {dag.py:2742} INFO - Sync 3 DAGs
[2023-07-19T18:54:20.604+0000] {logging_mixin.py:150} INFO - [2023-07-19T18:54:20.603+0000] {dag.py:3508} INFO - Setting next_dagrun for example_subdag_operator to 2022-01-01T00:00:00+00:00, run_after=2022-01-01T00:00:00+00:00
[2023-07-19T18:54:20.612+0000] {logging_mixin.py:150} INFO - [2023-07-19T18:54:20.612+0000] {dag.py:3508} INFO - Setting next_dagrun for example_subdag_operator.section-1 to None, run_after=None
[2023-07-19T18:54:20.623+0000] {logging_mixin.py:150} INFO - [2023-07-19T18:54:20.622+0000] {dag.py:3508} INFO - Setting next_dagrun for example_subdag_operator.section-2 to None, run_after=None
[2023-07-19T18:54:20.639+0000] {logging_mixin.py:150} INFO - [2023-07-19T18:54:20.639+0000] {dag.py:2742} INFO - Sync 2 DAGs
[2023-07-19T18:54:20.659+0000] {logging_mixin.py:150} INFO - [2023-07-19T18:54:20.659+0000] {dag.py:3508} INFO - Setting next_dagrun for example_subdag_operator.section-1 to None, run_after=None
[2023-07-19T18:54:20.662+0000] {logging_mixin.py:150} INFO - [2023-07-19T18:54:20.662+0000] {dag.py:3508} INFO - Setting next_dagrun for example_subdag_operator.section-2 to None, run_after=None
[2023-07-19T18:54:20.690+0000] {processor.py:179} INFO - Processing /home/airflow/.local/lib/python3.7/site-packages/airflow/example_dags/example_subdag_operator.py took 0.211 seconds
