[2023-07-19T18:42:22.835+0000] {processor.py:157} INFO - Started process (PID=71) to work on /home/airflow/.local/lib/python3.7/site-packages/airflow/example_dags/example_local_kubernetes_executor.py
[2023-07-19T18:42:22.838+0000] {processor.py:826} INFO - Processing file /home/airflow/.local/lib/python3.7/site-packages/airflow/example_dags/example_local_kubernetes_executor.py for tasks to queue
[2023-07-19T18:42:22.847+0000] {logging_mixin.py:150} INFO - [2023-07-19T18:42:22.846+0000] {dagbag.py:541} INFO - Filling up the DagBag from /home/airflow/.local/lib/python3.7/site-packages/airflow/example_dags/example_local_kubernetes_executor.py
[2023-07-19T18:42:23.409+0000] {processor.py:836} INFO - DAG(s) dict_keys(['example_local_kubernetes_executor']) retrieved from /home/airflow/.local/lib/python3.7/site-packages/airflow/example_dags/example_local_kubernetes_executor.py
[2023-07-19T18:42:23.453+0000] {logging_mixin.py:150} INFO - [2023-07-19T18:42:23.453+0000] {dag.py:2742} INFO - Sync 1 DAGs
[2023-07-19T18:42:23.517+0000] {logging_mixin.py:150} INFO - [2023-07-19T18:42:23.517+0000] {dag.py:3508} INFO - Setting next_dagrun for example_local_kubernetes_executor to None, run_after=None
[2023-07-19T18:42:23.571+0000] {processor.py:179} INFO - Processing /home/airflow/.local/lib/python3.7/site-packages/airflow/example_dags/example_local_kubernetes_executor.py took 0.747 seconds
[2023-07-19T18:42:54.278+0000] {processor.py:157} INFO - Started process (PID=131) to work on /home/airflow/.local/lib/python3.7/site-packages/airflow/example_dags/example_local_kubernetes_executor.py
[2023-07-19T18:42:54.283+0000] {processor.py:826} INFO - Processing file /home/airflow/.local/lib/python3.7/site-packages/airflow/example_dags/example_local_kubernetes_executor.py for tasks to queue
[2023-07-19T18:42:54.286+0000] {logging_mixin.py:150} INFO - [2023-07-19T18:42:54.285+0000] {dagbag.py:541} INFO - Filling up the DagBag from /home/airflow/.local/lib/python3.7/site-packages/airflow/example_dags/example_local_kubernetes_executor.py
[2023-07-19T18:42:54.554+0000] {processor.py:836} INFO - DAG(s) dict_keys(['example_local_kubernetes_executor']) retrieved from /home/airflow/.local/lib/python3.7/site-packages/airflow/example_dags/example_local_kubernetes_executor.py
[2023-07-19T18:42:54.600+0000] {logging_mixin.py:150} INFO - [2023-07-19T18:42:54.600+0000] {dag.py:2742} INFO - Sync 1 DAGs
[2023-07-19T18:42:54.627+0000] {logging_mixin.py:150} INFO - [2023-07-19T18:42:54.627+0000] {dag.py:3508} INFO - Setting next_dagrun for example_local_kubernetes_executor to None, run_after=None
[2023-07-19T18:42:54.645+0000] {processor.py:179} INFO - Processing /home/airflow/.local/lib/python3.7/site-packages/airflow/example_dags/example_local_kubernetes_executor.py took 0.376 seconds
[2023-07-19T18:43:24.696+0000] {processor.py:157} INFO - Started process (PID=191) to work on /home/airflow/.local/lib/python3.7/site-packages/airflow/example_dags/example_local_kubernetes_executor.py
[2023-07-19T18:43:24.701+0000] {processor.py:826} INFO - Processing file /home/airflow/.local/lib/python3.7/site-packages/airflow/example_dags/example_local_kubernetes_executor.py for tasks to queue
[2023-07-19T18:43:24.703+0000] {logging_mixin.py:150} INFO - [2023-07-19T18:43:24.702+0000] {dagbag.py:541} INFO - Filling up the DagBag from /home/airflow/.local/lib/python3.7/site-packages/airflow/example_dags/example_local_kubernetes_executor.py
[2023-07-19T18:43:24.883+0000] {processor.py:836} INFO - DAG(s) dict_keys(['example_local_kubernetes_executor']) retrieved from /home/airflow/.local/lib/python3.7/site-packages/airflow/example_dags/example_local_kubernetes_executor.py
[2023-07-19T18:43:24.926+0000] {logging_mixin.py:150} INFO - [2023-07-19T18:43:24.926+0000] {dag.py:2742} INFO - Sync 1 DAGs
[2023-07-19T18:43:24.961+0000] {logging_mixin.py:150} INFO - [2023-07-19T18:43:24.961+0000] {dag.py:3508} INFO - Setting next_dagrun for example_local_kubernetes_executor to None, run_after=None
[2023-07-19T18:43:24.987+0000] {processor.py:179} INFO - Processing /home/airflow/.local/lib/python3.7/site-packages/airflow/example_dags/example_local_kubernetes_executor.py took 0.296 seconds
[2023-07-19T18:43:55.522+0000] {processor.py:157} INFO - Started process (PID=249) to work on /home/airflow/.local/lib/python3.7/site-packages/airflow/example_dags/example_local_kubernetes_executor.py
[2023-07-19T18:43:55.528+0000] {processor.py:826} INFO - Processing file /home/airflow/.local/lib/python3.7/site-packages/airflow/example_dags/example_local_kubernetes_executor.py for tasks to queue
[2023-07-19T18:43:55.530+0000] {logging_mixin.py:150} INFO - [2023-07-19T18:43:55.530+0000] {dagbag.py:541} INFO - Filling up the DagBag from /home/airflow/.local/lib/python3.7/site-packages/airflow/example_dags/example_local_kubernetes_executor.py
[2023-07-19T18:43:56.050+0000] {processor.py:836} INFO - DAG(s) dict_keys(['example_local_kubernetes_executor']) retrieved from /home/airflow/.local/lib/python3.7/site-packages/airflow/example_dags/example_local_kubernetes_executor.py
[2023-07-19T18:43:56.238+0000] {logging_mixin.py:150} INFO - [2023-07-19T18:43:56.237+0000] {dag.py:2742} INFO - Sync 1 DAGs
[2023-07-19T18:43:56.276+0000] {logging_mixin.py:150} INFO - [2023-07-19T18:43:56.275+0000] {dag.py:3508} INFO - Setting next_dagrun for example_local_kubernetes_executor to None, run_after=None
[2023-07-19T18:43:56.316+0000] {processor.py:179} INFO - Processing /home/airflow/.local/lib/python3.7/site-packages/airflow/example_dags/example_local_kubernetes_executor.py took 0.804 seconds
[2023-07-19T18:44:27.195+0000] {processor.py:157} INFO - Started process (PID=308) to work on /home/airflow/.local/lib/python3.7/site-packages/airflow/example_dags/example_local_kubernetes_executor.py
[2023-07-19T18:44:27.204+0000] {processor.py:826} INFO - Processing file /home/airflow/.local/lib/python3.7/site-packages/airflow/example_dags/example_local_kubernetes_executor.py for tasks to queue
[2023-07-19T18:44:27.212+0000] {logging_mixin.py:150} INFO - [2023-07-19T18:44:27.211+0000] {dagbag.py:541} INFO - Filling up the DagBag from /home/airflow/.local/lib/python3.7/site-packages/airflow/example_dags/example_local_kubernetes_executor.py
[2023-07-19T18:44:27.657+0000] {processor.py:836} INFO - DAG(s) dict_keys(['example_local_kubernetes_executor']) retrieved from /home/airflow/.local/lib/python3.7/site-packages/airflow/example_dags/example_local_kubernetes_executor.py
[2023-07-19T18:44:27.711+0000] {logging_mixin.py:150} INFO - [2023-07-19T18:44:27.711+0000] {dag.py:2742} INFO - Sync 1 DAGs
[2023-07-19T18:44:27.744+0000] {logging_mixin.py:150} INFO - [2023-07-19T18:44:27.744+0000] {dag.py:3508} INFO - Setting next_dagrun for example_local_kubernetes_executor to None, run_after=None
[2023-07-19T18:44:27.775+0000] {processor.py:179} INFO - Processing /home/airflow/.local/lib/python3.7/site-packages/airflow/example_dags/example_local_kubernetes_executor.py took 0.587 seconds
[2023-07-19T18:44:58.163+0000] {processor.py:157} INFO - Started process (PID=369) to work on /home/airflow/.local/lib/python3.7/site-packages/airflow/example_dags/example_local_kubernetes_executor.py
[2023-07-19T18:44:58.171+0000] {processor.py:826} INFO - Processing file /home/airflow/.local/lib/python3.7/site-packages/airflow/example_dags/example_local_kubernetes_executor.py for tasks to queue
[2023-07-19T18:44:58.176+0000] {logging_mixin.py:150} INFO - [2023-07-19T18:44:58.175+0000] {dagbag.py:541} INFO - Filling up the DagBag from /home/airflow/.local/lib/python3.7/site-packages/airflow/example_dags/example_local_kubernetes_executor.py
[2023-07-19T18:44:58.542+0000] {processor.py:836} INFO - DAG(s) dict_keys(['example_local_kubernetes_executor']) retrieved from /home/airflow/.local/lib/python3.7/site-packages/airflow/example_dags/example_local_kubernetes_executor.py
[2023-07-19T18:44:58.599+0000] {logging_mixin.py:150} INFO - [2023-07-19T18:44:58.598+0000] {dag.py:2742} INFO - Sync 1 DAGs
[2023-07-19T18:44:58.637+0000] {logging_mixin.py:150} INFO - [2023-07-19T18:44:58.637+0000] {dag.py:3508} INFO - Setting next_dagrun for example_local_kubernetes_executor to None, run_after=None
[2023-07-19T18:44:58.683+0000] {processor.py:179} INFO - Processing /home/airflow/.local/lib/python3.7/site-packages/airflow/example_dags/example_local_kubernetes_executor.py took 0.528 seconds
[2023-07-19T18:45:29.636+0000] {processor.py:157} INFO - Started process (PID=428) to work on /home/airflow/.local/lib/python3.7/site-packages/airflow/example_dags/example_local_kubernetes_executor.py
[2023-07-19T18:45:29.640+0000] {processor.py:826} INFO - Processing file /home/airflow/.local/lib/python3.7/site-packages/airflow/example_dags/example_local_kubernetes_executor.py for tasks to queue
[2023-07-19T18:45:29.643+0000] {logging_mixin.py:150} INFO - [2023-07-19T18:45:29.642+0000] {dagbag.py:541} INFO - Filling up the DagBag from /home/airflow/.local/lib/python3.7/site-packages/airflow/example_dags/example_local_kubernetes_executor.py
[2023-07-19T18:45:30.079+0000] {processor.py:836} INFO - DAG(s) dict_keys(['example_local_kubernetes_executor']) retrieved from /home/airflow/.local/lib/python3.7/site-packages/airflow/example_dags/example_local_kubernetes_executor.py
[2023-07-19T18:45:30.213+0000] {logging_mixin.py:150} INFO - [2023-07-19T18:45:30.212+0000] {dag.py:2742} INFO - Sync 1 DAGs
[2023-07-19T18:45:30.320+0000] {logging_mixin.py:150} INFO - [2023-07-19T18:45:30.320+0000] {dag.py:3508} INFO - Setting next_dagrun for example_local_kubernetes_executor to None, run_after=None
[2023-07-19T18:45:30.371+0000] {processor.py:179} INFO - Processing /home/airflow/.local/lib/python3.7/site-packages/airflow/example_dags/example_local_kubernetes_executor.py took 0.744 seconds
[2023-07-19T18:46:00.539+0000] {processor.py:157} INFO - Started process (PID=489) to work on /home/airflow/.local/lib/python3.7/site-packages/airflow/example_dags/example_local_kubernetes_executor.py
[2023-07-19T18:46:00.541+0000] {processor.py:826} INFO - Processing file /home/airflow/.local/lib/python3.7/site-packages/airflow/example_dags/example_local_kubernetes_executor.py for tasks to queue
[2023-07-19T18:46:00.543+0000] {logging_mixin.py:150} INFO - [2023-07-19T18:46:00.542+0000] {dagbag.py:541} INFO - Filling up the DagBag from /home/airflow/.local/lib/python3.7/site-packages/airflow/example_dags/example_local_kubernetes_executor.py
[2023-07-19T18:46:00.761+0000] {processor.py:836} INFO - DAG(s) dict_keys(['example_local_kubernetes_executor']) retrieved from /home/airflow/.local/lib/python3.7/site-packages/airflow/example_dags/example_local_kubernetes_executor.py
[2023-07-19T18:46:00.852+0000] {logging_mixin.py:150} INFO - [2023-07-19T18:46:00.852+0000] {dag.py:2742} INFO - Sync 1 DAGs
[2023-07-19T18:46:00.887+0000] {logging_mixin.py:150} INFO - [2023-07-19T18:46:00.887+0000] {dag.py:3508} INFO - Setting next_dagrun for example_local_kubernetes_executor to None, run_after=None
[2023-07-19T18:46:00.913+0000] {processor.py:179} INFO - Processing /home/airflow/.local/lib/python3.7/site-packages/airflow/example_dags/example_local_kubernetes_executor.py took 0.377 seconds
[2023-07-19T18:46:31.123+0000] {processor.py:157} INFO - Started process (PID=546) to work on /home/airflow/.local/lib/python3.7/site-packages/airflow/example_dags/example_local_kubernetes_executor.py
[2023-07-19T18:46:31.127+0000] {processor.py:826} INFO - Processing file /home/airflow/.local/lib/python3.7/site-packages/airflow/example_dags/example_local_kubernetes_executor.py for tasks to queue
[2023-07-19T18:46:31.131+0000] {logging_mixin.py:150} INFO - [2023-07-19T18:46:31.131+0000] {dagbag.py:541} INFO - Filling up the DagBag from /home/airflow/.local/lib/python3.7/site-packages/airflow/example_dags/example_local_kubernetes_executor.py
[2023-07-19T18:46:31.429+0000] {processor.py:836} INFO - DAG(s) dict_keys(['example_local_kubernetes_executor']) retrieved from /home/airflow/.local/lib/python3.7/site-packages/airflow/example_dags/example_local_kubernetes_executor.py
[2023-07-19T18:46:31.479+0000] {logging_mixin.py:150} INFO - [2023-07-19T18:46:31.478+0000] {dag.py:2742} INFO - Sync 1 DAGs
[2023-07-19T18:46:31.499+0000] {logging_mixin.py:150} INFO - [2023-07-19T18:46:31.498+0000] {dag.py:3508} INFO - Setting next_dagrun for example_local_kubernetes_executor to None, run_after=None
[2023-07-19T18:46:31.518+0000] {processor.py:179} INFO - Processing /home/airflow/.local/lib/python3.7/site-packages/airflow/example_dags/example_local_kubernetes_executor.py took 0.401 seconds
[2023-07-19T18:47:04.789+0000] {processor.py:157} INFO - Started process (PID=602) to work on /home/airflow/.local/lib/python3.7/site-packages/airflow/example_dags/example_local_kubernetes_executor.py
[2023-07-19T18:47:04.795+0000] {processor.py:826} INFO - Processing file /home/airflow/.local/lib/python3.7/site-packages/airflow/example_dags/example_local_kubernetes_executor.py for tasks to queue
[2023-07-19T18:47:04.802+0000] {logging_mixin.py:150} INFO - [2023-07-19T18:47:04.802+0000] {dagbag.py:541} INFO - Filling up the DagBag from /home/airflow/.local/lib/python3.7/site-packages/airflow/example_dags/example_local_kubernetes_executor.py
[2023-07-19T18:47:05.706+0000] {processor.py:836} INFO - DAG(s) dict_keys(['example_local_kubernetes_executor']) retrieved from /home/airflow/.local/lib/python3.7/site-packages/airflow/example_dags/example_local_kubernetes_executor.py
[2023-07-19T18:47:06.286+0000] {logging_mixin.py:150} INFO - [2023-07-19T18:47:06.284+0000] {dag.py:2742} INFO - Sync 1 DAGs
[2023-07-19T18:47:06.401+0000] {logging_mixin.py:150} INFO - [2023-07-19T18:47:06.400+0000] {dag.py:3508} INFO - Setting next_dagrun for example_local_kubernetes_executor to None, run_after=None
[2023-07-19T18:47:07.101+0000] {processor.py:179} INFO - Processing /home/airflow/.local/lib/python3.7/site-packages/airflow/example_dags/example_local_kubernetes_executor.py took 2.319 seconds
[2023-07-19T18:47:37.596+0000] {processor.py:157} INFO - Started process (PID=662) to work on /home/airflow/.local/lib/python3.7/site-packages/airflow/example_dags/example_local_kubernetes_executor.py
[2023-07-19T18:47:37.613+0000] {processor.py:826} INFO - Processing file /home/airflow/.local/lib/python3.7/site-packages/airflow/example_dags/example_local_kubernetes_executor.py for tasks to queue
[2023-07-19T18:47:37.623+0000] {logging_mixin.py:150} INFO - [2023-07-19T18:47:37.622+0000] {dagbag.py:541} INFO - Filling up the DagBag from /home/airflow/.local/lib/python3.7/site-packages/airflow/example_dags/example_local_kubernetes_executor.py
[2023-07-19T18:47:38.413+0000] {processor.py:836} INFO - DAG(s) dict_keys(['example_local_kubernetes_executor']) retrieved from /home/airflow/.local/lib/python3.7/site-packages/airflow/example_dags/example_local_kubernetes_executor.py
[2023-07-19T18:47:38.581+0000] {logging_mixin.py:150} INFO - [2023-07-19T18:47:38.580+0000] {dag.py:2742} INFO - Sync 1 DAGs
[2023-07-19T18:47:38.702+0000] {logging_mixin.py:150} INFO - [2023-07-19T18:47:38.701+0000] {dag.py:3508} INFO - Setting next_dagrun for example_local_kubernetes_executor to None, run_after=None
[2023-07-19T18:47:38.863+0000] {processor.py:179} INFO - Processing /home/airflow/.local/lib/python3.7/site-packages/airflow/example_dags/example_local_kubernetes_executor.py took 1.274 seconds
[2023-07-19T18:48:09.268+0000] {processor.py:157} INFO - Started process (PID=721) to work on /home/airflow/.local/lib/python3.7/site-packages/airflow/example_dags/example_local_kubernetes_executor.py
[2023-07-19T18:48:09.285+0000] {processor.py:826} INFO - Processing file /home/airflow/.local/lib/python3.7/site-packages/airflow/example_dags/example_local_kubernetes_executor.py for tasks to queue
[2023-07-19T18:48:09.300+0000] {logging_mixin.py:150} INFO - [2023-07-19T18:48:09.299+0000] {dagbag.py:541} INFO - Filling up the DagBag from /home/airflow/.local/lib/python3.7/site-packages/airflow/example_dags/example_local_kubernetes_executor.py
[2023-07-19T18:48:10.221+0000] {processor.py:836} INFO - DAG(s) dict_keys(['example_local_kubernetes_executor']) retrieved from /home/airflow/.local/lib/python3.7/site-packages/airflow/example_dags/example_local_kubernetes_executor.py
[2023-07-19T18:48:10.448+0000] {logging_mixin.py:150} INFO - [2023-07-19T18:48:10.447+0000] {dag.py:2742} INFO - Sync 1 DAGs
[2023-07-19T18:48:10.584+0000] {logging_mixin.py:150} INFO - [2023-07-19T18:48:10.583+0000] {dag.py:3508} INFO - Setting next_dagrun for example_local_kubernetes_executor to None, run_after=None
[2023-07-19T18:48:10.659+0000] {processor.py:179} INFO - Processing /home/airflow/.local/lib/python3.7/site-packages/airflow/example_dags/example_local_kubernetes_executor.py took 1.405 seconds
[2023-07-19T18:48:43.207+0000] {processor.py:157} INFO - Started process (PID=781) to work on /home/airflow/.local/lib/python3.7/site-packages/airflow/example_dags/example_local_kubernetes_executor.py
[2023-07-19T18:48:43.214+0000] {processor.py:826} INFO - Processing file /home/airflow/.local/lib/python3.7/site-packages/airflow/example_dags/example_local_kubernetes_executor.py for tasks to queue
[2023-07-19T18:48:43.217+0000] {logging_mixin.py:150} INFO - [2023-07-19T18:48:43.217+0000] {dagbag.py:541} INFO - Filling up the DagBag from /home/airflow/.local/lib/python3.7/site-packages/airflow/example_dags/example_local_kubernetes_executor.py
[2023-07-19T18:48:43.666+0000] {processor.py:836} INFO - DAG(s) dict_keys(['example_local_kubernetes_executor']) retrieved from /home/airflow/.local/lib/python3.7/site-packages/airflow/example_dags/example_local_kubernetes_executor.py
[2023-07-19T18:48:43.809+0000] {logging_mixin.py:150} INFO - [2023-07-19T18:48:43.809+0000] {dag.py:2742} INFO - Sync 1 DAGs
[2023-07-19T18:48:43.937+0000] {logging_mixin.py:150} INFO - [2023-07-19T18:48:43.936+0000] {dag.py:3508} INFO - Setting next_dagrun for example_local_kubernetes_executor to None, run_after=None
[2023-07-19T18:48:43.988+0000] {processor.py:179} INFO - Processing /home/airflow/.local/lib/python3.7/site-packages/airflow/example_dags/example_local_kubernetes_executor.py took 0.785 seconds
[2023-07-19T18:49:14.226+0000] {processor.py:157} INFO - Started process (PID=841) to work on /home/airflow/.local/lib/python3.7/site-packages/airflow/example_dags/example_local_kubernetes_executor.py
[2023-07-19T18:49:14.533+0000] {processor.py:826} INFO - Processing file /home/airflow/.local/lib/python3.7/site-packages/airflow/example_dags/example_local_kubernetes_executor.py for tasks to queue
[2023-07-19T18:49:14.763+0000] {logging_mixin.py:150} INFO - [2023-07-19T18:49:14.763+0000] {dagbag.py:541} INFO - Filling up the DagBag from /home/airflow/.local/lib/python3.7/site-packages/airflow/example_dags/example_local_kubernetes_executor.py
[2023-07-19T18:49:16.310+0000] {processor.py:836} INFO - DAG(s) dict_keys(['example_local_kubernetes_executor']) retrieved from /home/airflow/.local/lib/python3.7/site-packages/airflow/example_dags/example_local_kubernetes_executor.py
[2023-07-19T18:49:16.670+0000] {logging_mixin.py:150} INFO - [2023-07-19T18:49:16.669+0000] {dag.py:2742} INFO - Sync 1 DAGs
[2023-07-19T18:49:16.712+0000] {logging_mixin.py:150} INFO - [2023-07-19T18:49:16.712+0000] {dag.py:3508} INFO - Setting next_dagrun for example_local_kubernetes_executor to None, run_after=None
[2023-07-19T18:49:16.749+0000] {processor.py:179} INFO - Processing /home/airflow/.local/lib/python3.7/site-packages/airflow/example_dags/example_local_kubernetes_executor.py took 2.537 seconds
[2023-07-19T18:49:46.916+0000] {processor.py:157} INFO - Started process (PID=908) to work on /home/airflow/.local/lib/python3.7/site-packages/airflow/example_dags/example_local_kubernetes_executor.py
[2023-07-19T18:49:46.921+0000] {processor.py:826} INFO - Processing file /home/airflow/.local/lib/python3.7/site-packages/airflow/example_dags/example_local_kubernetes_executor.py for tasks to queue
[2023-07-19T18:49:46.928+0000] {logging_mixin.py:150} INFO - [2023-07-19T18:49:46.926+0000] {dagbag.py:541} INFO - Filling up the DagBag from /home/airflow/.local/lib/python3.7/site-packages/airflow/example_dags/example_local_kubernetes_executor.py
[2023-07-19T18:49:47.574+0000] {processor.py:836} INFO - DAG(s) dict_keys(['example_local_kubernetes_executor']) retrieved from /home/airflow/.local/lib/python3.7/site-packages/airflow/example_dags/example_local_kubernetes_executor.py
[2023-07-19T18:49:47.671+0000] {logging_mixin.py:150} INFO - [2023-07-19T18:49:47.671+0000] {dag.py:2742} INFO - Sync 1 DAGs
[2023-07-19T18:49:47.723+0000] {logging_mixin.py:150} INFO - [2023-07-19T18:49:47.723+0000] {dag.py:3508} INFO - Setting next_dagrun for example_local_kubernetes_executor to None, run_after=None
[2023-07-19T18:49:47.755+0000] {processor.py:179} INFO - Processing /home/airflow/.local/lib/python3.7/site-packages/airflow/example_dags/example_local_kubernetes_executor.py took 0.850 seconds
[2023-07-19T18:50:18.424+0000] {processor.py:157} INFO - Started process (PID=967) to work on /home/airflow/.local/lib/python3.7/site-packages/airflow/example_dags/example_local_kubernetes_executor.py
[2023-07-19T18:50:18.429+0000] {processor.py:826} INFO - Processing file /home/airflow/.local/lib/python3.7/site-packages/airflow/example_dags/example_local_kubernetes_executor.py for tasks to queue
[2023-07-19T18:50:18.433+0000] {logging_mixin.py:150} INFO - [2023-07-19T18:50:18.432+0000] {dagbag.py:541} INFO - Filling up the DagBag from /home/airflow/.local/lib/python3.7/site-packages/airflow/example_dags/example_local_kubernetes_executor.py
[2023-07-19T18:50:18.900+0000] {processor.py:836} INFO - DAG(s) dict_keys(['example_local_kubernetes_executor']) retrieved from /home/airflow/.local/lib/python3.7/site-packages/airflow/example_dags/example_local_kubernetes_executor.py
[2023-07-19T18:50:19.021+0000] {logging_mixin.py:150} INFO - [2023-07-19T18:50:19.021+0000] {dag.py:2742} INFO - Sync 1 DAGs
[2023-07-19T18:50:19.312+0000] {logging_mixin.py:150} INFO - [2023-07-19T18:50:19.281+0000] {dag.py:3508} INFO - Setting next_dagrun for example_local_kubernetes_executor to None, run_after=None
[2023-07-19T18:50:19.427+0000] {processor.py:179} INFO - Processing /home/airflow/.local/lib/python3.7/site-packages/airflow/example_dags/example_local_kubernetes_executor.py took 1.014 seconds
[2023-07-19T18:50:49.820+0000] {processor.py:157} INFO - Started process (PID=1027) to work on /home/airflow/.local/lib/python3.7/site-packages/airflow/example_dags/example_local_kubernetes_executor.py
[2023-07-19T18:50:49.825+0000] {processor.py:826} INFO - Processing file /home/airflow/.local/lib/python3.7/site-packages/airflow/example_dags/example_local_kubernetes_executor.py for tasks to queue
[2023-07-19T18:50:49.830+0000] {logging_mixin.py:150} INFO - [2023-07-19T18:50:49.829+0000] {dagbag.py:541} INFO - Filling up the DagBag from /home/airflow/.local/lib/python3.7/site-packages/airflow/example_dags/example_local_kubernetes_executor.py
[2023-07-19T18:50:50.353+0000] {processor.py:836} INFO - DAG(s) dict_keys(['example_local_kubernetes_executor']) retrieved from /home/airflow/.local/lib/python3.7/site-packages/airflow/example_dags/example_local_kubernetes_executor.py
[2023-07-19T18:50:50.423+0000] {logging_mixin.py:150} INFO - [2023-07-19T18:50:50.422+0000] {dag.py:2742} INFO - Sync 1 DAGs
[2023-07-19T18:50:50.479+0000] {logging_mixin.py:150} INFO - [2023-07-19T18:50:50.478+0000] {dag.py:3508} INFO - Setting next_dagrun for example_local_kubernetes_executor to None, run_after=None
[2023-07-19T18:50:50.526+0000] {processor.py:179} INFO - Processing /home/airflow/.local/lib/python3.7/site-packages/airflow/example_dags/example_local_kubernetes_executor.py took 0.717 seconds
[2023-07-19T18:51:21.081+0000] {processor.py:157} INFO - Started process (PID=1087) to work on /home/airflow/.local/lib/python3.7/site-packages/airflow/example_dags/example_local_kubernetes_executor.py
[2023-07-19T18:51:21.110+0000] {processor.py:826} INFO - Processing file /home/airflow/.local/lib/python3.7/site-packages/airflow/example_dags/example_local_kubernetes_executor.py for tasks to queue
[2023-07-19T18:51:21.123+0000] {logging_mixin.py:150} INFO - [2023-07-19T18:51:21.119+0000] {dagbag.py:541} INFO - Filling up the DagBag from /home/airflow/.local/lib/python3.7/site-packages/airflow/example_dags/example_local_kubernetes_executor.py
[2023-07-19T18:51:21.720+0000] {processor.py:836} INFO - DAG(s) dict_keys(['example_local_kubernetes_executor']) retrieved from /home/airflow/.local/lib/python3.7/site-packages/airflow/example_dags/example_local_kubernetes_executor.py
[2023-07-19T18:51:21.791+0000] {logging_mixin.py:150} INFO - [2023-07-19T18:51:21.789+0000] {dag.py:2742} INFO - Sync 1 DAGs
[2023-07-19T18:51:21.827+0000] {logging_mixin.py:150} INFO - [2023-07-19T18:51:21.827+0000] {dag.py:3508} INFO - Setting next_dagrun for example_local_kubernetes_executor to None, run_after=None
[2023-07-19T18:51:21.850+0000] {processor.py:179} INFO - Processing /home/airflow/.local/lib/python3.7/site-packages/airflow/example_dags/example_local_kubernetes_executor.py took 0.792 seconds
[2023-07-19T18:51:52.509+0000] {processor.py:157} INFO - Started process (PID=1146) to work on /home/airflow/.local/lib/python3.7/site-packages/airflow/example_dags/example_local_kubernetes_executor.py
[2023-07-19T18:51:52.517+0000] {processor.py:826} INFO - Processing file /home/airflow/.local/lib/python3.7/site-packages/airflow/example_dags/example_local_kubernetes_executor.py for tasks to queue
[2023-07-19T18:51:52.523+0000] {logging_mixin.py:150} INFO - [2023-07-19T18:51:52.522+0000] {dagbag.py:541} INFO - Filling up the DagBag from /home/airflow/.local/lib/python3.7/site-packages/airflow/example_dags/example_local_kubernetes_executor.py
[2023-07-19T18:51:52.880+0000] {processor.py:836} INFO - DAG(s) dict_keys(['example_local_kubernetes_executor']) retrieved from /home/airflow/.local/lib/python3.7/site-packages/airflow/example_dags/example_local_kubernetes_executor.py
[2023-07-19T18:51:52.928+0000] {logging_mixin.py:150} INFO - [2023-07-19T18:51:52.928+0000] {dag.py:2742} INFO - Sync 1 DAGs
[2023-07-19T18:51:52.964+0000] {logging_mixin.py:150} INFO - [2023-07-19T18:51:52.964+0000] {dag.py:3508} INFO - Setting next_dagrun for example_local_kubernetes_executor to None, run_after=None
[2023-07-19T18:51:52.982+0000] {processor.py:179} INFO - Processing /home/airflow/.local/lib/python3.7/site-packages/airflow/example_dags/example_local_kubernetes_executor.py took 0.482 seconds
[2023-07-19T18:52:23.721+0000] {processor.py:157} INFO - Started process (PID=1206) to work on /home/airflow/.local/lib/python3.7/site-packages/airflow/example_dags/example_local_kubernetes_executor.py
[2023-07-19T18:52:23.727+0000] {processor.py:826} INFO - Processing file /home/airflow/.local/lib/python3.7/site-packages/airflow/example_dags/example_local_kubernetes_executor.py for tasks to queue
[2023-07-19T18:52:23.730+0000] {logging_mixin.py:150} INFO - [2023-07-19T18:52:23.729+0000] {dagbag.py:541} INFO - Filling up the DagBag from /home/airflow/.local/lib/python3.7/site-packages/airflow/example_dags/example_local_kubernetes_executor.py
[2023-07-19T18:52:24.164+0000] {processor.py:836} INFO - DAG(s) dict_keys(['example_local_kubernetes_executor']) retrieved from /home/airflow/.local/lib/python3.7/site-packages/airflow/example_dags/example_local_kubernetes_executor.py
[2023-07-19T18:52:24.220+0000] {logging_mixin.py:150} INFO - [2023-07-19T18:52:24.219+0000] {dag.py:2742} INFO - Sync 1 DAGs
[2023-07-19T18:52:24.247+0000] {logging_mixin.py:150} INFO - [2023-07-19T18:52:24.247+0000] {dag.py:3508} INFO - Setting next_dagrun for example_local_kubernetes_executor to None, run_after=None
[2023-07-19T18:52:24.265+0000] {processor.py:179} INFO - Processing /home/airflow/.local/lib/python3.7/site-packages/airflow/example_dags/example_local_kubernetes_executor.py took 0.563 seconds
[2023-07-19T18:52:54.790+0000] {processor.py:157} INFO - Started process (PID=1265) to work on /home/airflow/.local/lib/python3.7/site-packages/airflow/example_dags/example_local_kubernetes_executor.py
[2023-07-19T18:52:54.795+0000] {processor.py:826} INFO - Processing file /home/airflow/.local/lib/python3.7/site-packages/airflow/example_dags/example_local_kubernetes_executor.py for tasks to queue
[2023-07-19T18:52:54.800+0000] {logging_mixin.py:150} INFO - [2023-07-19T18:52:54.799+0000] {dagbag.py:541} INFO - Filling up the DagBag from /home/airflow/.local/lib/python3.7/site-packages/airflow/example_dags/example_local_kubernetes_executor.py
[2023-07-19T18:52:55.231+0000] {processor.py:836} INFO - DAG(s) dict_keys(['example_local_kubernetes_executor']) retrieved from /home/airflow/.local/lib/python3.7/site-packages/airflow/example_dags/example_local_kubernetes_executor.py
[2023-07-19T18:52:55.277+0000] {logging_mixin.py:150} INFO - [2023-07-19T18:52:55.277+0000] {dag.py:2742} INFO - Sync 1 DAGs
[2023-07-19T18:52:55.302+0000] {logging_mixin.py:150} INFO - [2023-07-19T18:52:55.302+0000] {dag.py:3508} INFO - Setting next_dagrun for example_local_kubernetes_executor to None, run_after=None
[2023-07-19T18:52:55.319+0000] {processor.py:179} INFO - Processing /home/airflow/.local/lib/python3.7/site-packages/airflow/example_dags/example_local_kubernetes_executor.py took 0.538 seconds
[2023-07-19T18:53:26.080+0000] {processor.py:157} INFO - Started process (PID=1324) to work on /home/airflow/.local/lib/python3.7/site-packages/airflow/example_dags/example_local_kubernetes_executor.py
[2023-07-19T18:53:26.095+0000] {processor.py:826} INFO - Processing file /home/airflow/.local/lib/python3.7/site-packages/airflow/example_dags/example_local_kubernetes_executor.py for tasks to queue
[2023-07-19T18:53:26.100+0000] {logging_mixin.py:150} INFO - [2023-07-19T18:53:26.098+0000] {dagbag.py:541} INFO - Filling up the DagBag from /home/airflow/.local/lib/python3.7/site-packages/airflow/example_dags/example_local_kubernetes_executor.py
[2023-07-19T18:53:27.019+0000] {processor.py:836} INFO - DAG(s) dict_keys(['example_local_kubernetes_executor']) retrieved from /home/airflow/.local/lib/python3.7/site-packages/airflow/example_dags/example_local_kubernetes_executor.py
[2023-07-19T18:53:27.176+0000] {logging_mixin.py:150} INFO - [2023-07-19T18:53:27.176+0000] {dag.py:2742} INFO - Sync 1 DAGs
[2023-07-19T18:53:27.237+0000] {logging_mixin.py:150} INFO - [2023-07-19T18:53:27.237+0000] {dag.py:3508} INFO - Setting next_dagrun for example_local_kubernetes_executor to None, run_after=None
[2023-07-19T18:53:27.290+0000] {processor.py:179} INFO - Processing /home/airflow/.local/lib/python3.7/site-packages/airflow/example_dags/example_local_kubernetes_executor.py took 1.240 seconds
[2023-07-19T18:53:58.059+0000] {processor.py:157} INFO - Started process (PID=1385) to work on /home/airflow/.local/lib/python3.7/site-packages/airflow/example_dags/example_local_kubernetes_executor.py
[2023-07-19T18:53:58.062+0000] {processor.py:826} INFO - Processing file /home/airflow/.local/lib/python3.7/site-packages/airflow/example_dags/example_local_kubernetes_executor.py for tasks to queue
[2023-07-19T18:53:58.064+0000] {logging_mixin.py:150} INFO - [2023-07-19T18:53:58.064+0000] {dagbag.py:541} INFO - Filling up the DagBag from /home/airflow/.local/lib/python3.7/site-packages/airflow/example_dags/example_local_kubernetes_executor.py
[2023-07-19T18:53:58.402+0000] {processor.py:836} INFO - DAG(s) dict_keys(['example_local_kubernetes_executor']) retrieved from /home/airflow/.local/lib/python3.7/site-packages/airflow/example_dags/example_local_kubernetes_executor.py
[2023-07-19T18:53:58.455+0000] {logging_mixin.py:150} INFO - [2023-07-19T18:53:58.455+0000] {dag.py:2742} INFO - Sync 1 DAGs
[2023-07-19T18:53:58.479+0000] {logging_mixin.py:150} INFO - [2023-07-19T18:53:58.479+0000] {dag.py:3508} INFO - Setting next_dagrun for example_local_kubernetes_executor to None, run_after=None
[2023-07-19T18:53:58.494+0000] {processor.py:179} INFO - Processing /home/airflow/.local/lib/python3.7/site-packages/airflow/example_dags/example_local_kubernetes_executor.py took 0.440 seconds
[2023-07-19T18:54:29.381+0000] {processor.py:157} INFO - Started process (PID=1446) to work on /home/airflow/.local/lib/python3.7/site-packages/airflow/example_dags/example_local_kubernetes_executor.py
[2023-07-19T18:54:29.387+0000] {processor.py:826} INFO - Processing file /home/airflow/.local/lib/python3.7/site-packages/airflow/example_dags/example_local_kubernetes_executor.py for tasks to queue
[2023-07-19T18:54:29.399+0000] {logging_mixin.py:150} INFO - [2023-07-19T18:54:29.395+0000] {dagbag.py:541} INFO - Filling up the DagBag from /home/airflow/.local/lib/python3.7/site-packages/airflow/example_dags/example_local_kubernetes_executor.py
[2023-07-19T18:54:29.929+0000] {processor.py:836} INFO - DAG(s) dict_keys(['example_local_kubernetes_executor']) retrieved from /home/airflow/.local/lib/python3.7/site-packages/airflow/example_dags/example_local_kubernetes_executor.py
[2023-07-19T18:54:30.199+0000] {logging_mixin.py:150} INFO - [2023-07-19T18:54:30.198+0000] {dag.py:2742} INFO - Sync 1 DAGs
[2023-07-19T18:54:30.317+0000] {logging_mixin.py:150} INFO - [2023-07-19T18:54:30.316+0000] {dag.py:3508} INFO - Setting next_dagrun for example_local_kubernetes_executor to None, run_after=None
[2023-07-19T18:54:30.433+0000] {processor.py:179} INFO - Processing /home/airflow/.local/lib/python3.7/site-packages/airflow/example_dags/example_local_kubernetes_executor.py took 1.069 seconds
