[2023-07-19T18:42:19.618+0000] {processor.py:157} INFO - Started process (PID=48) to work on /home/airflow/.local/lib/python3.7/site-packages/airflow/example_dags/example_task_group_decorator.py
[2023-07-19T18:42:19.622+0000] {processor.py:826} INFO - Processing file /home/airflow/.local/lib/python3.7/site-packages/airflow/example_dags/example_task_group_decorator.py for tasks to queue
[2023-07-19T18:42:19.631+0000] {logging_mixin.py:150} INFO - [2023-07-19T18:42:19.631+0000] {dagbag.py:541} INFO - Filling up the DagBag from /home/airflow/.local/lib/python3.7/site-packages/airflow/example_dags/example_task_group_decorator.py
[2023-07-19T18:42:19.659+0000] {processor.py:836} INFO - DAG(s) dict_keys(['example_task_group_decorator']) retrieved from /home/airflow/.local/lib/python3.7/site-packages/airflow/example_dags/example_task_group_decorator.py
[2023-07-19T18:42:19.687+0000] {logging_mixin.py:150} INFO - [2023-07-19T18:42:19.686+0000] {dag.py:2742} INFO - Sync 1 DAGs
[2023-07-19T18:42:19.714+0000] {logging_mixin.py:150} INFO - [2023-07-19T18:42:19.714+0000] {dag.py:3508} INFO - Setting next_dagrun for example_task_group_decorator to 2023-07-18T18:42:19.713743+00:00, run_after=2023-07-19T18:42:19.713743+00:00
[2023-07-19T18:42:19.743+0000] {processor.py:179} INFO - Processing /home/airflow/.local/lib/python3.7/site-packages/airflow/example_dags/example_task_group_decorator.py took 0.128 seconds
[2023-07-19T18:42:50.106+0000] {processor.py:157} INFO - Started process (PID=108) to work on /home/airflow/.local/lib/python3.7/site-packages/airflow/example_dags/example_task_group_decorator.py
[2023-07-19T18:42:50.112+0000] {processor.py:826} INFO - Processing file /home/airflow/.local/lib/python3.7/site-packages/airflow/example_dags/example_task_group_decorator.py for tasks to queue
[2023-07-19T18:42:50.116+0000] {logging_mixin.py:150} INFO - [2023-07-19T18:42:50.116+0000] {dagbag.py:541} INFO - Filling up the DagBag from /home/airflow/.local/lib/python3.7/site-packages/airflow/example_dags/example_task_group_decorator.py
[2023-07-19T18:42:50.130+0000] {processor.py:836} INFO - DAG(s) dict_keys(['example_task_group_decorator']) retrieved from /home/airflow/.local/lib/python3.7/site-packages/airflow/example_dags/example_task_group_decorator.py
[2023-07-19T18:42:50.153+0000] {logging_mixin.py:150} INFO - [2023-07-19T18:42:50.153+0000] {dag.py:2742} INFO - Sync 1 DAGs
[2023-07-19T18:42:50.171+0000] {logging_mixin.py:150} INFO - [2023-07-19T18:42:50.171+0000] {dag.py:3508} INFO - Setting next_dagrun for example_task_group_decorator to 2023-07-18T18:42:50.171157+00:00, run_after=2023-07-19T18:42:50.171157+00:00
[2023-07-19T18:42:50.185+0000] {processor.py:179} INFO - Processing /home/airflow/.local/lib/python3.7/site-packages/airflow/example_dags/example_task_group_decorator.py took 0.082 seconds
[2023-07-19T18:43:21.205+0000] {processor.py:157} INFO - Started process (PID=167) to work on /home/airflow/.local/lib/python3.7/site-packages/airflow/example_dags/example_task_group_decorator.py
[2023-07-19T18:43:21.209+0000] {processor.py:826} INFO - Processing file /home/airflow/.local/lib/python3.7/site-packages/airflow/example_dags/example_task_group_decorator.py for tasks to queue
[2023-07-19T18:43:21.212+0000] {logging_mixin.py:150} INFO - [2023-07-19T18:43:21.211+0000] {dagbag.py:541} INFO - Filling up the DagBag from /home/airflow/.local/lib/python3.7/site-packages/airflow/example_dags/example_task_group_decorator.py
[2023-07-19T18:43:21.228+0000] {processor.py:836} INFO - DAG(s) dict_keys(['example_task_group_decorator']) retrieved from /home/airflow/.local/lib/python3.7/site-packages/airflow/example_dags/example_task_group_decorator.py
[2023-07-19T18:43:21.253+0000] {logging_mixin.py:150} INFO - [2023-07-19T18:43:21.253+0000] {dag.py:2742} INFO - Sync 1 DAGs
[2023-07-19T18:43:21.272+0000] {logging_mixin.py:150} INFO - [2023-07-19T18:43:21.272+0000] {dag.py:3508} INFO - Setting next_dagrun for example_task_group_decorator to 2023-07-18T18:43:21.272326+00:00, run_after=2023-07-19T18:43:21.272326+00:00
[2023-07-19T18:43:21.286+0000] {processor.py:179} INFO - Processing /home/airflow/.local/lib/python3.7/site-packages/airflow/example_dags/example_task_group_decorator.py took 0.083 seconds
[2023-07-19T18:43:51.770+0000] {processor.py:157} INFO - Started process (PID=226) to work on /home/airflow/.local/lib/python3.7/site-packages/airflow/example_dags/example_task_group_decorator.py
[2023-07-19T18:43:51.772+0000] {processor.py:826} INFO - Processing file /home/airflow/.local/lib/python3.7/site-packages/airflow/example_dags/example_task_group_decorator.py for tasks to queue
[2023-07-19T18:43:51.774+0000] {logging_mixin.py:150} INFO - [2023-07-19T18:43:51.774+0000] {dagbag.py:541} INFO - Filling up the DagBag from /home/airflow/.local/lib/python3.7/site-packages/airflow/example_dags/example_task_group_decorator.py
[2023-07-19T18:43:51.787+0000] {processor.py:836} INFO - DAG(s) dict_keys(['example_task_group_decorator']) retrieved from /home/airflow/.local/lib/python3.7/site-packages/airflow/example_dags/example_task_group_decorator.py
[2023-07-19T18:43:51.816+0000] {logging_mixin.py:150} INFO - [2023-07-19T18:43:51.816+0000] {dag.py:2742} INFO - Sync 1 DAGs
[2023-07-19T18:43:51.846+0000] {logging_mixin.py:150} INFO - [2023-07-19T18:43:51.846+0000] {dag.py:3508} INFO - Setting next_dagrun for example_task_group_decorator to 2023-07-18T18:43:51.845784+00:00, run_after=2023-07-19T18:43:51.845784+00:00
[2023-07-19T18:43:51.863+0000] {processor.py:179} INFO - Processing /home/airflow/.local/lib/python3.7/site-packages/airflow/example_dags/example_task_group_decorator.py took 0.096 seconds
[2023-07-19T18:44:22.880+0000] {processor.py:157} INFO - Started process (PID=284) to work on /home/airflow/.local/lib/python3.7/site-packages/airflow/example_dags/example_task_group_decorator.py
[2023-07-19T18:44:22.887+0000] {processor.py:826} INFO - Processing file /home/airflow/.local/lib/python3.7/site-packages/airflow/example_dags/example_task_group_decorator.py for tasks to queue
[2023-07-19T18:44:22.892+0000] {logging_mixin.py:150} INFO - [2023-07-19T18:44:22.892+0000] {dagbag.py:541} INFO - Filling up the DagBag from /home/airflow/.local/lib/python3.7/site-packages/airflow/example_dags/example_task_group_decorator.py
[2023-07-19T18:44:22.918+0000] {processor.py:836} INFO - DAG(s) dict_keys(['example_task_group_decorator']) retrieved from /home/airflow/.local/lib/python3.7/site-packages/airflow/example_dags/example_task_group_decorator.py
[2023-07-19T18:44:22.972+0000] {logging_mixin.py:150} INFO - [2023-07-19T18:44:22.972+0000] {dag.py:2742} INFO - Sync 1 DAGs
[2023-07-19T18:44:23.031+0000] {logging_mixin.py:150} INFO - [2023-07-19T18:44:23.030+0000] {dag.py:3508} INFO - Setting next_dagrun for example_task_group_decorator to 2023-07-18T18:44:23.030580+00:00, run_after=2023-07-19T18:44:23.030580+00:00
[2023-07-19T18:44:23.183+0000] {processor.py:179} INFO - Processing /home/airflow/.local/lib/python3.7/site-packages/airflow/example_dags/example_task_group_decorator.py took 0.307 seconds
[2023-07-19T18:44:53.253+0000] {processor.py:157} INFO - Started process (PID=343) to work on /home/airflow/.local/lib/python3.7/site-packages/airflow/example_dags/example_task_group_decorator.py
[2023-07-19T18:44:53.259+0000] {processor.py:826} INFO - Processing file /home/airflow/.local/lib/python3.7/site-packages/airflow/example_dags/example_task_group_decorator.py for tasks to queue
[2023-07-19T18:44:53.262+0000] {logging_mixin.py:150} INFO - [2023-07-19T18:44:53.262+0000] {dagbag.py:541} INFO - Filling up the DagBag from /home/airflow/.local/lib/python3.7/site-packages/airflow/example_dags/example_task_group_decorator.py
[2023-07-19T18:44:53.284+0000] {processor.py:836} INFO - DAG(s) dict_keys(['example_task_group_decorator']) retrieved from /home/airflow/.local/lib/python3.7/site-packages/airflow/example_dags/example_task_group_decorator.py
[2023-07-19T18:44:53.325+0000] {logging_mixin.py:150} INFO - [2023-07-19T18:44:53.325+0000] {dag.py:2742} INFO - Sync 1 DAGs
[2023-07-19T18:44:53.357+0000] {logging_mixin.py:150} INFO - [2023-07-19T18:44:53.357+0000] {dag.py:3508} INFO - Setting next_dagrun for example_task_group_decorator to 2023-07-18T18:44:53.356877+00:00, run_after=2023-07-19T18:44:53.356877+00:00
[2023-07-19T18:44:53.385+0000] {processor.py:179} INFO - Processing /home/airflow/.local/lib/python3.7/site-packages/airflow/example_dags/example_task_group_decorator.py took 0.136 seconds
[2023-07-19T18:45:23.972+0000] {processor.py:157} INFO - Started process (PID=402) to work on /home/airflow/.local/lib/python3.7/site-packages/airflow/example_dags/example_task_group_decorator.py
[2023-07-19T18:45:23.974+0000] {processor.py:826} INFO - Processing file /home/airflow/.local/lib/python3.7/site-packages/airflow/example_dags/example_task_group_decorator.py for tasks to queue
[2023-07-19T18:45:23.976+0000] {logging_mixin.py:150} INFO - [2023-07-19T18:45:23.976+0000] {dagbag.py:541} INFO - Filling up the DagBag from /home/airflow/.local/lib/python3.7/site-packages/airflow/example_dags/example_task_group_decorator.py
[2023-07-19T18:45:23.990+0000] {processor.py:836} INFO - DAG(s) dict_keys(['example_task_group_decorator']) retrieved from /home/airflow/.local/lib/python3.7/site-packages/airflow/example_dags/example_task_group_decorator.py
[2023-07-19T18:45:24.033+0000] {logging_mixin.py:150} INFO - [2023-07-19T18:45:24.032+0000] {dag.py:2742} INFO - Sync 1 DAGs
[2023-07-19T18:45:24.072+0000] {logging_mixin.py:150} INFO - [2023-07-19T18:45:24.071+0000] {dag.py:3508} INFO - Setting next_dagrun for example_task_group_decorator to 2023-07-18T18:45:24.071224+00:00, run_after=2023-07-19T18:45:24.071224+00:00
[2023-07-19T18:45:24.105+0000] {processor.py:179} INFO - Processing /home/airflow/.local/lib/python3.7/site-packages/airflow/example_dags/example_task_group_decorator.py took 0.136 seconds
[2023-07-19T18:45:55.006+0000] {processor.py:157} INFO - Started process (PID=460) to work on /home/airflow/.local/lib/python3.7/site-packages/airflow/example_dags/example_task_group_decorator.py
[2023-07-19T18:45:55.011+0000] {processor.py:826} INFO - Processing file /home/airflow/.local/lib/python3.7/site-packages/airflow/example_dags/example_task_group_decorator.py for tasks to queue
[2023-07-19T18:45:55.013+0000] {logging_mixin.py:150} INFO - [2023-07-19T18:45:55.013+0000] {dagbag.py:541} INFO - Filling up the DagBag from /home/airflow/.local/lib/python3.7/site-packages/airflow/example_dags/example_task_group_decorator.py
[2023-07-19T18:45:55.027+0000] {processor.py:836} INFO - DAG(s) dict_keys(['example_task_group_decorator']) retrieved from /home/airflow/.local/lib/python3.7/site-packages/airflow/example_dags/example_task_group_decorator.py
[2023-07-19T18:45:55.055+0000] {logging_mixin.py:150} INFO - [2023-07-19T18:45:55.054+0000] {dag.py:2742} INFO - Sync 1 DAGs
[2023-07-19T18:45:55.083+0000] {logging_mixin.py:150} INFO - [2023-07-19T18:45:55.083+0000] {dag.py:3508} INFO - Setting next_dagrun for example_task_group_decorator to 2023-07-18T18:45:55.082985+00:00, run_after=2023-07-19T18:45:55.082985+00:00
[2023-07-19T18:45:55.113+0000] {processor.py:179} INFO - Processing /home/airflow/.local/lib/python3.7/site-packages/airflow/example_dags/example_task_group_decorator.py took 0.111 seconds
[2023-07-19T18:46:25.703+0000] {processor.py:157} INFO - Started process (PID=519) to work on /home/airflow/.local/lib/python3.7/site-packages/airflow/example_dags/example_task_group_decorator.py
[2023-07-19T18:46:25.705+0000] {processor.py:826} INFO - Processing file /home/airflow/.local/lib/python3.7/site-packages/airflow/example_dags/example_task_group_decorator.py for tasks to queue
[2023-07-19T18:46:25.706+0000] {logging_mixin.py:150} INFO - [2023-07-19T18:46:25.706+0000] {dagbag.py:541} INFO - Filling up the DagBag from /home/airflow/.local/lib/python3.7/site-packages/airflow/example_dags/example_task_group_decorator.py
[2023-07-19T18:46:25.723+0000] {processor.py:836} INFO - DAG(s) dict_keys(['example_task_group_decorator']) retrieved from /home/airflow/.local/lib/python3.7/site-packages/airflow/example_dags/example_task_group_decorator.py
[2023-07-19T18:46:25.767+0000] {logging_mixin.py:150} INFO - [2023-07-19T18:46:25.766+0000] {dag.py:2742} INFO - Sync 1 DAGs
[2023-07-19T18:46:25.797+0000] {logging_mixin.py:150} INFO - [2023-07-19T18:46:25.797+0000] {dag.py:3508} INFO - Setting next_dagrun for example_task_group_decorator to 2023-07-18T18:46:25.797167+00:00, run_after=2023-07-19T18:46:25.797167+00:00
[2023-07-19T18:46:25.818+0000] {processor.py:179} INFO - Processing /home/airflow/.local/lib/python3.7/site-packages/airflow/example_dags/example_task_group_decorator.py took 0.118 seconds
[2023-07-19T18:46:59.122+0000] {processor.py:157} INFO - Started process (PID=579) to work on /home/airflow/.local/lib/python3.7/site-packages/airflow/example_dags/example_task_group_decorator.py
[2023-07-19T18:46:59.135+0000] {processor.py:826} INFO - Processing file /home/airflow/.local/lib/python3.7/site-packages/airflow/example_dags/example_task_group_decorator.py for tasks to queue
[2023-07-19T18:46:59.142+0000] {logging_mixin.py:150} INFO - [2023-07-19T18:46:59.141+0000] {dagbag.py:541} INFO - Filling up the DagBag from /home/airflow/.local/lib/python3.7/site-packages/airflow/example_dags/example_task_group_decorator.py
[2023-07-19T18:46:59.181+0000] {processor.py:836} INFO - DAG(s) dict_keys(['example_task_group_decorator']) retrieved from /home/airflow/.local/lib/python3.7/site-packages/airflow/example_dags/example_task_group_decorator.py
[2023-07-19T18:46:59.238+0000] {logging_mixin.py:150} INFO - [2023-07-19T18:46:59.237+0000] {dag.py:2742} INFO - Sync 1 DAGs
[2023-07-19T18:46:59.305+0000] {logging_mixin.py:150} INFO - [2023-07-19T18:46:59.305+0000] {dag.py:3508} INFO - Setting next_dagrun for example_task_group_decorator to 2023-07-18T18:46:59.302647+00:00, run_after=2023-07-19T18:46:59.302647+00:00
[2023-07-19T18:46:59.350+0000] {processor.py:179} INFO - Processing /home/airflow/.local/lib/python3.7/site-packages/airflow/example_dags/example_task_group_decorator.py took 0.240 seconds
[2023-07-19T18:47:30.567+0000] {processor.py:157} INFO - Started process (PID=638) to work on /home/airflow/.local/lib/python3.7/site-packages/airflow/example_dags/example_task_group_decorator.py
[2023-07-19T18:47:30.570+0000] {processor.py:826} INFO - Processing file /home/airflow/.local/lib/python3.7/site-packages/airflow/example_dags/example_task_group_decorator.py for tasks to queue
[2023-07-19T18:47:30.577+0000] {logging_mixin.py:150} INFO - [2023-07-19T18:47:30.576+0000] {dagbag.py:541} INFO - Filling up the DagBag from /home/airflow/.local/lib/python3.7/site-packages/airflow/example_dags/example_task_group_decorator.py
[2023-07-19T18:47:30.608+0000] {processor.py:836} INFO - DAG(s) dict_keys(['example_task_group_decorator']) retrieved from /home/airflow/.local/lib/python3.7/site-packages/airflow/example_dags/example_task_group_decorator.py
[2023-07-19T18:47:30.694+0000] {logging_mixin.py:150} INFO - [2023-07-19T18:47:30.694+0000] {dag.py:2742} INFO - Sync 1 DAGs
[2023-07-19T18:47:30.807+0000] {logging_mixin.py:150} INFO - [2023-07-19T18:47:30.806+0000] {dag.py:3508} INFO - Setting next_dagrun for example_task_group_decorator to 2023-07-18T18:47:30.805464+00:00, run_after=2023-07-19T18:47:30.805464+00:00
[2023-07-19T18:47:30.909+0000] {processor.py:179} INFO - Processing /home/airflow/.local/lib/python3.7/site-packages/airflow/example_dags/example_task_group_decorator.py took 0.347 seconds
[2023-07-19T18:48:01.702+0000] {processor.py:157} INFO - Started process (PID=697) to work on /home/airflow/.local/lib/python3.7/site-packages/airflow/example_dags/example_task_group_decorator.py
[2023-07-19T18:48:01.707+0000] {processor.py:826} INFO - Processing file /home/airflow/.local/lib/python3.7/site-packages/airflow/example_dags/example_task_group_decorator.py for tasks to queue
[2023-07-19T18:48:01.710+0000] {logging_mixin.py:150} INFO - [2023-07-19T18:48:01.709+0000] {dagbag.py:541} INFO - Filling up the DagBag from /home/airflow/.local/lib/python3.7/site-packages/airflow/example_dags/example_task_group_decorator.py
[2023-07-19T18:48:01.740+0000] {processor.py:836} INFO - DAG(s) dict_keys(['example_task_group_decorator']) retrieved from /home/airflow/.local/lib/python3.7/site-packages/airflow/example_dags/example_task_group_decorator.py
[2023-07-19T18:48:01.812+0000] {logging_mixin.py:150} INFO - [2023-07-19T18:48:01.812+0000] {dag.py:2742} INFO - Sync 1 DAGs
[2023-07-19T18:48:01.894+0000] {logging_mixin.py:150} INFO - [2023-07-19T18:48:01.894+0000] {dag.py:3508} INFO - Setting next_dagrun for example_task_group_decorator to 2023-07-18T18:48:01.893417+00:00, run_after=2023-07-19T18:48:01.893417+00:00
[2023-07-19T18:48:01.955+0000] {processor.py:179} INFO - Processing /home/airflow/.local/lib/python3.7/site-packages/airflow/example_dags/example_task_group_decorator.py took 0.262 seconds
[2023-07-19T18:48:32.871+0000] {processor.py:157} INFO - Started process (PID=756) to work on /home/airflow/.local/lib/python3.7/site-packages/airflow/example_dags/example_task_group_decorator.py
[2023-07-19T18:48:32.881+0000] {processor.py:826} INFO - Processing file /home/airflow/.local/lib/python3.7/site-packages/airflow/example_dags/example_task_group_decorator.py for tasks to queue
[2023-07-19T18:48:32.888+0000] {logging_mixin.py:150} INFO - [2023-07-19T18:48:32.888+0000] {dagbag.py:541} INFO - Filling up the DagBag from /home/airflow/.local/lib/python3.7/site-packages/airflow/example_dags/example_task_group_decorator.py
[2023-07-19T18:48:32.942+0000] {processor.py:836} INFO - DAG(s) dict_keys(['example_task_group_decorator']) retrieved from /home/airflow/.local/lib/python3.7/site-packages/airflow/example_dags/example_task_group_decorator.py
[2023-07-19T18:48:33.035+0000] {logging_mixin.py:150} INFO - [2023-07-19T18:48:33.034+0000] {dag.py:2742} INFO - Sync 1 DAGs
[2023-07-19T18:48:33.091+0000] {logging_mixin.py:150} INFO - [2023-07-19T18:48:33.091+0000] {dag.py:3508} INFO - Setting next_dagrun for example_task_group_decorator to 2023-07-18T18:48:33.090958+00:00, run_after=2023-07-19T18:48:33.090958+00:00
[2023-07-19T18:48:33.230+0000] {processor.py:179} INFO - Processing /home/airflow/.local/lib/python3.7/site-packages/airflow/example_dags/example_task_group_decorator.py took 0.365 seconds
[2023-07-19T18:49:04.096+0000] {processor.py:157} INFO - Started process (PID=816) to work on /home/airflow/.local/lib/python3.7/site-packages/airflow/example_dags/example_task_group_decorator.py
[2023-07-19T18:49:04.109+0000] {processor.py:826} INFO - Processing file /home/airflow/.local/lib/python3.7/site-packages/airflow/example_dags/example_task_group_decorator.py for tasks to queue
[2023-07-19T18:49:04.127+0000] {logging_mixin.py:150} INFO - [2023-07-19T18:49:04.123+0000] {dagbag.py:541} INFO - Filling up the DagBag from /home/airflow/.local/lib/python3.7/site-packages/airflow/example_dags/example_task_group_decorator.py
[2023-07-19T18:49:04.212+0000] {processor.py:836} INFO - DAG(s) dict_keys(['example_task_group_decorator']) retrieved from /home/airflow/.local/lib/python3.7/site-packages/airflow/example_dags/example_task_group_decorator.py
[2023-07-19T18:49:04.330+0000] {logging_mixin.py:150} INFO - [2023-07-19T18:49:04.329+0000] {dag.py:2742} INFO - Sync 1 DAGs
[2023-07-19T18:49:04.394+0000] {logging_mixin.py:150} INFO - [2023-07-19T18:49:04.393+0000] {dag.py:3508} INFO - Setting next_dagrun for example_task_group_decorator to 2023-07-18T18:49:04.393408+00:00, run_after=2023-07-19T18:49:04.393408+00:00
[2023-07-19T18:49:04.463+0000] {processor.py:179} INFO - Processing /home/airflow/.local/lib/python3.7/site-packages/airflow/example_dags/example_task_group_decorator.py took 0.374 seconds
[2023-07-19T18:49:34.539+0000] {processor.py:157} INFO - Started process (PID=874) to work on /home/airflow/.local/lib/python3.7/site-packages/airflow/example_dags/example_task_group_decorator.py
[2023-07-19T18:49:34.542+0000] {processor.py:826} INFO - Processing file /home/airflow/.local/lib/python3.7/site-packages/airflow/example_dags/example_task_group_decorator.py for tasks to queue
[2023-07-19T18:49:34.544+0000] {logging_mixin.py:150} INFO - [2023-07-19T18:49:34.544+0000] {dagbag.py:541} INFO - Filling up the DagBag from /home/airflow/.local/lib/python3.7/site-packages/airflow/example_dags/example_task_group_decorator.py
[2023-07-19T18:49:34.566+0000] {processor.py:836} INFO - DAG(s) dict_keys(['example_task_group_decorator']) retrieved from /home/airflow/.local/lib/python3.7/site-packages/airflow/example_dags/example_task_group_decorator.py
[2023-07-19T18:49:34.599+0000] {logging_mixin.py:150} INFO - [2023-07-19T18:49:34.599+0000] {dag.py:2742} INFO - Sync 1 DAGs
[2023-07-19T18:49:34.624+0000] {logging_mixin.py:150} INFO - [2023-07-19T18:49:34.623+0000] {dag.py:3508} INFO - Setting next_dagrun for example_task_group_decorator to 2023-07-18T18:49:34.623658+00:00, run_after=2023-07-19T18:49:34.623658+00:00
[2023-07-19T18:49:34.644+0000] {processor.py:179} INFO - Processing /home/airflow/.local/lib/python3.7/site-packages/airflow/example_dags/example_task_group_decorator.py took 0.110 seconds
[2023-07-19T18:50:05.001+0000] {processor.py:157} INFO - Started process (PID=933) to work on /home/airflow/.local/lib/python3.7/site-packages/airflow/example_dags/example_task_group_decorator.py
[2023-07-19T18:50:05.007+0000] {processor.py:826} INFO - Processing file /home/airflow/.local/lib/python3.7/site-packages/airflow/example_dags/example_task_group_decorator.py for tasks to queue
[2023-07-19T18:50:05.009+0000] {logging_mixin.py:150} INFO - [2023-07-19T18:50:05.009+0000] {dagbag.py:541} INFO - Filling up the DagBag from /home/airflow/.local/lib/python3.7/site-packages/airflow/example_dags/example_task_group_decorator.py
[2023-07-19T18:50:05.026+0000] {processor.py:836} INFO - DAG(s) dict_keys(['example_task_group_decorator']) retrieved from /home/airflow/.local/lib/python3.7/site-packages/airflow/example_dags/example_task_group_decorator.py
[2023-07-19T18:50:05.051+0000] {logging_mixin.py:150} INFO - [2023-07-19T18:50:05.051+0000] {dag.py:2742} INFO - Sync 1 DAGs
[2023-07-19T18:50:05.070+0000] {logging_mixin.py:150} INFO - [2023-07-19T18:50:05.070+0000] {dag.py:3508} INFO - Setting next_dagrun for example_task_group_decorator to 2023-07-18T18:50:05.070091+00:00, run_after=2023-07-19T18:50:05.070091+00:00
[2023-07-19T18:50:05.082+0000] {processor.py:179} INFO - Processing /home/airflow/.local/lib/python3.7/site-packages/airflow/example_dags/example_task_group_decorator.py took 0.087 seconds
[2023-07-19T18:50:42.319+0000] {processor.py:157} INFO - Started process (PID=993) to work on /home/airflow/.local/lib/python3.7/site-packages/airflow/example_dags/example_task_group_decorator.py
[2023-07-19T18:50:42.323+0000] {processor.py:826} INFO - Processing file /home/airflow/.local/lib/python3.7/site-packages/airflow/example_dags/example_task_group_decorator.py for tasks to queue
[2023-07-19T18:50:42.325+0000] {logging_mixin.py:150} INFO - [2023-07-19T18:50:42.325+0000] {dagbag.py:541} INFO - Filling up the DagBag from /home/airflow/.local/lib/python3.7/site-packages/airflow/example_dags/example_task_group_decorator.py
[2023-07-19T18:50:42.385+0000] {processor.py:836} INFO - DAG(s) dict_keys(['example_task_group_decorator']) retrieved from /home/airflow/.local/lib/python3.7/site-packages/airflow/example_dags/example_task_group_decorator.py
[2023-07-19T18:50:42.463+0000] {logging_mixin.py:150} INFO - [2023-07-19T18:50:42.463+0000] {dag.py:2742} INFO - Sync 1 DAGs
[2023-07-19T18:50:42.553+0000] {logging_mixin.py:150} INFO - [2023-07-19T18:50:42.553+0000] {dag.py:3508} INFO - Setting next_dagrun for example_task_group_decorator to 2023-07-18T18:50:42.548921+00:00, run_after=2023-07-19T18:50:42.548921+00:00
[2023-07-19T18:50:42.601+0000] {processor.py:179} INFO - Processing /home/airflow/.local/lib/python3.7/site-packages/airflow/example_dags/example_task_group_decorator.py took 0.289 seconds
[2023-07-19T18:51:12.710+0000] {processor.py:157} INFO - Started process (PID=1052) to work on /home/airflow/.local/lib/python3.7/site-packages/airflow/example_dags/example_task_group_decorator.py
[2023-07-19T18:51:12.712+0000] {processor.py:826} INFO - Processing file /home/airflow/.local/lib/python3.7/site-packages/airflow/example_dags/example_task_group_decorator.py for tasks to queue
[2023-07-19T18:51:12.714+0000] {logging_mixin.py:150} INFO - [2023-07-19T18:51:12.714+0000] {dagbag.py:541} INFO - Filling up the DagBag from /home/airflow/.local/lib/python3.7/site-packages/airflow/example_dags/example_task_group_decorator.py
[2023-07-19T18:51:12.743+0000] {processor.py:836} INFO - DAG(s) dict_keys(['example_task_group_decorator']) retrieved from /home/airflow/.local/lib/python3.7/site-packages/airflow/example_dags/example_task_group_decorator.py
[2023-07-19T18:51:12.787+0000] {logging_mixin.py:150} INFO - [2023-07-19T18:51:12.787+0000] {dag.py:2742} INFO - Sync 1 DAGs
[2023-07-19T18:51:12.822+0000] {logging_mixin.py:150} INFO - [2023-07-19T18:51:12.822+0000] {dag.py:3508} INFO - Setting next_dagrun for example_task_group_decorator to 2023-07-18T18:51:12.821642+00:00, run_after=2023-07-19T18:51:12.821642+00:00
[2023-07-19T18:51:12.843+0000] {processor.py:179} INFO - Processing /home/airflow/.local/lib/python3.7/site-packages/airflow/example_dags/example_task_group_decorator.py took 0.138 seconds
[2023-07-19T18:51:43.080+0000] {processor.py:157} INFO - Started process (PID=1111) to work on /home/airflow/.local/lib/python3.7/site-packages/airflow/example_dags/example_task_group_decorator.py
[2023-07-19T18:51:43.085+0000] {processor.py:826} INFO - Processing file /home/airflow/.local/lib/python3.7/site-packages/airflow/example_dags/example_task_group_decorator.py for tasks to queue
[2023-07-19T18:51:43.090+0000] {logging_mixin.py:150} INFO - [2023-07-19T18:51:43.089+0000] {dagbag.py:541} INFO - Filling up the DagBag from /home/airflow/.local/lib/python3.7/site-packages/airflow/example_dags/example_task_group_decorator.py
[2023-07-19T18:51:43.120+0000] {processor.py:836} INFO - DAG(s) dict_keys(['example_task_group_decorator']) retrieved from /home/airflow/.local/lib/python3.7/site-packages/airflow/example_dags/example_task_group_decorator.py
[2023-07-19T18:51:43.166+0000] {logging_mixin.py:150} INFO - [2023-07-19T18:51:43.166+0000] {dag.py:2742} INFO - Sync 1 DAGs
[2023-07-19T18:51:43.198+0000] {logging_mixin.py:150} INFO - [2023-07-19T18:51:43.198+0000] {dag.py:3508} INFO - Setting next_dagrun for example_task_group_decorator to 2023-07-18T18:51:43.198009+00:00, run_after=2023-07-19T18:51:43.198009+00:00
[2023-07-19T18:51:43.222+0000] {processor.py:179} INFO - Processing /home/airflow/.local/lib/python3.7/site-packages/airflow/example_dags/example_task_group_decorator.py took 0.156 seconds
[2023-07-19T18:52:13.865+0000] {processor.py:157} INFO - Started process (PID=1170) to work on /home/airflow/.local/lib/python3.7/site-packages/airflow/example_dags/example_task_group_decorator.py
[2023-07-19T18:52:13.870+0000] {processor.py:826} INFO - Processing file /home/airflow/.local/lib/python3.7/site-packages/airflow/example_dags/example_task_group_decorator.py for tasks to queue
[2023-07-19T18:52:13.874+0000] {logging_mixin.py:150} INFO - [2023-07-19T18:52:13.873+0000] {dagbag.py:541} INFO - Filling up the DagBag from /home/airflow/.local/lib/python3.7/site-packages/airflow/example_dags/example_task_group_decorator.py
[2023-07-19T18:52:13.891+0000] {processor.py:836} INFO - DAG(s) dict_keys(['example_task_group_decorator']) retrieved from /home/airflow/.local/lib/python3.7/site-packages/airflow/example_dags/example_task_group_decorator.py
[2023-07-19T18:52:13.925+0000] {logging_mixin.py:150} INFO - [2023-07-19T18:52:13.925+0000] {dag.py:2742} INFO - Sync 1 DAGs
[2023-07-19T18:52:13.947+0000] {logging_mixin.py:150} INFO - [2023-07-19T18:52:13.946+0000] {dag.py:3508} INFO - Setting next_dagrun for example_task_group_decorator to 2023-07-18T18:52:13.946665+00:00, run_after=2023-07-19T18:52:13.946665+00:00
[2023-07-19T18:52:13.962+0000] {processor.py:179} INFO - Processing /home/airflow/.local/lib/python3.7/site-packages/airflow/example_dags/example_task_group_decorator.py took 0.108 seconds
[2023-07-19T18:52:44.102+0000] {processor.py:157} INFO - Started process (PID=1230) to work on /home/airflow/.local/lib/python3.7/site-packages/airflow/example_dags/example_task_group_decorator.py
[2023-07-19T18:52:44.108+0000] {processor.py:826} INFO - Processing file /home/airflow/.local/lib/python3.7/site-packages/airflow/example_dags/example_task_group_decorator.py for tasks to queue
[2023-07-19T18:52:44.112+0000] {logging_mixin.py:150} INFO - [2023-07-19T18:52:44.112+0000] {dagbag.py:541} INFO - Filling up the DagBag from /home/airflow/.local/lib/python3.7/site-packages/airflow/example_dags/example_task_group_decorator.py
[2023-07-19T18:52:44.125+0000] {processor.py:836} INFO - DAG(s) dict_keys(['example_task_group_decorator']) retrieved from /home/airflow/.local/lib/python3.7/site-packages/airflow/example_dags/example_task_group_decorator.py
[2023-07-19T18:52:44.153+0000] {logging_mixin.py:150} INFO - [2023-07-19T18:52:44.153+0000] {dag.py:2742} INFO - Sync 1 DAGs
[2023-07-19T18:52:44.178+0000] {logging_mixin.py:150} INFO - [2023-07-19T18:52:44.177+0000] {dag.py:3508} INFO - Setting next_dagrun for example_task_group_decorator to 2023-07-18T18:52:44.177504+00:00, run_after=2023-07-19T18:52:44.177504+00:00
[2023-07-19T18:52:44.203+0000] {processor.py:179} INFO - Processing /home/airflow/.local/lib/python3.7/site-packages/airflow/example_dags/example_task_group_decorator.py took 0.104 seconds
[2023-07-19T18:53:14.292+0000] {processor.py:157} INFO - Started process (PID=1289) to work on /home/airflow/.local/lib/python3.7/site-packages/airflow/example_dags/example_task_group_decorator.py
[2023-07-19T18:53:14.297+0000] {processor.py:826} INFO - Processing file /home/airflow/.local/lib/python3.7/site-packages/airflow/example_dags/example_task_group_decorator.py for tasks to queue
[2023-07-19T18:53:14.300+0000] {logging_mixin.py:150} INFO - [2023-07-19T18:53:14.299+0000] {dagbag.py:541} INFO - Filling up the DagBag from /home/airflow/.local/lib/python3.7/site-packages/airflow/example_dags/example_task_group_decorator.py
[2023-07-19T18:53:14.321+0000] {processor.py:836} INFO - DAG(s) dict_keys(['example_task_group_decorator']) retrieved from /home/airflow/.local/lib/python3.7/site-packages/airflow/example_dags/example_task_group_decorator.py
[2023-07-19T18:53:14.362+0000] {logging_mixin.py:150} INFO - [2023-07-19T18:53:14.362+0000] {dag.py:2742} INFO - Sync 1 DAGs
[2023-07-19T18:53:14.389+0000] {logging_mixin.py:150} INFO - [2023-07-19T18:53:14.389+0000] {dag.py:3508} INFO - Setting next_dagrun for example_task_group_decorator to 2023-07-18T18:53:14.389143+00:00, run_after=2023-07-19T18:53:14.389143+00:00
[2023-07-19T18:53:14.405+0000] {processor.py:179} INFO - Processing /home/airflow/.local/lib/python3.7/site-packages/airflow/example_dags/example_task_group_decorator.py took 0.120 seconds
[2023-07-19T18:53:45.504+0000] {processor.py:157} INFO - Started process (PID=1348) to work on /home/airflow/.local/lib/python3.7/site-packages/airflow/example_dags/example_task_group_decorator.py
[2023-07-19T18:53:45.512+0000] {processor.py:826} INFO - Processing file /home/airflow/.local/lib/python3.7/site-packages/airflow/example_dags/example_task_group_decorator.py for tasks to queue
[2023-07-19T18:53:45.518+0000] {logging_mixin.py:150} INFO - [2023-07-19T18:53:45.518+0000] {dagbag.py:541} INFO - Filling up the DagBag from /home/airflow/.local/lib/python3.7/site-packages/airflow/example_dags/example_task_group_decorator.py
[2023-07-19T18:53:45.548+0000] {processor.py:836} INFO - DAG(s) dict_keys(['example_task_group_decorator']) retrieved from /home/airflow/.local/lib/python3.7/site-packages/airflow/example_dags/example_task_group_decorator.py
[2023-07-19T18:53:45.595+0000] {logging_mixin.py:150} INFO - [2023-07-19T18:53:45.595+0000] {dag.py:2742} INFO - Sync 1 DAGs
[2023-07-19T18:53:45.642+0000] {logging_mixin.py:150} INFO - [2023-07-19T18:53:45.642+0000] {dag.py:3508} INFO - Setting next_dagrun for example_task_group_decorator to 2023-07-18T18:53:45.641825+00:00, run_after=2023-07-19T18:53:45.641825+00:00
[2023-07-19T18:53:45.663+0000] {processor.py:179} INFO - Processing /home/airflow/.local/lib/python3.7/site-packages/airflow/example_dags/example_task_group_decorator.py took 0.166 seconds
[2023-07-19T18:54:16.610+0000] {processor.py:157} INFO - Started process (PID=1401) to work on /home/airflow/.local/lib/python3.7/site-packages/airflow/example_dags/example_task_group_decorator.py
[2023-07-19T18:54:16.630+0000] {processor.py:826} INFO - Processing file /home/airflow/.local/lib/python3.7/site-packages/airflow/example_dags/example_task_group_decorator.py for tasks to queue
[2023-07-19T18:54:16.632+0000] {logging_mixin.py:150} INFO - [2023-07-19T18:54:16.632+0000] {dagbag.py:541} INFO - Filling up the DagBag from /home/airflow/.local/lib/python3.7/site-packages/airflow/example_dags/example_task_group_decorator.py
[2023-07-19T18:54:16.662+0000] {processor.py:836} INFO - DAG(s) dict_keys(['example_task_group_decorator']) retrieved from /home/airflow/.local/lib/python3.7/site-packages/airflow/example_dags/example_task_group_decorator.py
[2023-07-19T18:54:16.718+0000] {logging_mixin.py:150} INFO - [2023-07-19T18:54:16.718+0000] {dag.py:2742} INFO - Sync 1 DAGs
[2023-07-19T18:54:16.766+0000] {logging_mixin.py:150} INFO - [2023-07-19T18:54:16.766+0000] {dag.py:3508} INFO - Setting next_dagrun for example_task_group_decorator to 2023-07-18T18:54:16.765732+00:00, run_after=2023-07-19T18:54:16.765732+00:00
[2023-07-19T18:54:16.798+0000] {processor.py:179} INFO - Processing /home/airflow/.local/lib/python3.7/site-packages/airflow/example_dags/example_task_group_decorator.py took 0.193 seconds
