[2023-07-19T18:42:18.413+0000] {processor.py:157} INFO - Started process (PID=40) to work on /home/airflow/.local/lib/python3.7/site-packages/airflow/example_dags/example_sla_dag.py
[2023-07-19T18:42:18.415+0000] {processor.py:826} INFO - Processing file /home/airflow/.local/lib/python3.7/site-packages/airflow/example_dags/example_sla_dag.py for tasks to queue
[2023-07-19T18:42:18.417+0000] {logging_mixin.py:150} INFO - [2023-07-19T18:42:18.417+0000] {dagbag.py:541} INFO - Filling up the DagBag from /home/airflow/.local/lib/python3.7/site-packages/airflow/example_dags/example_sla_dag.py
[2023-07-19T18:42:18.431+0000] {processor.py:836} INFO - DAG(s) dict_keys(['example_sla_dag']) retrieved from /home/airflow/.local/lib/python3.7/site-packages/airflow/example_dags/example_sla_dag.py
[2023-07-19T18:42:18.448+0000] {logging_mixin.py:150} INFO - [2023-07-19T18:42:18.448+0000] {dag.py:2742} INFO - Sync 1 DAGs
[2023-07-19T18:42:18.493+0000] {logging_mixin.py:150} INFO - [2023-07-19T18:42:18.493+0000] {dag.py:3508} INFO - Setting next_dagrun for example_sla_dag to 2023-07-19T18:40:00+00:00, run_after=2023-07-19T18:42:00+00:00
[2023-07-19T18:42:18.522+0000] {processor.py:179} INFO - Processing /home/airflow/.local/lib/python3.7/site-packages/airflow/example_dags/example_sla_dag.py took 0.114 seconds
[2023-07-19T18:42:49.230+0000] {processor.py:157} INFO - Started process (PID=99) to work on /home/airflow/.local/lib/python3.7/site-packages/airflow/example_dags/example_sla_dag.py
[2023-07-19T18:42:49.231+0000] {processor.py:826} INFO - Processing file /home/airflow/.local/lib/python3.7/site-packages/airflow/example_dags/example_sla_dag.py for tasks to queue
[2023-07-19T18:42:49.233+0000] {logging_mixin.py:150} INFO - [2023-07-19T18:42:49.233+0000] {dagbag.py:541} INFO - Filling up the DagBag from /home/airflow/.local/lib/python3.7/site-packages/airflow/example_dags/example_sla_dag.py
[2023-07-19T18:42:49.242+0000] {processor.py:836} INFO - DAG(s) dict_keys(['example_sla_dag']) retrieved from /home/airflow/.local/lib/python3.7/site-packages/airflow/example_dags/example_sla_dag.py
[2023-07-19T18:42:49.269+0000] {logging_mixin.py:150} INFO - [2023-07-19T18:42:49.269+0000] {dag.py:2742} INFO - Sync 1 DAGs
[2023-07-19T18:42:49.296+0000] {logging_mixin.py:150} INFO - [2023-07-19T18:42:49.296+0000] {dag.py:3508} INFO - Setting next_dagrun for example_sla_dag to 2023-07-19T18:40:00+00:00, run_after=2023-07-19T18:42:00+00:00
[2023-07-19T18:42:49.309+0000] {processor.py:179} INFO - Processing /home/airflow/.local/lib/python3.7/site-packages/airflow/example_dags/example_sla_dag.py took 0.083 seconds
[2023-07-19T18:43:19.515+0000] {processor.py:157} INFO - Started process (PID=158) to work on /home/airflow/.local/lib/python3.7/site-packages/airflow/example_dags/example_sla_dag.py
[2023-07-19T18:43:19.517+0000] {processor.py:826} INFO - Processing file /home/airflow/.local/lib/python3.7/site-packages/airflow/example_dags/example_sla_dag.py for tasks to queue
[2023-07-19T18:43:19.519+0000] {logging_mixin.py:150} INFO - [2023-07-19T18:43:19.519+0000] {dagbag.py:541} INFO - Filling up the DagBag from /home/airflow/.local/lib/python3.7/site-packages/airflow/example_dags/example_sla_dag.py
[2023-07-19T18:43:19.529+0000] {processor.py:836} INFO - DAG(s) dict_keys(['example_sla_dag']) retrieved from /home/airflow/.local/lib/python3.7/site-packages/airflow/example_dags/example_sla_dag.py
[2023-07-19T18:43:19.559+0000] {logging_mixin.py:150} INFO - [2023-07-19T18:43:19.559+0000] {dag.py:2742} INFO - Sync 1 DAGs
[2023-07-19T18:43:19.581+0000] {logging_mixin.py:150} INFO - [2023-07-19T18:43:19.581+0000] {dag.py:3508} INFO - Setting next_dagrun for example_sla_dag to 2023-07-19T18:40:00+00:00, run_after=2023-07-19T18:42:00+00:00
[2023-07-19T18:43:19.596+0000] {processor.py:179} INFO - Processing /home/airflow/.local/lib/python3.7/site-packages/airflow/example_dags/example_sla_dag.py took 0.084 seconds
[2023-07-19T18:43:49.811+0000] {processor.py:157} INFO - Started process (PID=217) to work on /home/airflow/.local/lib/python3.7/site-packages/airflow/example_dags/example_sla_dag.py
[2023-07-19T18:43:49.813+0000] {processor.py:826} INFO - Processing file /home/airflow/.local/lib/python3.7/site-packages/airflow/example_dags/example_sla_dag.py for tasks to queue
[2023-07-19T18:43:49.815+0000] {logging_mixin.py:150} INFO - [2023-07-19T18:43:49.815+0000] {dagbag.py:541} INFO - Filling up the DagBag from /home/airflow/.local/lib/python3.7/site-packages/airflow/example_dags/example_sla_dag.py
[2023-07-19T18:43:49.825+0000] {processor.py:836} INFO - DAG(s) dict_keys(['example_sla_dag']) retrieved from /home/airflow/.local/lib/python3.7/site-packages/airflow/example_dags/example_sla_dag.py
[2023-07-19T18:43:49.850+0000] {logging_mixin.py:150} INFO - [2023-07-19T18:43:49.850+0000] {dag.py:2742} INFO - Sync 1 DAGs
[2023-07-19T18:43:49.869+0000] {logging_mixin.py:150} INFO - [2023-07-19T18:43:49.869+0000] {dag.py:3508} INFO - Setting next_dagrun for example_sla_dag to 2023-07-19T18:40:00+00:00, run_after=2023-07-19T18:42:00+00:00
[2023-07-19T18:43:49.884+0000] {processor.py:179} INFO - Processing /home/airflow/.local/lib/python3.7/site-packages/airflow/example_dags/example_sla_dag.py took 0.078 seconds
[2023-07-19T18:44:20.318+0000] {processor.py:157} INFO - Started process (PID=275) to work on /home/airflow/.local/lib/python3.7/site-packages/airflow/example_dags/example_sla_dag.py
[2023-07-19T18:44:20.330+0000] {processor.py:826} INFO - Processing file /home/airflow/.local/lib/python3.7/site-packages/airflow/example_dags/example_sla_dag.py for tasks to queue
[2023-07-19T18:44:20.333+0000] {logging_mixin.py:150} INFO - [2023-07-19T18:44:20.332+0000] {dagbag.py:541} INFO - Filling up the DagBag from /home/airflow/.local/lib/python3.7/site-packages/airflow/example_dags/example_sla_dag.py
[2023-07-19T18:44:20.359+0000] {processor.py:836} INFO - DAG(s) dict_keys(['example_sla_dag']) retrieved from /home/airflow/.local/lib/python3.7/site-packages/airflow/example_dags/example_sla_dag.py
[2023-07-19T18:44:20.395+0000] {logging_mixin.py:150} INFO - [2023-07-19T18:44:20.394+0000] {dag.py:2742} INFO - Sync 1 DAGs
[2023-07-19T18:44:20.428+0000] {logging_mixin.py:150} INFO - [2023-07-19T18:44:20.428+0000] {dag.py:3508} INFO - Setting next_dagrun for example_sla_dag to 2023-07-19T18:42:00+00:00, run_after=2023-07-19T18:44:00+00:00
[2023-07-19T18:44:20.447+0000] {processor.py:179} INFO - Processing /home/airflow/.local/lib/python3.7/site-packages/airflow/example_dags/example_sla_dag.py took 0.135 seconds
[2023-07-19T18:44:50.966+0000] {processor.py:157} INFO - Started process (PID=334) to work on /home/airflow/.local/lib/python3.7/site-packages/airflow/example_dags/example_sla_dag.py
[2023-07-19T18:44:50.973+0000] {processor.py:826} INFO - Processing file /home/airflow/.local/lib/python3.7/site-packages/airflow/example_dags/example_sla_dag.py for tasks to queue
[2023-07-19T18:44:50.979+0000] {logging_mixin.py:150} INFO - [2023-07-19T18:44:50.978+0000] {dagbag.py:541} INFO - Filling up the DagBag from /home/airflow/.local/lib/python3.7/site-packages/airflow/example_dags/example_sla_dag.py
[2023-07-19T18:44:51.004+0000] {processor.py:836} INFO - DAG(s) dict_keys(['example_sla_dag']) retrieved from /home/airflow/.local/lib/python3.7/site-packages/airflow/example_dags/example_sla_dag.py
[2023-07-19T18:44:51.057+0000] {logging_mixin.py:150} INFO - [2023-07-19T18:44:51.056+0000] {dag.py:2742} INFO - Sync 1 DAGs
[2023-07-19T18:44:51.086+0000] {logging_mixin.py:150} INFO - [2023-07-19T18:44:51.086+0000] {dag.py:3508} INFO - Setting next_dagrun for example_sla_dag to 2023-07-19T18:42:00+00:00, run_after=2023-07-19T18:44:00+00:00
[2023-07-19T18:44:51.102+0000] {processor.py:179} INFO - Processing /home/airflow/.local/lib/python3.7/site-packages/airflow/example_dags/example_sla_dag.py took 0.147 seconds
[2023-07-19T18:45:22.017+0000] {processor.py:157} INFO - Started process (PID=393) to work on /home/airflow/.local/lib/python3.7/site-packages/airflow/example_dags/example_sla_dag.py
[2023-07-19T18:45:22.021+0000] {processor.py:826} INFO - Processing file /home/airflow/.local/lib/python3.7/site-packages/airflow/example_dags/example_sla_dag.py for tasks to queue
[2023-07-19T18:45:22.024+0000] {logging_mixin.py:150} INFO - [2023-07-19T18:45:22.024+0000] {dagbag.py:541} INFO - Filling up the DagBag from /home/airflow/.local/lib/python3.7/site-packages/airflow/example_dags/example_sla_dag.py
[2023-07-19T18:45:22.039+0000] {processor.py:836} INFO - DAG(s) dict_keys(['example_sla_dag']) retrieved from /home/airflow/.local/lib/python3.7/site-packages/airflow/example_dags/example_sla_dag.py
[2023-07-19T18:45:22.065+0000] {logging_mixin.py:150} INFO - [2023-07-19T18:45:22.065+0000] {dag.py:2742} INFO - Sync 1 DAGs
[2023-07-19T18:45:22.087+0000] {logging_mixin.py:150} INFO - [2023-07-19T18:45:22.086+0000] {dag.py:3508} INFO - Setting next_dagrun for example_sla_dag to 2023-07-19T18:42:00+00:00, run_after=2023-07-19T18:44:00+00:00
[2023-07-19T18:45:22.105+0000] {processor.py:179} INFO - Processing /home/airflow/.local/lib/python3.7/site-packages/airflow/example_dags/example_sla_dag.py took 0.092 seconds
[2023-07-19T18:45:52.432+0000] {processor.py:157} INFO - Started process (PID=452) to work on /home/airflow/.local/lib/python3.7/site-packages/airflow/example_dags/example_sla_dag.py
[2023-07-19T18:45:52.437+0000] {processor.py:826} INFO - Processing file /home/airflow/.local/lib/python3.7/site-packages/airflow/example_dags/example_sla_dag.py for tasks to queue
[2023-07-19T18:45:52.439+0000] {logging_mixin.py:150} INFO - [2023-07-19T18:45:52.439+0000] {dagbag.py:541} INFO - Filling up the DagBag from /home/airflow/.local/lib/python3.7/site-packages/airflow/example_dags/example_sla_dag.py
[2023-07-19T18:45:52.452+0000] {processor.py:836} INFO - DAG(s) dict_keys(['example_sla_dag']) retrieved from /home/airflow/.local/lib/python3.7/site-packages/airflow/example_dags/example_sla_dag.py
[2023-07-19T18:45:52.479+0000] {logging_mixin.py:150} INFO - [2023-07-19T18:45:52.479+0000] {dag.py:2742} INFO - Sync 1 DAGs
[2023-07-19T18:45:52.504+0000] {logging_mixin.py:150} INFO - [2023-07-19T18:45:52.504+0000] {dag.py:3508} INFO - Setting next_dagrun for example_sla_dag to 2023-07-19T18:42:00+00:00, run_after=2023-07-19T18:44:00+00:00
[2023-07-19T18:45:52.517+0000] {processor.py:179} INFO - Processing /home/airflow/.local/lib/python3.7/site-packages/airflow/example_dags/example_sla_dag.py took 0.091 seconds
[2023-07-19T18:46:23.136+0000] {processor.py:157} INFO - Started process (PID=511) to work on /home/airflow/.local/lib/python3.7/site-packages/airflow/example_dags/example_sla_dag.py
[2023-07-19T18:46:23.142+0000] {processor.py:826} INFO - Processing file /home/airflow/.local/lib/python3.7/site-packages/airflow/example_dags/example_sla_dag.py for tasks to queue
[2023-07-19T18:46:23.146+0000] {logging_mixin.py:150} INFO - [2023-07-19T18:46:23.146+0000] {dagbag.py:541} INFO - Filling up the DagBag from /home/airflow/.local/lib/python3.7/site-packages/airflow/example_dags/example_sla_dag.py
[2023-07-19T18:46:23.167+0000] {processor.py:836} INFO - DAG(s) dict_keys(['example_sla_dag']) retrieved from /home/airflow/.local/lib/python3.7/site-packages/airflow/example_dags/example_sla_dag.py
[2023-07-19T18:46:23.299+0000] {logging_mixin.py:150} INFO - [2023-07-19T18:46:23.299+0000] {dag.py:2742} INFO - Sync 1 DAGs
[2023-07-19T18:46:23.437+0000] {logging_mixin.py:150} INFO - [2023-07-19T18:46:23.436+0000] {dag.py:3508} INFO - Setting next_dagrun for example_sla_dag to 2023-07-19T18:44:00+00:00, run_after=2023-07-19T18:46:00+00:00
[2023-07-19T18:46:23.512+0000] {processor.py:179} INFO - Processing /home/airflow/.local/lib/python3.7/site-packages/airflow/example_dags/example_sla_dag.py took 0.382 seconds
[2023-07-19T18:46:55.500+0000] {processor.py:157} INFO - Started process (PID=570) to work on /home/airflow/.local/lib/python3.7/site-packages/airflow/example_dags/example_sla_dag.py
[2023-07-19T18:46:55.539+0000] {processor.py:826} INFO - Processing file /home/airflow/.local/lib/python3.7/site-packages/airflow/example_dags/example_sla_dag.py for tasks to queue
[2023-07-19T18:46:55.547+0000] {logging_mixin.py:150} INFO - [2023-07-19T18:46:55.546+0000] {dagbag.py:541} INFO - Filling up the DagBag from /home/airflow/.local/lib/python3.7/site-packages/airflow/example_dags/example_sla_dag.py
[2023-07-19T18:46:55.615+0000] {processor.py:836} INFO - DAG(s) dict_keys(['example_sla_dag']) retrieved from /home/airflow/.local/lib/python3.7/site-packages/airflow/example_dags/example_sla_dag.py
[2023-07-19T18:46:55.763+0000] {logging_mixin.py:150} INFO - [2023-07-19T18:46:55.763+0000] {dag.py:2742} INFO - Sync 1 DAGs
[2023-07-19T18:46:55.902+0000] {logging_mixin.py:150} INFO - [2023-07-19T18:46:55.901+0000] {dag.py:3508} INFO - Setting next_dagrun for example_sla_dag to 2023-07-19T18:44:00+00:00, run_after=2023-07-19T18:46:00+00:00
[2023-07-19T18:46:56.008+0000] {processor.py:179} INFO - Processing /home/airflow/.local/lib/python3.7/site-packages/airflow/example_dags/example_sla_dag.py took 0.555 seconds
[2023-07-19T18:47:26.651+0000] {processor.py:157} INFO - Started process (PID=629) to work on /home/airflow/.local/lib/python3.7/site-packages/airflow/example_dags/example_sla_dag.py
[2023-07-19T18:47:26.658+0000] {processor.py:826} INFO - Processing file /home/airflow/.local/lib/python3.7/site-packages/airflow/example_dags/example_sla_dag.py for tasks to queue
[2023-07-19T18:47:26.665+0000] {logging_mixin.py:150} INFO - [2023-07-19T18:47:26.664+0000] {dagbag.py:541} INFO - Filling up the DagBag from /home/airflow/.local/lib/python3.7/site-packages/airflow/example_dags/example_sla_dag.py
[2023-07-19T18:47:26.691+0000] {processor.py:836} INFO - DAG(s) dict_keys(['example_sla_dag']) retrieved from /home/airflow/.local/lib/python3.7/site-packages/airflow/example_dags/example_sla_dag.py
[2023-07-19T18:47:26.854+0000] {logging_mixin.py:150} INFO - [2023-07-19T18:47:26.852+0000] {dag.py:2742} INFO - Sync 1 DAGs
[2023-07-19T18:47:26.955+0000] {logging_mixin.py:150} INFO - [2023-07-19T18:47:26.955+0000] {dag.py:3508} INFO - Setting next_dagrun for example_sla_dag to 2023-07-19T18:44:00+00:00, run_after=2023-07-19T18:46:00+00:00
[2023-07-19T18:47:27.044+0000] {processor.py:179} INFO - Processing /home/airflow/.local/lib/python3.7/site-packages/airflow/example_dags/example_sla_dag.py took 0.404 seconds
[2023-07-19T18:47:57.600+0000] {processor.py:157} INFO - Started process (PID=688) to work on /home/airflow/.local/lib/python3.7/site-packages/airflow/example_dags/example_sla_dag.py
[2023-07-19T18:47:57.608+0000] {processor.py:826} INFO - Processing file /home/airflow/.local/lib/python3.7/site-packages/airflow/example_dags/example_sla_dag.py for tasks to queue
[2023-07-19T18:47:57.618+0000] {logging_mixin.py:150} INFO - [2023-07-19T18:47:57.614+0000] {dagbag.py:541} INFO - Filling up the DagBag from /home/airflow/.local/lib/python3.7/site-packages/airflow/example_dags/example_sla_dag.py
[2023-07-19T18:47:57.655+0000] {processor.py:836} INFO - DAG(s) dict_keys(['example_sla_dag']) retrieved from /home/airflow/.local/lib/python3.7/site-packages/airflow/example_dags/example_sla_dag.py
[2023-07-19T18:47:57.744+0000] {logging_mixin.py:150} INFO - [2023-07-19T18:47:57.744+0000] {dag.py:2742} INFO - Sync 1 DAGs
[2023-07-19T18:47:57.787+0000] {logging_mixin.py:150} INFO - [2023-07-19T18:47:57.787+0000] {dag.py:3508} INFO - Setting next_dagrun for example_sla_dag to 2023-07-19T18:44:00+00:00, run_after=2023-07-19T18:46:00+00:00
[2023-07-19T18:47:57.807+0000] {processor.py:179} INFO - Processing /home/airflow/.local/lib/python3.7/site-packages/airflow/example_dags/example_sla_dag.py took 0.217 seconds
[2023-07-19T18:48:28.644+0000] {processor.py:157} INFO - Started process (PID=747) to work on /home/airflow/.local/lib/python3.7/site-packages/airflow/example_dags/example_sla_dag.py
[2023-07-19T18:48:28.658+0000] {processor.py:826} INFO - Processing file /home/airflow/.local/lib/python3.7/site-packages/airflow/example_dags/example_sla_dag.py for tasks to queue
[2023-07-19T18:48:28.664+0000] {logging_mixin.py:150} INFO - [2023-07-19T18:48:28.663+0000] {dagbag.py:541} INFO - Filling up the DagBag from /home/airflow/.local/lib/python3.7/site-packages/airflow/example_dags/example_sla_dag.py
[2023-07-19T18:48:28.704+0000] {processor.py:836} INFO - DAG(s) dict_keys(['example_sla_dag']) retrieved from /home/airflow/.local/lib/python3.7/site-packages/airflow/example_dags/example_sla_dag.py
[2023-07-19T18:48:28.817+0000] {logging_mixin.py:150} INFO - [2023-07-19T18:48:28.817+0000] {dag.py:2742} INFO - Sync 1 DAGs
[2023-07-19T18:48:28.903+0000] {logging_mixin.py:150} INFO - [2023-07-19T18:48:28.902+0000] {dag.py:3508} INFO - Setting next_dagrun for example_sla_dag to 2023-07-19T18:46:00+00:00, run_after=2023-07-19T18:48:00+00:00
[2023-07-19T18:48:28.947+0000] {processor.py:179} INFO - Processing /home/airflow/.local/lib/python3.7/site-packages/airflow/example_dags/example_sla_dag.py took 0.327 seconds
[2023-07-19T18:48:59.316+0000] {processor.py:157} INFO - Started process (PID=807) to work on /home/airflow/.local/lib/python3.7/site-packages/airflow/example_dags/example_sla_dag.py
[2023-07-19T18:48:59.329+0000] {processor.py:826} INFO - Processing file /home/airflow/.local/lib/python3.7/site-packages/airflow/example_dags/example_sla_dag.py for tasks to queue
[2023-07-19T18:48:59.333+0000] {logging_mixin.py:150} INFO - [2023-07-19T18:48:59.332+0000] {dagbag.py:541} INFO - Filling up the DagBag from /home/airflow/.local/lib/python3.7/site-packages/airflow/example_dags/example_sla_dag.py
[2023-07-19T18:48:59.377+0000] {processor.py:836} INFO - DAG(s) dict_keys(['example_sla_dag']) retrieved from /home/airflow/.local/lib/python3.7/site-packages/airflow/example_dags/example_sla_dag.py
[2023-07-19T18:48:59.479+0000] {logging_mixin.py:150} INFO - [2023-07-19T18:48:59.479+0000] {dag.py:2742} INFO - Sync 1 DAGs
[2023-07-19T18:48:59.537+0000] {logging_mixin.py:150} INFO - [2023-07-19T18:48:59.536+0000] {dag.py:3508} INFO - Setting next_dagrun for example_sla_dag to 2023-07-19T18:46:00+00:00, run_after=2023-07-19T18:48:00+00:00
[2023-07-19T18:48:59.588+0000] {processor.py:179} INFO - Processing /home/airflow/.local/lib/python3.7/site-packages/airflow/example_dags/example_sla_dag.py took 0.308 seconds
[2023-07-19T18:49:29.710+0000] {processor.py:157} INFO - Started process (PID=866) to work on /home/airflow/.local/lib/python3.7/site-packages/airflow/example_dags/example_sla_dag.py
[2023-07-19T18:49:29.713+0000] {processor.py:826} INFO - Processing file /home/airflow/.local/lib/python3.7/site-packages/airflow/example_dags/example_sla_dag.py for tasks to queue
[2023-07-19T18:49:29.715+0000] {logging_mixin.py:150} INFO - [2023-07-19T18:49:29.715+0000] {dagbag.py:541} INFO - Filling up the DagBag from /home/airflow/.local/lib/python3.7/site-packages/airflow/example_dags/example_sla_dag.py
[2023-07-19T18:49:29.732+0000] {processor.py:836} INFO - DAG(s) dict_keys(['example_sla_dag']) retrieved from /home/airflow/.local/lib/python3.7/site-packages/airflow/example_dags/example_sla_dag.py
[2023-07-19T18:49:29.767+0000] {logging_mixin.py:150} INFO - [2023-07-19T18:49:29.766+0000] {dag.py:2742} INFO - Sync 1 DAGs
[2023-07-19T18:49:29.804+0000] {logging_mixin.py:150} INFO - [2023-07-19T18:49:29.804+0000] {dag.py:3508} INFO - Setting next_dagrun for example_sla_dag to 2023-07-19T18:46:00+00:00, run_after=2023-07-19T18:48:00+00:00
[2023-07-19T18:49:29.824+0000] {processor.py:179} INFO - Processing /home/airflow/.local/lib/python3.7/site-packages/airflow/example_dags/example_sla_dag.py took 0.120 seconds
[2023-07-19T18:50:00.348+0000] {processor.py:157} INFO - Started process (PID=925) to work on /home/airflow/.local/lib/python3.7/site-packages/airflow/example_dags/example_sla_dag.py
[2023-07-19T18:50:00.352+0000] {processor.py:826} INFO - Processing file /home/airflow/.local/lib/python3.7/site-packages/airflow/example_dags/example_sla_dag.py for tasks to queue
[2023-07-19T18:50:00.355+0000] {logging_mixin.py:150} INFO - [2023-07-19T18:50:00.355+0000] {dagbag.py:541} INFO - Filling up the DagBag from /home/airflow/.local/lib/python3.7/site-packages/airflow/example_dags/example_sla_dag.py
[2023-07-19T18:50:00.374+0000] {processor.py:836} INFO - DAG(s) dict_keys(['example_sla_dag']) retrieved from /home/airflow/.local/lib/python3.7/site-packages/airflow/example_dags/example_sla_dag.py
[2023-07-19T18:50:00.402+0000] {logging_mixin.py:150} INFO - [2023-07-19T18:50:00.402+0000] {dag.py:2742} INFO - Sync 1 DAGs
[2023-07-19T18:50:00.430+0000] {logging_mixin.py:150} INFO - [2023-07-19T18:50:00.430+0000] {dag.py:3508} INFO - Setting next_dagrun for example_sla_dag to 2023-07-19T18:48:00+00:00, run_after=2023-07-19T18:50:00+00:00
[2023-07-19T18:50:00.455+0000] {processor.py:179} INFO - Processing /home/airflow/.local/lib/python3.7/site-packages/airflow/example_dags/example_sla_dag.py took 0.111 seconds
[2023-07-19T18:50:35.087+0000] {processor.py:157} INFO - Started process (PID=984) to work on /home/airflow/.local/lib/python3.7/site-packages/airflow/example_dags/example_sla_dag.py
[2023-07-19T18:50:35.266+0000] {processor.py:826} INFO - Processing file /home/airflow/.local/lib/python3.7/site-packages/airflow/example_dags/example_sla_dag.py for tasks to queue
[2023-07-19T18:50:36.067+0000] {logging_mixin.py:150} INFO - [2023-07-19T18:50:35.632+0000] {dagbag.py:541} INFO - Filling up the DagBag from /home/airflow/.local/lib/python3.7/site-packages/airflow/example_dags/example_sla_dag.py
[2023-07-19T18:50:38.545+0000] {processor.py:836} INFO - DAG(s) dict_keys(['example_sla_dag']) retrieved from /home/airflow/.local/lib/python3.7/site-packages/airflow/example_dags/example_sla_dag.py
[2023-07-19T18:50:39.706+0000] {logging_mixin.py:150} INFO - [2023-07-19T18:50:39.695+0000] {dag.py:2742} INFO - Sync 1 DAGs
[2023-07-19T18:50:39.866+0000] {logging_mixin.py:150} INFO - [2023-07-19T18:50:39.865+0000] {dag.py:3508} INFO - Setting next_dagrun for example_sla_dag to 2023-07-19T18:48:00+00:00, run_after=2023-07-19T18:50:00+00:00
[2023-07-19T18:50:39.934+0000] {processor.py:179} INFO - Processing /home/airflow/.local/lib/python3.7/site-packages/airflow/example_dags/example_sla_dag.py took 5.079 seconds
[2023-07-19T18:51:10.538+0000] {processor.py:157} INFO - Started process (PID=1043) to work on /home/airflow/.local/lib/python3.7/site-packages/airflow/example_dags/example_sla_dag.py
[2023-07-19T18:51:10.543+0000] {processor.py:826} INFO - Processing file /home/airflow/.local/lib/python3.7/site-packages/airflow/example_dags/example_sla_dag.py for tasks to queue
[2023-07-19T18:51:10.547+0000] {logging_mixin.py:150} INFO - [2023-07-19T18:51:10.547+0000] {dagbag.py:541} INFO - Filling up the DagBag from /home/airflow/.local/lib/python3.7/site-packages/airflow/example_dags/example_sla_dag.py
[2023-07-19T18:51:10.581+0000] {processor.py:836} INFO - DAG(s) dict_keys(['example_sla_dag']) retrieved from /home/airflow/.local/lib/python3.7/site-packages/airflow/example_dags/example_sla_dag.py
[2023-07-19T18:51:10.632+0000] {logging_mixin.py:150} INFO - [2023-07-19T18:51:10.632+0000] {dag.py:2742} INFO - Sync 1 DAGs
[2023-07-19T18:51:10.674+0000] {logging_mixin.py:150} INFO - [2023-07-19T18:51:10.674+0000] {dag.py:3508} INFO - Setting next_dagrun for example_sla_dag to 2023-07-19T18:48:00+00:00, run_after=2023-07-19T18:50:00+00:00
[2023-07-19T18:51:10.703+0000] {processor.py:179} INFO - Processing /home/airflow/.local/lib/python3.7/site-packages/airflow/example_dags/example_sla_dag.py took 0.177 seconds
[2023-07-19T18:51:41.324+0000] {processor.py:157} INFO - Started process (PID=1103) to work on /home/airflow/.local/lib/python3.7/site-packages/airflow/example_dags/example_sla_dag.py
[2023-07-19T18:51:41.326+0000] {processor.py:826} INFO - Processing file /home/airflow/.local/lib/python3.7/site-packages/airflow/example_dags/example_sla_dag.py for tasks to queue
[2023-07-19T18:51:41.328+0000] {logging_mixin.py:150} INFO - [2023-07-19T18:51:41.328+0000] {dagbag.py:541} INFO - Filling up the DagBag from /home/airflow/.local/lib/python3.7/site-packages/airflow/example_dags/example_sla_dag.py
[2023-07-19T18:51:41.349+0000] {processor.py:836} INFO - DAG(s) dict_keys(['example_sla_dag']) retrieved from /home/airflow/.local/lib/python3.7/site-packages/airflow/example_dags/example_sla_dag.py
[2023-07-19T18:51:41.414+0000] {logging_mixin.py:150} INFO - [2023-07-19T18:51:41.413+0000] {dag.py:2742} INFO - Sync 1 DAGs
[2023-07-19T18:51:41.456+0000] {logging_mixin.py:150} INFO - [2023-07-19T18:51:41.456+0000] {dag.py:3508} INFO - Setting next_dagrun for example_sla_dag to 2023-07-19T18:48:00+00:00, run_after=2023-07-19T18:50:00+00:00
[2023-07-19T18:51:41.499+0000] {processor.py:179} INFO - Processing /home/airflow/.local/lib/python3.7/site-packages/airflow/example_dags/example_sla_dag.py took 0.180 seconds
[2023-07-19T18:52:11.792+0000] {processor.py:157} INFO - Started process (PID=1162) to work on /home/airflow/.local/lib/python3.7/site-packages/airflow/example_dags/example_sla_dag.py
[2023-07-19T18:52:11.801+0000] {processor.py:826} INFO - Processing file /home/airflow/.local/lib/python3.7/site-packages/airflow/example_dags/example_sla_dag.py for tasks to queue
[2023-07-19T18:52:11.810+0000] {logging_mixin.py:150} INFO - [2023-07-19T18:52:11.805+0000] {dagbag.py:541} INFO - Filling up the DagBag from /home/airflow/.local/lib/python3.7/site-packages/airflow/example_dags/example_sla_dag.py
[2023-07-19T18:52:11.896+0000] {processor.py:836} INFO - DAG(s) dict_keys(['example_sla_dag']) retrieved from /home/airflow/.local/lib/python3.7/site-packages/airflow/example_dags/example_sla_dag.py
[2023-07-19T18:52:12.008+0000] {logging_mixin.py:150} INFO - [2023-07-19T18:52:12.008+0000] {dag.py:2742} INFO - Sync 1 DAGs
[2023-07-19T18:52:12.046+0000] {logging_mixin.py:150} INFO - [2023-07-19T18:52:12.046+0000] {dag.py:3508} INFO - Setting next_dagrun for example_sla_dag to 2023-07-19T18:50:00+00:00, run_after=2023-07-19T18:52:00+00:00
[2023-07-19T18:52:12.068+0000] {processor.py:179} INFO - Processing /home/airflow/.local/lib/python3.7/site-packages/airflow/example_dags/example_sla_dag.py took 0.291 seconds
[2023-07-19T18:52:42.527+0000] {processor.py:157} INFO - Started process (PID=1222) to work on /home/airflow/.local/lib/python3.7/site-packages/airflow/example_dags/example_sla_dag.py
[2023-07-19T18:52:42.534+0000] {processor.py:826} INFO - Processing file /home/airflow/.local/lib/python3.7/site-packages/airflow/example_dags/example_sla_dag.py for tasks to queue
[2023-07-19T18:52:42.540+0000] {logging_mixin.py:150} INFO - [2023-07-19T18:52:42.539+0000] {dagbag.py:541} INFO - Filling up the DagBag from /home/airflow/.local/lib/python3.7/site-packages/airflow/example_dags/example_sla_dag.py
[2023-07-19T18:52:42.555+0000] {processor.py:836} INFO - DAG(s) dict_keys(['example_sla_dag']) retrieved from /home/airflow/.local/lib/python3.7/site-packages/airflow/example_dags/example_sla_dag.py
[2023-07-19T18:52:42.588+0000] {logging_mixin.py:150} INFO - [2023-07-19T18:52:42.588+0000] {dag.py:2742} INFO - Sync 1 DAGs
[2023-07-19T18:52:42.618+0000] {logging_mixin.py:150} INFO - [2023-07-19T18:52:42.618+0000] {dag.py:3508} INFO - Setting next_dagrun for example_sla_dag to 2023-07-19T18:50:00+00:00, run_after=2023-07-19T18:52:00+00:00
[2023-07-19T18:52:42.634+0000] {processor.py:179} INFO - Processing /home/airflow/.local/lib/python3.7/site-packages/airflow/example_dags/example_sla_dag.py took 0.114 seconds
[2023-07-19T18:53:13.603+0000] {processor.py:157} INFO - Started process (PID=1281) to work on /home/airflow/.local/lib/python3.7/site-packages/airflow/example_dags/example_sla_dag.py
[2023-07-19T18:53:13.609+0000] {processor.py:826} INFO - Processing file /home/airflow/.local/lib/python3.7/site-packages/airflow/example_dags/example_sla_dag.py for tasks to queue
[2023-07-19T18:53:13.612+0000] {logging_mixin.py:150} INFO - [2023-07-19T18:53:13.611+0000] {dagbag.py:541} INFO - Filling up the DagBag from /home/airflow/.local/lib/python3.7/site-packages/airflow/example_dags/example_sla_dag.py
[2023-07-19T18:53:13.630+0000] {processor.py:836} INFO - DAG(s) dict_keys(['example_sla_dag']) retrieved from /home/airflow/.local/lib/python3.7/site-packages/airflow/example_dags/example_sla_dag.py
[2023-07-19T18:53:13.674+0000] {logging_mixin.py:150} INFO - [2023-07-19T18:53:13.674+0000] {dag.py:2742} INFO - Sync 1 DAGs
[2023-07-19T18:53:13.717+0000] {logging_mixin.py:150} INFO - [2023-07-19T18:53:13.716+0000] {dag.py:3508} INFO - Setting next_dagrun for example_sla_dag to 2023-07-19T18:50:00+00:00, run_after=2023-07-19T18:52:00+00:00
[2023-07-19T18:53:13.748+0000] {processor.py:179} INFO - Processing /home/airflow/.local/lib/python3.7/site-packages/airflow/example_dags/example_sla_dag.py took 0.154 seconds
[2023-07-19T18:53:43.951+0000] {processor.py:157} INFO - Started process (PID=1335) to work on /home/airflow/.local/lib/python3.7/site-packages/airflow/example_dags/example_sla_dag.py
[2023-07-19T18:53:43.953+0000] {processor.py:826} INFO - Processing file /home/airflow/.local/lib/python3.7/site-packages/airflow/example_dags/example_sla_dag.py for tasks to queue
[2023-07-19T18:53:43.958+0000] {logging_mixin.py:150} INFO - [2023-07-19T18:53:43.958+0000] {dagbag.py:541} INFO - Filling up the DagBag from /home/airflow/.local/lib/python3.7/site-packages/airflow/example_dags/example_sla_dag.py
[2023-07-19T18:53:43.974+0000] {processor.py:836} INFO - DAG(s) dict_keys(['example_sla_dag']) retrieved from /home/airflow/.local/lib/python3.7/site-packages/airflow/example_dags/example_sla_dag.py
[2023-07-19T18:53:44.051+0000] {logging_mixin.py:150} INFO - [2023-07-19T18:53:44.050+0000] {dag.py:2742} INFO - Sync 1 DAGs
[2023-07-19T18:53:44.106+0000] {logging_mixin.py:150} INFO - [2023-07-19T18:53:44.106+0000] {dag.py:3508} INFO - Setting next_dagrun for example_sla_dag to 2023-07-19T18:50:00+00:00, run_after=2023-07-19T18:52:00+00:00
[2023-07-19T18:53:44.129+0000] {processor.py:179} INFO - Processing /home/airflow/.local/lib/python3.7/site-packages/airflow/example_dags/example_sla_dag.py took 0.182 seconds
[2023-07-19T18:54:14.501+0000] {processor.py:157} INFO - Started process (PID=1393) to work on /home/airflow/.local/lib/python3.7/site-packages/airflow/example_dags/example_sla_dag.py
[2023-07-19T18:54:14.509+0000] {processor.py:826} INFO - Processing file /home/airflow/.local/lib/python3.7/site-packages/airflow/example_dags/example_sla_dag.py for tasks to queue
[2023-07-19T18:54:14.516+0000] {logging_mixin.py:150} INFO - [2023-07-19T18:54:14.515+0000] {dagbag.py:541} INFO - Filling up the DagBag from /home/airflow/.local/lib/python3.7/site-packages/airflow/example_dags/example_sla_dag.py
[2023-07-19T18:54:14.609+0000] {processor.py:836} INFO - DAG(s) dict_keys(['example_sla_dag']) retrieved from /home/airflow/.local/lib/python3.7/site-packages/airflow/example_dags/example_sla_dag.py
[2023-07-19T18:54:14.681+0000] {logging_mixin.py:150} INFO - [2023-07-19T18:54:14.680+0000] {dag.py:2742} INFO - Sync 1 DAGs
[2023-07-19T18:54:14.744+0000] {logging_mixin.py:150} INFO - [2023-07-19T18:54:14.743+0000] {dag.py:3508} INFO - Setting next_dagrun for example_sla_dag to 2023-07-19T18:52:00+00:00, run_after=2023-07-19T18:54:00+00:00
[2023-07-19T18:54:14.784+0000] {processor.py:179} INFO - Processing /home/airflow/.local/lib/python3.7/site-packages/airflow/example_dags/example_sla_dag.py took 0.301 seconds
