[2023-07-19T18:42:22.187+0000] {processor.py:157} INFO - Started process (PID=66) to work on /home/airflow/.local/lib/python3.7/site-packages/airflow/example_dags/example_skip_dag.py
[2023-07-19T18:42:22.202+0000] {processor.py:826} INFO - Processing file /home/airflow/.local/lib/python3.7/site-packages/airflow/example_dags/example_skip_dag.py for tasks to queue
[2023-07-19T18:42:22.209+0000] {logging_mixin.py:150} INFO - [2023-07-19T18:42:22.208+0000] {dagbag.py:541} INFO - Filling up the DagBag from /home/airflow/.local/lib/python3.7/site-packages/airflow/example_dags/example_skip_dag.py
[2023-07-19T18:42:22.242+0000] {processor.py:836} INFO - DAG(s) dict_keys(['example_skip_dag']) retrieved from /home/airflow/.local/lib/python3.7/site-packages/airflow/example_dags/example_skip_dag.py
[2023-07-19T18:42:22.269+0000] {logging_mixin.py:150} INFO - [2023-07-19T18:42:22.269+0000] {dag.py:2742} INFO - Sync 1 DAGs
[2023-07-19T18:42:22.343+0000] {logging_mixin.py:150} INFO - [2023-07-19T18:42:22.343+0000] {dag.py:3508} INFO - Setting next_dagrun for example_skip_dag to 2023-07-18T18:42:22.342123+00:00, run_after=2023-07-19T18:42:22.342123+00:00
[2023-07-19T18:42:22.389+0000] {processor.py:179} INFO - Processing /home/airflow/.local/lib/python3.7/site-packages/airflow/example_dags/example_skip_dag.py took 0.211 seconds
[2023-07-19T18:42:52.623+0000] {processor.py:157} INFO - Started process (PID=126) to work on /home/airflow/.local/lib/python3.7/site-packages/airflow/example_dags/example_skip_dag.py
[2023-07-19T18:42:52.627+0000] {processor.py:826} INFO - Processing file /home/airflow/.local/lib/python3.7/site-packages/airflow/example_dags/example_skip_dag.py for tasks to queue
[2023-07-19T18:42:52.632+0000] {logging_mixin.py:150} INFO - [2023-07-19T18:42:52.631+0000] {dagbag.py:541} INFO - Filling up the DagBag from /home/airflow/.local/lib/python3.7/site-packages/airflow/example_dags/example_skip_dag.py
[2023-07-19T18:42:52.657+0000] {processor.py:836} INFO - DAG(s) dict_keys(['example_skip_dag']) retrieved from /home/airflow/.local/lib/python3.7/site-packages/airflow/example_dags/example_skip_dag.py
[2023-07-19T18:42:52.710+0000] {logging_mixin.py:150} INFO - [2023-07-19T18:42:52.710+0000] {dag.py:2742} INFO - Sync 1 DAGs
[2023-07-19T18:42:52.767+0000] {logging_mixin.py:150} INFO - [2023-07-19T18:42:52.767+0000] {dag.py:3508} INFO - Setting next_dagrun for example_skip_dag to 2023-07-18T18:42:52.767045+00:00, run_after=2023-07-19T18:42:52.767045+00:00
[2023-07-19T18:42:52.806+0000] {processor.py:179} INFO - Processing /home/airflow/.local/lib/python3.7/site-packages/airflow/example_dags/example_skip_dag.py took 0.190 seconds
[2023-07-19T18:43:23.333+0000] {processor.py:157} INFO - Started process (PID=185) to work on /home/airflow/.local/lib/python3.7/site-packages/airflow/example_dags/example_skip_dag.py
[2023-07-19T18:43:23.336+0000] {processor.py:826} INFO - Processing file /home/airflow/.local/lib/python3.7/site-packages/airflow/example_dags/example_skip_dag.py for tasks to queue
[2023-07-19T18:43:23.338+0000] {logging_mixin.py:150} INFO - [2023-07-19T18:43:23.338+0000] {dagbag.py:541} INFO - Filling up the DagBag from /home/airflow/.local/lib/python3.7/site-packages/airflow/example_dags/example_skip_dag.py
[2023-07-19T18:43:23.345+0000] {processor.py:836} INFO - DAG(s) dict_keys(['example_skip_dag']) retrieved from /home/airflow/.local/lib/python3.7/site-packages/airflow/example_dags/example_skip_dag.py
[2023-07-19T18:43:23.367+0000] {logging_mixin.py:150} INFO - [2023-07-19T18:43:23.367+0000] {dag.py:2742} INFO - Sync 1 DAGs
[2023-07-19T18:43:23.388+0000] {logging_mixin.py:150} INFO - [2023-07-19T18:43:23.388+0000] {dag.py:3508} INFO - Setting next_dagrun for example_skip_dag to 2023-07-18T18:43:23.387779+00:00, run_after=2023-07-19T18:43:23.387779+00:00
[2023-07-19T18:43:23.404+0000] {processor.py:179} INFO - Processing /home/airflow/.local/lib/python3.7/site-packages/airflow/example_dags/example_skip_dag.py took 0.074 seconds
[2023-07-19T18:43:54.780+0000] {processor.py:157} INFO - Started process (PID=244) to work on /home/airflow/.local/lib/python3.7/site-packages/airflow/example_dags/example_skip_dag.py
[2023-07-19T18:43:54.787+0000] {processor.py:826} INFO - Processing file /home/airflow/.local/lib/python3.7/site-packages/airflow/example_dags/example_skip_dag.py for tasks to queue
[2023-07-19T18:43:54.795+0000] {logging_mixin.py:150} INFO - [2023-07-19T18:43:54.794+0000] {dagbag.py:541} INFO - Filling up the DagBag from /home/airflow/.local/lib/python3.7/site-packages/airflow/example_dags/example_skip_dag.py
[2023-07-19T18:43:54.819+0000] {processor.py:836} INFO - DAG(s) dict_keys(['example_skip_dag']) retrieved from /home/airflow/.local/lib/python3.7/site-packages/airflow/example_dags/example_skip_dag.py
[2023-07-19T18:43:54.868+0000] {logging_mixin.py:150} INFO - [2023-07-19T18:43:54.868+0000] {dag.py:2742} INFO - Sync 1 DAGs
[2023-07-19T18:43:54.908+0000] {logging_mixin.py:150} INFO - [2023-07-19T18:43:54.907+0000] {dag.py:3508} INFO - Setting next_dagrun for example_skip_dag to 2023-07-18T18:43:54.907008+00:00, run_after=2023-07-19T18:43:54.907008+00:00
[2023-07-19T18:43:54.957+0000] {processor.py:179} INFO - Processing /home/airflow/.local/lib/python3.7/site-packages/airflow/example_dags/example_skip_dag.py took 0.184 seconds
[2023-07-19T18:44:25.721+0000] {processor.py:157} INFO - Started process (PID=302) to work on /home/airflow/.local/lib/python3.7/site-packages/airflow/example_dags/example_skip_dag.py
[2023-07-19T18:44:25.723+0000] {processor.py:826} INFO - Processing file /home/airflow/.local/lib/python3.7/site-packages/airflow/example_dags/example_skip_dag.py for tasks to queue
[2023-07-19T18:44:25.725+0000] {logging_mixin.py:150} INFO - [2023-07-19T18:44:25.725+0000] {dagbag.py:541} INFO - Filling up the DagBag from /home/airflow/.local/lib/python3.7/site-packages/airflow/example_dags/example_skip_dag.py
[2023-07-19T18:44:25.732+0000] {processor.py:836} INFO - DAG(s) dict_keys(['example_skip_dag']) retrieved from /home/airflow/.local/lib/python3.7/site-packages/airflow/example_dags/example_skip_dag.py
[2023-07-19T18:44:25.763+0000] {logging_mixin.py:150} INFO - [2023-07-19T18:44:25.763+0000] {dag.py:2742} INFO - Sync 1 DAGs
[2023-07-19T18:44:25.793+0000] {logging_mixin.py:150} INFO - [2023-07-19T18:44:25.793+0000] {dag.py:3508} INFO - Setting next_dagrun for example_skip_dag to 2023-07-18T18:44:25.792870+00:00, run_after=2023-07-19T18:44:25.792870+00:00
[2023-07-19T18:44:25.814+0000] {processor.py:179} INFO - Processing /home/airflow/.local/lib/python3.7/site-packages/airflow/example_dags/example_skip_dag.py took 0.096 seconds
[2023-07-19T18:44:55.923+0000] {processor.py:157} INFO - Started process (PID=361) to work on /home/airflow/.local/lib/python3.7/site-packages/airflow/example_dags/example_skip_dag.py
[2023-07-19T18:44:55.926+0000] {processor.py:826} INFO - Processing file /home/airflow/.local/lib/python3.7/site-packages/airflow/example_dags/example_skip_dag.py for tasks to queue
[2023-07-19T18:44:55.928+0000] {logging_mixin.py:150} INFO - [2023-07-19T18:44:55.927+0000] {dagbag.py:541} INFO - Filling up the DagBag from /home/airflow/.local/lib/python3.7/site-packages/airflow/example_dags/example_skip_dag.py
[2023-07-19T18:44:55.939+0000] {processor.py:836} INFO - DAG(s) dict_keys(['example_skip_dag']) retrieved from /home/airflow/.local/lib/python3.7/site-packages/airflow/example_dags/example_skip_dag.py
[2023-07-19T18:44:55.972+0000] {logging_mixin.py:150} INFO - [2023-07-19T18:44:55.971+0000] {dag.py:2742} INFO - Sync 1 DAGs
[2023-07-19T18:44:56.006+0000] {logging_mixin.py:150} INFO - [2023-07-19T18:44:56.006+0000] {dag.py:3508} INFO - Setting next_dagrun for example_skip_dag to 2023-07-18T18:44:56.006052+00:00, run_after=2023-07-19T18:44:56.006052+00:00
[2023-07-19T18:44:56.035+0000] {processor.py:179} INFO - Processing /home/airflow/.local/lib/python3.7/site-packages/airflow/example_dags/example_skip_dag.py took 0.115 seconds
[2023-07-19T18:45:26.771+0000] {processor.py:157} INFO - Started process (PID=420) to work on /home/airflow/.local/lib/python3.7/site-packages/airflow/example_dags/example_skip_dag.py
[2023-07-19T18:45:26.776+0000] {processor.py:826} INFO - Processing file /home/airflow/.local/lib/python3.7/site-packages/airflow/example_dags/example_skip_dag.py for tasks to queue
[2023-07-19T18:45:26.780+0000] {logging_mixin.py:150} INFO - [2023-07-19T18:45:26.779+0000] {dagbag.py:541} INFO - Filling up the DagBag from /home/airflow/.local/lib/python3.7/site-packages/airflow/example_dags/example_skip_dag.py
[2023-07-19T18:45:26.789+0000] {processor.py:836} INFO - DAG(s) dict_keys(['example_skip_dag']) retrieved from /home/airflow/.local/lib/python3.7/site-packages/airflow/example_dags/example_skip_dag.py
[2023-07-19T18:45:26.827+0000] {logging_mixin.py:150} INFO - [2023-07-19T18:45:26.827+0000] {dag.py:2742} INFO - Sync 1 DAGs
[2023-07-19T18:45:26.869+0000] {logging_mixin.py:150} INFO - [2023-07-19T18:45:26.868+0000] {dag.py:3508} INFO - Setting next_dagrun for example_skip_dag to 2023-07-18T18:45:26.868292+00:00, run_after=2023-07-19T18:45:26.868292+00:00
[2023-07-19T18:45:26.910+0000] {processor.py:179} INFO - Processing /home/airflow/.local/lib/python3.7/site-packages/airflow/example_dags/example_skip_dag.py took 0.144 seconds
[2023-07-19T18:45:57.061+0000] {processor.py:157} INFO - Started process (PID=479) to work on /home/airflow/.local/lib/python3.7/site-packages/airflow/example_dags/example_skip_dag.py
[2023-07-19T18:45:57.064+0000] {processor.py:826} INFO - Processing file /home/airflow/.local/lib/python3.7/site-packages/airflow/example_dags/example_skip_dag.py for tasks to queue
[2023-07-19T18:45:57.066+0000] {logging_mixin.py:150} INFO - [2023-07-19T18:45:57.065+0000] {dagbag.py:541} INFO - Filling up the DagBag from /home/airflow/.local/lib/python3.7/site-packages/airflow/example_dags/example_skip_dag.py
[2023-07-19T18:45:57.081+0000] {processor.py:836} INFO - DAG(s) dict_keys(['example_skip_dag']) retrieved from /home/airflow/.local/lib/python3.7/site-packages/airflow/example_dags/example_skip_dag.py
[2023-07-19T18:45:57.132+0000] {logging_mixin.py:150} INFO - [2023-07-19T18:45:57.132+0000] {dag.py:2742} INFO - Sync 1 DAGs
[2023-07-19T18:45:57.173+0000] {logging_mixin.py:150} INFO - [2023-07-19T18:45:57.172+0000] {dag.py:3508} INFO - Setting next_dagrun for example_skip_dag to 2023-07-18T18:45:57.172177+00:00, run_after=2023-07-19T18:45:57.172177+00:00
[2023-07-19T18:45:57.213+0000] {processor.py:179} INFO - Processing /home/airflow/.local/lib/python3.7/site-packages/airflow/example_dags/example_skip_dag.py took 0.160 seconds
[2023-07-19T18:46:27.401+0000] {processor.py:157} INFO - Started process (PID=538) to work on /home/airflow/.local/lib/python3.7/site-packages/airflow/example_dags/example_skip_dag.py
[2023-07-19T18:46:27.404+0000] {processor.py:826} INFO - Processing file /home/airflow/.local/lib/python3.7/site-packages/airflow/example_dags/example_skip_dag.py for tasks to queue
[2023-07-19T18:46:27.405+0000] {logging_mixin.py:150} INFO - [2023-07-19T18:46:27.405+0000] {dagbag.py:541} INFO - Filling up the DagBag from /home/airflow/.local/lib/python3.7/site-packages/airflow/example_dags/example_skip_dag.py
[2023-07-19T18:46:27.412+0000] {processor.py:836} INFO - DAG(s) dict_keys(['example_skip_dag']) retrieved from /home/airflow/.local/lib/python3.7/site-packages/airflow/example_dags/example_skip_dag.py
[2023-07-19T18:46:27.438+0000] {logging_mixin.py:150} INFO - [2023-07-19T18:46:27.437+0000] {dag.py:2742} INFO - Sync 1 DAGs
[2023-07-19T18:46:27.460+0000] {logging_mixin.py:150} INFO - [2023-07-19T18:46:27.460+0000] {dag.py:3508} INFO - Setting next_dagrun for example_skip_dag to 2023-07-18T18:46:27.459672+00:00, run_after=2023-07-19T18:46:27.459672+00:00
[2023-07-19T18:46:27.476+0000] {processor.py:179} INFO - Processing /home/airflow/.local/lib/python3.7/site-packages/airflow/example_dags/example_skip_dag.py took 0.078 seconds
[2023-07-19T18:47:03.056+0000] {processor.py:157} INFO - Started process (PID=597) to work on /home/airflow/.local/lib/python3.7/site-packages/airflow/example_dags/example_skip_dag.py
[2023-07-19T18:47:03.077+0000] {processor.py:826} INFO - Processing file /home/airflow/.local/lib/python3.7/site-packages/airflow/example_dags/example_skip_dag.py for tasks to queue
[2023-07-19T18:47:03.086+0000] {logging_mixin.py:150} INFO - [2023-07-19T18:47:03.085+0000] {dagbag.py:541} INFO - Filling up the DagBag from /home/airflow/.local/lib/python3.7/site-packages/airflow/example_dags/example_skip_dag.py
[2023-07-19T18:47:03.107+0000] {processor.py:836} INFO - DAG(s) dict_keys(['example_skip_dag']) retrieved from /home/airflow/.local/lib/python3.7/site-packages/airflow/example_dags/example_skip_dag.py
[2023-07-19T18:47:03.221+0000] {logging_mixin.py:150} INFO - [2023-07-19T18:47:03.220+0000] {dag.py:2742} INFO - Sync 1 DAGs
[2023-07-19T18:47:03.433+0000] {logging_mixin.py:150} INFO - [2023-07-19T18:47:03.432+0000] {dag.py:3508} INFO - Setting next_dagrun for example_skip_dag to 2023-07-18T18:47:03.420819+00:00, run_after=2023-07-19T18:47:03.420819+00:00
[2023-07-19T18:47:03.640+0000] {processor.py:179} INFO - Processing /home/airflow/.local/lib/python3.7/site-packages/airflow/example_dags/example_skip_dag.py took 0.587 seconds
[2023-07-19T18:47:33.882+0000] {processor.py:157} INFO - Started process (PID=656) to work on /home/airflow/.local/lib/python3.7/site-packages/airflow/example_dags/example_skip_dag.py
[2023-07-19T18:47:33.892+0000] {processor.py:826} INFO - Processing file /home/airflow/.local/lib/python3.7/site-packages/airflow/example_dags/example_skip_dag.py for tasks to queue
[2023-07-19T18:47:33.900+0000] {logging_mixin.py:150} INFO - [2023-07-19T18:47:33.899+0000] {dagbag.py:541} INFO - Filling up the DagBag from /home/airflow/.local/lib/python3.7/site-packages/airflow/example_dags/example_skip_dag.py
[2023-07-19T18:47:33.931+0000] {processor.py:836} INFO - DAG(s) dict_keys(['example_skip_dag']) retrieved from /home/airflow/.local/lib/python3.7/site-packages/airflow/example_dags/example_skip_dag.py
[2023-07-19T18:47:34.008+0000] {logging_mixin.py:150} INFO - [2023-07-19T18:47:34.008+0000] {dag.py:2742} INFO - Sync 1 DAGs
[2023-07-19T18:47:34.069+0000] {logging_mixin.py:150} INFO - [2023-07-19T18:47:34.069+0000] {dag.py:3508} INFO - Setting next_dagrun for example_skip_dag to 2023-07-18T18:47:34.068561+00:00, run_after=2023-07-19T18:47:34.068561+00:00
[2023-07-19T18:47:34.094+0000] {processor.py:179} INFO - Processing /home/airflow/.local/lib/python3.7/site-packages/airflow/example_dags/example_skip_dag.py took 0.220 seconds
[2023-07-19T18:48:04.838+0000] {processor.py:157} INFO - Started process (PID=715) to work on /home/airflow/.local/lib/python3.7/site-packages/airflow/example_dags/example_skip_dag.py
[2023-07-19T18:48:04.841+0000] {processor.py:826} INFO - Processing file /home/airflow/.local/lib/python3.7/site-packages/airflow/example_dags/example_skip_dag.py for tasks to queue
[2023-07-19T18:48:04.844+0000] {logging_mixin.py:150} INFO - [2023-07-19T18:48:04.844+0000] {dagbag.py:541} INFO - Filling up the DagBag from /home/airflow/.local/lib/python3.7/site-packages/airflow/example_dags/example_skip_dag.py
[2023-07-19T18:48:04.860+0000] {processor.py:836} INFO - DAG(s) dict_keys(['example_skip_dag']) retrieved from /home/airflow/.local/lib/python3.7/site-packages/airflow/example_dags/example_skip_dag.py
[2023-07-19T18:48:04.920+0000] {logging_mixin.py:150} INFO - [2023-07-19T18:48:04.919+0000] {dag.py:2742} INFO - Sync 1 DAGs
[2023-07-19T18:48:04.989+0000] {logging_mixin.py:150} INFO - [2023-07-19T18:48:04.986+0000] {dag.py:3508} INFO - Setting next_dagrun for example_skip_dag to 2023-07-18T18:48:04.983995+00:00, run_after=2023-07-19T18:48:04.983995+00:00
[2023-07-19T18:48:05.081+0000] {processor.py:179} INFO - Processing /home/airflow/.local/lib/python3.7/site-packages/airflow/example_dags/example_skip_dag.py took 0.252 seconds
[2023-07-19T18:48:37.128+0000] {processor.py:157} INFO - Started process (PID=774) to work on /home/airflow/.local/lib/python3.7/site-packages/airflow/example_dags/example_skip_dag.py
[2023-07-19T18:48:38.275+0000] {processor.py:826} INFO - Processing file /home/airflow/.local/lib/python3.7/site-packages/airflow/example_dags/example_skip_dag.py for tasks to queue
[2023-07-19T18:48:38.391+0000] {logging_mixin.py:150} INFO - [2023-07-19T18:48:38.379+0000] {dagbag.py:541} INFO - Filling up the DagBag from /home/airflow/.local/lib/python3.7/site-packages/airflow/example_dags/example_skip_dag.py
[2023-07-19T18:48:38.515+0000] {processor.py:836} INFO - DAG(s) dict_keys(['example_skip_dag']) retrieved from /home/airflow/.local/lib/python3.7/site-packages/airflow/example_dags/example_skip_dag.py
[2023-07-19T18:48:39.944+0000] {logging_mixin.py:150} INFO - [2023-07-19T18:48:39.942+0000] {dag.py:2742} INFO - Sync 1 DAGs
[2023-07-19T18:48:40.032+0000] {logging_mixin.py:150} INFO - [2023-07-19T18:48:40.031+0000] {dag.py:3508} INFO - Setting next_dagrun for example_skip_dag to 2023-07-18T18:48:40.030233+00:00, run_after=2023-07-19T18:48:40.030233+00:00
[2023-07-19T18:48:40.126+0000] {processor.py:179} INFO - Processing /home/airflow/.local/lib/python3.7/site-packages/airflow/example_dags/example_skip_dag.py took 3.170 seconds
[2023-07-19T18:49:11.176+0000] {processor.py:157} INFO - Started process (PID=834) to work on /home/airflow/.local/lib/python3.7/site-packages/airflow/example_dags/example_skip_dag.py
[2023-07-19T18:49:11.192+0000] {processor.py:826} INFO - Processing file /home/airflow/.local/lib/python3.7/site-packages/airflow/example_dags/example_skip_dag.py for tasks to queue
[2023-07-19T18:49:11.339+0000] {logging_mixin.py:150} INFO - [2023-07-19T18:49:11.339+0000] {dagbag.py:541} INFO - Filling up the DagBag from /home/airflow/.local/lib/python3.7/site-packages/airflow/example_dags/example_skip_dag.py
[2023-07-19T18:49:11.386+0000] {processor.py:836} INFO - DAG(s) dict_keys(['example_skip_dag']) retrieved from /home/airflow/.local/lib/python3.7/site-packages/airflow/example_dags/example_skip_dag.py
[2023-07-19T18:49:11.599+0000] {logging_mixin.py:150} INFO - [2023-07-19T18:49:11.599+0000] {dag.py:2742} INFO - Sync 1 DAGs
[2023-07-19T18:49:11.747+0000] {logging_mixin.py:150} INFO - [2023-07-19T18:49:11.747+0000] {dag.py:3508} INFO - Setting next_dagrun for example_skip_dag to 2023-07-18T18:49:11.696331+00:00, run_after=2023-07-19T18:49:11.696331+00:00
[2023-07-19T18:49:11.817+0000] {processor.py:179} INFO - Processing /home/airflow/.local/lib/python3.7/site-packages/airflow/example_dags/example_skip_dag.py took 0.663 seconds
[2023-07-19T18:49:42.360+0000] {processor.py:157} INFO - Started process (PID=893) to work on /home/airflow/.local/lib/python3.7/site-packages/airflow/example_dags/example_skip_dag.py
[2023-07-19T18:49:42.362+0000] {processor.py:826} INFO - Processing file /home/airflow/.local/lib/python3.7/site-packages/airflow/example_dags/example_skip_dag.py for tasks to queue
[2023-07-19T18:49:42.364+0000] {logging_mixin.py:150} INFO - [2023-07-19T18:49:42.364+0000] {dagbag.py:541} INFO - Filling up the DagBag from /home/airflow/.local/lib/python3.7/site-packages/airflow/example_dags/example_skip_dag.py
[2023-07-19T18:49:42.376+0000] {processor.py:836} INFO - DAG(s) dict_keys(['example_skip_dag']) retrieved from /home/airflow/.local/lib/python3.7/site-packages/airflow/example_dags/example_skip_dag.py
[2023-07-19T18:49:42.406+0000] {logging_mixin.py:150} INFO - [2023-07-19T18:49:42.405+0000] {dag.py:2742} INFO - Sync 1 DAGs
[2023-07-19T18:49:42.432+0000] {logging_mixin.py:150} INFO - [2023-07-19T18:49:42.432+0000] {dag.py:3508} INFO - Setting next_dagrun for example_skip_dag to 2023-07-18T18:49:42.431768+00:00, run_after=2023-07-19T18:49:42.431768+00:00
[2023-07-19T18:49:42.450+0000] {processor.py:179} INFO - Processing /home/airflow/.local/lib/python3.7/site-packages/airflow/example_dags/example_skip_dag.py took 0.096 seconds
[2023-07-19T18:50:12.819+0000] {processor.py:157} INFO - Started process (PID=952) to work on /home/airflow/.local/lib/python3.7/site-packages/airflow/example_dags/example_skip_dag.py
[2023-07-19T18:50:12.825+0000] {processor.py:826} INFO - Processing file /home/airflow/.local/lib/python3.7/site-packages/airflow/example_dags/example_skip_dag.py for tasks to queue
[2023-07-19T18:50:12.829+0000] {logging_mixin.py:150} INFO - [2023-07-19T18:50:12.829+0000] {dagbag.py:541} INFO - Filling up the DagBag from /home/airflow/.local/lib/python3.7/site-packages/airflow/example_dags/example_skip_dag.py
[2023-07-19T18:50:12.851+0000] {processor.py:836} INFO - DAG(s) dict_keys(['example_skip_dag']) retrieved from /home/airflow/.local/lib/python3.7/site-packages/airflow/example_dags/example_skip_dag.py
[2023-07-19T18:50:12.888+0000] {logging_mixin.py:150} INFO - [2023-07-19T18:50:12.888+0000] {dag.py:2742} INFO - Sync 1 DAGs
[2023-07-19T18:50:12.917+0000] {logging_mixin.py:150} INFO - [2023-07-19T18:50:12.917+0000] {dag.py:3508} INFO - Setting next_dagrun for example_skip_dag to 2023-07-18T18:50:12.916952+00:00, run_after=2023-07-19T18:50:12.916952+00:00
[2023-07-19T18:50:12.937+0000] {processor.py:179} INFO - Processing /home/airflow/.local/lib/python3.7/site-packages/airflow/example_dags/example_skip_dag.py took 0.129 seconds
[2023-07-19T18:50:45.827+0000] {processor.py:157} INFO - Started process (PID=1011) to work on /home/airflow/.local/lib/python3.7/site-packages/airflow/example_dags/example_skip_dag.py
[2023-07-19T18:50:45.832+0000] {processor.py:826} INFO - Processing file /home/airflow/.local/lib/python3.7/site-packages/airflow/example_dags/example_skip_dag.py for tasks to queue
[2023-07-19T18:50:45.836+0000] {logging_mixin.py:150} INFO - [2023-07-19T18:50:45.836+0000] {dagbag.py:541} INFO - Filling up the DagBag from /home/airflow/.local/lib/python3.7/site-packages/airflow/example_dags/example_skip_dag.py
[2023-07-19T18:50:45.849+0000] {processor.py:836} INFO - DAG(s) dict_keys(['example_skip_dag']) retrieved from /home/airflow/.local/lib/python3.7/site-packages/airflow/example_dags/example_skip_dag.py
[2023-07-19T18:50:45.897+0000] {logging_mixin.py:150} INFO - [2023-07-19T18:50:45.896+0000] {dag.py:2742} INFO - Sync 1 DAGs
[2023-07-19T18:50:45.938+0000] {logging_mixin.py:150} INFO - [2023-07-19T18:50:45.938+0000] {dag.py:3508} INFO - Setting next_dagrun for example_skip_dag to 2023-07-18T18:50:45.937921+00:00, run_after=2023-07-19T18:50:45.937921+00:00
[2023-07-19T18:50:45.980+0000] {processor.py:179} INFO - Processing /home/airflow/.local/lib/python3.7/site-packages/airflow/example_dags/example_skip_dag.py took 0.161 seconds
[2023-07-19T18:51:16.337+0000] {processor.py:157} INFO - Started process (PID=1070) to work on /home/airflow/.local/lib/python3.7/site-packages/airflow/example_dags/example_skip_dag.py
[2023-07-19T18:51:16.339+0000] {processor.py:826} INFO - Processing file /home/airflow/.local/lib/python3.7/site-packages/airflow/example_dags/example_skip_dag.py for tasks to queue
[2023-07-19T18:51:16.341+0000] {logging_mixin.py:150} INFO - [2023-07-19T18:51:16.341+0000] {dagbag.py:541} INFO - Filling up the DagBag from /home/airflow/.local/lib/python3.7/site-packages/airflow/example_dags/example_skip_dag.py
[2023-07-19T18:51:16.349+0000] {processor.py:836} INFO - DAG(s) dict_keys(['example_skip_dag']) retrieved from /home/airflow/.local/lib/python3.7/site-packages/airflow/example_dags/example_skip_dag.py
[2023-07-19T18:51:16.376+0000] {logging_mixin.py:150} INFO - [2023-07-19T18:51:16.376+0000] {dag.py:2742} INFO - Sync 1 DAGs
[2023-07-19T18:51:16.398+0000] {logging_mixin.py:150} INFO - [2023-07-19T18:51:16.398+0000] {dag.py:3508} INFO - Setting next_dagrun for example_skip_dag to 2023-07-18T18:51:16.398560+00:00, run_after=2023-07-19T18:51:16.398560+00:00
[2023-07-19T18:51:16.419+0000] {processor.py:179} INFO - Processing /home/airflow/.local/lib/python3.7/site-packages/airflow/example_dags/example_skip_dag.py took 0.086 seconds
[2023-07-19T18:51:47.637+0000] {processor.py:157} INFO - Started process (PID=1137) to work on /home/airflow/.local/lib/python3.7/site-packages/airflow/example_dags/example_skip_dag.py
[2023-07-19T18:51:47.639+0000] {processor.py:826} INFO - Processing file /home/airflow/.local/lib/python3.7/site-packages/airflow/example_dags/example_skip_dag.py for tasks to queue
[2023-07-19T18:51:47.643+0000] {logging_mixin.py:150} INFO - [2023-07-19T18:51:47.642+0000] {dagbag.py:541} INFO - Filling up the DagBag from /home/airflow/.local/lib/python3.7/site-packages/airflow/example_dags/example_skip_dag.py
[2023-07-19T18:51:47.654+0000] {processor.py:836} INFO - DAG(s) dict_keys(['example_skip_dag']) retrieved from /home/airflow/.local/lib/python3.7/site-packages/airflow/example_dags/example_skip_dag.py
[2023-07-19T18:51:47.684+0000] {logging_mixin.py:150} INFO - [2023-07-19T18:51:47.684+0000] {dag.py:2742} INFO - Sync 1 DAGs
[2023-07-19T18:51:47.710+0000] {logging_mixin.py:150} INFO - [2023-07-19T18:51:47.710+0000] {dag.py:3508} INFO - Setting next_dagrun for example_skip_dag to 2023-07-18T18:51:47.709822+00:00, run_after=2023-07-19T18:51:47.709822+00:00
[2023-07-19T18:51:47.728+0000] {processor.py:179} INFO - Processing /home/airflow/.local/lib/python3.7/site-packages/airflow/example_dags/example_skip_dag.py took 0.096 seconds
[2023-07-19T18:52:18.734+0000] {processor.py:157} INFO - Started process (PID=1197) to work on /home/airflow/.local/lib/python3.7/site-packages/airflow/example_dags/example_skip_dag.py
[2023-07-19T18:52:18.739+0000] {processor.py:826} INFO - Processing file /home/airflow/.local/lib/python3.7/site-packages/airflow/example_dags/example_skip_dag.py for tasks to queue
[2023-07-19T18:52:18.745+0000] {logging_mixin.py:150} INFO - [2023-07-19T18:52:18.744+0000] {dagbag.py:541} INFO - Filling up the DagBag from /home/airflow/.local/lib/python3.7/site-packages/airflow/example_dags/example_skip_dag.py
[2023-07-19T18:52:18.754+0000] {processor.py:836} INFO - DAG(s) dict_keys(['example_skip_dag']) retrieved from /home/airflow/.local/lib/python3.7/site-packages/airflow/example_dags/example_skip_dag.py
[2023-07-19T18:52:18.787+0000] {logging_mixin.py:150} INFO - [2023-07-19T18:52:18.786+0000] {dag.py:2742} INFO - Sync 1 DAGs
[2023-07-19T18:52:18.825+0000] {logging_mixin.py:150} INFO - [2023-07-19T18:52:18.825+0000] {dag.py:3508} INFO - Setting next_dagrun for example_skip_dag to 2023-07-18T18:52:18.824860+00:00, run_after=2023-07-19T18:52:18.824860+00:00
[2023-07-19T18:52:18.852+0000] {processor.py:179} INFO - Processing /home/airflow/.local/lib/python3.7/site-packages/airflow/example_dags/example_skip_dag.py took 0.122 seconds
[2023-07-19T18:52:49.868+0000] {processor.py:157} INFO - Started process (PID=1256) to work on /home/airflow/.local/lib/python3.7/site-packages/airflow/example_dags/example_skip_dag.py
[2023-07-19T18:52:49.875+0000] {processor.py:826} INFO - Processing file /home/airflow/.local/lib/python3.7/site-packages/airflow/example_dags/example_skip_dag.py for tasks to queue
[2023-07-19T18:52:49.879+0000] {logging_mixin.py:150} INFO - [2023-07-19T18:52:49.878+0000] {dagbag.py:541} INFO - Filling up the DagBag from /home/airflow/.local/lib/python3.7/site-packages/airflow/example_dags/example_skip_dag.py
[2023-07-19T18:52:49.890+0000] {processor.py:836} INFO - DAG(s) dict_keys(['example_skip_dag']) retrieved from /home/airflow/.local/lib/python3.7/site-packages/airflow/example_dags/example_skip_dag.py
[2023-07-19T18:52:49.928+0000] {logging_mixin.py:150} INFO - [2023-07-19T18:52:49.928+0000] {dag.py:2742} INFO - Sync 1 DAGs
[2023-07-19T18:52:49.959+0000] {logging_mixin.py:150} INFO - [2023-07-19T18:52:49.959+0000] {dag.py:3508} INFO - Setting next_dagrun for example_skip_dag to 2023-07-18T18:52:49.959514+00:00, run_after=2023-07-19T18:52:49.959514+00:00
[2023-07-19T18:52:49.981+0000] {processor.py:179} INFO - Processing /home/airflow/.local/lib/python3.7/site-packages/airflow/example_dags/example_skip_dag.py took 0.117 seconds
[2023-07-19T18:53:20.217+0000] {processor.py:157} INFO - Started process (PID=1315) to work on /home/airflow/.local/lib/python3.7/site-packages/airflow/example_dags/example_skip_dag.py
[2023-07-19T18:53:20.221+0000] {processor.py:826} INFO - Processing file /home/airflow/.local/lib/python3.7/site-packages/airflow/example_dags/example_skip_dag.py for tasks to queue
[2023-07-19T18:53:20.224+0000] {logging_mixin.py:150} INFO - [2023-07-19T18:53:20.223+0000] {dagbag.py:541} INFO - Filling up the DagBag from /home/airflow/.local/lib/python3.7/site-packages/airflow/example_dags/example_skip_dag.py
[2023-07-19T18:53:20.232+0000] {processor.py:836} INFO - DAG(s) dict_keys(['example_skip_dag']) retrieved from /home/airflow/.local/lib/python3.7/site-packages/airflow/example_dags/example_skip_dag.py
[2023-07-19T18:53:20.264+0000] {logging_mixin.py:150} INFO - [2023-07-19T18:53:20.264+0000] {dag.py:2742} INFO - Sync 1 DAGs
[2023-07-19T18:53:20.291+0000] {logging_mixin.py:150} INFO - [2023-07-19T18:53:20.291+0000] {dag.py:3508} INFO - Setting next_dagrun for example_skip_dag to 2023-07-18T18:53:20.290875+00:00, run_after=2023-07-19T18:53:20.290875+00:00
[2023-07-19T18:53:20.315+0000] {processor.py:179} INFO - Processing /home/airflow/.local/lib/python3.7/site-packages/airflow/example_dags/example_skip_dag.py took 0.102 seconds
[2023-07-19T18:53:50.791+0000] {processor.py:157} INFO - Started process (PID=1373) to work on /home/airflow/.local/lib/python3.7/site-packages/airflow/example_dags/example_skip_dag.py
[2023-07-19T18:53:50.794+0000] {processor.py:826} INFO - Processing file /home/airflow/.local/lib/python3.7/site-packages/airflow/example_dags/example_skip_dag.py for tasks to queue
[2023-07-19T18:53:50.795+0000] {logging_mixin.py:150} INFO - [2023-07-19T18:53:50.795+0000] {dagbag.py:541} INFO - Filling up the DagBag from /home/airflow/.local/lib/python3.7/site-packages/airflow/example_dags/example_skip_dag.py
[2023-07-19T18:53:50.805+0000] {processor.py:836} INFO - DAG(s) dict_keys(['example_skip_dag']) retrieved from /home/airflow/.local/lib/python3.7/site-packages/airflow/example_dags/example_skip_dag.py
[2023-07-19T18:53:50.831+0000] {logging_mixin.py:150} INFO - [2023-07-19T18:53:50.831+0000] {dag.py:2742} INFO - Sync 1 DAGs
[2023-07-19T18:53:50.856+0000] {logging_mixin.py:150} INFO - [2023-07-19T18:53:50.856+0000] {dag.py:3508} INFO - Setting next_dagrun for example_skip_dag to 2023-07-18T18:53:50.856068+00:00, run_after=2023-07-19T18:53:50.856068+00:00
[2023-07-19T18:53:50.877+0000] {processor.py:179} INFO - Processing /home/airflow/.local/lib/python3.7/site-packages/airflow/example_dags/example_skip_dag.py took 0.090 seconds
[2023-07-19T18:54:22.069+0000] {processor.py:157} INFO - Started process (PID=1432) to work on /home/airflow/.local/lib/python3.7/site-packages/airflow/example_dags/example_skip_dag.py
[2023-07-19T18:54:22.072+0000] {processor.py:826} INFO - Processing file /home/airflow/.local/lib/python3.7/site-packages/airflow/example_dags/example_skip_dag.py for tasks to queue
[2023-07-19T18:54:22.076+0000] {logging_mixin.py:150} INFO - [2023-07-19T18:54:22.075+0000] {dagbag.py:541} INFO - Filling up the DagBag from /home/airflow/.local/lib/python3.7/site-packages/airflow/example_dags/example_skip_dag.py
[2023-07-19T18:54:22.092+0000] {processor.py:836} INFO - DAG(s) dict_keys(['example_skip_dag']) retrieved from /home/airflow/.local/lib/python3.7/site-packages/airflow/example_dags/example_skip_dag.py
[2023-07-19T18:54:22.142+0000] {logging_mixin.py:150} INFO - [2023-07-19T18:54:22.142+0000] {dag.py:2742} INFO - Sync 1 DAGs
[2023-07-19T18:54:22.167+0000] {logging_mixin.py:150} INFO - [2023-07-19T18:54:22.167+0000] {dag.py:3508} INFO - Setting next_dagrun for example_skip_dag to 2023-07-18T18:54:22.167039+00:00, run_after=2023-07-19T18:54:22.167039+00:00
[2023-07-19T18:54:22.191+0000] {processor.py:179} INFO - Processing /home/airflow/.local/lib/python3.7/site-packages/airflow/example_dags/example_skip_dag.py took 0.126 seconds
