[2023-07-19T18:42:19.204+0000] {processor.py:157} INFO - Started process (PID=45) to work on /home/airflow/.local/lib/python3.7/site-packages/airflow/example_dags/example_branch_python_dop_operator_3.py
[2023-07-19T18:42:19.207+0000] {processor.py:826} INFO - Processing file /home/airflow/.local/lib/python3.7/site-packages/airflow/example_dags/example_branch_python_dop_operator_3.py for tasks to queue
[2023-07-19T18:42:19.209+0000] {logging_mixin.py:150} INFO - [2023-07-19T18:42:19.209+0000] {dagbag.py:541} INFO - Filling up the DagBag from /home/airflow/.local/lib/python3.7/site-packages/airflow/example_dags/example_branch_python_dop_operator_3.py
[2023-07-19T18:42:19.223+0000] {processor.py:836} INFO - DAG(s) dict_keys(['example_branch_dop_operator_v3']) retrieved from /home/airflow/.local/lib/python3.7/site-packages/airflow/example_dags/example_branch_python_dop_operator_3.py
[2023-07-19T18:42:19.260+0000] {logging_mixin.py:150} INFO - [2023-07-19T18:42:19.260+0000] {dag.py:2742} INFO - Sync 1 DAGs
[2023-07-19T18:42:19.312+0000] {logging_mixin.py:150} INFO - [2023-07-19T18:42:19.312+0000] {dag.py:3508} INFO - Setting next_dagrun for example_branch_dop_operator_v3 to 2023-07-19T18:41:00+00:00, run_after=2023-07-19T18:42:00+00:00
[2023-07-19T18:42:19.368+0000] {processor.py:179} INFO - Processing /home/airflow/.local/lib/python3.7/site-packages/airflow/example_dags/example_branch_python_dop_operator_3.py took 0.166 seconds
[2023-07-19T18:42:49.913+0000] {processor.py:157} INFO - Started process (PID=105) to work on /home/airflow/.local/lib/python3.7/site-packages/airflow/example_dags/example_branch_python_dop_operator_3.py
[2023-07-19T18:42:49.915+0000] {processor.py:826} INFO - Processing file /home/airflow/.local/lib/python3.7/site-packages/airflow/example_dags/example_branch_python_dop_operator_3.py for tasks to queue
[2023-07-19T18:42:49.917+0000] {logging_mixin.py:150} INFO - [2023-07-19T18:42:49.917+0000] {dagbag.py:541} INFO - Filling up the DagBag from /home/airflow/.local/lib/python3.7/site-packages/airflow/example_dags/example_branch_python_dop_operator_3.py
[2023-07-19T18:42:49.927+0000] {processor.py:836} INFO - DAG(s) dict_keys(['example_branch_dop_operator_v3']) retrieved from /home/airflow/.local/lib/python3.7/site-packages/airflow/example_dags/example_branch_python_dop_operator_3.py
[2023-07-19T18:42:49.949+0000] {logging_mixin.py:150} INFO - [2023-07-19T18:42:49.949+0000] {dag.py:2742} INFO - Sync 1 DAGs
[2023-07-19T18:42:49.967+0000] {logging_mixin.py:150} INFO - [2023-07-19T18:42:49.967+0000] {dag.py:3508} INFO - Setting next_dagrun for example_branch_dop_operator_v3 to 2023-07-19T18:41:00+00:00, run_after=2023-07-19T18:42:00+00:00
[2023-07-19T18:42:49.980+0000] {processor.py:179} INFO - Processing /home/airflow/.local/lib/python3.7/site-packages/airflow/example_dags/example_branch_python_dop_operator_3.py took 0.070 seconds
[2023-07-19T18:43:21.017+0000] {processor.py:157} INFO - Started process (PID=164) to work on /home/airflow/.local/lib/python3.7/site-packages/airflow/example_dags/example_branch_python_dop_operator_3.py
[2023-07-19T18:43:21.023+0000] {processor.py:826} INFO - Processing file /home/airflow/.local/lib/python3.7/site-packages/airflow/example_dags/example_branch_python_dop_operator_3.py for tasks to queue
[2023-07-19T18:43:21.025+0000] {logging_mixin.py:150} INFO - [2023-07-19T18:43:21.024+0000] {dagbag.py:541} INFO - Filling up the DagBag from /home/airflow/.local/lib/python3.7/site-packages/airflow/example_dags/example_branch_python_dop_operator_3.py
[2023-07-19T18:43:21.042+0000] {processor.py:836} INFO - DAG(s) dict_keys(['example_branch_dop_operator_v3']) retrieved from /home/airflow/.local/lib/python3.7/site-packages/airflow/example_dags/example_branch_python_dop_operator_3.py
[2023-07-19T18:43:21.070+0000] {logging_mixin.py:150} INFO - [2023-07-19T18:43:21.070+0000] {dag.py:2742} INFO - Sync 1 DAGs
[2023-07-19T18:43:21.096+0000] {logging_mixin.py:150} INFO - [2023-07-19T18:43:21.096+0000] {dag.py:3508} INFO - Setting next_dagrun for example_branch_dop_operator_v3 to 2023-07-19T18:42:00+00:00, run_after=2023-07-19T18:43:00+00:00
[2023-07-19T18:43:21.111+0000] {processor.py:179} INFO - Processing /home/airflow/.local/lib/python3.7/site-packages/airflow/example_dags/example_branch_python_dop_operator_3.py took 0.100 seconds
[2023-07-19T18:43:51.565+0000] {processor.py:157} INFO - Started process (PID=223) to work on /home/airflow/.local/lib/python3.7/site-packages/airflow/example_dags/example_branch_python_dop_operator_3.py
[2023-07-19T18:43:51.567+0000] {processor.py:826} INFO - Processing file /home/airflow/.local/lib/python3.7/site-packages/airflow/example_dags/example_branch_python_dop_operator_3.py for tasks to queue
[2023-07-19T18:43:51.569+0000] {logging_mixin.py:150} INFO - [2023-07-19T18:43:51.568+0000] {dagbag.py:541} INFO - Filling up the DagBag from /home/airflow/.local/lib/python3.7/site-packages/airflow/example_dags/example_branch_python_dop_operator_3.py
[2023-07-19T18:43:51.579+0000] {processor.py:836} INFO - DAG(s) dict_keys(['example_branch_dop_operator_v3']) retrieved from /home/airflow/.local/lib/python3.7/site-packages/airflow/example_dags/example_branch_python_dop_operator_3.py
[2023-07-19T18:43:51.607+0000] {logging_mixin.py:150} INFO - [2023-07-19T18:43:51.607+0000] {dag.py:2742} INFO - Sync 1 DAGs
[2023-07-19T18:43:51.630+0000] {logging_mixin.py:150} INFO - [2023-07-19T18:43:51.630+0000] {dag.py:3508} INFO - Setting next_dagrun for example_branch_dop_operator_v3 to 2023-07-19T18:42:00+00:00, run_after=2023-07-19T18:43:00+00:00
[2023-07-19T18:43:51.647+0000] {processor.py:179} INFO - Processing /home/airflow/.local/lib/python3.7/site-packages/airflow/example_dags/example_branch_python_dop_operator_3.py took 0.086 seconds
[2023-07-19T18:44:22.519+0000] {processor.py:157} INFO - Started process (PID=281) to work on /home/airflow/.local/lib/python3.7/site-packages/airflow/example_dags/example_branch_python_dop_operator_3.py
[2023-07-19T18:44:22.527+0000] {processor.py:826} INFO - Processing file /home/airflow/.local/lib/python3.7/site-packages/airflow/example_dags/example_branch_python_dop_operator_3.py for tasks to queue
[2023-07-19T18:44:22.531+0000] {logging_mixin.py:150} INFO - [2023-07-19T18:44:22.531+0000] {dagbag.py:541} INFO - Filling up the DagBag from /home/airflow/.local/lib/python3.7/site-packages/airflow/example_dags/example_branch_python_dop_operator_3.py
[2023-07-19T18:44:22.548+0000] {processor.py:836} INFO - DAG(s) dict_keys(['example_branch_dop_operator_v3']) retrieved from /home/airflow/.local/lib/python3.7/site-packages/airflow/example_dags/example_branch_python_dop_operator_3.py
[2023-07-19T18:44:22.582+0000] {logging_mixin.py:150} INFO - [2023-07-19T18:44:22.582+0000] {dag.py:2742} INFO - Sync 1 DAGs
[2023-07-19T18:44:22.625+0000] {logging_mixin.py:150} INFO - [2023-07-19T18:44:22.625+0000] {dag.py:3508} INFO - Setting next_dagrun for example_branch_dop_operator_v3 to 2023-07-19T18:43:00+00:00, run_after=2023-07-19T18:44:00+00:00
[2023-07-19T18:44:22.658+0000] {processor.py:179} INFO - Processing /home/airflow/.local/lib/python3.7/site-packages/airflow/example_dags/example_branch_python_dop_operator_3.py took 0.147 seconds
[2023-07-19T18:44:52.788+0000] {processor.py:157} INFO - Started process (PID=340) to work on /home/airflow/.local/lib/python3.7/site-packages/airflow/example_dags/example_branch_python_dop_operator_3.py
[2023-07-19T18:44:52.791+0000] {processor.py:826} INFO - Processing file /home/airflow/.local/lib/python3.7/site-packages/airflow/example_dags/example_branch_python_dop_operator_3.py for tasks to queue
[2023-07-19T18:44:52.793+0000] {logging_mixin.py:150} INFO - [2023-07-19T18:44:52.793+0000] {dagbag.py:541} INFO - Filling up the DagBag from /home/airflow/.local/lib/python3.7/site-packages/airflow/example_dags/example_branch_python_dop_operator_3.py
[2023-07-19T18:44:52.801+0000] {processor.py:836} INFO - DAG(s) dict_keys(['example_branch_dop_operator_v3']) retrieved from /home/airflow/.local/lib/python3.7/site-packages/airflow/example_dags/example_branch_python_dop_operator_3.py
[2023-07-19T18:44:52.832+0000] {logging_mixin.py:150} INFO - [2023-07-19T18:44:52.832+0000] {dag.py:2742} INFO - Sync 1 DAGs
[2023-07-19T18:44:52.864+0000] {logging_mixin.py:150} INFO - [2023-07-19T18:44:52.864+0000] {dag.py:3508} INFO - Setting next_dagrun for example_branch_dop_operator_v3 to 2023-07-19T18:43:00+00:00, run_after=2023-07-19T18:44:00+00:00
[2023-07-19T18:44:52.889+0000] {processor.py:179} INFO - Processing /home/airflow/.local/lib/python3.7/site-packages/airflow/example_dags/example_branch_python_dop_operator_3.py took 0.104 seconds
[2023-07-19T18:45:23.612+0000] {processor.py:157} INFO - Started process (PID=398) to work on /home/airflow/.local/lib/python3.7/site-packages/airflow/example_dags/example_branch_python_dop_operator_3.py
[2023-07-19T18:45:23.618+0000] {processor.py:826} INFO - Processing file /home/airflow/.local/lib/python3.7/site-packages/airflow/example_dags/example_branch_python_dop_operator_3.py for tasks to queue
[2023-07-19T18:45:23.623+0000] {logging_mixin.py:150} INFO - [2023-07-19T18:45:23.622+0000] {dagbag.py:541} INFO - Filling up the DagBag from /home/airflow/.local/lib/python3.7/site-packages/airflow/example_dags/example_branch_python_dop_operator_3.py
[2023-07-19T18:45:23.641+0000] {processor.py:836} INFO - DAG(s) dict_keys(['example_branch_dop_operator_v3']) retrieved from /home/airflow/.local/lib/python3.7/site-packages/airflow/example_dags/example_branch_python_dop_operator_3.py
[2023-07-19T18:45:23.692+0000] {logging_mixin.py:150} INFO - [2023-07-19T18:45:23.691+0000] {dag.py:2742} INFO - Sync 1 DAGs
[2023-07-19T18:45:23.738+0000] {logging_mixin.py:150} INFO - [2023-07-19T18:45:23.738+0000] {dag.py:3508} INFO - Setting next_dagrun for example_branch_dop_operator_v3 to 2023-07-19T18:44:00+00:00, run_after=2023-07-19T18:45:00+00:00
[2023-07-19T18:45:23.770+0000] {processor.py:179} INFO - Processing /home/airflow/.local/lib/python3.7/site-packages/airflow/example_dags/example_branch_python_dop_operator_3.py took 0.166 seconds
[2023-07-19T18:45:54.680+0000] {processor.py:157} INFO - Started process (PID=457) to work on /home/airflow/.local/lib/python3.7/site-packages/airflow/example_dags/example_branch_python_dop_operator_3.py
[2023-07-19T18:45:54.686+0000] {processor.py:826} INFO - Processing file /home/airflow/.local/lib/python3.7/site-packages/airflow/example_dags/example_branch_python_dop_operator_3.py for tasks to queue
[2023-07-19T18:45:54.689+0000] {logging_mixin.py:150} INFO - [2023-07-19T18:45:54.688+0000] {dagbag.py:541} INFO - Filling up the DagBag from /home/airflow/.local/lib/python3.7/site-packages/airflow/example_dags/example_branch_python_dop_operator_3.py
[2023-07-19T18:45:54.715+0000] {processor.py:836} INFO - DAG(s) dict_keys(['example_branch_dop_operator_v3']) retrieved from /home/airflow/.local/lib/python3.7/site-packages/airflow/example_dags/example_branch_python_dop_operator_3.py
[2023-07-19T18:45:54.751+0000] {logging_mixin.py:150} INFO - [2023-07-19T18:45:54.751+0000] {dag.py:2742} INFO - Sync 1 DAGs
[2023-07-19T18:45:54.797+0000] {logging_mixin.py:150} INFO - [2023-07-19T18:45:54.797+0000] {dag.py:3508} INFO - Setting next_dagrun for example_branch_dop_operator_v3 to 2023-07-19T18:44:00+00:00, run_after=2023-07-19T18:45:00+00:00
[2023-07-19T18:45:54.826+0000] {processor.py:179} INFO - Processing /home/airflow/.local/lib/python3.7/site-packages/airflow/example_dags/example_branch_python_dop_operator_3.py took 0.152 seconds
[2023-07-19T18:46:25.399+0000] {processor.py:157} INFO - Started process (PID=516) to work on /home/airflow/.local/lib/python3.7/site-packages/airflow/example_dags/example_branch_python_dop_operator_3.py
[2023-07-19T18:46:25.402+0000] {processor.py:826} INFO - Processing file /home/airflow/.local/lib/python3.7/site-packages/airflow/example_dags/example_branch_python_dop_operator_3.py for tasks to queue
[2023-07-19T18:46:25.405+0000] {logging_mixin.py:150} INFO - [2023-07-19T18:46:25.405+0000] {dagbag.py:541} INFO - Filling up the DagBag from /home/airflow/.local/lib/python3.7/site-packages/airflow/example_dags/example_branch_python_dop_operator_3.py
[2023-07-19T18:46:25.420+0000] {processor.py:836} INFO - DAG(s) dict_keys(['example_branch_dop_operator_v3']) retrieved from /home/airflow/.local/lib/python3.7/site-packages/airflow/example_dags/example_branch_python_dop_operator_3.py
[2023-07-19T18:46:25.459+0000] {logging_mixin.py:150} INFO - [2023-07-19T18:46:25.459+0000] {dag.py:2742} INFO - Sync 1 DAGs
[2023-07-19T18:46:25.496+0000] {logging_mixin.py:150} INFO - [2023-07-19T18:46:25.496+0000] {dag.py:3508} INFO - Setting next_dagrun for example_branch_dop_operator_v3 to 2023-07-19T18:45:00+00:00, run_after=2023-07-19T18:46:00+00:00
[2023-07-19T18:46:25.517+0000] {processor.py:179} INFO - Processing /home/airflow/.local/lib/python3.7/site-packages/airflow/example_dags/example_branch_python_dop_operator_3.py took 0.129 seconds
[2023-07-19T18:46:57.977+0000] {processor.py:157} INFO - Started process (PID=576) to work on /home/airflow/.local/lib/python3.7/site-packages/airflow/example_dags/example_branch_python_dop_operator_3.py
[2023-07-19T18:46:57.993+0000] {processor.py:826} INFO - Processing file /home/airflow/.local/lib/python3.7/site-packages/airflow/example_dags/example_branch_python_dop_operator_3.py for tasks to queue
[2023-07-19T18:46:58.004+0000] {logging_mixin.py:150} INFO - [2023-07-19T18:46:58.004+0000] {dagbag.py:541} INFO - Filling up the DagBag from /home/airflow/.local/lib/python3.7/site-packages/airflow/example_dags/example_branch_python_dop_operator_3.py
[2023-07-19T18:46:58.015+0000] {processor.py:836} INFO - DAG(s) dict_keys(['example_branch_dop_operator_v3']) retrieved from /home/airflow/.local/lib/python3.7/site-packages/airflow/example_dags/example_branch_python_dop_operator_3.py
[2023-07-19T18:46:58.065+0000] {logging_mixin.py:150} INFO - [2023-07-19T18:46:58.065+0000] {dag.py:2742} INFO - Sync 1 DAGs
[2023-07-19T18:46:58.113+0000] {logging_mixin.py:150} INFO - [2023-07-19T18:46:58.113+0000] {dag.py:3508} INFO - Setting next_dagrun for example_branch_dop_operator_v3 to 2023-07-19T18:45:00+00:00, run_after=2023-07-19T18:46:00+00:00
[2023-07-19T18:46:58.385+0000] {processor.py:179} INFO - Processing /home/airflow/.local/lib/python3.7/site-packages/airflow/example_dags/example_branch_python_dop_operator_3.py took 0.413 seconds
[2023-07-19T18:47:29.086+0000] {processor.py:157} INFO - Started process (PID=634) to work on /home/airflow/.local/lib/python3.7/site-packages/airflow/example_dags/example_branch_python_dop_operator_3.py
[2023-07-19T18:47:29.097+0000] {processor.py:826} INFO - Processing file /home/airflow/.local/lib/python3.7/site-packages/airflow/example_dags/example_branch_python_dop_operator_3.py for tasks to queue
[2023-07-19T18:47:29.106+0000] {logging_mixin.py:150} INFO - [2023-07-19T18:47:29.104+0000] {dagbag.py:541} INFO - Filling up the DagBag from /home/airflow/.local/lib/python3.7/site-packages/airflow/example_dags/example_branch_python_dop_operator_3.py
[2023-07-19T18:47:29.190+0000] {processor.py:836} INFO - DAG(s) dict_keys(['example_branch_dop_operator_v3']) retrieved from /home/airflow/.local/lib/python3.7/site-packages/airflow/example_dags/example_branch_python_dop_operator_3.py
[2023-07-19T18:47:29.399+0000] {logging_mixin.py:150} INFO - [2023-07-19T18:47:29.399+0000] {dag.py:2742} INFO - Sync 1 DAGs
[2023-07-19T18:47:29.477+0000] {logging_mixin.py:150} INFO - [2023-07-19T18:47:29.477+0000] {dag.py:3508} INFO - Setting next_dagrun for example_branch_dop_operator_v3 to 2023-07-19T18:46:00+00:00, run_after=2023-07-19T18:47:00+00:00
[2023-07-19T18:47:29.512+0000] {processor.py:179} INFO - Processing /home/airflow/.local/lib/python3.7/site-packages/airflow/example_dags/example_branch_python_dop_operator_3.py took 0.454 seconds
[2023-07-19T18:48:00.262+0000] {processor.py:157} INFO - Started process (PID=693) to work on /home/airflow/.local/lib/python3.7/site-packages/airflow/example_dags/example_branch_python_dop_operator_3.py
[2023-07-19T18:48:00.269+0000] {processor.py:826} INFO - Processing file /home/airflow/.local/lib/python3.7/site-packages/airflow/example_dags/example_branch_python_dop_operator_3.py for tasks to queue
[2023-07-19T18:48:00.274+0000] {logging_mixin.py:150} INFO - [2023-07-19T18:48:00.273+0000] {dagbag.py:541} INFO - Filling up the DagBag from /home/airflow/.local/lib/python3.7/site-packages/airflow/example_dags/example_branch_python_dop_operator_3.py
[2023-07-19T18:48:00.300+0000] {processor.py:836} INFO - DAG(s) dict_keys(['example_branch_dop_operator_v3']) retrieved from /home/airflow/.local/lib/python3.7/site-packages/airflow/example_dags/example_branch_python_dop_operator_3.py
[2023-07-19T18:48:00.370+0000] {logging_mixin.py:150} INFO - [2023-07-19T18:48:00.370+0000] {dag.py:2742} INFO - Sync 1 DAGs
[2023-07-19T18:48:00.434+0000] {logging_mixin.py:150} INFO - [2023-07-19T18:48:00.434+0000] {dag.py:3508} INFO - Setting next_dagrun for example_branch_dop_operator_v3 to 2023-07-19T18:47:00+00:00, run_after=2023-07-19T18:48:00+00:00
[2023-07-19T18:48:00.484+0000] {processor.py:179} INFO - Processing /home/airflow/.local/lib/python3.7/site-packages/airflow/example_dags/example_branch_python_dop_operator_3.py took 0.227 seconds
[2023-07-19T18:48:31.123+0000] {processor.py:157} INFO - Started process (PID=752) to work on /home/airflow/.local/lib/python3.7/site-packages/airflow/example_dags/example_branch_python_dop_operator_3.py
[2023-07-19T18:48:31.152+0000] {processor.py:826} INFO - Processing file /home/airflow/.local/lib/python3.7/site-packages/airflow/example_dags/example_branch_python_dop_operator_3.py for tasks to queue
[2023-07-19T18:48:31.176+0000] {logging_mixin.py:150} INFO - [2023-07-19T18:48:31.175+0000] {dagbag.py:541} INFO - Filling up the DagBag from /home/airflow/.local/lib/python3.7/site-packages/airflow/example_dags/example_branch_python_dop_operator_3.py
[2023-07-19T18:48:31.236+0000] {processor.py:836} INFO - DAG(s) dict_keys(['example_branch_dop_operator_v3']) retrieved from /home/airflow/.local/lib/python3.7/site-packages/airflow/example_dags/example_branch_python_dop_operator_3.py
[2023-07-19T18:48:31.371+0000] {logging_mixin.py:150} INFO - [2023-07-19T18:48:31.368+0000] {dag.py:2742} INFO - Sync 1 DAGs
[2023-07-19T18:48:31.480+0000] {logging_mixin.py:150} INFO - [2023-07-19T18:48:31.479+0000] {dag.py:3508} INFO - Setting next_dagrun for example_branch_dop_operator_v3 to 2023-07-19T18:47:00+00:00, run_after=2023-07-19T18:48:00+00:00
[2023-07-19T18:48:31.622+0000] {processor.py:179} INFO - Processing /home/airflow/.local/lib/python3.7/site-packages/airflow/example_dags/example_branch_python_dop_operator_3.py took 0.513 seconds
[2023-07-19T18:49:02.473+0000] {processor.py:157} INFO - Started process (PID=812) to work on /home/airflow/.local/lib/python3.7/site-packages/airflow/example_dags/example_branch_python_dop_operator_3.py
[2023-07-19T18:49:02.500+0000] {processor.py:826} INFO - Processing file /home/airflow/.local/lib/python3.7/site-packages/airflow/example_dags/example_branch_python_dop_operator_3.py for tasks to queue
[2023-07-19T18:49:02.519+0000] {logging_mixin.py:150} INFO - [2023-07-19T18:49:02.518+0000] {dagbag.py:541} INFO - Filling up the DagBag from /home/airflow/.local/lib/python3.7/site-packages/airflow/example_dags/example_branch_python_dop_operator_3.py
[2023-07-19T18:49:02.609+0000] {processor.py:836} INFO - DAG(s) dict_keys(['example_branch_dop_operator_v3']) retrieved from /home/airflow/.local/lib/python3.7/site-packages/airflow/example_dags/example_branch_python_dop_operator_3.py
[2023-07-19T18:49:02.793+0000] {logging_mixin.py:150} INFO - [2023-07-19T18:49:02.792+0000] {dag.py:2742} INFO - Sync 1 DAGs
[2023-07-19T18:49:02.893+0000] {logging_mixin.py:150} INFO - [2023-07-19T18:49:02.892+0000] {dag.py:3508} INFO - Setting next_dagrun for example_branch_dop_operator_v3 to 2023-07-19T18:48:00+00:00, run_after=2023-07-19T18:49:00+00:00
[2023-07-19T18:49:02.953+0000] {processor.py:179} INFO - Processing /home/airflow/.local/lib/python3.7/site-packages/airflow/example_dags/example_branch_python_dop_operator_3.py took 0.509 seconds
[2023-07-19T18:49:33.357+0000] {processor.py:157} INFO - Started process (PID=871) to work on /home/airflow/.local/lib/python3.7/site-packages/airflow/example_dags/example_branch_python_dop_operator_3.py
[2023-07-19T18:49:33.363+0000] {processor.py:826} INFO - Processing file /home/airflow/.local/lib/python3.7/site-packages/airflow/example_dags/example_branch_python_dop_operator_3.py for tasks to queue
[2023-07-19T18:49:33.365+0000] {logging_mixin.py:150} INFO - [2023-07-19T18:49:33.365+0000] {dagbag.py:541} INFO - Filling up the DagBag from /home/airflow/.local/lib/python3.7/site-packages/airflow/example_dags/example_branch_python_dop_operator_3.py
[2023-07-19T18:49:33.380+0000] {processor.py:836} INFO - DAG(s) dict_keys(['example_branch_dop_operator_v3']) retrieved from /home/airflow/.local/lib/python3.7/site-packages/airflow/example_dags/example_branch_python_dop_operator_3.py
[2023-07-19T18:49:33.424+0000] {logging_mixin.py:150} INFO - [2023-07-19T18:49:33.424+0000] {dag.py:2742} INFO - Sync 1 DAGs
[2023-07-19T18:49:33.459+0000] {logging_mixin.py:150} INFO - [2023-07-19T18:49:33.459+0000] {dag.py:3508} INFO - Setting next_dagrun for example_branch_dop_operator_v3 to 2023-07-19T18:48:00+00:00, run_after=2023-07-19T18:49:00+00:00
[2023-07-19T18:49:33.477+0000] {processor.py:179} INFO - Processing /home/airflow/.local/lib/python3.7/site-packages/airflow/example_dags/example_branch_python_dop_operator_3.py took 0.128 seconds
[2023-07-19T18:50:03.814+0000] {processor.py:157} INFO - Started process (PID=930) to work on /home/airflow/.local/lib/python3.7/site-packages/airflow/example_dags/example_branch_python_dop_operator_3.py
[2023-07-19T18:50:03.817+0000] {processor.py:826} INFO - Processing file /home/airflow/.local/lib/python3.7/site-packages/airflow/example_dags/example_branch_python_dop_operator_3.py for tasks to queue
[2023-07-19T18:50:03.819+0000] {logging_mixin.py:150} INFO - [2023-07-19T18:50:03.818+0000] {dagbag.py:541} INFO - Filling up the DagBag from /home/airflow/.local/lib/python3.7/site-packages/airflow/example_dags/example_branch_python_dop_operator_3.py
[2023-07-19T18:50:03.835+0000] {processor.py:836} INFO - DAG(s) dict_keys(['example_branch_dop_operator_v3']) retrieved from /home/airflow/.local/lib/python3.7/site-packages/airflow/example_dags/example_branch_python_dop_operator_3.py
[2023-07-19T18:50:03.876+0000] {logging_mixin.py:150} INFO - [2023-07-19T18:50:03.876+0000] {dag.py:2742} INFO - Sync 1 DAGs
[2023-07-19T18:50:03.905+0000] {logging_mixin.py:150} INFO - [2023-07-19T18:50:03.905+0000] {dag.py:3508} INFO - Setting next_dagrun for example_branch_dop_operator_v3 to 2023-07-19T18:49:00+00:00, run_after=2023-07-19T18:50:00+00:00
[2023-07-19T18:50:03.922+0000] {processor.py:179} INFO - Processing /home/airflow/.local/lib/python3.7/site-packages/airflow/example_dags/example_branch_python_dop_operator_3.py took 0.117 seconds
[2023-07-19T18:50:40.917+0000] {processor.py:157} INFO - Started process (PID=990) to work on /home/airflow/.local/lib/python3.7/site-packages/airflow/example_dags/example_branch_python_dop_operator_3.py
[2023-07-19T18:50:40.922+0000] {processor.py:826} INFO - Processing file /home/airflow/.local/lib/python3.7/site-packages/airflow/example_dags/example_branch_python_dop_operator_3.py for tasks to queue
[2023-07-19T18:50:40.932+0000] {logging_mixin.py:150} INFO - [2023-07-19T18:50:40.929+0000] {dagbag.py:541} INFO - Filling up the DagBag from /home/airflow/.local/lib/python3.7/site-packages/airflow/example_dags/example_branch_python_dop_operator_3.py
[2023-07-19T18:50:40.976+0000] {processor.py:836} INFO - DAG(s) dict_keys(['example_branch_dop_operator_v3']) retrieved from /home/airflow/.local/lib/python3.7/site-packages/airflow/example_dags/example_branch_python_dop_operator_3.py
[2023-07-19T18:50:41.079+0000] {logging_mixin.py:150} INFO - [2023-07-19T18:50:41.078+0000] {dag.py:2742} INFO - Sync 1 DAGs
[2023-07-19T18:50:41.146+0000] {logging_mixin.py:150} INFO - [2023-07-19T18:50:41.146+0000] {dag.py:3508} INFO - Setting next_dagrun for example_branch_dop_operator_v3 to 2023-07-19T18:49:00+00:00, run_after=2023-07-19T18:50:00+00:00
[2023-07-19T18:50:41.218+0000] {processor.py:179} INFO - Processing /home/airflow/.local/lib/python3.7/site-packages/airflow/example_dags/example_branch_python_dop_operator_3.py took 0.306 seconds
[2023-07-19T18:51:12.334+0000] {processor.py:157} INFO - Started process (PID=1048) to work on /home/airflow/.local/lib/python3.7/site-packages/airflow/example_dags/example_branch_python_dop_operator_3.py
[2023-07-19T18:51:12.337+0000] {processor.py:826} INFO - Processing file /home/airflow/.local/lib/python3.7/site-packages/airflow/example_dags/example_branch_python_dop_operator_3.py for tasks to queue
[2023-07-19T18:51:12.342+0000] {logging_mixin.py:150} INFO - [2023-07-19T18:51:12.341+0000] {dagbag.py:541} INFO - Filling up the DagBag from /home/airflow/.local/lib/python3.7/site-packages/airflow/example_dags/example_branch_python_dop_operator_3.py
[2023-07-19T18:51:12.358+0000] {processor.py:836} INFO - DAG(s) dict_keys(['example_branch_dop_operator_v3']) retrieved from /home/airflow/.local/lib/python3.7/site-packages/airflow/example_dags/example_branch_python_dop_operator_3.py
[2023-07-19T18:51:12.408+0000] {logging_mixin.py:150} INFO - [2023-07-19T18:51:12.407+0000] {dag.py:2742} INFO - Sync 1 DAGs
[2023-07-19T18:51:12.453+0000] {logging_mixin.py:150} INFO - [2023-07-19T18:51:12.453+0000] {dag.py:3508} INFO - Setting next_dagrun for example_branch_dop_operator_v3 to 2023-07-19T18:50:00+00:00, run_after=2023-07-19T18:51:00+00:00
[2023-07-19T18:51:12.482+0000] {processor.py:179} INFO - Processing /home/airflow/.local/lib/python3.7/site-packages/airflow/example_dags/example_branch_python_dop_operator_3.py took 0.152 seconds
[2023-07-19T18:51:42.808+0000] {processor.py:157} INFO - Started process (PID=1108) to work on /home/airflow/.local/lib/python3.7/site-packages/airflow/example_dags/example_branch_python_dop_operator_3.py
[2023-07-19T18:51:42.816+0000] {processor.py:826} INFO - Processing file /home/airflow/.local/lib/python3.7/site-packages/airflow/example_dags/example_branch_python_dop_operator_3.py for tasks to queue
[2023-07-19T18:51:42.823+0000] {logging_mixin.py:150} INFO - [2023-07-19T18:51:42.820+0000] {dagbag.py:541} INFO - Filling up the DagBag from /home/airflow/.local/lib/python3.7/site-packages/airflow/example_dags/example_branch_python_dop_operator_3.py
[2023-07-19T18:51:42.840+0000] {processor.py:836} INFO - DAG(s) dict_keys(['example_branch_dop_operator_v3']) retrieved from /home/airflow/.local/lib/python3.7/site-packages/airflow/example_dags/example_branch_python_dop_operator_3.py
[2023-07-19T18:51:42.878+0000] {logging_mixin.py:150} INFO - [2023-07-19T18:51:42.878+0000] {dag.py:2742} INFO - Sync 1 DAGs
[2023-07-19T18:51:42.933+0000] {logging_mixin.py:150} INFO - [2023-07-19T18:51:42.932+0000] {dag.py:3508} INFO - Setting next_dagrun for example_branch_dop_operator_v3 to 2023-07-19T18:50:00+00:00, run_after=2023-07-19T18:51:00+00:00
[2023-07-19T18:51:42.958+0000] {processor.py:179} INFO - Processing /home/airflow/.local/lib/python3.7/site-packages/airflow/example_dags/example_branch_python_dop_operator_3.py took 0.160 seconds
[2023-07-19T18:52:13.567+0000] {processor.py:157} INFO - Started process (PID=1167) to work on /home/airflow/.local/lib/python3.7/site-packages/airflow/example_dags/example_branch_python_dop_operator_3.py
[2023-07-19T18:52:13.570+0000] {processor.py:826} INFO - Processing file /home/airflow/.local/lib/python3.7/site-packages/airflow/example_dags/example_branch_python_dop_operator_3.py for tasks to queue
[2023-07-19T18:52:13.571+0000] {logging_mixin.py:150} INFO - [2023-07-19T18:52:13.571+0000] {dagbag.py:541} INFO - Filling up the DagBag from /home/airflow/.local/lib/python3.7/site-packages/airflow/example_dags/example_branch_python_dop_operator_3.py
[2023-07-19T18:52:13.582+0000] {processor.py:836} INFO - DAG(s) dict_keys(['example_branch_dop_operator_v3']) retrieved from /home/airflow/.local/lib/python3.7/site-packages/airflow/example_dags/example_branch_python_dop_operator_3.py
[2023-07-19T18:52:13.615+0000] {logging_mixin.py:150} INFO - [2023-07-19T18:52:13.615+0000] {dag.py:2742} INFO - Sync 1 DAGs
[2023-07-19T18:52:13.639+0000] {logging_mixin.py:150} INFO - [2023-07-19T18:52:13.639+0000] {dag.py:3508} INFO - Setting next_dagrun for example_branch_dop_operator_v3 to 2023-07-19T18:51:00+00:00, run_after=2023-07-19T18:52:00+00:00
[2023-07-19T18:52:13.656+0000] {processor.py:179} INFO - Processing /home/airflow/.local/lib/python3.7/site-packages/airflow/example_dags/example_branch_python_dop_operator_3.py took 0.093 seconds
[2023-07-19T18:52:43.949+0000] {processor.py:157} INFO - Started process (PID=1227) to work on /home/airflow/.local/lib/python3.7/site-packages/airflow/example_dags/example_branch_python_dop_operator_3.py
[2023-07-19T18:52:43.954+0000] {processor.py:826} INFO - Processing file /home/airflow/.local/lib/python3.7/site-packages/airflow/example_dags/example_branch_python_dop_operator_3.py for tasks to queue
[2023-07-19T18:52:43.956+0000] {logging_mixin.py:150} INFO - [2023-07-19T18:52:43.956+0000] {dagbag.py:541} INFO - Filling up the DagBag from /home/airflow/.local/lib/python3.7/site-packages/airflow/example_dags/example_branch_python_dop_operator_3.py
[2023-07-19T18:52:43.973+0000] {processor.py:836} INFO - DAG(s) dict_keys(['example_branch_dop_operator_v3']) retrieved from /home/airflow/.local/lib/python3.7/site-packages/airflow/example_dags/example_branch_python_dop_operator_3.py
[2023-07-19T18:52:44.021+0000] {logging_mixin.py:150} INFO - [2023-07-19T18:52:44.021+0000] {dag.py:2742} INFO - Sync 1 DAGs
[2023-07-19T18:52:44.048+0000] {logging_mixin.py:150} INFO - [2023-07-19T18:52:44.047+0000] {dag.py:3508} INFO - Setting next_dagrun for example_branch_dop_operator_v3 to 2023-07-19T18:51:00+00:00, run_after=2023-07-19T18:52:00+00:00
[2023-07-19T18:52:44.064+0000] {processor.py:179} INFO - Processing /home/airflow/.local/lib/python3.7/site-packages/airflow/example_dags/example_branch_python_dop_operator_3.py took 0.128 seconds
[2023-07-19T18:53:14.140+0000] {processor.py:157} INFO - Started process (PID=1287) to work on /home/airflow/.local/lib/python3.7/site-packages/airflow/example_dags/example_branch_python_dop_operator_3.py
[2023-07-19T18:53:14.142+0000] {processor.py:826} INFO - Processing file /home/airflow/.local/lib/python3.7/site-packages/airflow/example_dags/example_branch_python_dop_operator_3.py for tasks to queue
[2023-07-19T18:53:14.144+0000] {logging_mixin.py:150} INFO - [2023-07-19T18:53:14.143+0000] {dagbag.py:541} INFO - Filling up the DagBag from /home/airflow/.local/lib/python3.7/site-packages/airflow/example_dags/example_branch_python_dop_operator_3.py
[2023-07-19T18:53:14.154+0000] {processor.py:836} INFO - DAG(s) dict_keys(['example_branch_dop_operator_v3']) retrieved from /home/airflow/.local/lib/python3.7/site-packages/airflow/example_dags/example_branch_python_dop_operator_3.py
[2023-07-19T18:53:14.182+0000] {logging_mixin.py:150} INFO - [2023-07-19T18:53:14.182+0000] {dag.py:2742} INFO - Sync 1 DAGs
[2023-07-19T18:53:14.211+0000] {logging_mixin.py:150} INFO - [2023-07-19T18:53:14.210+0000] {dag.py:3508} INFO - Setting next_dagrun for example_branch_dop_operator_v3 to 2023-07-19T18:52:00+00:00, run_after=2023-07-19T18:53:00+00:00
[2023-07-19T18:53:14.236+0000] {processor.py:179} INFO - Processing /home/airflow/.local/lib/python3.7/site-packages/airflow/example_dags/example_branch_python_dop_operator_3.py took 0.100 seconds
[2023-07-19T18:53:44.802+0000] {processor.py:157} INFO - Started process (PID=1345) to work on /home/airflow/.local/lib/python3.7/site-packages/airflow/example_dags/example_branch_python_dop_operator_3.py
[2023-07-19T18:53:44.806+0000] {processor.py:826} INFO - Processing file /home/airflow/.local/lib/python3.7/site-packages/airflow/example_dags/example_branch_python_dop_operator_3.py for tasks to queue
[2023-07-19T18:53:44.816+0000] {logging_mixin.py:150} INFO - [2023-07-19T18:53:44.816+0000] {dagbag.py:541} INFO - Filling up the DagBag from /home/airflow/.local/lib/python3.7/site-packages/airflow/example_dags/example_branch_python_dop_operator_3.py
[2023-07-19T18:53:44.831+0000] {processor.py:836} INFO - DAG(s) dict_keys(['example_branch_dop_operator_v3']) retrieved from /home/airflow/.local/lib/python3.7/site-packages/airflow/example_dags/example_branch_python_dop_operator_3.py
[2023-07-19T18:53:44.890+0000] {logging_mixin.py:150} INFO - [2023-07-19T18:53:44.889+0000] {dag.py:2742} INFO - Sync 1 DAGs
[2023-07-19T18:53:44.951+0000] {logging_mixin.py:150} INFO - [2023-07-19T18:53:44.951+0000] {dag.py:3508} INFO - Setting next_dagrun for example_branch_dop_operator_v3 to 2023-07-19T18:52:00+00:00, run_after=2023-07-19T18:53:00+00:00
[2023-07-19T18:53:44.984+0000] {processor.py:179} INFO - Processing /home/airflow/.local/lib/python3.7/site-packages/airflow/example_dags/example_branch_python_dop_operator_3.py took 0.188 seconds
[2023-07-19T18:54:16.316+0000] {processor.py:157} INFO - Started process (PID=1398) to work on /home/airflow/.local/lib/python3.7/site-packages/airflow/example_dags/example_branch_python_dop_operator_3.py
[2023-07-19T18:54:16.327+0000] {processor.py:826} INFO - Processing file /home/airflow/.local/lib/python3.7/site-packages/airflow/example_dags/example_branch_python_dop_operator_3.py for tasks to queue
[2023-07-19T18:54:16.336+0000] {logging_mixin.py:150} INFO - [2023-07-19T18:54:16.335+0000] {dagbag.py:541} INFO - Filling up the DagBag from /home/airflow/.local/lib/python3.7/site-packages/airflow/example_dags/example_branch_python_dop_operator_3.py
[2023-07-19T18:54:16.356+0000] {processor.py:836} INFO - DAG(s) dict_keys(['example_branch_dop_operator_v3']) retrieved from /home/airflow/.local/lib/python3.7/site-packages/airflow/example_dags/example_branch_python_dop_operator_3.py
[2023-07-19T18:54:16.415+0000] {logging_mixin.py:150} INFO - [2023-07-19T18:54:16.415+0000] {dag.py:2742} INFO - Sync 1 DAGs
[2023-07-19T18:54:16.467+0000] {logging_mixin.py:150} INFO - [2023-07-19T18:54:16.467+0000] {dag.py:3508} INFO - Setting next_dagrun for example_branch_dop_operator_v3 to 2023-07-19T18:53:00+00:00, run_after=2023-07-19T18:54:00+00:00
[2023-07-19T18:54:16.504+0000] {processor.py:179} INFO - Processing /home/airflow/.local/lib/python3.7/site-packages/airflow/example_dags/example_branch_python_dop_operator_3.py took 0.195 seconds
