[2023-07-19T18:42:19.680+0000] {processor.py:157} INFO - Started process (PID=49) to work on /home/airflow/.local/lib/python3.7/site-packages/airflow/example_dags/example_datasets.py
[2023-07-19T18:42:19.682+0000] {processor.py:826} INFO - Processing file /home/airflow/.local/lib/python3.7/site-packages/airflow/example_dags/example_datasets.py for tasks to queue
[2023-07-19T18:42:19.685+0000] {logging_mixin.py:150} INFO - [2023-07-19T18:42:19.684+0000] {dagbag.py:541} INFO - Filling up the DagBag from /home/airflow/.local/lib/python3.7/site-packages/airflow/example_dags/example_datasets.py
[2023-07-19T18:42:19.699+0000] {processor.py:836} INFO - DAG(s) dict_keys(['dataset_consumes_1_and_2', 'dataset_produces_1', 'dataset_consumes_1', 'dataset_produces_2', 'dataset_consumes_unknown_never_scheduled', 'dataset_consumes_1_never_scheduled']) retrieved from /home/airflow/.local/lib/python3.7/site-packages/airflow/example_dags/example_datasets.py
[2023-07-19T18:42:19.733+0000] {logging_mixin.py:150} INFO - [2023-07-19T18:42:19.732+0000] {dag.py:2742} INFO - Sync 6 DAGs
[2023-07-19T18:42:19.775+0000] {logging_mixin.py:150} INFO - [2023-07-19T18:42:19.775+0000] {dag.py:3508} INFO - Setting next_dagrun for dataset_consumes_1 to None, run_after=None
[2023-07-19T18:42:19.782+0000] {logging_mixin.py:150} INFO - [2023-07-19T18:42:19.782+0000] {dag.py:3508} INFO - Setting next_dagrun for dataset_consumes_1_and_2 to None, run_after=None
[2023-07-19T18:42:19.787+0000] {logging_mixin.py:150} INFO - [2023-07-19T18:42:19.786+0000] {dag.py:3508} INFO - Setting next_dagrun for dataset_consumes_1_never_scheduled to None, run_after=None
[2023-07-19T18:42:19.791+0000] {logging_mixin.py:150} INFO - [2023-07-19T18:42:19.790+0000] {dag.py:3508} INFO - Setting next_dagrun for dataset_consumes_unknown_never_scheduled to None, run_after=None
[2023-07-19T18:42:19.799+0000] {logging_mixin.py:150} INFO - [2023-07-19T18:42:19.799+0000] {dag.py:3508} INFO - Setting next_dagrun for dataset_produces_1 to 2023-07-18T00:00:00+00:00, run_after=2023-07-19T00:00:00+00:00
[2023-07-19T18:42:19.805+0000] {logging_mixin.py:150} INFO - [2023-07-19T18:42:19.805+0000] {dag.py:3508} INFO - Setting next_dagrun for dataset_produces_2 to None, run_after=None
[2023-07-19T18:42:19.854+0000] {processor.py:179} INFO - Processing /home/airflow/.local/lib/python3.7/site-packages/airflow/example_dags/example_datasets.py took 0.180 seconds
[2023-07-19T18:42:50.124+0000] {processor.py:157} INFO - Started process (PID=109) to work on /home/airflow/.local/lib/python3.7/site-packages/airflow/example_dags/example_datasets.py
[2023-07-19T18:42:50.126+0000] {processor.py:826} INFO - Processing file /home/airflow/.local/lib/python3.7/site-packages/airflow/example_dags/example_datasets.py for tasks to queue
[2023-07-19T18:42:50.131+0000] {logging_mixin.py:150} INFO - [2023-07-19T18:42:50.130+0000] {dagbag.py:541} INFO - Filling up the DagBag from /home/airflow/.local/lib/python3.7/site-packages/airflow/example_dags/example_datasets.py
[2023-07-19T18:42:50.141+0000] {processor.py:836} INFO - DAG(s) dict_keys(['dataset_consumes_1_never_scheduled', 'dataset_produces_1', 'dataset_consumes_1', 'dataset_consumes_unknown_never_scheduled', 'dataset_produces_2', 'dataset_consumes_1_and_2']) retrieved from /home/airflow/.local/lib/python3.7/site-packages/airflow/example_dags/example_datasets.py
[2023-07-19T18:42:50.172+0000] {logging_mixin.py:150} INFO - [2023-07-19T18:42:50.172+0000] {dag.py:2742} INFO - Sync 6 DAGs
[2023-07-19T18:42:50.192+0000] {logging_mixin.py:150} INFO - [2023-07-19T18:42:50.192+0000] {dag.py:3508} INFO - Setting next_dagrun for dataset_consumes_1 to None, run_after=None
[2023-07-19T18:42:50.196+0000] {logging_mixin.py:150} INFO - [2023-07-19T18:42:50.196+0000] {dag.py:3508} INFO - Setting next_dagrun for dataset_consumes_1_and_2 to None, run_after=None
[2023-07-19T18:42:50.198+0000] {logging_mixin.py:150} INFO - [2023-07-19T18:42:50.198+0000] {dag.py:3508} INFO - Setting next_dagrun for dataset_consumes_1_never_scheduled to None, run_after=None
[2023-07-19T18:42:50.199+0000] {logging_mixin.py:150} INFO - [2023-07-19T18:42:50.199+0000] {dag.py:3508} INFO - Setting next_dagrun for dataset_consumes_unknown_never_scheduled to None, run_after=None
[2023-07-19T18:42:50.205+0000] {logging_mixin.py:150} INFO - [2023-07-19T18:42:50.205+0000] {dag.py:3508} INFO - Setting next_dagrun for dataset_produces_1 to 2023-07-18T00:00:00+00:00, run_after=2023-07-19T00:00:00+00:00
[2023-07-19T18:42:50.207+0000] {logging_mixin.py:150} INFO - [2023-07-19T18:42:50.207+0000] {dag.py:3508} INFO - Setting next_dagrun for dataset_produces_2 to None, run_after=None
[2023-07-19T18:42:50.235+0000] {processor.py:179} INFO - Processing /home/airflow/.local/lib/python3.7/site-packages/airflow/example_dags/example_datasets.py took 0.115 seconds
[2023-07-19T18:43:21.251+0000] {processor.py:157} INFO - Started process (PID=168) to work on /home/airflow/.local/lib/python3.7/site-packages/airflow/example_dags/example_datasets.py
[2023-07-19T18:43:21.252+0000] {processor.py:826} INFO - Processing file /home/airflow/.local/lib/python3.7/site-packages/airflow/example_dags/example_datasets.py for tasks to queue
[2023-07-19T18:43:21.254+0000] {logging_mixin.py:150} INFO - [2023-07-19T18:43:21.254+0000] {dagbag.py:541} INFO - Filling up the DagBag from /home/airflow/.local/lib/python3.7/site-packages/airflow/example_dags/example_datasets.py
[2023-07-19T18:43:21.263+0000] {processor.py:836} INFO - DAG(s) dict_keys(['dataset_consumes_unknown_never_scheduled', 'dataset_consumes_1', 'dataset_produces_2', 'dataset_produces_1', 'dataset_consumes_1_and_2', 'dataset_consumes_1_never_scheduled']) retrieved from /home/airflow/.local/lib/python3.7/site-packages/airflow/example_dags/example_datasets.py
[2023-07-19T18:43:21.296+0000] {logging_mixin.py:150} INFO - [2023-07-19T18:43:21.296+0000] {dag.py:2742} INFO - Sync 6 DAGs
[2023-07-19T18:43:21.319+0000] {logging_mixin.py:150} INFO - [2023-07-19T18:43:21.319+0000] {dag.py:3508} INFO - Setting next_dagrun for dataset_consumes_1 to None, run_after=None
[2023-07-19T18:43:21.323+0000] {logging_mixin.py:150} INFO - [2023-07-19T18:43:21.323+0000] {dag.py:3508} INFO - Setting next_dagrun for dataset_consumes_1_and_2 to None, run_after=None
[2023-07-19T18:43:21.325+0000] {logging_mixin.py:150} INFO - [2023-07-19T18:43:21.325+0000] {dag.py:3508} INFO - Setting next_dagrun for dataset_consumes_1_never_scheduled to None, run_after=None
[2023-07-19T18:43:21.326+0000] {logging_mixin.py:150} INFO - [2023-07-19T18:43:21.326+0000] {dag.py:3508} INFO - Setting next_dagrun for dataset_consumes_unknown_never_scheduled to None, run_after=None
[2023-07-19T18:43:21.330+0000] {logging_mixin.py:150} INFO - [2023-07-19T18:43:21.329+0000] {dag.py:3508} INFO - Setting next_dagrun for dataset_produces_1 to 2023-07-18T00:00:00+00:00, run_after=2023-07-19T00:00:00+00:00
[2023-07-19T18:43:21.332+0000] {logging_mixin.py:150} INFO - [2023-07-19T18:43:21.332+0000] {dag.py:3508} INFO - Setting next_dagrun for dataset_produces_2 to None, run_after=None
[2023-07-19T18:43:21.353+0000] {processor.py:179} INFO - Processing /home/airflow/.local/lib/python3.7/site-packages/airflow/example_dags/example_datasets.py took 0.106 seconds
[2023-07-19T18:43:51.775+0000] {processor.py:157} INFO - Started process (PID=227) to work on /home/airflow/.local/lib/python3.7/site-packages/airflow/example_dags/example_datasets.py
[2023-07-19T18:43:51.777+0000] {processor.py:826} INFO - Processing file /home/airflow/.local/lib/python3.7/site-packages/airflow/example_dags/example_datasets.py for tasks to queue
[2023-07-19T18:43:51.779+0000] {logging_mixin.py:150} INFO - [2023-07-19T18:43:51.779+0000] {dagbag.py:541} INFO - Filling up the DagBag from /home/airflow/.local/lib/python3.7/site-packages/airflow/example_dags/example_datasets.py
[2023-07-19T18:43:51.788+0000] {processor.py:836} INFO - DAG(s) dict_keys(['dataset_consumes_1', 'dataset_consumes_1_and_2', 'dataset_consumes_unknown_never_scheduled', 'dataset_produces_2', 'dataset_produces_1', 'dataset_consumes_1_never_scheduled']) retrieved from /home/airflow/.local/lib/python3.7/site-packages/airflow/example_dags/example_datasets.py
[2023-07-19T18:43:51.832+0000] {logging_mixin.py:150} INFO - [2023-07-19T18:43:51.832+0000] {dag.py:2742} INFO - Sync 6 DAGs
[2023-07-19T18:43:51.853+0000] {logging_mixin.py:150} INFO - [2023-07-19T18:43:51.853+0000] {dag.py:3508} INFO - Setting next_dagrun for dataset_consumes_1 to None, run_after=None
[2023-07-19T18:43:51.857+0000] {logging_mixin.py:150} INFO - [2023-07-19T18:43:51.857+0000] {dag.py:3508} INFO - Setting next_dagrun for dataset_consumes_1_and_2 to None, run_after=None
[2023-07-19T18:43:51.859+0000] {logging_mixin.py:150} INFO - [2023-07-19T18:43:51.859+0000] {dag.py:3508} INFO - Setting next_dagrun for dataset_consumes_1_never_scheduled to None, run_after=None
[2023-07-19T18:43:51.861+0000] {logging_mixin.py:150} INFO - [2023-07-19T18:43:51.861+0000] {dag.py:3508} INFO - Setting next_dagrun for dataset_consumes_unknown_never_scheduled to None, run_after=None
[2023-07-19T18:43:51.864+0000] {logging_mixin.py:150} INFO - [2023-07-19T18:43:51.863+0000] {dag.py:3508} INFO - Setting next_dagrun for dataset_produces_1 to 2023-07-18T00:00:00+00:00, run_after=2023-07-19T00:00:00+00:00
[2023-07-19T18:43:51.866+0000] {logging_mixin.py:150} INFO - [2023-07-19T18:43:51.866+0000] {dag.py:3508} INFO - Setting next_dagrun for dataset_produces_2 to None, run_after=None
[2023-07-19T18:43:51.898+0000] {processor.py:179} INFO - Processing /home/airflow/.local/lib/python3.7/site-packages/airflow/example_dags/example_datasets.py took 0.126 seconds
[2023-07-19T18:44:22.928+0000] {processor.py:157} INFO - Started process (PID=285) to work on /home/airflow/.local/lib/python3.7/site-packages/airflow/example_dags/example_datasets.py
[2023-07-19T18:44:22.936+0000] {processor.py:826} INFO - Processing file /home/airflow/.local/lib/python3.7/site-packages/airflow/example_dags/example_datasets.py for tasks to queue
[2023-07-19T18:44:22.940+0000] {logging_mixin.py:150} INFO - [2023-07-19T18:44:22.940+0000] {dagbag.py:541} INFO - Filling up the DagBag from /home/airflow/.local/lib/python3.7/site-packages/airflow/example_dags/example_datasets.py
[2023-07-19T18:44:22.954+0000] {processor.py:836} INFO - DAG(s) dict_keys(['dataset_consumes_1_never_scheduled', 'dataset_produces_2', 'dataset_consumes_1_and_2', 'dataset_consumes_unknown_never_scheduled', 'dataset_consumes_1', 'dataset_produces_1']) retrieved from /home/airflow/.local/lib/python3.7/site-packages/airflow/example_dags/example_datasets.py
[2023-07-19T18:44:23.130+0000] {logging_mixin.py:150} INFO - [2023-07-19T18:44:23.120+0000] {dag.py:2742} INFO - Sync 6 DAGs
[2023-07-19T18:44:23.217+0000] {logging_mixin.py:150} INFO - [2023-07-19T18:44:23.217+0000] {dag.py:3508} INFO - Setting next_dagrun for dataset_consumes_1 to None, run_after=None
[2023-07-19T18:44:23.227+0000] {logging_mixin.py:150} INFO - [2023-07-19T18:44:23.227+0000] {dag.py:3508} INFO - Setting next_dagrun for dataset_consumes_1_and_2 to None, run_after=None
[2023-07-19T18:44:23.230+0000] {logging_mixin.py:150} INFO - [2023-07-19T18:44:23.230+0000] {dag.py:3508} INFO - Setting next_dagrun for dataset_consumes_1_never_scheduled to None, run_after=None
[2023-07-19T18:44:23.236+0000] {logging_mixin.py:150} INFO - [2023-07-19T18:44:23.236+0000] {dag.py:3508} INFO - Setting next_dagrun for dataset_consumes_unknown_never_scheduled to None, run_after=None
[2023-07-19T18:44:23.241+0000] {logging_mixin.py:150} INFO - [2023-07-19T18:44:23.241+0000] {dag.py:3508} INFO - Setting next_dagrun for dataset_produces_1 to 2023-07-18T00:00:00+00:00, run_after=2023-07-19T00:00:00+00:00
[2023-07-19T18:44:23.245+0000] {logging_mixin.py:150} INFO - [2023-07-19T18:44:23.245+0000] {dag.py:3508} INFO - Setting next_dagrun for dataset_produces_2 to None, run_after=None
[2023-07-19T18:44:23.287+0000] {processor.py:179} INFO - Processing /home/airflow/.local/lib/python3.7/site-packages/airflow/example_dags/example_datasets.py took 0.364 seconds
[2023-07-19T18:44:53.369+0000] {processor.py:157} INFO - Started process (PID=344) to work on /home/airflow/.local/lib/python3.7/site-packages/airflow/example_dags/example_datasets.py
[2023-07-19T18:44:53.371+0000] {processor.py:826} INFO - Processing file /home/airflow/.local/lib/python3.7/site-packages/airflow/example_dags/example_datasets.py for tasks to queue
[2023-07-19T18:44:53.373+0000] {logging_mixin.py:150} INFO - [2023-07-19T18:44:53.372+0000] {dagbag.py:541} INFO - Filling up the DagBag from /home/airflow/.local/lib/python3.7/site-packages/airflow/example_dags/example_datasets.py
[2023-07-19T18:44:53.386+0000] {processor.py:836} INFO - DAG(s) dict_keys(['dataset_produces_2', 'dataset_produces_1', 'dataset_consumes_1_never_scheduled', 'dataset_consumes_1', 'dataset_consumes_unknown_never_scheduled', 'dataset_consumes_1_and_2']) retrieved from /home/airflow/.local/lib/python3.7/site-packages/airflow/example_dags/example_datasets.py
[2023-07-19T18:44:53.438+0000] {logging_mixin.py:150} INFO - [2023-07-19T18:44:53.438+0000] {dag.py:2742} INFO - Sync 6 DAGs
[2023-07-19T18:44:53.458+0000] {logging_mixin.py:150} INFO - [2023-07-19T18:44:53.457+0000] {dag.py:3508} INFO - Setting next_dagrun for dataset_consumes_1 to None, run_after=None
[2023-07-19T18:44:53.462+0000] {logging_mixin.py:150} INFO - [2023-07-19T18:44:53.462+0000] {dag.py:3508} INFO - Setting next_dagrun for dataset_consumes_1_and_2 to None, run_after=None
[2023-07-19T18:44:53.464+0000] {logging_mixin.py:150} INFO - [2023-07-19T18:44:53.464+0000] {dag.py:3508} INFO - Setting next_dagrun for dataset_consumes_1_never_scheduled to None, run_after=None
[2023-07-19T18:44:53.466+0000] {logging_mixin.py:150} INFO - [2023-07-19T18:44:53.466+0000] {dag.py:3508} INFO - Setting next_dagrun for dataset_consumes_unknown_never_scheduled to None, run_after=None
[2023-07-19T18:44:53.469+0000] {logging_mixin.py:150} INFO - [2023-07-19T18:44:53.469+0000] {dag.py:3508} INFO - Setting next_dagrun for dataset_produces_1 to 2023-07-18T00:00:00+00:00, run_after=2023-07-19T00:00:00+00:00
[2023-07-19T18:44:53.471+0000] {logging_mixin.py:150} INFO - [2023-07-19T18:44:53.471+0000] {dag.py:3508} INFO - Setting next_dagrun for dataset_produces_2 to None, run_after=None
[2023-07-19T18:44:53.496+0000] {processor.py:179} INFO - Processing /home/airflow/.local/lib/python3.7/site-packages/airflow/example_dags/example_datasets.py took 0.130 seconds
[2023-07-19T18:45:24.175+0000] {processor.py:157} INFO - Started process (PID=403) to work on /home/airflow/.local/lib/python3.7/site-packages/airflow/example_dags/example_datasets.py
[2023-07-19T18:45:24.178+0000] {processor.py:826} INFO - Processing file /home/airflow/.local/lib/python3.7/site-packages/airflow/example_dags/example_datasets.py for tasks to queue
[2023-07-19T18:45:24.180+0000] {logging_mixin.py:150} INFO - [2023-07-19T18:45:24.180+0000] {dagbag.py:541} INFO - Filling up the DagBag from /home/airflow/.local/lib/python3.7/site-packages/airflow/example_dags/example_datasets.py
[2023-07-19T18:45:24.198+0000] {processor.py:836} INFO - DAG(s) dict_keys(['dataset_produces_2', 'dataset_consumes_unknown_never_scheduled', 'dataset_produces_1', 'dataset_consumes_1', 'dataset_consumes_1_and_2', 'dataset_consumes_1_never_scheduled']) retrieved from /home/airflow/.local/lib/python3.7/site-packages/airflow/example_dags/example_datasets.py
[2023-07-19T18:45:24.259+0000] {logging_mixin.py:150} INFO - [2023-07-19T18:45:24.259+0000] {dag.py:2742} INFO - Sync 6 DAGs
[2023-07-19T18:45:24.344+0000] {logging_mixin.py:150} INFO - [2023-07-19T18:45:24.344+0000] {dag.py:3508} INFO - Setting next_dagrun for dataset_consumes_1 to None, run_after=None
[2023-07-19T18:45:24.371+0000] {logging_mixin.py:150} INFO - [2023-07-19T18:45:24.371+0000] {dag.py:3508} INFO - Setting next_dagrun for dataset_consumes_1_and_2 to None, run_after=None
[2023-07-19T18:45:24.382+0000] {logging_mixin.py:150} INFO - [2023-07-19T18:45:24.382+0000] {dag.py:3508} INFO - Setting next_dagrun for dataset_consumes_1_never_scheduled to None, run_after=None
[2023-07-19T18:45:24.388+0000] {logging_mixin.py:150} INFO - [2023-07-19T18:45:24.388+0000] {dag.py:3508} INFO - Setting next_dagrun for dataset_consumes_unknown_never_scheduled to None, run_after=None
[2023-07-19T18:45:24.397+0000] {logging_mixin.py:150} INFO - [2023-07-19T18:45:24.397+0000] {dag.py:3508} INFO - Setting next_dagrun for dataset_produces_1 to 2023-07-18T00:00:00+00:00, run_after=2023-07-19T00:00:00+00:00
[2023-07-19T18:45:24.403+0000] {logging_mixin.py:150} INFO - [2023-07-19T18:45:24.403+0000] {dag.py:3508} INFO - Setting next_dagrun for dataset_produces_2 to None, run_after=None
[2023-07-19T18:45:24.490+0000] {processor.py:179} INFO - Processing /home/airflow/.local/lib/python3.7/site-packages/airflow/example_dags/example_datasets.py took 0.321 seconds
[2023-07-19T18:45:55.009+0000] {processor.py:157} INFO - Started process (PID=461) to work on /home/airflow/.local/lib/python3.7/site-packages/airflow/example_dags/example_datasets.py
[2023-07-19T18:45:55.011+0000] {processor.py:826} INFO - Processing file /home/airflow/.local/lib/python3.7/site-packages/airflow/example_dags/example_datasets.py for tasks to queue
[2023-07-19T18:45:55.014+0000] {logging_mixin.py:150} INFO - [2023-07-19T18:45:55.013+0000] {dagbag.py:541} INFO - Filling up the DagBag from /home/airflow/.local/lib/python3.7/site-packages/airflow/example_dags/example_datasets.py
[2023-07-19T18:45:55.024+0000] {processor.py:836} INFO - DAG(s) dict_keys(['dataset_produces_1', 'dataset_consumes_1_and_2', 'dataset_produces_2', 'dataset_consumes_1', 'dataset_consumes_unknown_never_scheduled', 'dataset_consumes_1_never_scheduled']) retrieved from /home/airflow/.local/lib/python3.7/site-packages/airflow/example_dags/example_datasets.py
[2023-07-19T18:45:55.063+0000] {logging_mixin.py:150} INFO - [2023-07-19T18:45:55.063+0000] {dag.py:2742} INFO - Sync 6 DAGs
[2023-07-19T18:45:55.114+0000] {logging_mixin.py:150} INFO - [2023-07-19T18:45:55.113+0000] {dag.py:3508} INFO - Setting next_dagrun for dataset_consumes_1 to None, run_after=None
[2023-07-19T18:45:55.126+0000] {logging_mixin.py:150} INFO - [2023-07-19T18:45:55.125+0000] {dag.py:3508} INFO - Setting next_dagrun for dataset_consumes_1_and_2 to None, run_after=None
[2023-07-19T18:45:55.131+0000] {logging_mixin.py:150} INFO - [2023-07-19T18:45:55.130+0000] {dag.py:3508} INFO - Setting next_dagrun for dataset_consumes_1_never_scheduled to None, run_after=None
[2023-07-19T18:45:55.135+0000] {logging_mixin.py:150} INFO - [2023-07-19T18:45:55.135+0000] {dag.py:3508} INFO - Setting next_dagrun for dataset_consumes_unknown_never_scheduled to None, run_after=None
[2023-07-19T18:45:55.143+0000] {logging_mixin.py:150} INFO - [2023-07-19T18:45:55.142+0000] {dag.py:3508} INFO - Setting next_dagrun for dataset_produces_1 to 2023-07-18T00:00:00+00:00, run_after=2023-07-19T00:00:00+00:00
[2023-07-19T18:45:55.147+0000] {logging_mixin.py:150} INFO - [2023-07-19T18:45:55.147+0000] {dag.py:3508} INFO - Setting next_dagrun for dataset_produces_2 to None, run_after=None
[2023-07-19T18:45:55.223+0000] {processor.py:179} INFO - Processing /home/airflow/.local/lib/python3.7/site-packages/airflow/example_dags/example_datasets.py took 0.219 seconds
[2023-07-19T18:46:25.710+0000] {processor.py:157} INFO - Started process (PID=520) to work on /home/airflow/.local/lib/python3.7/site-packages/airflow/example_dags/example_datasets.py
[2023-07-19T18:46:25.714+0000] {processor.py:826} INFO - Processing file /home/airflow/.local/lib/python3.7/site-packages/airflow/example_dags/example_datasets.py for tasks to queue
[2023-07-19T18:46:25.718+0000] {logging_mixin.py:150} INFO - [2023-07-19T18:46:25.718+0000] {dagbag.py:541} INFO - Filling up the DagBag from /home/airflow/.local/lib/python3.7/site-packages/airflow/example_dags/example_datasets.py
[2023-07-19T18:46:25.729+0000] {processor.py:836} INFO - DAG(s) dict_keys(['dataset_consumes_1', 'dataset_consumes_1_never_scheduled', 'dataset_produces_1', 'dataset_consumes_1_and_2', 'dataset_consumes_unknown_never_scheduled', 'dataset_produces_2']) retrieved from /home/airflow/.local/lib/python3.7/site-packages/airflow/example_dags/example_datasets.py
[2023-07-19T18:46:25.786+0000] {logging_mixin.py:150} INFO - [2023-07-19T18:46:25.786+0000] {dag.py:2742} INFO - Sync 6 DAGs
[2023-07-19T18:46:25.813+0000] {logging_mixin.py:150} INFO - [2023-07-19T18:46:25.813+0000] {dag.py:3508} INFO - Setting next_dagrun for dataset_consumes_1 to None, run_after=None
[2023-07-19T18:46:25.821+0000] {logging_mixin.py:150} INFO - [2023-07-19T18:46:25.821+0000] {dag.py:3508} INFO - Setting next_dagrun for dataset_consumes_1_and_2 to None, run_after=None
[2023-07-19T18:46:25.823+0000] {logging_mixin.py:150} INFO - [2023-07-19T18:46:25.823+0000] {dag.py:3508} INFO - Setting next_dagrun for dataset_consumes_1_never_scheduled to None, run_after=None
[2023-07-19T18:46:25.825+0000] {logging_mixin.py:150} INFO - [2023-07-19T18:46:25.825+0000] {dag.py:3508} INFO - Setting next_dagrun for dataset_consumes_unknown_never_scheduled to None, run_after=None
[2023-07-19T18:46:25.829+0000] {logging_mixin.py:150} INFO - [2023-07-19T18:46:25.829+0000] {dag.py:3508} INFO - Setting next_dagrun for dataset_produces_1 to 2023-07-18T00:00:00+00:00, run_after=2023-07-19T00:00:00+00:00
[2023-07-19T18:46:25.832+0000] {logging_mixin.py:150} INFO - [2023-07-19T18:46:25.832+0000] {dag.py:3508} INFO - Setting next_dagrun for dataset_produces_2 to None, run_after=None
[2023-07-19T18:46:25.862+0000] {processor.py:179} INFO - Processing /home/airflow/.local/lib/python3.7/site-packages/airflow/example_dags/example_datasets.py took 0.156 seconds
[2023-07-19T18:46:59.227+0000] {processor.py:157} INFO - Started process (PID=580) to work on /home/airflow/.local/lib/python3.7/site-packages/airflow/example_dags/example_datasets.py
[2023-07-19T18:46:59.231+0000] {processor.py:826} INFO - Processing file /home/airflow/.local/lib/python3.7/site-packages/airflow/example_dags/example_datasets.py for tasks to queue
[2023-07-19T18:46:59.235+0000] {logging_mixin.py:150} INFO - [2023-07-19T18:46:59.234+0000] {dagbag.py:541} INFO - Filling up the DagBag from /home/airflow/.local/lib/python3.7/site-packages/airflow/example_dags/example_datasets.py
[2023-07-19T18:46:59.255+0000] {processor.py:836} INFO - DAG(s) dict_keys(['dataset_consumes_1_never_scheduled', 'dataset_produces_2', 'dataset_produces_1', 'dataset_consumes_1', 'dataset_consumes_1_and_2', 'dataset_consumes_unknown_never_scheduled']) retrieved from /home/airflow/.local/lib/python3.7/site-packages/airflow/example_dags/example_datasets.py
[2023-07-19T18:46:59.354+0000] {logging_mixin.py:150} INFO - [2023-07-19T18:46:59.354+0000] {dag.py:2742} INFO - Sync 6 DAGs
[2023-07-19T18:46:59.416+0000] {logging_mixin.py:150} INFO - [2023-07-19T18:46:59.416+0000] {dag.py:3508} INFO - Setting next_dagrun for dataset_consumes_1 to None, run_after=None
[2023-07-19T18:46:59.429+0000] {logging_mixin.py:150} INFO - [2023-07-19T18:46:59.429+0000] {dag.py:3508} INFO - Setting next_dagrun for dataset_consumes_1_and_2 to None, run_after=None
[2023-07-19T18:46:59.437+0000] {logging_mixin.py:150} INFO - [2023-07-19T18:46:59.435+0000] {dag.py:3508} INFO - Setting next_dagrun for dataset_consumes_1_never_scheduled to None, run_after=None
[2023-07-19T18:46:59.441+0000] {logging_mixin.py:150} INFO - [2023-07-19T18:46:59.441+0000] {dag.py:3508} INFO - Setting next_dagrun for dataset_consumes_unknown_never_scheduled to None, run_after=None
[2023-07-19T18:46:59.446+0000] {logging_mixin.py:150} INFO - [2023-07-19T18:46:59.446+0000] {dag.py:3508} INFO - Setting next_dagrun for dataset_produces_1 to 2023-07-18T00:00:00+00:00, run_after=2023-07-19T00:00:00+00:00
[2023-07-19T18:46:59.450+0000] {logging_mixin.py:150} INFO - [2023-07-19T18:46:59.450+0000] {dag.py:3508} INFO - Setting next_dagrun for dataset_produces_2 to None, run_after=None
[2023-07-19T18:46:59.508+0000] {processor.py:179} INFO - Processing /home/airflow/.local/lib/python3.7/site-packages/airflow/example_dags/example_datasets.py took 0.285 seconds
[2023-07-19T18:47:30.751+0000] {processor.py:157} INFO - Started process (PID=639) to work on /home/airflow/.local/lib/python3.7/site-packages/airflow/example_dags/example_datasets.py
[2023-07-19T18:47:30.771+0000] {processor.py:826} INFO - Processing file /home/airflow/.local/lib/python3.7/site-packages/airflow/example_dags/example_datasets.py for tasks to queue
[2023-07-19T18:47:30.786+0000] {logging_mixin.py:150} INFO - [2023-07-19T18:47:30.782+0000] {dagbag.py:541} INFO - Filling up the DagBag from /home/airflow/.local/lib/python3.7/site-packages/airflow/example_dags/example_datasets.py
[2023-07-19T18:47:30.827+0000] {processor.py:836} INFO - DAG(s) dict_keys(['dataset_produces_2', 'dataset_consumes_1', 'dataset_consumes_unknown_never_scheduled', 'dataset_consumes_1_never_scheduled', 'dataset_produces_1', 'dataset_consumes_1_and_2']) retrieved from /home/airflow/.local/lib/python3.7/site-packages/airflow/example_dags/example_datasets.py
[2023-07-19T18:47:30.966+0000] {logging_mixin.py:150} INFO - [2023-07-19T18:47:30.965+0000] {dag.py:2742} INFO - Sync 6 DAGs
[2023-07-19T18:47:31.070+0000] {logging_mixin.py:150} INFO - [2023-07-19T18:47:31.069+0000] {dag.py:3508} INFO - Setting next_dagrun for dataset_consumes_1 to None, run_after=None
[2023-07-19T18:47:31.108+0000] {logging_mixin.py:150} INFO - [2023-07-19T18:47:31.107+0000] {dag.py:3508} INFO - Setting next_dagrun for dataset_consumes_1_and_2 to None, run_after=None
[2023-07-19T18:47:31.121+0000] {logging_mixin.py:150} INFO - [2023-07-19T18:47:31.120+0000] {dag.py:3508} INFO - Setting next_dagrun for dataset_consumes_1_never_scheduled to None, run_after=None
[2023-07-19T18:47:31.131+0000] {logging_mixin.py:150} INFO - [2023-07-19T18:47:31.131+0000] {dag.py:3508} INFO - Setting next_dagrun for dataset_consumes_unknown_never_scheduled to None, run_after=None
[2023-07-19T18:47:31.160+0000] {logging_mixin.py:150} INFO - [2023-07-19T18:47:31.159+0000] {dag.py:3508} INFO - Setting next_dagrun for dataset_produces_1 to 2023-07-18T00:00:00+00:00, run_after=2023-07-19T00:00:00+00:00
[2023-07-19T18:47:31.182+0000] {logging_mixin.py:150} INFO - [2023-07-19T18:47:31.182+0000] {dag.py:3508} INFO - Setting next_dagrun for dataset_produces_2 to None, run_after=None
[2023-07-19T18:47:31.304+0000] {processor.py:179} INFO - Processing /home/airflow/.local/lib/python3.7/site-packages/airflow/example_dags/example_datasets.py took 0.569 seconds
[2023-07-19T18:48:01.773+0000] {processor.py:157} INFO - Started process (PID=698) to work on /home/airflow/.local/lib/python3.7/site-packages/airflow/example_dags/example_datasets.py
[2023-07-19T18:48:01.781+0000] {processor.py:826} INFO - Processing file /home/airflow/.local/lib/python3.7/site-packages/airflow/example_dags/example_datasets.py for tasks to queue
[2023-07-19T18:48:01.787+0000] {logging_mixin.py:150} INFO - [2023-07-19T18:48:01.786+0000] {dagbag.py:541} INFO - Filling up the DagBag from /home/airflow/.local/lib/python3.7/site-packages/airflow/example_dags/example_datasets.py
[2023-07-19T18:48:01.824+0000] {processor.py:836} INFO - DAG(s) dict_keys(['dataset_consumes_1_and_2', 'dataset_produces_2', 'dataset_consumes_1_never_scheduled', 'dataset_consumes_1', 'dataset_consumes_unknown_never_scheduled', 'dataset_produces_1']) retrieved from /home/airflow/.local/lib/python3.7/site-packages/airflow/example_dags/example_datasets.py
[2023-07-19T18:48:01.951+0000] {logging_mixin.py:150} INFO - [2023-07-19T18:48:01.950+0000] {dag.py:2742} INFO - Sync 6 DAGs
[2023-07-19T18:48:02.004+0000] {logging_mixin.py:150} INFO - [2023-07-19T18:48:02.003+0000] {dag.py:3508} INFO - Setting next_dagrun for dataset_consumes_1 to None, run_after=None
[2023-07-19T18:48:02.026+0000] {logging_mixin.py:150} INFO - [2023-07-19T18:48:02.025+0000] {dag.py:3508} INFO - Setting next_dagrun for dataset_consumes_1_and_2 to None, run_after=None
[2023-07-19T18:48:02.043+0000] {logging_mixin.py:150} INFO - [2023-07-19T18:48:02.042+0000] {dag.py:3508} INFO - Setting next_dagrun for dataset_consumes_1_never_scheduled to None, run_after=None
[2023-07-19T18:48:02.049+0000] {logging_mixin.py:150} INFO - [2023-07-19T18:48:02.049+0000] {dag.py:3508} INFO - Setting next_dagrun for dataset_consumes_unknown_never_scheduled to None, run_after=None
[2023-07-19T18:48:02.067+0000] {logging_mixin.py:150} INFO - [2023-07-19T18:48:02.066+0000] {dag.py:3508} INFO - Setting next_dagrun for dataset_produces_1 to 2023-07-18T00:00:00+00:00, run_after=2023-07-19T00:00:00+00:00
[2023-07-19T18:48:02.079+0000] {logging_mixin.py:150} INFO - [2023-07-19T18:48:02.078+0000] {dag.py:3508} INFO - Setting next_dagrun for dataset_produces_2 to None, run_after=None
[2023-07-19T18:48:02.167+0000] {processor.py:179} INFO - Processing /home/airflow/.local/lib/python3.7/site-packages/airflow/example_dags/example_datasets.py took 0.401 seconds
[2023-07-19T18:48:33.339+0000] {processor.py:157} INFO - Started process (PID=757) to work on /home/airflow/.local/lib/python3.7/site-packages/airflow/example_dags/example_datasets.py
[2023-07-19T18:48:33.347+0000] {processor.py:826} INFO - Processing file /home/airflow/.local/lib/python3.7/site-packages/airflow/example_dags/example_datasets.py for tasks to queue
[2023-07-19T18:48:33.361+0000] {logging_mixin.py:150} INFO - [2023-07-19T18:48:33.359+0000] {dagbag.py:541} INFO - Filling up the DagBag from /home/airflow/.local/lib/python3.7/site-packages/airflow/example_dags/example_datasets.py
[2023-07-19T18:48:33.391+0000] {processor.py:836} INFO - DAG(s) dict_keys(['dataset_consumes_unknown_never_scheduled', 'dataset_produces_2', 'dataset_produces_1', 'dataset_consumes_1_and_2', 'dataset_consumes_1', 'dataset_consumes_1_never_scheduled']) retrieved from /home/airflow/.local/lib/python3.7/site-packages/airflow/example_dags/example_datasets.py
[2023-07-19T18:48:33.485+0000] {logging_mixin.py:150} INFO - [2023-07-19T18:48:33.483+0000] {dag.py:2742} INFO - Sync 6 DAGs
[2023-07-19T18:48:33.525+0000] {logging_mixin.py:150} INFO - [2023-07-19T18:48:33.525+0000] {dag.py:3508} INFO - Setting next_dagrun for dataset_consumes_1 to None, run_after=None
[2023-07-19T18:48:33.557+0000] {logging_mixin.py:150} INFO - [2023-07-19T18:48:33.556+0000] {dag.py:3508} INFO - Setting next_dagrun for dataset_consumes_1_and_2 to None, run_after=None
[2023-07-19T18:48:33.569+0000] {logging_mixin.py:150} INFO - [2023-07-19T18:48:33.569+0000] {dag.py:3508} INFO - Setting next_dagrun for dataset_consumes_1_never_scheduled to None, run_after=None
[2023-07-19T18:48:33.588+0000] {logging_mixin.py:150} INFO - [2023-07-19T18:48:33.588+0000] {dag.py:3508} INFO - Setting next_dagrun for dataset_consumes_unknown_never_scheduled to None, run_after=None
[2023-07-19T18:48:33.596+0000] {logging_mixin.py:150} INFO - [2023-07-19T18:48:33.596+0000] {dag.py:3508} INFO - Setting next_dagrun for dataset_produces_1 to 2023-07-18T00:00:00+00:00, run_after=2023-07-19T00:00:00+00:00
[2023-07-19T18:48:33.604+0000] {logging_mixin.py:150} INFO - [2023-07-19T18:48:33.603+0000] {dag.py:3508} INFO - Setting next_dagrun for dataset_produces_2 to None, run_after=None
[2023-07-19T18:48:33.665+0000] {processor.py:179} INFO - Processing /home/airflow/.local/lib/python3.7/site-packages/airflow/example_dags/example_datasets.py took 0.332 seconds
[2023-07-19T18:49:04.596+0000] {processor.py:157} INFO - Started process (PID=817) to work on /home/airflow/.local/lib/python3.7/site-packages/airflow/example_dags/example_datasets.py
[2023-07-19T18:49:04.619+0000] {processor.py:826} INFO - Processing file /home/airflow/.local/lib/python3.7/site-packages/airflow/example_dags/example_datasets.py for tasks to queue
[2023-07-19T18:49:04.626+0000] {logging_mixin.py:150} INFO - [2023-07-19T18:49:04.625+0000] {dagbag.py:541} INFO - Filling up the DagBag from /home/airflow/.local/lib/python3.7/site-packages/airflow/example_dags/example_datasets.py
[2023-07-19T18:49:04.668+0000] {processor.py:836} INFO - DAG(s) dict_keys(['dataset_consumes_unknown_never_scheduled', 'dataset_produces_2', 'dataset_produces_1', 'dataset_consumes_1', 'dataset_consumes_1_and_2', 'dataset_consumes_1_never_scheduled']) retrieved from /home/airflow/.local/lib/python3.7/site-packages/airflow/example_dags/example_datasets.py
[2023-07-19T18:49:04.782+0000] {logging_mixin.py:150} INFO - [2023-07-19T18:49:04.782+0000] {dag.py:2742} INFO - Sync 6 DAGs
[2023-07-19T18:49:04.854+0000] {logging_mixin.py:150} INFO - [2023-07-19T18:49:04.853+0000] {dag.py:3508} INFO - Setting next_dagrun for dataset_consumes_1 to None, run_after=None
[2023-07-19T18:49:04.867+0000] {logging_mixin.py:150} INFO - [2023-07-19T18:49:04.867+0000] {dag.py:3508} INFO - Setting next_dagrun for dataset_consumes_1_and_2 to None, run_after=None
[2023-07-19T18:49:04.880+0000] {logging_mixin.py:150} INFO - [2023-07-19T18:49:04.880+0000] {dag.py:3508} INFO - Setting next_dagrun for dataset_consumes_1_never_scheduled to None, run_after=None
[2023-07-19T18:49:04.886+0000] {logging_mixin.py:150} INFO - [2023-07-19T18:49:04.886+0000] {dag.py:3508} INFO - Setting next_dagrun for dataset_consumes_unknown_never_scheduled to None, run_after=None
[2023-07-19T18:49:04.900+0000] {logging_mixin.py:150} INFO - [2023-07-19T18:49:04.900+0000] {dag.py:3508} INFO - Setting next_dagrun for dataset_produces_1 to 2023-07-18T00:00:00+00:00, run_after=2023-07-19T00:00:00+00:00
[2023-07-19T18:49:04.913+0000] {logging_mixin.py:150} INFO - [2023-07-19T18:49:04.912+0000] {dag.py:3508} INFO - Setting next_dagrun for dataset_produces_2 to None, run_after=None
[2023-07-19T18:49:05.056+0000] {processor.py:179} INFO - Processing /home/airflow/.local/lib/python3.7/site-packages/airflow/example_dags/example_datasets.py took 0.468 seconds
[2023-07-19T18:49:35.715+0000] {processor.py:157} INFO - Started process (PID=875) to work on /home/airflow/.local/lib/python3.7/site-packages/airflow/example_dags/example_datasets.py
[2023-07-19T18:49:35.719+0000] {processor.py:826} INFO - Processing file /home/airflow/.local/lib/python3.7/site-packages/airflow/example_dags/example_datasets.py for tasks to queue
[2023-07-19T18:49:35.722+0000] {logging_mixin.py:150} INFO - [2023-07-19T18:49:35.721+0000] {dagbag.py:541} INFO - Filling up the DagBag from /home/airflow/.local/lib/python3.7/site-packages/airflow/example_dags/example_datasets.py
[2023-07-19T18:49:35.739+0000] {processor.py:836} INFO - DAG(s) dict_keys(['dataset_produces_1', 'dataset_produces_2', 'dataset_consumes_1', 'dataset_consumes_1_never_scheduled', 'dataset_consumes_unknown_never_scheduled', 'dataset_consumes_1_and_2']) retrieved from /home/airflow/.local/lib/python3.7/site-packages/airflow/example_dags/example_datasets.py
[2023-07-19T18:49:35.782+0000] {logging_mixin.py:150} INFO - [2023-07-19T18:49:35.782+0000] {dag.py:2742} INFO - Sync 6 DAGs
[2023-07-19T18:49:35.813+0000] {logging_mixin.py:150} INFO - [2023-07-19T18:49:35.813+0000] {dag.py:3508} INFO - Setting next_dagrun for dataset_consumes_1 to None, run_after=None
[2023-07-19T18:49:35.816+0000] {logging_mixin.py:150} INFO - [2023-07-19T18:49:35.816+0000] {dag.py:3508} INFO - Setting next_dagrun for dataset_consumes_1_and_2 to None, run_after=None
[2023-07-19T18:49:35.820+0000] {logging_mixin.py:150} INFO - [2023-07-19T18:49:35.820+0000] {dag.py:3508} INFO - Setting next_dagrun for dataset_consumes_1_never_scheduled to None, run_after=None
[2023-07-19T18:49:35.824+0000] {logging_mixin.py:150} INFO - [2023-07-19T18:49:35.824+0000] {dag.py:3508} INFO - Setting next_dagrun for dataset_consumes_unknown_never_scheduled to None, run_after=None
[2023-07-19T18:49:35.829+0000] {logging_mixin.py:150} INFO - [2023-07-19T18:49:35.828+0000] {dag.py:3508} INFO - Setting next_dagrun for dataset_produces_1 to 2023-07-18T00:00:00+00:00, run_after=2023-07-19T00:00:00+00:00
[2023-07-19T18:49:35.830+0000] {logging_mixin.py:150} INFO - [2023-07-19T18:49:35.830+0000] {dag.py:3508} INFO - Setting next_dagrun for dataset_produces_2 to None, run_after=None
[2023-07-19T18:49:35.862+0000] {processor.py:179} INFO - Processing /home/airflow/.local/lib/python3.7/site-packages/airflow/example_dags/example_datasets.py took 0.157 seconds
[2023-07-19T18:50:06.077+0000] {processor.py:157} INFO - Started process (PID=934) to work on /home/airflow/.local/lib/python3.7/site-packages/airflow/example_dags/example_datasets.py
[2023-07-19T18:50:06.079+0000] {processor.py:826} INFO - Processing file /home/airflow/.local/lib/python3.7/site-packages/airflow/example_dags/example_datasets.py for tasks to queue
[2023-07-19T18:50:06.082+0000] {logging_mixin.py:150} INFO - [2023-07-19T18:50:06.082+0000] {dagbag.py:541} INFO - Filling up the DagBag from /home/airflow/.local/lib/python3.7/site-packages/airflow/example_dags/example_datasets.py
[2023-07-19T18:50:06.107+0000] {processor.py:836} INFO - DAG(s) dict_keys(['dataset_consumes_1_never_scheduled', 'dataset_consumes_unknown_never_scheduled', 'dataset_produces_1', 'dataset_consumes_1_and_2', 'dataset_consumes_1', 'dataset_produces_2']) retrieved from /home/airflow/.local/lib/python3.7/site-packages/airflow/example_dags/example_datasets.py
[2023-07-19T18:50:06.167+0000] {logging_mixin.py:150} INFO - [2023-07-19T18:50:06.166+0000] {dag.py:2742} INFO - Sync 6 DAGs
[2023-07-19T18:50:06.192+0000] {logging_mixin.py:150} INFO - [2023-07-19T18:50:06.192+0000] {dag.py:3508} INFO - Setting next_dagrun for dataset_consumes_1 to None, run_after=None
[2023-07-19T18:50:06.197+0000] {logging_mixin.py:150} INFO - [2023-07-19T18:50:06.197+0000] {dag.py:3508} INFO - Setting next_dagrun for dataset_consumes_1_and_2 to None, run_after=None
[2023-07-19T18:50:06.199+0000] {logging_mixin.py:150} INFO - [2023-07-19T18:50:06.199+0000] {dag.py:3508} INFO - Setting next_dagrun for dataset_consumes_1_never_scheduled to None, run_after=None
[2023-07-19T18:50:06.201+0000] {logging_mixin.py:150} INFO - [2023-07-19T18:50:06.201+0000] {dag.py:3508} INFO - Setting next_dagrun for dataset_consumes_unknown_never_scheduled to None, run_after=None
[2023-07-19T18:50:06.205+0000] {logging_mixin.py:150} INFO - [2023-07-19T18:50:06.204+0000] {dag.py:3508} INFO - Setting next_dagrun for dataset_produces_1 to 2023-07-18T00:00:00+00:00, run_after=2023-07-19T00:00:00+00:00
[2023-07-19T18:50:06.214+0000] {logging_mixin.py:150} INFO - [2023-07-19T18:50:06.213+0000] {dag.py:3508} INFO - Setting next_dagrun for dataset_produces_2 to None, run_after=None
[2023-07-19T18:50:06.252+0000] {processor.py:179} INFO - Processing /home/airflow/.local/lib/python3.7/site-packages/airflow/example_dags/example_datasets.py took 0.179 seconds
[2023-07-19T18:50:42.675+0000] {processor.py:157} INFO - Started process (PID=994) to work on /home/airflow/.local/lib/python3.7/site-packages/airflow/example_dags/example_datasets.py
[2023-07-19T18:50:42.682+0000] {processor.py:826} INFO - Processing file /home/airflow/.local/lib/python3.7/site-packages/airflow/example_dags/example_datasets.py for tasks to queue
[2023-07-19T18:50:42.690+0000] {logging_mixin.py:150} INFO - [2023-07-19T18:50:42.689+0000] {dagbag.py:541} INFO - Filling up the DagBag from /home/airflow/.local/lib/python3.7/site-packages/airflow/example_dags/example_datasets.py
[2023-07-19T18:50:42.711+0000] {processor.py:836} INFO - DAG(s) dict_keys(['dataset_consumes_1_never_scheduled', 'dataset_consumes_1_and_2', 'dataset_produces_2', 'dataset_consumes_unknown_never_scheduled', 'dataset_produces_1', 'dataset_consumes_1']) retrieved from /home/airflow/.local/lib/python3.7/site-packages/airflow/example_dags/example_datasets.py
[2023-07-19T18:50:42.781+0000] {logging_mixin.py:150} INFO - [2023-07-19T18:50:42.781+0000] {dag.py:2742} INFO - Sync 6 DAGs
[2023-07-19T18:50:42.822+0000] {logging_mixin.py:150} INFO - [2023-07-19T18:50:42.821+0000] {dag.py:3508} INFO - Setting next_dagrun for dataset_consumes_1 to None, run_after=None
[2023-07-19T18:50:42.828+0000] {logging_mixin.py:150} INFO - [2023-07-19T18:50:42.828+0000] {dag.py:3508} INFO - Setting next_dagrun for dataset_consumes_1_and_2 to None, run_after=None
[2023-07-19T18:50:42.832+0000] {logging_mixin.py:150} INFO - [2023-07-19T18:50:42.832+0000] {dag.py:3508} INFO - Setting next_dagrun for dataset_consumes_1_never_scheduled to None, run_after=None
[2023-07-19T18:50:42.840+0000] {logging_mixin.py:150} INFO - [2023-07-19T18:50:42.840+0000] {dag.py:3508} INFO - Setting next_dagrun for dataset_consumes_unknown_never_scheduled to None, run_after=None
[2023-07-19T18:50:42.846+0000] {logging_mixin.py:150} INFO - [2023-07-19T18:50:42.845+0000] {dag.py:3508} INFO - Setting next_dagrun for dataset_produces_1 to 2023-07-18T00:00:00+00:00, run_after=2023-07-19T00:00:00+00:00
[2023-07-19T18:50:42.851+0000] {logging_mixin.py:150} INFO - [2023-07-19T18:50:42.851+0000] {dag.py:3508} INFO - Setting next_dagrun for dataset_produces_2 to None, run_after=None
[2023-07-19T18:50:42.997+0000] {processor.py:179} INFO - Processing /home/airflow/.local/lib/python3.7/site-packages/airflow/example_dags/example_datasets.py took 0.326 seconds
[2023-07-19T18:51:13.239+0000] {processor.py:157} INFO - Started process (PID=1053) to work on /home/airflow/.local/lib/python3.7/site-packages/airflow/example_dags/example_datasets.py
[2023-07-19T18:51:13.241+0000] {processor.py:826} INFO - Processing file /home/airflow/.local/lib/python3.7/site-packages/airflow/example_dags/example_datasets.py for tasks to queue
[2023-07-19T18:51:13.242+0000] {logging_mixin.py:150} INFO - [2023-07-19T18:51:13.242+0000] {dagbag.py:541} INFO - Filling up the DagBag from /home/airflow/.local/lib/python3.7/site-packages/airflow/example_dags/example_datasets.py
[2023-07-19T18:51:13.255+0000] {processor.py:836} INFO - DAG(s) dict_keys(['dataset_consumes_unknown_never_scheduled', 'dataset_consumes_1_never_scheduled', 'dataset_produces_2', 'dataset_consumes_1_and_2', 'dataset_consumes_1', 'dataset_produces_1']) retrieved from /home/airflow/.local/lib/python3.7/site-packages/airflow/example_dags/example_datasets.py
[2023-07-19T18:51:13.294+0000] {logging_mixin.py:150} INFO - [2023-07-19T18:51:13.294+0000] {dag.py:2742} INFO - Sync 6 DAGs
[2023-07-19T18:51:13.319+0000] {logging_mixin.py:150} INFO - [2023-07-19T18:51:13.319+0000] {dag.py:3508} INFO - Setting next_dagrun for dataset_consumes_1 to None, run_after=None
[2023-07-19T18:51:13.325+0000] {logging_mixin.py:150} INFO - [2023-07-19T18:51:13.325+0000] {dag.py:3508} INFO - Setting next_dagrun for dataset_consumes_1_and_2 to None, run_after=None
[2023-07-19T18:51:13.328+0000] {logging_mixin.py:150} INFO - [2023-07-19T18:51:13.328+0000] {dag.py:3508} INFO - Setting next_dagrun for dataset_consumes_1_never_scheduled to None, run_after=None
[2023-07-19T18:51:13.330+0000] {logging_mixin.py:150} INFO - [2023-07-19T18:51:13.329+0000] {dag.py:3508} INFO - Setting next_dagrun for dataset_consumes_unknown_never_scheduled to None, run_after=None
[2023-07-19T18:51:13.332+0000] {logging_mixin.py:150} INFO - [2023-07-19T18:51:13.332+0000] {dag.py:3508} INFO - Setting next_dagrun for dataset_produces_1 to 2023-07-18T00:00:00+00:00, run_after=2023-07-19T00:00:00+00:00
[2023-07-19T18:51:13.334+0000] {logging_mixin.py:150} INFO - [2023-07-19T18:51:13.334+0000] {dag.py:3508} INFO - Setting next_dagrun for dataset_produces_2 to None, run_after=None
[2023-07-19T18:51:13.370+0000] {processor.py:179} INFO - Processing /home/airflow/.local/lib/python3.7/site-packages/airflow/example_dags/example_datasets.py took 0.135 seconds
[2023-07-19T18:51:44.019+0000] {processor.py:157} INFO - Started process (PID=1113) to work on /home/airflow/.local/lib/python3.7/site-packages/airflow/example_dags/example_datasets.py
[2023-07-19T18:51:44.022+0000] {processor.py:826} INFO - Processing file /home/airflow/.local/lib/python3.7/site-packages/airflow/example_dags/example_datasets.py for tasks to queue
[2023-07-19T18:51:44.024+0000] {logging_mixin.py:150} INFO - [2023-07-19T18:51:44.024+0000] {dagbag.py:541} INFO - Filling up the DagBag from /home/airflow/.local/lib/python3.7/site-packages/airflow/example_dags/example_datasets.py
[2023-07-19T18:51:44.059+0000] {processor.py:836} INFO - DAG(s) dict_keys(['dataset_produces_2', 'dataset_consumes_unknown_never_scheduled', 'dataset_consumes_1_and_2', 'dataset_consumes_1', 'dataset_produces_1', 'dataset_consumes_1_never_scheduled']) retrieved from /home/airflow/.local/lib/python3.7/site-packages/airflow/example_dags/example_datasets.py
[2023-07-19T18:51:44.156+0000] {logging_mixin.py:150} INFO - [2023-07-19T18:51:44.156+0000] {dag.py:2742} INFO - Sync 6 DAGs
[2023-07-19T18:51:44.186+0000] {logging_mixin.py:150} INFO - [2023-07-19T18:51:44.186+0000] {dag.py:3508} INFO - Setting next_dagrun for dataset_consumes_1 to None, run_after=None
[2023-07-19T18:51:44.191+0000] {logging_mixin.py:150} INFO - [2023-07-19T18:51:44.191+0000] {dag.py:3508} INFO - Setting next_dagrun for dataset_consumes_1_and_2 to None, run_after=None
[2023-07-19T18:51:44.196+0000] {logging_mixin.py:150} INFO - [2023-07-19T18:51:44.196+0000] {dag.py:3508} INFO - Setting next_dagrun for dataset_consumes_1_never_scheduled to None, run_after=None
[2023-07-19T18:51:44.204+0000] {logging_mixin.py:150} INFO - [2023-07-19T18:51:44.204+0000] {dag.py:3508} INFO - Setting next_dagrun for dataset_consumes_unknown_never_scheduled to None, run_after=None
[2023-07-19T18:51:44.210+0000] {logging_mixin.py:150} INFO - [2023-07-19T18:51:44.209+0000] {dag.py:3508} INFO - Setting next_dagrun for dataset_produces_1 to 2023-07-18T00:00:00+00:00, run_after=2023-07-19T00:00:00+00:00
[2023-07-19T18:51:44.214+0000] {logging_mixin.py:150} INFO - [2023-07-19T18:51:44.214+0000] {dag.py:3508} INFO - Setting next_dagrun for dataset_produces_2 to None, run_after=None
[2023-07-19T18:51:44.259+0000] {processor.py:179} INFO - Processing /home/airflow/.local/lib/python3.7/site-packages/airflow/example_dags/example_datasets.py took 0.252 seconds
[2023-07-19T18:52:14.389+0000] {processor.py:157} INFO - Started process (PID=1172) to work on /home/airflow/.local/lib/python3.7/site-packages/airflow/example_dags/example_datasets.py
[2023-07-19T18:52:14.392+0000] {processor.py:826} INFO - Processing file /home/airflow/.local/lib/python3.7/site-packages/airflow/example_dags/example_datasets.py for tasks to queue
[2023-07-19T18:52:14.401+0000] {logging_mixin.py:150} INFO - [2023-07-19T18:52:14.400+0000] {dagbag.py:541} INFO - Filling up the DagBag from /home/airflow/.local/lib/python3.7/site-packages/airflow/example_dags/example_datasets.py
[2023-07-19T18:52:14.423+0000] {processor.py:836} INFO - DAG(s) dict_keys(['dataset_consumes_1_never_scheduled', 'dataset_produces_2', 'dataset_consumes_1', 'dataset_consumes_unknown_never_scheduled', 'dataset_consumes_1_and_2', 'dataset_produces_1']) retrieved from /home/airflow/.local/lib/python3.7/site-packages/airflow/example_dags/example_datasets.py
[2023-07-19T18:52:14.493+0000] {logging_mixin.py:150} INFO - [2023-07-19T18:52:14.493+0000] {dag.py:2742} INFO - Sync 6 DAGs
[2023-07-19T18:52:14.525+0000] {logging_mixin.py:150} INFO - [2023-07-19T18:52:14.524+0000] {dag.py:3508} INFO - Setting next_dagrun for dataset_consumes_1 to None, run_after=None
[2023-07-19T18:52:14.529+0000] {logging_mixin.py:150} INFO - [2023-07-19T18:52:14.528+0000] {dag.py:3508} INFO - Setting next_dagrun for dataset_consumes_1_and_2 to None, run_after=None
[2023-07-19T18:52:14.531+0000] {logging_mixin.py:150} INFO - [2023-07-19T18:52:14.531+0000] {dag.py:3508} INFO - Setting next_dagrun for dataset_consumes_1_never_scheduled to None, run_after=None
[2023-07-19T18:52:14.533+0000] {logging_mixin.py:150} INFO - [2023-07-19T18:52:14.533+0000] {dag.py:3508} INFO - Setting next_dagrun for dataset_consumes_unknown_never_scheduled to None, run_after=None
[2023-07-19T18:52:14.537+0000] {logging_mixin.py:150} INFO - [2023-07-19T18:52:14.537+0000] {dag.py:3508} INFO - Setting next_dagrun for dataset_produces_1 to 2023-07-18T00:00:00+00:00, run_after=2023-07-19T00:00:00+00:00
[2023-07-19T18:52:14.541+0000] {logging_mixin.py:150} INFO - [2023-07-19T18:52:14.541+0000] {dag.py:3508} INFO - Setting next_dagrun for dataset_produces_2 to None, run_after=None
[2023-07-19T18:52:14.581+0000] {processor.py:179} INFO - Processing /home/airflow/.local/lib/python3.7/site-packages/airflow/example_dags/example_datasets.py took 0.197 seconds
[2023-07-19T18:52:45.285+0000] {processor.py:157} INFO - Started process (PID=1232) to work on /home/airflow/.local/lib/python3.7/site-packages/airflow/example_dags/example_datasets.py
[2023-07-19T18:52:45.288+0000] {processor.py:826} INFO - Processing file /home/airflow/.local/lib/python3.7/site-packages/airflow/example_dags/example_datasets.py for tasks to queue
[2023-07-19T18:52:45.289+0000] {logging_mixin.py:150} INFO - [2023-07-19T18:52:45.289+0000] {dagbag.py:541} INFO - Filling up the DagBag from /home/airflow/.local/lib/python3.7/site-packages/airflow/example_dags/example_datasets.py
[2023-07-19T18:52:45.303+0000] {processor.py:836} INFO - DAG(s) dict_keys(['dataset_produces_1', 'dataset_consumes_unknown_never_scheduled', 'dataset_produces_2', 'dataset_consumes_1', 'dataset_consumes_1_never_scheduled', 'dataset_consumes_1_and_2']) retrieved from /home/airflow/.local/lib/python3.7/site-packages/airflow/example_dags/example_datasets.py
[2023-07-19T18:52:45.355+0000] {logging_mixin.py:150} INFO - [2023-07-19T18:52:45.355+0000] {dag.py:2742} INFO - Sync 6 DAGs
[2023-07-19T18:52:45.382+0000] {logging_mixin.py:150} INFO - [2023-07-19T18:52:45.382+0000] {dag.py:3508} INFO - Setting next_dagrun for dataset_consumes_1 to None, run_after=None
[2023-07-19T18:52:45.390+0000] {logging_mixin.py:150} INFO - [2023-07-19T18:52:45.390+0000] {dag.py:3508} INFO - Setting next_dagrun for dataset_consumes_1_and_2 to None, run_after=None
[2023-07-19T18:52:45.394+0000] {logging_mixin.py:150} INFO - [2023-07-19T18:52:45.393+0000] {dag.py:3508} INFO - Setting next_dagrun for dataset_consumes_1_never_scheduled to None, run_after=None
[2023-07-19T18:52:45.397+0000] {logging_mixin.py:150} INFO - [2023-07-19T18:52:45.396+0000] {dag.py:3508} INFO - Setting next_dagrun for dataset_consumes_unknown_never_scheduled to None, run_after=None
[2023-07-19T18:52:45.403+0000] {logging_mixin.py:150} INFO - [2023-07-19T18:52:45.403+0000] {dag.py:3508} INFO - Setting next_dagrun for dataset_produces_1 to 2023-07-18T00:00:00+00:00, run_after=2023-07-19T00:00:00+00:00
[2023-07-19T18:52:45.410+0000] {logging_mixin.py:150} INFO - [2023-07-19T18:52:45.409+0000] {dag.py:3508} INFO - Setting next_dagrun for dataset_produces_2 to None, run_after=None
[2023-07-19T18:52:45.447+0000] {processor.py:179} INFO - Processing /home/airflow/.local/lib/python3.7/site-packages/airflow/example_dags/example_datasets.py took 0.165 seconds
[2023-07-19T18:53:16.521+0000] {processor.py:157} INFO - Started process (PID=1291) to work on /home/airflow/.local/lib/python3.7/site-packages/airflow/example_dags/example_datasets.py
[2023-07-19T18:53:16.528+0000] {processor.py:826} INFO - Processing file /home/airflow/.local/lib/python3.7/site-packages/airflow/example_dags/example_datasets.py for tasks to queue
[2023-07-19T18:53:16.544+0000] {logging_mixin.py:150} INFO - [2023-07-19T18:53:16.543+0000] {dagbag.py:541} INFO - Filling up the DagBag from /home/airflow/.local/lib/python3.7/site-packages/airflow/example_dags/example_datasets.py
[2023-07-19T18:53:16.577+0000] {processor.py:836} INFO - DAG(s) dict_keys(['dataset_produces_2', 'dataset_produces_1', 'dataset_consumes_1_and_2', 'dataset_consumes_1', 'dataset_consumes_unknown_never_scheduled', 'dataset_consumes_1_never_scheduled']) retrieved from /home/airflow/.local/lib/python3.7/site-packages/airflow/example_dags/example_datasets.py
[2023-07-19T18:53:16.675+0000] {logging_mixin.py:150} INFO - [2023-07-19T18:53:16.675+0000] {dag.py:2742} INFO - Sync 6 DAGs
[2023-07-19T18:53:16.730+0000] {logging_mixin.py:150} INFO - [2023-07-19T18:53:16.730+0000] {dag.py:3508} INFO - Setting next_dagrun for dataset_consumes_1 to None, run_after=None
[2023-07-19T18:53:16.738+0000] {logging_mixin.py:150} INFO - [2023-07-19T18:53:16.737+0000] {dag.py:3508} INFO - Setting next_dagrun for dataset_consumes_1_and_2 to None, run_after=None
[2023-07-19T18:53:16.741+0000] {logging_mixin.py:150} INFO - [2023-07-19T18:53:16.741+0000] {dag.py:3508} INFO - Setting next_dagrun for dataset_consumes_1_never_scheduled to None, run_after=None
[2023-07-19T18:53:16.752+0000] {logging_mixin.py:150} INFO - [2023-07-19T18:53:16.752+0000] {dag.py:3508} INFO - Setting next_dagrun for dataset_consumes_unknown_never_scheduled to None, run_after=None
[2023-07-19T18:53:16.761+0000] {logging_mixin.py:150} INFO - [2023-07-19T18:53:16.761+0000] {dag.py:3508} INFO - Setting next_dagrun for dataset_produces_1 to 2023-07-18T00:00:00+00:00, run_after=2023-07-19T00:00:00+00:00
[2023-07-19T18:53:16.768+0000] {logging_mixin.py:150} INFO - [2023-07-19T18:53:16.768+0000] {dag.py:3508} INFO - Setting next_dagrun for dataset_produces_2 to None, run_after=None
[2023-07-19T18:53:16.819+0000] {processor.py:179} INFO - Processing /home/airflow/.local/lib/python3.7/site-packages/airflow/example_dags/example_datasets.py took 0.304 seconds
[2023-07-19T18:53:47.730+0000] {processor.py:157} INFO - Started process (PID=1350) to work on /home/airflow/.local/lib/python3.7/site-packages/airflow/example_dags/example_datasets.py
[2023-07-19T18:53:47.734+0000] {processor.py:826} INFO - Processing file /home/airflow/.local/lib/python3.7/site-packages/airflow/example_dags/example_datasets.py for tasks to queue
[2023-07-19T18:53:47.738+0000] {logging_mixin.py:150} INFO - [2023-07-19T18:53:47.737+0000] {dagbag.py:541} INFO - Filling up the DagBag from /home/airflow/.local/lib/python3.7/site-packages/airflow/example_dags/example_datasets.py
[2023-07-19T18:53:47.765+0000] {processor.py:836} INFO - DAG(s) dict_keys(['dataset_consumes_1_and_2', 'dataset_consumes_1', 'dataset_consumes_unknown_never_scheduled', 'dataset_produces_1', 'dataset_consumes_1_never_scheduled', 'dataset_produces_2']) retrieved from /home/airflow/.local/lib/python3.7/site-packages/airflow/example_dags/example_datasets.py
[2023-07-19T18:53:47.823+0000] {logging_mixin.py:150} INFO - [2023-07-19T18:53:47.823+0000] {dag.py:2742} INFO - Sync 6 DAGs
[2023-07-19T18:53:47.860+0000] {logging_mixin.py:150} INFO - [2023-07-19T18:53:47.860+0000] {dag.py:3508} INFO - Setting next_dagrun for dataset_consumes_1 to None, run_after=None
[2023-07-19T18:53:47.865+0000] {logging_mixin.py:150} INFO - [2023-07-19T18:53:47.865+0000] {dag.py:3508} INFO - Setting next_dagrun for dataset_consumes_1_and_2 to None, run_after=None
[2023-07-19T18:53:47.867+0000] {logging_mixin.py:150} INFO - [2023-07-19T18:53:47.867+0000] {dag.py:3508} INFO - Setting next_dagrun for dataset_consumes_1_never_scheduled to None, run_after=None
[2023-07-19T18:53:47.873+0000] {logging_mixin.py:150} INFO - [2023-07-19T18:53:47.873+0000] {dag.py:3508} INFO - Setting next_dagrun for dataset_consumes_unknown_never_scheduled to None, run_after=None
[2023-07-19T18:53:47.878+0000] {logging_mixin.py:150} INFO - [2023-07-19T18:53:47.878+0000] {dag.py:3508} INFO - Setting next_dagrun for dataset_produces_1 to 2023-07-18T00:00:00+00:00, run_after=2023-07-19T00:00:00+00:00
[2023-07-19T18:53:47.882+0000] {logging_mixin.py:150} INFO - [2023-07-19T18:53:47.882+0000] {dag.py:3508} INFO - Setting next_dagrun for dataset_produces_2 to None, run_after=None
[2023-07-19T18:53:47.927+0000] {processor.py:179} INFO - Processing /home/airflow/.local/lib/python3.7/site-packages/airflow/example_dags/example_datasets.py took 0.208 seconds
[2023-07-19T18:54:19.901+0000] {processor.py:157} INFO - Started process (PID=1415) to work on /home/airflow/.local/lib/python3.7/site-packages/airflow/example_dags/example_datasets.py
[2023-07-19T18:54:19.913+0000] {processor.py:826} INFO - Processing file /home/airflow/.local/lib/python3.7/site-packages/airflow/example_dags/example_datasets.py for tasks to queue
[2023-07-19T18:54:19.918+0000] {logging_mixin.py:150} INFO - [2023-07-19T18:54:19.918+0000] {dagbag.py:541} INFO - Filling up the DagBag from /home/airflow/.local/lib/python3.7/site-packages/airflow/example_dags/example_datasets.py
[2023-07-19T18:54:19.939+0000] {processor.py:836} INFO - DAG(s) dict_keys(['dataset_consumes_unknown_never_scheduled', 'dataset_produces_1', 'dataset_consumes_1_and_2', 'dataset_consumes_1', 'dataset_produces_2', 'dataset_consumes_1_never_scheduled']) retrieved from /home/airflow/.local/lib/python3.7/site-packages/airflow/example_dags/example_datasets.py
[2023-07-19T18:54:20.036+0000] {logging_mixin.py:150} INFO - [2023-07-19T18:54:20.035+0000] {dag.py:2742} INFO - Sync 6 DAGs
[2023-07-19T18:54:20.106+0000] {logging_mixin.py:150} INFO - [2023-07-19T18:54:20.106+0000] {dag.py:3508} INFO - Setting next_dagrun for dataset_consumes_1 to None, run_after=None
[2023-07-19T18:54:20.115+0000] {logging_mixin.py:150} INFO - [2023-07-19T18:54:20.115+0000] {dag.py:3508} INFO - Setting next_dagrun for dataset_consumes_1_and_2 to None, run_after=None
[2023-07-19T18:54:20.125+0000] {logging_mixin.py:150} INFO - [2023-07-19T18:54:20.125+0000] {dag.py:3508} INFO - Setting next_dagrun for dataset_consumes_1_never_scheduled to None, run_after=None
[2023-07-19T18:54:20.140+0000] {logging_mixin.py:150} INFO - [2023-07-19T18:54:20.139+0000] {dag.py:3508} INFO - Setting next_dagrun for dataset_consumes_unknown_never_scheduled to None, run_after=None
[2023-07-19T18:54:20.160+0000] {logging_mixin.py:150} INFO - [2023-07-19T18:54:20.159+0000] {dag.py:3508} INFO - Setting next_dagrun for dataset_produces_1 to 2023-07-18T00:00:00+00:00, run_after=2023-07-19T00:00:00+00:00
[2023-07-19T18:54:20.174+0000] {logging_mixin.py:150} INFO - [2023-07-19T18:54:20.174+0000] {dag.py:3508} INFO - Setting next_dagrun for dataset_produces_2 to None, run_after=None
[2023-07-19T18:54:20.283+0000] {processor.py:179} INFO - Processing /home/airflow/.local/lib/python3.7/site-packages/airflow/example_dags/example_datasets.py took 0.390 seconds
