[2023-07-19T18:42:17.675+0000] {processor.py:157} INFO - Started process (PID=36) to work on /home/airflow/.local/lib/python3.7/site-packages/airflow/example_dags/example_kubernetes_executor.py
[2023-07-19T18:42:17.680+0000] {processor.py:826} INFO - Processing file /home/airflow/.local/lib/python3.7/site-packages/airflow/example_dags/example_kubernetes_executor.py for tasks to queue
[2023-07-19T18:42:17.687+0000] {logging_mixin.py:150} INFO - [2023-07-19T18:42:17.687+0000] {dagbag.py:541} INFO - Filling up the DagBag from /home/airflow/.local/lib/python3.7/site-packages/airflow/example_dags/example_kubernetes_executor.py
[2023-07-19T18:42:18.951+0000] {processor.py:836} INFO - DAG(s) dict_keys(['example_kubernetes_executor']) retrieved from /home/airflow/.local/lib/python3.7/site-packages/airflow/example_dags/example_kubernetes_executor.py
[2023-07-19T18:42:18.994+0000] {logging_mixin.py:150} INFO - [2023-07-19T18:42:18.994+0000] {dag.py:2742} INFO - Sync 1 DAGs
[2023-07-19T18:42:19.039+0000] {logging_mixin.py:150} INFO - [2023-07-19T18:42:19.037+0000] {dag.py:3508} INFO - Setting next_dagrun for example_kubernetes_executor to None, run_after=None
[2023-07-19T18:42:19.075+0000] {processor.py:179} INFO - Processing /home/airflow/.local/lib/python3.7/site-packages/airflow/example_dags/example_kubernetes_executor.py took 1.406 seconds
[2023-07-19T18:42:49.443+0000] {processor.py:157} INFO - Started process (PID=102) to work on /home/airflow/.local/lib/python3.7/site-packages/airflow/example_dags/example_kubernetes_executor.py
[2023-07-19T18:42:49.449+0000] {processor.py:826} INFO - Processing file /home/airflow/.local/lib/python3.7/site-packages/airflow/example_dags/example_kubernetes_executor.py for tasks to queue
[2023-07-19T18:42:49.451+0000] {logging_mixin.py:150} INFO - [2023-07-19T18:42:49.451+0000] {dagbag.py:541} INFO - Filling up the DagBag from /home/airflow/.local/lib/python3.7/site-packages/airflow/example_dags/example_kubernetes_executor.py
[2023-07-19T18:42:49.701+0000] {processor.py:836} INFO - DAG(s) dict_keys(['example_kubernetes_executor']) retrieved from /home/airflow/.local/lib/python3.7/site-packages/airflow/example_dags/example_kubernetes_executor.py
[2023-07-19T18:42:49.739+0000] {logging_mixin.py:150} INFO - [2023-07-19T18:42:49.739+0000] {dag.py:2742} INFO - Sync 1 DAGs
[2023-07-19T18:42:49.763+0000] {logging_mixin.py:150} INFO - [2023-07-19T18:42:49.763+0000] {dag.py:3508} INFO - Setting next_dagrun for example_kubernetes_executor to None, run_after=None
[2023-07-19T18:42:49.776+0000] {processor.py:179} INFO - Processing /home/airflow/.local/lib/python3.7/site-packages/airflow/example_dags/example_kubernetes_executor.py took 0.336 seconds
[2023-07-19T18:43:20.691+0000] {processor.py:157} INFO - Started process (PID=161) to work on /home/airflow/.local/lib/python3.7/site-packages/airflow/example_dags/example_kubernetes_executor.py
[2023-07-19T18:43:20.695+0000] {processor.py:826} INFO - Processing file /home/airflow/.local/lib/python3.7/site-packages/airflow/example_dags/example_kubernetes_executor.py for tasks to queue
[2023-07-19T18:43:20.698+0000] {logging_mixin.py:150} INFO - [2023-07-19T18:43:20.697+0000] {dagbag.py:541} INFO - Filling up the DagBag from /home/airflow/.local/lib/python3.7/site-packages/airflow/example_dags/example_kubernetes_executor.py
[2023-07-19T18:43:20.939+0000] {processor.py:836} INFO - DAG(s) dict_keys(['example_kubernetes_executor']) retrieved from /home/airflow/.local/lib/python3.7/site-packages/airflow/example_dags/example_kubernetes_executor.py
[2023-07-19T18:43:21.012+0000] {logging_mixin.py:150} INFO - [2023-07-19T18:43:21.011+0000] {dag.py:2742} INFO - Sync 1 DAGs
[2023-07-19T18:43:21.037+0000] {logging_mixin.py:150} INFO - [2023-07-19T18:43:21.037+0000] {dag.py:3508} INFO - Setting next_dagrun for example_kubernetes_executor to None, run_after=None
[2023-07-19T18:43:21.054+0000] {processor.py:179} INFO - Processing /home/airflow/.local/lib/python3.7/site-packages/airflow/example_dags/example_kubernetes_executor.py took 0.369 seconds
[2023-07-19T18:43:51.203+0000] {processor.py:157} INFO - Started process (PID=222) to work on /home/airflow/.local/lib/python3.7/site-packages/airflow/example_dags/example_kubernetes_executor.py
[2023-07-19T18:43:51.205+0000] {processor.py:826} INFO - Processing file /home/airflow/.local/lib/python3.7/site-packages/airflow/example_dags/example_kubernetes_executor.py for tasks to queue
[2023-07-19T18:43:51.207+0000] {logging_mixin.py:150} INFO - [2023-07-19T18:43:51.207+0000] {dagbag.py:541} INFO - Filling up the DagBag from /home/airflow/.local/lib/python3.7/site-packages/airflow/example_dags/example_kubernetes_executor.py
[2023-07-19T18:43:51.442+0000] {processor.py:836} INFO - DAG(s) dict_keys(['example_kubernetes_executor']) retrieved from /home/airflow/.local/lib/python3.7/site-packages/airflow/example_dags/example_kubernetes_executor.py
[2023-07-19T18:43:51.482+0000] {logging_mixin.py:150} INFO - [2023-07-19T18:43:51.482+0000] {dag.py:2742} INFO - Sync 1 DAGs
[2023-07-19T18:43:51.503+0000] {logging_mixin.py:150} INFO - [2023-07-19T18:43:51.503+0000] {dag.py:3508} INFO - Setting next_dagrun for example_kubernetes_executor to None, run_after=None
[2023-07-19T18:43:51.516+0000] {processor.py:179} INFO - Processing /home/airflow/.local/lib/python3.7/site-packages/airflow/example_dags/example_kubernetes_executor.py took 0.317 seconds
[2023-07-19T18:44:21.748+0000] {processor.py:157} INFO - Started process (PID=278) to work on /home/airflow/.local/lib/python3.7/site-packages/airflow/example_dags/example_kubernetes_executor.py
[2023-07-19T18:44:21.761+0000] {processor.py:826} INFO - Processing file /home/airflow/.local/lib/python3.7/site-packages/airflow/example_dags/example_kubernetes_executor.py for tasks to queue
[2023-07-19T18:44:21.773+0000] {logging_mixin.py:150} INFO - [2023-07-19T18:44:21.773+0000] {dagbag.py:541} INFO - Filling up the DagBag from /home/airflow/.local/lib/python3.7/site-packages/airflow/example_dags/example_kubernetes_executor.py
[2023-07-19T18:44:22.551+0000] {processor.py:836} INFO - DAG(s) dict_keys(['example_kubernetes_executor']) retrieved from /home/airflow/.local/lib/python3.7/site-packages/airflow/example_dags/example_kubernetes_executor.py
[2023-07-19T18:44:22.615+0000] {logging_mixin.py:150} INFO - [2023-07-19T18:44:22.614+0000] {dag.py:2742} INFO - Sync 1 DAGs
[2023-07-19T18:44:22.653+0000] {logging_mixin.py:150} INFO - [2023-07-19T18:44:22.653+0000] {dag.py:3508} INFO - Setting next_dagrun for example_kubernetes_executor to None, run_after=None
[2023-07-19T18:44:22.689+0000] {processor.py:179} INFO - Processing /home/airflow/.local/lib/python3.7/site-packages/airflow/example_dags/example_kubernetes_executor.py took 0.962 seconds
[2023-07-19T18:44:52.771+0000] {processor.py:157} INFO - Started process (PID=339) to work on /home/airflow/.local/lib/python3.7/site-packages/airflow/example_dags/example_kubernetes_executor.py
[2023-07-19T18:44:52.776+0000] {processor.py:826} INFO - Processing file /home/airflow/.local/lib/python3.7/site-packages/airflow/example_dags/example_kubernetes_executor.py for tasks to queue
[2023-07-19T18:44:52.782+0000] {logging_mixin.py:150} INFO - [2023-07-19T18:44:52.781+0000] {dagbag.py:541} INFO - Filling up the DagBag from /home/airflow/.local/lib/python3.7/site-packages/airflow/example_dags/example_kubernetes_executor.py
[2023-07-19T18:44:53.208+0000] {processor.py:836} INFO - DAG(s) dict_keys(['example_kubernetes_executor']) retrieved from /home/airflow/.local/lib/python3.7/site-packages/airflow/example_dags/example_kubernetes_executor.py
[2023-07-19T18:44:53.270+0000] {logging_mixin.py:150} INFO - [2023-07-19T18:44:53.270+0000] {dag.py:2742} INFO - Sync 1 DAGs
[2023-07-19T18:44:53.300+0000] {logging_mixin.py:150} INFO - [2023-07-19T18:44:53.300+0000] {dag.py:3508} INFO - Setting next_dagrun for example_kubernetes_executor to None, run_after=None
[2023-07-19T18:44:53.321+0000] {processor.py:179} INFO - Processing /home/airflow/.local/lib/python3.7/site-packages/airflow/example_dags/example_kubernetes_executor.py took 0.554 seconds
[2023-07-19T18:45:23.968+0000] {processor.py:157} INFO - Started process (PID=401) to work on /home/airflow/.local/lib/python3.7/site-packages/airflow/example_dags/example_kubernetes_executor.py
[2023-07-19T18:45:23.971+0000] {processor.py:826} INFO - Processing file /home/airflow/.local/lib/python3.7/site-packages/airflow/example_dags/example_kubernetes_executor.py for tasks to queue
[2023-07-19T18:45:23.973+0000] {logging_mixin.py:150} INFO - [2023-07-19T18:45:23.973+0000] {dagbag.py:541} INFO - Filling up the DagBag from /home/airflow/.local/lib/python3.7/site-packages/airflow/example_dags/example_kubernetes_executor.py
[2023-07-19T18:45:24.546+0000] {processor.py:836} INFO - DAG(s) dict_keys(['example_kubernetes_executor']) retrieved from /home/airflow/.local/lib/python3.7/site-packages/airflow/example_dags/example_kubernetes_executor.py
[2023-07-19T18:45:24.622+0000] {logging_mixin.py:150} INFO - [2023-07-19T18:45:24.622+0000] {dag.py:2742} INFO - Sync 1 DAGs
[2023-07-19T18:45:24.702+0000] {logging_mixin.py:150} INFO - [2023-07-19T18:45:24.702+0000] {dag.py:3508} INFO - Setting next_dagrun for example_kubernetes_executor to None, run_after=None
[2023-07-19T18:45:24.782+0000] {processor.py:179} INFO - Processing /home/airflow/.local/lib/python3.7/site-packages/airflow/example_dags/example_kubernetes_executor.py took 0.817 seconds
[2023-07-19T18:45:55.211+0000] {processor.py:157} INFO - Started process (PID=462) to work on /home/airflow/.local/lib/python3.7/site-packages/airflow/example_dags/example_kubernetes_executor.py
[2023-07-19T18:45:55.214+0000] {processor.py:826} INFO - Processing file /home/airflow/.local/lib/python3.7/site-packages/airflow/example_dags/example_kubernetes_executor.py for tasks to queue
[2023-07-19T18:45:55.224+0000] {logging_mixin.py:150} INFO - [2023-07-19T18:45:55.224+0000] {dagbag.py:541} INFO - Filling up the DagBag from /home/airflow/.local/lib/python3.7/site-packages/airflow/example_dags/example_kubernetes_executor.py
[2023-07-19T18:45:55.615+0000] {processor.py:836} INFO - DAG(s) dict_keys(['example_kubernetes_executor']) retrieved from /home/airflow/.local/lib/python3.7/site-packages/airflow/example_dags/example_kubernetes_executor.py
[2023-07-19T18:45:55.685+0000] {logging_mixin.py:150} INFO - [2023-07-19T18:45:55.684+0000] {dag.py:2742} INFO - Sync 1 DAGs
[2023-07-19T18:45:55.712+0000] {logging_mixin.py:150} INFO - [2023-07-19T18:45:55.712+0000] {dag.py:3508} INFO - Setting next_dagrun for example_kubernetes_executor to None, run_after=None
[2023-07-19T18:45:55.745+0000] {processor.py:179} INFO - Processing /home/airflow/.local/lib/python3.7/site-packages/airflow/example_dags/example_kubernetes_executor.py took 0.547 seconds
[2023-07-19T18:46:25.853+0000] {processor.py:157} INFO - Started process (PID=521) to work on /home/airflow/.local/lib/python3.7/site-packages/airflow/example_dags/example_kubernetes_executor.py
[2023-07-19T18:46:25.855+0000] {processor.py:826} INFO - Processing file /home/airflow/.local/lib/python3.7/site-packages/airflow/example_dags/example_kubernetes_executor.py for tasks to queue
[2023-07-19T18:46:25.856+0000] {logging_mixin.py:150} INFO - [2023-07-19T18:46:25.856+0000] {dagbag.py:541} INFO - Filling up the DagBag from /home/airflow/.local/lib/python3.7/site-packages/airflow/example_dags/example_kubernetes_executor.py
[2023-07-19T18:46:26.192+0000] {processor.py:836} INFO - DAG(s) dict_keys(['example_kubernetes_executor']) retrieved from /home/airflow/.local/lib/python3.7/site-packages/airflow/example_dags/example_kubernetes_executor.py
[2023-07-19T18:46:26.268+0000] {logging_mixin.py:150} INFO - [2023-07-19T18:46:26.268+0000] {dag.py:2742} INFO - Sync 1 DAGs
[2023-07-19T18:46:26.298+0000] {logging_mixin.py:150} INFO - [2023-07-19T18:46:26.298+0000] {dag.py:3508} INFO - Setting next_dagrun for example_kubernetes_executor to None, run_after=None
[2023-07-19T18:46:26.333+0000] {processor.py:179} INFO - Processing /home/airflow/.local/lib/python3.7/site-packages/airflow/example_dags/example_kubernetes_executor.py took 0.483 seconds
[2023-07-19T18:46:57.830+0000] {processor.py:157} INFO - Started process (PID=575) to work on /home/airflow/.local/lib/python3.7/site-packages/airflow/example_dags/example_kubernetes_executor.py
[2023-07-19T18:46:57.882+0000] {processor.py:826} INFO - Processing file /home/airflow/.local/lib/python3.7/site-packages/airflow/example_dags/example_kubernetes_executor.py for tasks to queue
[2023-07-19T18:46:57.966+0000] {logging_mixin.py:150} INFO - [2023-07-19T18:46:57.965+0000] {dagbag.py:541} INFO - Filling up the DagBag from /home/airflow/.local/lib/python3.7/site-packages/airflow/example_dags/example_kubernetes_executor.py
[2023-07-19T18:46:58.867+0000] {processor.py:836} INFO - DAG(s) dict_keys(['example_kubernetes_executor']) retrieved from /home/airflow/.local/lib/python3.7/site-packages/airflow/example_dags/example_kubernetes_executor.py
[2023-07-19T18:46:59.000+0000] {logging_mixin.py:150} INFO - [2023-07-19T18:46:58.999+0000] {dag.py:2742} INFO - Sync 1 DAGs
[2023-07-19T18:46:59.056+0000] {logging_mixin.py:150} INFO - [2023-07-19T18:46:59.055+0000] {dag.py:3508} INFO - Setting next_dagrun for example_kubernetes_executor to None, run_after=None
[2023-07-19T18:46:59.116+0000] {processor.py:179} INFO - Processing /home/airflow/.local/lib/python3.7/site-packages/airflow/example_dags/example_kubernetes_executor.py took 1.291 seconds
[2023-07-19T18:47:29.607+0000] {processor.py:157} INFO - Started process (PID=636) to work on /home/airflow/.local/lib/python3.7/site-packages/airflow/example_dags/example_kubernetes_executor.py
[2023-07-19T18:47:29.615+0000] {processor.py:826} INFO - Processing file /home/airflow/.local/lib/python3.7/site-packages/airflow/example_dags/example_kubernetes_executor.py for tasks to queue
[2023-07-19T18:47:29.625+0000] {logging_mixin.py:150} INFO - [2023-07-19T18:47:29.624+0000] {dagbag.py:541} INFO - Filling up the DagBag from /home/airflow/.local/lib/python3.7/site-packages/airflow/example_dags/example_kubernetes_executor.py
[2023-07-19T18:47:30.265+0000] {processor.py:836} INFO - DAG(s) dict_keys(['example_kubernetes_executor']) retrieved from /home/airflow/.local/lib/python3.7/site-packages/airflow/example_dags/example_kubernetes_executor.py
[2023-07-19T18:47:30.342+0000] {logging_mixin.py:150} INFO - [2023-07-19T18:47:30.342+0000] {dag.py:2742} INFO - Sync 1 DAGs
[2023-07-19T18:47:30.402+0000] {logging_mixin.py:150} INFO - [2023-07-19T18:47:30.401+0000] {dag.py:3508} INFO - Setting next_dagrun for example_kubernetes_executor to None, run_after=None
[2023-07-19T18:47:30.451+0000] {processor.py:179} INFO - Processing /home/airflow/.local/lib/python3.7/site-packages/airflow/example_dags/example_kubernetes_executor.py took 0.852 seconds
[2023-07-19T18:48:00.585+0000] {processor.py:157} INFO - Started process (PID=695) to work on /home/airflow/.local/lib/python3.7/site-packages/airflow/example_dags/example_kubernetes_executor.py
[2023-07-19T18:48:00.590+0000] {processor.py:826} INFO - Processing file /home/airflow/.local/lib/python3.7/site-packages/airflow/example_dags/example_kubernetes_executor.py for tasks to queue
[2023-07-19T18:48:00.604+0000] {logging_mixin.py:150} INFO - [2023-07-19T18:48:00.603+0000] {dagbag.py:541} INFO - Filling up the DagBag from /home/airflow/.local/lib/python3.7/site-packages/airflow/example_dags/example_kubernetes_executor.py
[2023-07-19T18:48:01.176+0000] {processor.py:836} INFO - DAG(s) dict_keys(['example_kubernetes_executor']) retrieved from /home/airflow/.local/lib/python3.7/site-packages/airflow/example_dags/example_kubernetes_executor.py
[2023-07-19T18:48:01.398+0000] {logging_mixin.py:150} INFO - [2023-07-19T18:48:01.393+0000] {dag.py:2742} INFO - Sync 1 DAGs
[2023-07-19T18:48:01.525+0000] {logging_mixin.py:150} INFO - [2023-07-19T18:48:01.525+0000] {dag.py:3508} INFO - Setting next_dagrun for example_kubernetes_executor to None, run_after=None
[2023-07-19T18:48:01.584+0000] {processor.py:179} INFO - Processing /home/airflow/.local/lib/python3.7/site-packages/airflow/example_dags/example_kubernetes_executor.py took 1.007 seconds
[2023-07-19T18:48:31.727+0000] {processor.py:157} INFO - Started process (PID=754) to work on /home/airflow/.local/lib/python3.7/site-packages/airflow/example_dags/example_kubernetes_executor.py
[2023-07-19T18:48:31.738+0000] {processor.py:826} INFO - Processing file /home/airflow/.local/lib/python3.7/site-packages/airflow/example_dags/example_kubernetes_executor.py for tasks to queue
[2023-07-19T18:48:31.742+0000] {logging_mixin.py:150} INFO - [2023-07-19T18:48:31.741+0000] {dagbag.py:541} INFO - Filling up the DagBag from /home/airflow/.local/lib/python3.7/site-packages/airflow/example_dags/example_kubernetes_executor.py
[2023-07-19T18:48:32.925+0000] {processor.py:836} INFO - DAG(s) dict_keys(['example_kubernetes_executor']) retrieved from /home/airflow/.local/lib/python3.7/site-packages/airflow/example_dags/example_kubernetes_executor.py
[2023-07-19T18:48:33.055+0000] {logging_mixin.py:150} INFO - [2023-07-19T18:48:33.055+0000] {dag.py:2742} INFO - Sync 1 DAGs
[2023-07-19T18:48:33.104+0000] {logging_mixin.py:150} INFO - [2023-07-19T18:48:33.104+0000] {dag.py:3508} INFO - Setting next_dagrun for example_kubernetes_executor to None, run_after=None
[2023-07-19T18:48:33.232+0000] {processor.py:179} INFO - Processing /home/airflow/.local/lib/python3.7/site-packages/airflow/example_dags/example_kubernetes_executor.py took 1.517 seconds
[2023-07-19T18:49:04.085+0000] {processor.py:157} INFO - Started process (PID=815) to work on /home/airflow/.local/lib/python3.7/site-packages/airflow/example_dags/example_kubernetes_executor.py
[2023-07-19T18:49:04.091+0000] {processor.py:826} INFO - Processing file /home/airflow/.local/lib/python3.7/site-packages/airflow/example_dags/example_kubernetes_executor.py for tasks to queue
[2023-07-19T18:49:04.103+0000] {logging_mixin.py:150} INFO - [2023-07-19T18:49:04.100+0000] {dagbag.py:541} INFO - Filling up the DagBag from /home/airflow/.local/lib/python3.7/site-packages/airflow/example_dags/example_kubernetes_executor.py
[2023-07-19T18:49:05.770+0000] {processor.py:836} INFO - DAG(s) dict_keys(['example_kubernetes_executor']) retrieved from /home/airflow/.local/lib/python3.7/site-packages/airflow/example_dags/example_kubernetes_executor.py
[2023-07-19T18:49:05.895+0000] {logging_mixin.py:150} INFO - [2023-07-19T18:49:05.892+0000] {dag.py:2742} INFO - Sync 1 DAGs
[2023-07-19T18:49:05.948+0000] {logging_mixin.py:150} INFO - [2023-07-19T18:49:05.948+0000] {dag.py:3508} INFO - Setting next_dagrun for example_kubernetes_executor to None, run_after=None
[2023-07-19T18:49:05.993+0000] {processor.py:179} INFO - Processing /home/airflow/.local/lib/python3.7/site-packages/airflow/example_dags/example_kubernetes_executor.py took 1.923 seconds
[2023-07-19T18:49:36.897+0000] {processor.py:157} INFO - Started process (PID=877) to work on /home/airflow/.local/lib/python3.7/site-packages/airflow/example_dags/example_kubernetes_executor.py
[2023-07-19T18:49:36.901+0000] {processor.py:826} INFO - Processing file /home/airflow/.local/lib/python3.7/site-packages/airflow/example_dags/example_kubernetes_executor.py for tasks to queue
[2023-07-19T18:49:36.904+0000] {logging_mixin.py:150} INFO - [2023-07-19T18:49:36.903+0000] {dagbag.py:541} INFO - Filling up the DagBag from /home/airflow/.local/lib/python3.7/site-packages/airflow/example_dags/example_kubernetes_executor.py
[2023-07-19T18:49:37.333+0000] {processor.py:836} INFO - DAG(s) dict_keys(['example_kubernetes_executor']) retrieved from /home/airflow/.local/lib/python3.7/site-packages/airflow/example_dags/example_kubernetes_executor.py
[2023-07-19T18:49:37.381+0000] {logging_mixin.py:150} INFO - [2023-07-19T18:49:37.381+0000] {dag.py:2742} INFO - Sync 1 DAGs
[2023-07-19T18:49:37.422+0000] {logging_mixin.py:150} INFO - [2023-07-19T18:49:37.422+0000] {dag.py:3508} INFO - Setting next_dagrun for example_kubernetes_executor to None, run_after=None
[2023-07-19T18:49:37.468+0000] {processor.py:179} INFO - Processing /home/airflow/.local/lib/python3.7/site-packages/airflow/example_dags/example_kubernetes_executor.py took 0.581 seconds
[2023-07-19T18:50:07.530+0000] {processor.py:157} INFO - Started process (PID=939) to work on /home/airflow/.local/lib/python3.7/site-packages/airflow/example_dags/example_kubernetes_executor.py
[2023-07-19T18:50:07.532+0000] {processor.py:826} INFO - Processing file /home/airflow/.local/lib/python3.7/site-packages/airflow/example_dags/example_kubernetes_executor.py for tasks to queue
[2023-07-19T18:50:07.534+0000] {logging_mixin.py:150} INFO - [2023-07-19T18:50:07.534+0000] {dagbag.py:541} INFO - Filling up the DagBag from /home/airflow/.local/lib/python3.7/site-packages/airflow/example_dags/example_kubernetes_executor.py
[2023-07-19T18:50:07.754+0000] {processor.py:836} INFO - DAG(s) dict_keys(['example_kubernetes_executor']) retrieved from /home/airflow/.local/lib/python3.7/site-packages/airflow/example_dags/example_kubernetes_executor.py
[2023-07-19T18:50:07.809+0000] {logging_mixin.py:150} INFO - [2023-07-19T18:50:07.808+0000] {dag.py:2742} INFO - Sync 1 DAGs
[2023-07-19T18:50:07.845+0000] {logging_mixin.py:150} INFO - [2023-07-19T18:50:07.845+0000] {dag.py:3508} INFO - Setting next_dagrun for example_kubernetes_executor to None, run_after=None
[2023-07-19T18:50:07.862+0000] {processor.py:179} INFO - Processing /home/airflow/.local/lib/python3.7/site-packages/airflow/example_dags/example_kubernetes_executor.py took 0.336 seconds
[2023-07-19T18:50:40.870+0000] {processor.py:157} INFO - Started process (PID=989) to work on /home/airflow/.local/lib/python3.7/site-packages/airflow/example_dags/example_kubernetes_executor.py
[2023-07-19T18:50:40.884+0000] {processor.py:826} INFO - Processing file /home/airflow/.local/lib/python3.7/site-packages/airflow/example_dags/example_kubernetes_executor.py for tasks to queue
[2023-07-19T18:50:40.893+0000] {logging_mixin.py:150} INFO - [2023-07-19T18:50:40.890+0000] {dagbag.py:541} INFO - Filling up the DagBag from /home/airflow/.local/lib/python3.7/site-packages/airflow/example_dags/example_kubernetes_executor.py
[2023-07-19T18:50:42.339+0000] {processor.py:836} INFO - DAG(s) dict_keys(['example_kubernetes_executor']) retrieved from /home/airflow/.local/lib/python3.7/site-packages/airflow/example_dags/example_kubernetes_executor.py
[2023-07-19T18:50:42.478+0000] {logging_mixin.py:150} INFO - [2023-07-19T18:50:42.477+0000] {dag.py:2742} INFO - Sync 1 DAGs
[2023-07-19T18:50:42.564+0000] {logging_mixin.py:150} INFO - [2023-07-19T18:50:42.564+0000] {dag.py:3508} INFO - Setting next_dagrun for example_kubernetes_executor to None, run_after=None
[2023-07-19T18:50:42.601+0000] {processor.py:179} INFO - Processing /home/airflow/.local/lib/python3.7/site-packages/airflow/example_dags/example_kubernetes_executor.py took 1.745 seconds
[2023-07-19T18:51:12.703+0000] {processor.py:157} INFO - Started process (PID=1051) to work on /home/airflow/.local/lib/python3.7/site-packages/airflow/example_dags/example_kubernetes_executor.py
[2023-07-19T18:51:12.705+0000] {processor.py:826} INFO - Processing file /home/airflow/.local/lib/python3.7/site-packages/airflow/example_dags/example_kubernetes_executor.py for tasks to queue
[2023-07-19T18:51:12.707+0000] {logging_mixin.py:150} INFO - [2023-07-19T18:51:12.707+0000] {dagbag.py:541} INFO - Filling up the DagBag from /home/airflow/.local/lib/python3.7/site-packages/airflow/example_dags/example_kubernetes_executor.py
[2023-07-19T18:51:13.102+0000] {processor.py:836} INFO - DAG(s) dict_keys(['example_kubernetes_executor']) retrieved from /home/airflow/.local/lib/python3.7/site-packages/airflow/example_dags/example_kubernetes_executor.py
[2023-07-19T18:51:13.143+0000] {logging_mixin.py:150} INFO - [2023-07-19T18:51:13.143+0000] {dag.py:2742} INFO - Sync 1 DAGs
[2023-07-19T18:51:13.168+0000] {logging_mixin.py:150} INFO - [2023-07-19T18:51:13.168+0000] {dag.py:3508} INFO - Setting next_dagrun for example_kubernetes_executor to None, run_after=None
[2023-07-19T18:51:13.185+0000] {processor.py:179} INFO - Processing /home/airflow/.local/lib/python3.7/site-packages/airflow/example_dags/example_kubernetes_executor.py took 0.489 seconds
[2023-07-19T18:51:43.300+0000] {processor.py:157} INFO - Started process (PID=1112) to work on /home/airflow/.local/lib/python3.7/site-packages/airflow/example_dags/example_kubernetes_executor.py
[2023-07-19T18:51:43.321+0000] {processor.py:826} INFO - Processing file /home/airflow/.local/lib/python3.7/site-packages/airflow/example_dags/example_kubernetes_executor.py for tasks to queue
[2023-07-19T18:51:43.325+0000] {logging_mixin.py:150} INFO - [2023-07-19T18:51:43.324+0000] {dagbag.py:541} INFO - Filling up the DagBag from /home/airflow/.local/lib/python3.7/site-packages/airflow/example_dags/example_kubernetes_executor.py
[2023-07-19T18:51:43.777+0000] {processor.py:836} INFO - DAG(s) dict_keys(['example_kubernetes_executor']) retrieved from /home/airflow/.local/lib/python3.7/site-packages/airflow/example_dags/example_kubernetes_executor.py
[2023-07-19T18:51:43.847+0000] {logging_mixin.py:150} INFO - [2023-07-19T18:51:43.847+0000] {dag.py:2742} INFO - Sync 1 DAGs
[2023-07-19T18:51:43.886+0000] {logging_mixin.py:150} INFO - [2023-07-19T18:51:43.886+0000] {dag.py:3508} INFO - Setting next_dagrun for example_kubernetes_executor to None, run_after=None
[2023-07-19T18:51:43.918+0000] {processor.py:179} INFO - Processing /home/airflow/.local/lib/python3.7/site-packages/airflow/example_dags/example_kubernetes_executor.py took 0.633 seconds
[2023-07-19T18:52:13.998+0000] {processor.py:157} INFO - Started process (PID=1171) to work on /home/airflow/.local/lib/python3.7/site-packages/airflow/example_dags/example_kubernetes_executor.py
[2023-07-19T18:52:14.001+0000] {processor.py:826} INFO - Processing file /home/airflow/.local/lib/python3.7/site-packages/airflow/example_dags/example_kubernetes_executor.py for tasks to queue
[2023-07-19T18:52:14.003+0000] {logging_mixin.py:150} INFO - [2023-07-19T18:52:14.003+0000] {dagbag.py:541} INFO - Filling up the DagBag from /home/airflow/.local/lib/python3.7/site-packages/airflow/example_dags/example_kubernetes_executor.py
[2023-07-19T18:52:14.238+0000] {processor.py:836} INFO - DAG(s) dict_keys(['example_kubernetes_executor']) retrieved from /home/airflow/.local/lib/python3.7/site-packages/airflow/example_dags/example_kubernetes_executor.py
[2023-07-19T18:52:14.288+0000] {logging_mixin.py:150} INFO - [2023-07-19T18:52:14.287+0000] {dag.py:2742} INFO - Sync 1 DAGs
[2023-07-19T18:52:14.311+0000] {logging_mixin.py:150} INFO - [2023-07-19T18:52:14.311+0000] {dag.py:3508} INFO - Setting next_dagrun for example_kubernetes_executor to None, run_after=None
[2023-07-19T18:52:14.334+0000] {processor.py:179} INFO - Processing /home/airflow/.local/lib/python3.7/site-packages/airflow/example_dags/example_kubernetes_executor.py took 0.339 seconds
[2023-07-19T18:52:45.265+0000] {processor.py:157} INFO - Started process (PID=1231) to work on /home/airflow/.local/lib/python3.7/site-packages/airflow/example_dags/example_kubernetes_executor.py
[2023-07-19T18:52:45.271+0000] {processor.py:826} INFO - Processing file /home/airflow/.local/lib/python3.7/site-packages/airflow/example_dags/example_kubernetes_executor.py for tasks to queue
[2023-07-19T18:52:45.276+0000] {logging_mixin.py:150} INFO - [2023-07-19T18:52:45.276+0000] {dagbag.py:541} INFO - Filling up the DagBag from /home/airflow/.local/lib/python3.7/site-packages/airflow/example_dags/example_kubernetes_executor.py
[2023-07-19T18:52:45.547+0000] {processor.py:836} INFO - DAG(s) dict_keys(['example_kubernetes_executor']) retrieved from /home/airflow/.local/lib/python3.7/site-packages/airflow/example_dags/example_kubernetes_executor.py
[2023-07-19T18:52:45.595+0000] {logging_mixin.py:150} INFO - [2023-07-19T18:52:45.595+0000] {dag.py:2742} INFO - Sync 1 DAGs
[2023-07-19T18:52:45.633+0000] {logging_mixin.py:150} INFO - [2023-07-19T18:52:45.633+0000] {dag.py:3508} INFO - Setting next_dagrun for example_kubernetes_executor to None, run_after=None
[2023-07-19T18:52:45.653+0000] {processor.py:179} INFO - Processing /home/airflow/.local/lib/python3.7/site-packages/airflow/example_dags/example_kubernetes_executor.py took 0.395 seconds
[2023-07-19T18:53:16.521+0000] {processor.py:157} INFO - Started process (PID=1290) to work on /home/airflow/.local/lib/python3.7/site-packages/airflow/example_dags/example_kubernetes_executor.py
[2023-07-19T18:53:16.543+0000] {processor.py:826} INFO - Processing file /home/airflow/.local/lib/python3.7/site-packages/airflow/example_dags/example_kubernetes_executor.py for tasks to queue
[2023-07-19T18:53:16.545+0000] {logging_mixin.py:150} INFO - [2023-07-19T18:53:16.544+0000] {dagbag.py:541} INFO - Filling up the DagBag from /home/airflow/.local/lib/python3.7/site-packages/airflow/example_dags/example_kubernetes_executor.py
[2023-07-19T18:53:16.935+0000] {processor.py:836} INFO - DAG(s) dict_keys(['example_kubernetes_executor']) retrieved from /home/airflow/.local/lib/python3.7/site-packages/airflow/example_dags/example_kubernetes_executor.py
[2023-07-19T18:53:16.984+0000] {logging_mixin.py:150} INFO - [2023-07-19T18:53:16.984+0000] {dag.py:2742} INFO - Sync 1 DAGs
[2023-07-19T18:53:17.022+0000] {logging_mixin.py:150} INFO - [2023-07-19T18:53:17.021+0000] {dag.py:3508} INFO - Setting next_dagrun for example_kubernetes_executor to None, run_after=None
[2023-07-19T18:53:17.063+0000] {processor.py:179} INFO - Processing /home/airflow/.local/lib/python3.7/site-packages/airflow/example_dags/example_kubernetes_executor.py took 0.548 seconds
[2023-07-19T18:53:47.720+0000] {processor.py:157} INFO - Started process (PID=1349) to work on /home/airflow/.local/lib/python3.7/site-packages/airflow/example_dags/example_kubernetes_executor.py
[2023-07-19T18:53:47.726+0000] {processor.py:826} INFO - Processing file /home/airflow/.local/lib/python3.7/site-packages/airflow/example_dags/example_kubernetes_executor.py for tasks to queue
[2023-07-19T18:53:47.730+0000] {logging_mixin.py:150} INFO - [2023-07-19T18:53:47.730+0000] {dagbag.py:541} INFO - Filling up the DagBag from /home/airflow/.local/lib/python3.7/site-packages/airflow/example_dags/example_kubernetes_executor.py
[2023-07-19T18:53:48.271+0000] {processor.py:836} INFO - DAG(s) dict_keys(['example_kubernetes_executor']) retrieved from /home/airflow/.local/lib/python3.7/site-packages/airflow/example_dags/example_kubernetes_executor.py
[2023-07-19T18:53:48.343+0000] {logging_mixin.py:150} INFO - [2023-07-19T18:53:48.343+0000] {dag.py:2742} INFO - Sync 1 DAGs
[2023-07-19T18:53:48.377+0000] {logging_mixin.py:150} INFO - [2023-07-19T18:53:48.377+0000] {dag.py:3508} INFO - Setting next_dagrun for example_kubernetes_executor to None, run_after=None
[2023-07-19T18:53:48.403+0000] {processor.py:179} INFO - Processing /home/airflow/.local/lib/python3.7/site-packages/airflow/example_dags/example_kubernetes_executor.py took 0.697 seconds
[2023-07-19T18:54:19.058+0000] {processor.py:157} INFO - Started process (PID=1407) to work on /home/airflow/.local/lib/python3.7/site-packages/airflow/example_dags/example_kubernetes_executor.py
[2023-07-19T18:54:19.077+0000] {processor.py:826} INFO - Processing file /home/airflow/.local/lib/python3.7/site-packages/airflow/example_dags/example_kubernetes_executor.py for tasks to queue
[2023-07-19T18:54:19.089+0000] {logging_mixin.py:150} INFO - [2023-07-19T18:54:19.088+0000] {dagbag.py:541} INFO - Filling up the DagBag from /home/airflow/.local/lib/python3.7/site-packages/airflow/example_dags/example_kubernetes_executor.py
[2023-07-19T18:54:19.729+0000] {processor.py:836} INFO - DAG(s) dict_keys(['example_kubernetes_executor']) retrieved from /home/airflow/.local/lib/python3.7/site-packages/airflow/example_dags/example_kubernetes_executor.py
[2023-07-19T18:54:19.831+0000] {logging_mixin.py:150} INFO - [2023-07-19T18:54:19.831+0000] {dag.py:2742} INFO - Sync 1 DAGs
[2023-07-19T18:54:19.898+0000] {logging_mixin.py:150} INFO - [2023-07-19T18:54:19.898+0000] {dag.py:3508} INFO - Setting next_dagrun for example_kubernetes_executor to None, run_after=None
[2023-07-19T18:54:19.945+0000] {processor.py:179} INFO - Processing /home/airflow/.local/lib/python3.7/site-packages/airflow/example_dags/example_kubernetes_executor.py took 0.906 seconds
