[2023-07-19T18:42:19.144+0000] {processor.py:157} INFO - Started process (PID=44) to work on /home/airflow/.local/lib/python3.7/site-packages/airflow/example_dags/example_external_task_marker_dag.py
[2023-07-19T18:42:19.146+0000] {processor.py:826} INFO - Processing file /home/airflow/.local/lib/python3.7/site-packages/airflow/example_dags/example_external_task_marker_dag.py for tasks to queue
[2023-07-19T18:42:19.148+0000] {logging_mixin.py:150} INFO - [2023-07-19T18:42:19.148+0000] {dagbag.py:541} INFO - Filling up the DagBag from /home/airflow/.local/lib/python3.7/site-packages/airflow/example_dags/example_external_task_marker_dag.py
[2023-07-19T18:42:19.158+0000] {processor.py:836} INFO - DAG(s) dict_keys(['example_external_task_marker_parent', 'example_external_task_marker_child']) retrieved from /home/airflow/.local/lib/python3.7/site-packages/airflow/example_dags/example_external_task_marker_dag.py
[2023-07-19T18:42:19.193+0000] {logging_mixin.py:150} INFO - [2023-07-19T18:42:19.193+0000] {dag.py:2742} INFO - Sync 2 DAGs
[2023-07-19T18:42:19.232+0000] {logging_mixin.py:150} INFO - [2023-07-19T18:42:19.230+0000] {dag.py:3508} INFO - Setting next_dagrun for example_external_task_marker_child to None, run_after=None
[2023-07-19T18:42:19.247+0000] {logging_mixin.py:150} INFO - [2023-07-19T18:42:19.246+0000] {dag.py:3508} INFO - Setting next_dagrun for example_external_task_marker_parent to None, run_after=None
[2023-07-19T18:42:19.275+0000] {processor.py:179} INFO - Processing /home/airflow/.local/lib/python3.7/site-packages/airflow/example_dags/example_external_task_marker_dag.py took 0.134 seconds
[2023-07-19T18:42:49.819+0000] {processor.py:157} INFO - Started process (PID=104) to work on /home/airflow/.local/lib/python3.7/site-packages/airflow/example_dags/example_external_task_marker_dag.py
[2023-07-19T18:42:49.821+0000] {processor.py:826} INFO - Processing file /home/airflow/.local/lib/python3.7/site-packages/airflow/example_dags/example_external_task_marker_dag.py for tasks to queue
[2023-07-19T18:42:49.822+0000] {logging_mixin.py:150} INFO - [2023-07-19T18:42:49.822+0000] {dagbag.py:541} INFO - Filling up the DagBag from /home/airflow/.local/lib/python3.7/site-packages/airflow/example_dags/example_external_task_marker_dag.py
[2023-07-19T18:42:49.828+0000] {processor.py:836} INFO - DAG(s) dict_keys(['example_external_task_marker_parent', 'example_external_task_marker_child']) retrieved from /home/airflow/.local/lib/python3.7/site-packages/airflow/example_dags/example_external_task_marker_dag.py
[2023-07-19T18:42:49.854+0000] {logging_mixin.py:150} INFO - [2023-07-19T18:42:49.854+0000] {dag.py:2742} INFO - Sync 2 DAGs
[2023-07-19T18:42:49.871+0000] {logging_mixin.py:150} INFO - [2023-07-19T18:42:49.871+0000] {dag.py:3508} INFO - Setting next_dagrun for example_external_task_marker_child to None, run_after=None
[2023-07-19T18:42:49.875+0000] {logging_mixin.py:150} INFO - [2023-07-19T18:42:49.875+0000] {dag.py:3508} INFO - Setting next_dagrun for example_external_task_marker_parent to None, run_after=None
[2023-07-19T18:42:49.887+0000] {processor.py:179} INFO - Processing /home/airflow/.local/lib/python3.7/site-packages/airflow/example_dags/example_external_task_marker_dag.py took 0.072 seconds
[2023-07-19T18:43:20.849+0000] {processor.py:157} INFO - Started process (PID=163) to work on /home/airflow/.local/lib/python3.7/site-packages/airflow/example_dags/example_external_task_marker_dag.py
[2023-07-19T18:43:20.852+0000] {processor.py:826} INFO - Processing file /home/airflow/.local/lib/python3.7/site-packages/airflow/example_dags/example_external_task_marker_dag.py for tasks to queue
[2023-07-19T18:43:20.857+0000] {logging_mixin.py:150} INFO - [2023-07-19T18:43:20.857+0000] {dagbag.py:541} INFO - Filling up the DagBag from /home/airflow/.local/lib/python3.7/site-packages/airflow/example_dags/example_external_task_marker_dag.py
[2023-07-19T18:43:20.868+0000] {processor.py:836} INFO - DAG(s) dict_keys(['example_external_task_marker_child', 'example_external_task_marker_parent']) retrieved from /home/airflow/.local/lib/python3.7/site-packages/airflow/example_dags/example_external_task_marker_dag.py
[2023-07-19T18:43:20.904+0000] {logging_mixin.py:150} INFO - [2023-07-19T18:43:20.904+0000] {dag.py:2742} INFO - Sync 2 DAGs
[2023-07-19T18:43:20.930+0000] {logging_mixin.py:150} INFO - [2023-07-19T18:43:20.930+0000] {dag.py:3508} INFO - Setting next_dagrun for example_external_task_marker_child to None, run_after=None
[2023-07-19T18:43:20.941+0000] {logging_mixin.py:150} INFO - [2023-07-19T18:43:20.941+0000] {dag.py:3508} INFO - Setting next_dagrun for example_external_task_marker_parent to None, run_after=None
[2023-07-19T18:43:20.960+0000] {processor.py:179} INFO - Processing /home/airflow/.local/lib/python3.7/site-packages/airflow/example_dags/example_external_task_marker_dag.py took 0.115 seconds
[2023-07-19T18:43:51.078+0000] {processor.py:157} INFO - Started process (PID=221) to work on /home/airflow/.local/lib/python3.7/site-packages/airflow/example_dags/example_external_task_marker_dag.py
[2023-07-19T18:43:51.082+0000] {processor.py:826} INFO - Processing file /home/airflow/.local/lib/python3.7/site-packages/airflow/example_dags/example_external_task_marker_dag.py for tasks to queue
[2023-07-19T18:43:51.087+0000] {logging_mixin.py:150} INFO - [2023-07-19T18:43:51.086+0000] {dagbag.py:541} INFO - Filling up the DagBag from /home/airflow/.local/lib/python3.7/site-packages/airflow/example_dags/example_external_task_marker_dag.py
[2023-07-19T18:43:51.095+0000] {processor.py:836} INFO - DAG(s) dict_keys(['example_external_task_marker_child', 'example_external_task_marker_parent']) retrieved from /home/airflow/.local/lib/python3.7/site-packages/airflow/example_dags/example_external_task_marker_dag.py
[2023-07-19T18:43:51.122+0000] {logging_mixin.py:150} INFO - [2023-07-19T18:43:51.122+0000] {dag.py:2742} INFO - Sync 2 DAGs
[2023-07-19T18:43:51.143+0000] {logging_mixin.py:150} INFO - [2023-07-19T18:43:51.143+0000] {dag.py:3508} INFO - Setting next_dagrun for example_external_task_marker_child to None, run_after=None
[2023-07-19T18:43:51.147+0000] {logging_mixin.py:150} INFO - [2023-07-19T18:43:51.147+0000] {dag.py:3508} INFO - Setting next_dagrun for example_external_task_marker_parent to None, run_after=None
[2023-07-19T18:43:51.161+0000] {processor.py:179} INFO - Processing /home/airflow/.local/lib/python3.7/site-packages/airflow/example_dags/example_external_task_marker_dag.py took 0.090 seconds
[2023-07-19T18:44:22.299+0000] {processor.py:157} INFO - Started process (PID=280) to work on /home/airflow/.local/lib/python3.7/site-packages/airflow/example_dags/example_external_task_marker_dag.py
[2023-07-19T18:44:22.304+0000] {processor.py:826} INFO - Processing file /home/airflow/.local/lib/python3.7/site-packages/airflow/example_dags/example_external_task_marker_dag.py for tasks to queue
[2023-07-19T18:44:22.312+0000] {logging_mixin.py:150} INFO - [2023-07-19T18:44:22.311+0000] {dagbag.py:541} INFO - Filling up the DagBag from /home/airflow/.local/lib/python3.7/site-packages/airflow/example_dags/example_external_task_marker_dag.py
[2023-07-19T18:44:22.324+0000] {processor.py:836} INFO - DAG(s) dict_keys(['example_external_task_marker_child', 'example_external_task_marker_parent']) retrieved from /home/airflow/.local/lib/python3.7/site-packages/airflow/example_dags/example_external_task_marker_dag.py
[2023-07-19T18:44:22.390+0000] {logging_mixin.py:150} INFO - [2023-07-19T18:44:22.390+0000] {dag.py:2742} INFO - Sync 2 DAGs
[2023-07-19T18:44:22.424+0000] {logging_mixin.py:150} INFO - [2023-07-19T18:44:22.424+0000] {dag.py:3508} INFO - Setting next_dagrun for example_external_task_marker_child to None, run_after=None
[2023-07-19T18:44:22.429+0000] {logging_mixin.py:150} INFO - [2023-07-19T18:44:22.429+0000] {dag.py:3508} INFO - Setting next_dagrun for example_external_task_marker_parent to None, run_after=None
[2023-07-19T18:44:22.455+0000] {processor.py:179} INFO - Processing /home/airflow/.local/lib/python3.7/site-packages/airflow/example_dags/example_external_task_marker_dag.py took 0.162 seconds
[2023-07-19T18:44:52.613+0000] {processor.py:157} INFO - Started process (PID=338) to work on /home/airflow/.local/lib/python3.7/site-packages/airflow/example_dags/example_external_task_marker_dag.py
[2023-07-19T18:44:52.623+0000] {processor.py:826} INFO - Processing file /home/airflow/.local/lib/python3.7/site-packages/airflow/example_dags/example_external_task_marker_dag.py for tasks to queue
[2023-07-19T18:44:52.626+0000] {logging_mixin.py:150} INFO - [2023-07-19T18:44:52.626+0000] {dagbag.py:541} INFO - Filling up the DagBag from /home/airflow/.local/lib/python3.7/site-packages/airflow/example_dags/example_external_task_marker_dag.py
[2023-07-19T18:44:52.633+0000] {processor.py:836} INFO - DAG(s) dict_keys(['example_external_task_marker_child', 'example_external_task_marker_parent']) retrieved from /home/airflow/.local/lib/python3.7/site-packages/airflow/example_dags/example_external_task_marker_dag.py
[2023-07-19T18:44:52.668+0000] {logging_mixin.py:150} INFO - [2023-07-19T18:44:52.668+0000] {dag.py:2742} INFO - Sync 2 DAGs
[2023-07-19T18:44:52.695+0000] {logging_mixin.py:150} INFO - [2023-07-19T18:44:52.695+0000] {dag.py:3508} INFO - Setting next_dagrun for example_external_task_marker_child to None, run_after=None
[2023-07-19T18:44:52.701+0000] {logging_mixin.py:150} INFO - [2023-07-19T18:44:52.701+0000] {dag.py:3508} INFO - Setting next_dagrun for example_external_task_marker_parent to None, run_after=None
[2023-07-19T18:44:52.717+0000] {processor.py:179} INFO - Processing /home/airflow/.local/lib/python3.7/site-packages/airflow/example_dags/example_external_task_marker_dag.py took 0.108 seconds
[2023-07-19T18:45:23.285+0000] {processor.py:157} INFO - Started process (PID=397) to work on /home/airflow/.local/lib/python3.7/site-packages/airflow/example_dags/example_external_task_marker_dag.py
[2023-07-19T18:45:23.290+0000] {processor.py:826} INFO - Processing file /home/airflow/.local/lib/python3.7/site-packages/airflow/example_dags/example_external_task_marker_dag.py for tasks to queue
[2023-07-19T18:45:23.295+0000] {logging_mixin.py:150} INFO - [2023-07-19T18:45:23.294+0000] {dagbag.py:541} INFO - Filling up the DagBag from /home/airflow/.local/lib/python3.7/site-packages/airflow/example_dags/example_external_task_marker_dag.py
[2023-07-19T18:45:23.308+0000] {processor.py:836} INFO - DAG(s) dict_keys(['example_external_task_marker_child', 'example_external_task_marker_parent']) retrieved from /home/airflow/.local/lib/python3.7/site-packages/airflow/example_dags/example_external_task_marker_dag.py
[2023-07-19T18:45:23.407+0000] {logging_mixin.py:150} INFO - [2023-07-19T18:45:23.407+0000] {dag.py:2742} INFO - Sync 2 DAGs
[2023-07-19T18:45:23.471+0000] {logging_mixin.py:150} INFO - [2023-07-19T18:45:23.470+0000] {dag.py:3508} INFO - Setting next_dagrun for example_external_task_marker_child to None, run_after=None
[2023-07-19T18:45:23.496+0000] {logging_mixin.py:150} INFO - [2023-07-19T18:45:23.494+0000] {dag.py:3508} INFO - Setting next_dagrun for example_external_task_marker_parent to None, run_after=None
[2023-07-19T18:45:23.539+0000] {processor.py:179} INFO - Processing /home/airflow/.local/lib/python3.7/site-packages/airflow/example_dags/example_external_task_marker_dag.py took 0.259 seconds
[2023-07-19T18:45:53.646+0000] {processor.py:157} INFO - Started process (PID=456) to work on /home/airflow/.local/lib/python3.7/site-packages/airflow/example_dags/example_external_task_marker_dag.py
[2023-07-19T18:45:53.649+0000] {processor.py:826} INFO - Processing file /home/airflow/.local/lib/python3.7/site-packages/airflow/example_dags/example_external_task_marker_dag.py for tasks to queue
[2023-07-19T18:45:53.652+0000] {logging_mixin.py:150} INFO - [2023-07-19T18:45:53.652+0000] {dagbag.py:541} INFO - Filling up the DagBag from /home/airflow/.local/lib/python3.7/site-packages/airflow/example_dags/example_external_task_marker_dag.py
[2023-07-19T18:45:53.660+0000] {processor.py:836} INFO - DAG(s) dict_keys(['example_external_task_marker_parent', 'example_external_task_marker_child']) retrieved from /home/airflow/.local/lib/python3.7/site-packages/airflow/example_dags/example_external_task_marker_dag.py
[2023-07-19T18:45:53.699+0000] {logging_mixin.py:150} INFO - [2023-07-19T18:45:53.699+0000] {dag.py:2742} INFO - Sync 2 DAGs
[2023-07-19T18:45:53.734+0000] {logging_mixin.py:150} INFO - [2023-07-19T18:45:53.734+0000] {dag.py:3508} INFO - Setting next_dagrun for example_external_task_marker_child to None, run_after=None
[2023-07-19T18:45:53.741+0000] {logging_mixin.py:150} INFO - [2023-07-19T18:45:53.741+0000] {dag.py:3508} INFO - Setting next_dagrun for example_external_task_marker_parent to None, run_after=None
[2023-07-19T18:45:53.758+0000] {processor.py:179} INFO - Processing /home/airflow/.local/lib/python3.7/site-packages/airflow/example_dags/example_external_task_marker_dag.py took 0.117 seconds
[2023-07-19T18:46:24.119+0000] {processor.py:157} INFO - Started process (PID=515) to work on /home/airflow/.local/lib/python3.7/site-packages/airflow/example_dags/example_external_task_marker_dag.py
[2023-07-19T18:46:24.128+0000] {processor.py:826} INFO - Processing file /home/airflow/.local/lib/python3.7/site-packages/airflow/example_dags/example_external_task_marker_dag.py for tasks to queue
[2023-07-19T18:46:24.131+0000] {logging_mixin.py:150} INFO - [2023-07-19T18:46:24.131+0000] {dagbag.py:541} INFO - Filling up the DagBag from /home/airflow/.local/lib/python3.7/site-packages/airflow/example_dags/example_external_task_marker_dag.py
[2023-07-19T18:46:24.148+0000] {processor.py:836} INFO - DAG(s) dict_keys(['example_external_task_marker_child', 'example_external_task_marker_parent']) retrieved from /home/airflow/.local/lib/python3.7/site-packages/airflow/example_dags/example_external_task_marker_dag.py
[2023-07-19T18:46:24.249+0000] {logging_mixin.py:150} INFO - [2023-07-19T18:46:24.249+0000] {dag.py:2742} INFO - Sync 2 DAGs
[2023-07-19T18:46:24.289+0000] {logging_mixin.py:150} INFO - [2023-07-19T18:46:24.289+0000] {dag.py:3508} INFO - Setting next_dagrun for example_external_task_marker_child to None, run_after=None
[2023-07-19T18:46:24.298+0000] {logging_mixin.py:150} INFO - [2023-07-19T18:46:24.298+0000] {dag.py:3508} INFO - Setting next_dagrun for example_external_task_marker_parent to None, run_after=None
[2023-07-19T18:46:24.333+0000] {processor.py:179} INFO - Processing /home/airflow/.local/lib/python3.7/site-packages/airflow/example_dags/example_external_task_marker_dag.py took 0.223 seconds
[2023-07-19T18:46:57.243+0000] {processor.py:157} INFO - Started process (PID=574) to work on /home/airflow/.local/lib/python3.7/site-packages/airflow/example_dags/example_external_task_marker_dag.py
[2023-07-19T18:46:57.248+0000] {processor.py:826} INFO - Processing file /home/airflow/.local/lib/python3.7/site-packages/airflow/example_dags/example_external_task_marker_dag.py for tasks to queue
[2023-07-19T18:46:57.251+0000] {logging_mixin.py:150} INFO - [2023-07-19T18:46:57.251+0000] {dagbag.py:541} INFO - Filling up the DagBag from /home/airflow/.local/lib/python3.7/site-packages/airflow/example_dags/example_external_task_marker_dag.py
[2023-07-19T18:46:57.278+0000] {processor.py:836} INFO - DAG(s) dict_keys(['example_external_task_marker_parent', 'example_external_task_marker_child']) retrieved from /home/airflow/.local/lib/python3.7/site-packages/airflow/example_dags/example_external_task_marker_dag.py
[2023-07-19T18:46:57.404+0000] {logging_mixin.py:150} INFO - [2023-07-19T18:46:57.404+0000] {dag.py:2742} INFO - Sync 2 DAGs
[2023-07-19T18:46:57.546+0000] {logging_mixin.py:150} INFO - [2023-07-19T18:46:57.546+0000] {dag.py:3508} INFO - Setting next_dagrun for example_external_task_marker_child to None, run_after=None
[2023-07-19T18:46:57.560+0000] {logging_mixin.py:150} INFO - [2023-07-19T18:46:57.560+0000] {dag.py:3508} INFO - Setting next_dagrun for example_external_task_marker_parent to None, run_after=None
[2023-07-19T18:46:57.593+0000] {processor.py:179} INFO - Processing /home/airflow/.local/lib/python3.7/site-packages/airflow/example_dags/example_external_task_marker_dag.py took 0.355 seconds
[2023-07-19T18:47:27.979+0000] {processor.py:157} INFO - Started process (PID=633) to work on /home/airflow/.local/lib/python3.7/site-packages/airflow/example_dags/example_external_task_marker_dag.py
[2023-07-19T18:47:27.989+0000] {processor.py:826} INFO - Processing file /home/airflow/.local/lib/python3.7/site-packages/airflow/example_dags/example_external_task_marker_dag.py for tasks to queue
[2023-07-19T18:47:27.994+0000] {logging_mixin.py:150} INFO - [2023-07-19T18:47:27.993+0000] {dagbag.py:541} INFO - Filling up the DagBag from /home/airflow/.local/lib/python3.7/site-packages/airflow/example_dags/example_external_task_marker_dag.py
[2023-07-19T18:47:28.017+0000] {processor.py:836} INFO - DAG(s) dict_keys(['example_external_task_marker_child', 'example_external_task_marker_parent']) retrieved from /home/airflow/.local/lib/python3.7/site-packages/airflow/example_dags/example_external_task_marker_dag.py
[2023-07-19T18:47:28.122+0000] {logging_mixin.py:150} INFO - [2023-07-19T18:47:28.121+0000] {dag.py:2742} INFO - Sync 2 DAGs
[2023-07-19T18:47:28.190+0000] {logging_mixin.py:150} INFO - [2023-07-19T18:47:28.189+0000] {dag.py:3508} INFO - Setting next_dagrun for example_external_task_marker_child to None, run_after=None
[2023-07-19T18:47:28.203+0000] {logging_mixin.py:150} INFO - [2023-07-19T18:47:28.202+0000] {dag.py:3508} INFO - Setting next_dagrun for example_external_task_marker_parent to None, run_after=None
[2023-07-19T18:47:28.263+0000] {processor.py:179} INFO - Processing /home/airflow/.local/lib/python3.7/site-packages/airflow/example_dags/example_external_task_marker_dag.py took 0.293 seconds
[2023-07-19T18:47:59.127+0000] {processor.py:157} INFO - Started process (PID=692) to work on /home/airflow/.local/lib/python3.7/site-packages/airflow/example_dags/example_external_task_marker_dag.py
[2023-07-19T18:47:59.133+0000] {processor.py:826} INFO - Processing file /home/airflow/.local/lib/python3.7/site-packages/airflow/example_dags/example_external_task_marker_dag.py for tasks to queue
[2023-07-19T18:47:59.137+0000] {logging_mixin.py:150} INFO - [2023-07-19T18:47:59.137+0000] {dagbag.py:541} INFO - Filling up the DagBag from /home/airflow/.local/lib/python3.7/site-packages/airflow/example_dags/example_external_task_marker_dag.py
[2023-07-19T18:47:59.158+0000] {processor.py:836} INFO - DAG(s) dict_keys(['example_external_task_marker_parent', 'example_external_task_marker_child']) retrieved from /home/airflow/.local/lib/python3.7/site-packages/airflow/example_dags/example_external_task_marker_dag.py
[2023-07-19T18:47:59.238+0000] {logging_mixin.py:150} INFO - [2023-07-19T18:47:59.238+0000] {dag.py:2742} INFO - Sync 2 DAGs
[2023-07-19T18:47:59.267+0000] {logging_mixin.py:150} INFO - [2023-07-19T18:47:59.266+0000] {dag.py:3508} INFO - Setting next_dagrun for example_external_task_marker_child to None, run_after=None
[2023-07-19T18:47:59.280+0000] {logging_mixin.py:150} INFO - [2023-07-19T18:47:59.280+0000] {dag.py:3508} INFO - Setting next_dagrun for example_external_task_marker_parent to None, run_after=None
[2023-07-19T18:47:59.303+0000] {processor.py:179} INFO - Processing /home/airflow/.local/lib/python3.7/site-packages/airflow/example_dags/example_external_task_marker_dag.py took 0.182 seconds
[2023-07-19T18:48:29.972+0000] {processor.py:157} INFO - Started process (PID=751) to work on /home/airflow/.local/lib/python3.7/site-packages/airflow/example_dags/example_external_task_marker_dag.py
[2023-07-19T18:48:29.979+0000] {processor.py:826} INFO - Processing file /home/airflow/.local/lib/python3.7/site-packages/airflow/example_dags/example_external_task_marker_dag.py for tasks to queue
[2023-07-19T18:48:29.985+0000] {logging_mixin.py:150} INFO - [2023-07-19T18:48:29.985+0000] {dagbag.py:541} INFO - Filling up the DagBag from /home/airflow/.local/lib/python3.7/site-packages/airflow/example_dags/example_external_task_marker_dag.py
[2023-07-19T18:48:30.014+0000] {processor.py:836} INFO - DAG(s) dict_keys(['example_external_task_marker_child', 'example_external_task_marker_parent']) retrieved from /home/airflow/.local/lib/python3.7/site-packages/airflow/example_dags/example_external_task_marker_dag.py
[2023-07-19T18:48:30.088+0000] {logging_mixin.py:150} INFO - [2023-07-19T18:48:30.088+0000] {dag.py:2742} INFO - Sync 2 DAGs
[2023-07-19T18:48:30.144+0000] {logging_mixin.py:150} INFO - [2023-07-19T18:48:30.144+0000] {dag.py:3508} INFO - Setting next_dagrun for example_external_task_marker_child to None, run_after=None
[2023-07-19T18:48:30.159+0000] {logging_mixin.py:150} INFO - [2023-07-19T18:48:30.158+0000] {dag.py:3508} INFO - Setting next_dagrun for example_external_task_marker_parent to None, run_after=None
[2023-07-19T18:48:30.185+0000] {processor.py:179} INFO - Processing /home/airflow/.local/lib/python3.7/site-packages/airflow/example_dags/example_external_task_marker_dag.py took 0.225 seconds
[2023-07-19T18:49:00.297+0000] {processor.py:157} INFO - Started process (PID=811) to work on /home/airflow/.local/lib/python3.7/site-packages/airflow/example_dags/example_external_task_marker_dag.py
[2023-07-19T18:49:00.299+0000] {processor.py:826} INFO - Processing file /home/airflow/.local/lib/python3.7/site-packages/airflow/example_dags/example_external_task_marker_dag.py for tasks to queue
[2023-07-19T18:49:00.301+0000] {logging_mixin.py:150} INFO - [2023-07-19T18:49:00.301+0000] {dagbag.py:541} INFO - Filling up the DagBag from /home/airflow/.local/lib/python3.7/site-packages/airflow/example_dags/example_external_task_marker_dag.py
[2023-07-19T18:49:00.317+0000] {processor.py:836} INFO - DAG(s) dict_keys(['example_external_task_marker_parent', 'example_external_task_marker_child']) retrieved from /home/airflow/.local/lib/python3.7/site-packages/airflow/example_dags/example_external_task_marker_dag.py
[2023-07-19T18:49:00.359+0000] {logging_mixin.py:150} INFO - [2023-07-19T18:49:00.359+0000] {dag.py:2742} INFO - Sync 2 DAGs
[2023-07-19T18:49:00.390+0000] {logging_mixin.py:150} INFO - [2023-07-19T18:49:00.390+0000] {dag.py:3508} INFO - Setting next_dagrun for example_external_task_marker_child to None, run_after=None
[2023-07-19T18:49:00.396+0000] {logging_mixin.py:150} INFO - [2023-07-19T18:49:00.396+0000] {dag.py:3508} INFO - Setting next_dagrun for example_external_task_marker_parent to None, run_after=None
[2023-07-19T18:49:00.429+0000] {processor.py:179} INFO - Processing /home/airflow/.local/lib/python3.7/site-packages/airflow/example_dags/example_external_task_marker_dag.py took 0.137 seconds
[2023-07-19T18:49:31.114+0000] {processor.py:157} INFO - Started process (PID=870) to work on /home/airflow/.local/lib/python3.7/site-packages/airflow/example_dags/example_external_task_marker_dag.py
[2023-07-19T18:49:31.120+0000] {processor.py:826} INFO - Processing file /home/airflow/.local/lib/python3.7/site-packages/airflow/example_dags/example_external_task_marker_dag.py for tasks to queue
[2023-07-19T18:49:31.122+0000] {logging_mixin.py:150} INFO - [2023-07-19T18:49:31.122+0000] {dagbag.py:541} INFO - Filling up the DagBag from /home/airflow/.local/lib/python3.7/site-packages/airflow/example_dags/example_external_task_marker_dag.py
[2023-07-19T18:49:31.134+0000] {processor.py:836} INFO - DAG(s) dict_keys(['example_external_task_marker_child', 'example_external_task_marker_parent']) retrieved from /home/airflow/.local/lib/python3.7/site-packages/airflow/example_dags/example_external_task_marker_dag.py
[2023-07-19T18:49:31.168+0000] {logging_mixin.py:150} INFO - [2023-07-19T18:49:31.168+0000] {dag.py:2742} INFO - Sync 2 DAGs
[2023-07-19T18:49:31.206+0000] {logging_mixin.py:150} INFO - [2023-07-19T18:49:31.205+0000] {dag.py:3508} INFO - Setting next_dagrun for example_external_task_marker_child to None, run_after=None
[2023-07-19T18:49:31.219+0000] {logging_mixin.py:150} INFO - [2023-07-19T18:49:31.218+0000] {dag.py:3508} INFO - Setting next_dagrun for example_external_task_marker_parent to None, run_after=None
[2023-07-19T18:49:31.260+0000] {processor.py:179} INFO - Processing /home/airflow/.local/lib/python3.7/site-packages/airflow/example_dags/example_external_task_marker_dag.py took 0.150 seconds
[2023-07-19T18:50:01.754+0000] {processor.py:157} INFO - Started process (PID=929) to work on /home/airflow/.local/lib/python3.7/site-packages/airflow/example_dags/example_external_task_marker_dag.py
[2023-07-19T18:50:01.756+0000] {processor.py:826} INFO - Processing file /home/airflow/.local/lib/python3.7/site-packages/airflow/example_dags/example_external_task_marker_dag.py for tasks to queue
[2023-07-19T18:50:01.758+0000] {logging_mixin.py:150} INFO - [2023-07-19T18:50:01.757+0000] {dagbag.py:541} INFO - Filling up the DagBag from /home/airflow/.local/lib/python3.7/site-packages/airflow/example_dags/example_external_task_marker_dag.py
[2023-07-19T18:50:01.764+0000] {processor.py:836} INFO - DAG(s) dict_keys(['example_external_task_marker_parent', 'example_external_task_marker_child']) retrieved from /home/airflow/.local/lib/python3.7/site-packages/airflow/example_dags/example_external_task_marker_dag.py
[2023-07-19T18:50:01.794+0000] {logging_mixin.py:150} INFO - [2023-07-19T18:50:01.794+0000] {dag.py:2742} INFO - Sync 2 DAGs
[2023-07-19T18:50:01.814+0000] {logging_mixin.py:150} INFO - [2023-07-19T18:50:01.814+0000] {dag.py:3508} INFO - Setting next_dagrun for example_external_task_marker_child to None, run_after=None
[2023-07-19T18:50:01.818+0000] {logging_mixin.py:150} INFO - [2023-07-19T18:50:01.818+0000] {dag.py:3508} INFO - Setting next_dagrun for example_external_task_marker_parent to None, run_after=None
[2023-07-19T18:50:01.832+0000] {processor.py:179} INFO - Processing /home/airflow/.local/lib/python3.7/site-packages/airflow/example_dags/example_external_task_marker_dag.py took 0.081 seconds
[2023-07-19T18:50:40.567+0000] {processor.py:157} INFO - Started process (PID=988) to work on /home/airflow/.local/lib/python3.7/site-packages/airflow/example_dags/example_external_task_marker_dag.py
[2023-07-19T18:50:40.576+0000] {processor.py:826} INFO - Processing file /home/airflow/.local/lib/python3.7/site-packages/airflow/example_dags/example_external_task_marker_dag.py for tasks to queue
[2023-07-19T18:50:40.583+0000] {logging_mixin.py:150} INFO - [2023-07-19T18:50:40.583+0000] {dagbag.py:541} INFO - Filling up the DagBag from /home/airflow/.local/lib/python3.7/site-packages/airflow/example_dags/example_external_task_marker_dag.py
[2023-07-19T18:50:40.616+0000] {processor.py:836} INFO - DAG(s) dict_keys(['example_external_task_marker_parent', 'example_external_task_marker_child']) retrieved from /home/airflow/.local/lib/python3.7/site-packages/airflow/example_dags/example_external_task_marker_dag.py
[2023-07-19T18:50:40.696+0000] {logging_mixin.py:150} INFO - [2023-07-19T18:50:40.696+0000] {dag.py:2742} INFO - Sync 2 DAGs
[2023-07-19T18:50:40.757+0000] {logging_mixin.py:150} INFO - [2023-07-19T18:50:40.757+0000] {dag.py:3508} INFO - Setting next_dagrun for example_external_task_marker_child to None, run_after=None
[2023-07-19T18:50:40.764+0000] {logging_mixin.py:150} INFO - [2023-07-19T18:50:40.763+0000] {dag.py:3508} INFO - Setting next_dagrun for example_external_task_marker_parent to None, run_after=None
[2023-07-19T18:50:40.820+0000] {processor.py:179} INFO - Processing /home/airflow/.local/lib/python3.7/site-packages/airflow/example_dags/example_external_task_marker_dag.py took 0.259 seconds
[2023-07-19T18:51:11.169+0000] {processor.py:157} INFO - Started process (PID=1047) to work on /home/airflow/.local/lib/python3.7/site-packages/airflow/example_dags/example_external_task_marker_dag.py
[2023-07-19T18:51:11.173+0000] {processor.py:826} INFO - Processing file /home/airflow/.local/lib/python3.7/site-packages/airflow/example_dags/example_external_task_marker_dag.py for tasks to queue
[2023-07-19T18:51:11.176+0000] {logging_mixin.py:150} INFO - [2023-07-19T18:51:11.176+0000] {dagbag.py:541} INFO - Filling up the DagBag from /home/airflow/.local/lib/python3.7/site-packages/airflow/example_dags/example_external_task_marker_dag.py
[2023-07-19T18:51:11.185+0000] {processor.py:836} INFO - DAG(s) dict_keys(['example_external_task_marker_parent', 'example_external_task_marker_child']) retrieved from /home/airflow/.local/lib/python3.7/site-packages/airflow/example_dags/example_external_task_marker_dag.py
[2023-07-19T18:51:11.222+0000] {logging_mixin.py:150} INFO - [2023-07-19T18:51:11.222+0000] {dag.py:2742} INFO - Sync 2 DAGs
[2023-07-19T18:51:11.258+0000] {logging_mixin.py:150} INFO - [2023-07-19T18:51:11.258+0000] {dag.py:3508} INFO - Setting next_dagrun for example_external_task_marker_child to None, run_after=None
[2023-07-19T18:51:11.264+0000] {logging_mixin.py:150} INFO - [2023-07-19T18:51:11.264+0000] {dag.py:3508} INFO - Setting next_dagrun for example_external_task_marker_parent to None, run_after=None
[2023-07-19T18:51:11.288+0000] {processor.py:179} INFO - Processing /home/airflow/.local/lib/python3.7/site-packages/airflow/example_dags/example_external_task_marker_dag.py took 0.125 seconds
[2023-07-19T18:51:41.751+0000] {processor.py:157} INFO - Started process (PID=1107) to work on /home/airflow/.local/lib/python3.7/site-packages/airflow/example_dags/example_external_task_marker_dag.py
[2023-07-19T18:51:41.753+0000] {processor.py:826} INFO - Processing file /home/airflow/.local/lib/python3.7/site-packages/airflow/example_dags/example_external_task_marker_dag.py for tasks to queue
[2023-07-19T18:51:41.757+0000] {logging_mixin.py:150} INFO - [2023-07-19T18:51:41.756+0000] {dagbag.py:541} INFO - Filling up the DagBag from /home/airflow/.local/lib/python3.7/site-packages/airflow/example_dags/example_external_task_marker_dag.py
[2023-07-19T18:51:41.768+0000] {processor.py:836} INFO - DAG(s) dict_keys(['example_external_task_marker_parent', 'example_external_task_marker_child']) retrieved from /home/airflow/.local/lib/python3.7/site-packages/airflow/example_dags/example_external_task_marker_dag.py
[2023-07-19T18:51:41.808+0000] {logging_mixin.py:150} INFO - [2023-07-19T18:51:41.807+0000] {dag.py:2742} INFO - Sync 2 DAGs
[2023-07-19T18:51:41.846+0000] {logging_mixin.py:150} INFO - [2023-07-19T18:51:41.846+0000] {dag.py:3508} INFO - Setting next_dagrun for example_external_task_marker_child to None, run_after=None
[2023-07-19T18:51:41.854+0000] {logging_mixin.py:150} INFO - [2023-07-19T18:51:41.854+0000] {dag.py:3508} INFO - Setting next_dagrun for example_external_task_marker_parent to None, run_after=None
[2023-07-19T18:51:41.878+0000] {processor.py:179} INFO - Processing /home/airflow/.local/lib/python3.7/site-packages/airflow/example_dags/example_external_task_marker_dag.py took 0.130 seconds
[2023-07-19T18:52:12.377+0000] {processor.py:157} INFO - Started process (PID=1166) to work on /home/airflow/.local/lib/python3.7/site-packages/airflow/example_dags/example_external_task_marker_dag.py
[2023-07-19T18:52:12.379+0000] {processor.py:826} INFO - Processing file /home/airflow/.local/lib/python3.7/site-packages/airflow/example_dags/example_external_task_marker_dag.py for tasks to queue
[2023-07-19T18:52:12.380+0000] {logging_mixin.py:150} INFO - [2023-07-19T18:52:12.380+0000] {dagbag.py:541} INFO - Filling up the DagBag from /home/airflow/.local/lib/python3.7/site-packages/airflow/example_dags/example_external_task_marker_dag.py
[2023-07-19T18:52:12.389+0000] {processor.py:836} INFO - DAG(s) dict_keys(['example_external_task_marker_parent', 'example_external_task_marker_child']) retrieved from /home/airflow/.local/lib/python3.7/site-packages/airflow/example_dags/example_external_task_marker_dag.py
[2023-07-19T18:52:12.427+0000] {logging_mixin.py:150} INFO - [2023-07-19T18:52:12.427+0000] {dag.py:2742} INFO - Sync 2 DAGs
[2023-07-19T18:52:12.453+0000] {logging_mixin.py:150} INFO - [2023-07-19T18:52:12.453+0000] {dag.py:3508} INFO - Setting next_dagrun for example_external_task_marker_child to None, run_after=None
[2023-07-19T18:52:12.464+0000] {logging_mixin.py:150} INFO - [2023-07-19T18:52:12.463+0000] {dag.py:3508} INFO - Setting next_dagrun for example_external_task_marker_parent to None, run_after=None
[2023-07-19T18:52:12.500+0000] {processor.py:179} INFO - Processing /home/airflow/.local/lib/python3.7/site-packages/airflow/example_dags/example_external_task_marker_dag.py took 0.127 seconds
[2023-07-19T18:52:42.786+0000] {processor.py:157} INFO - Started process (PID=1226) to work on /home/airflow/.local/lib/python3.7/site-packages/airflow/example_dags/example_external_task_marker_dag.py
[2023-07-19T18:52:42.791+0000] {processor.py:826} INFO - Processing file /home/airflow/.local/lib/python3.7/site-packages/airflow/example_dags/example_external_task_marker_dag.py for tasks to queue
[2023-07-19T18:52:42.793+0000] {logging_mixin.py:150} INFO - [2023-07-19T18:52:42.792+0000] {dagbag.py:541} INFO - Filling up the DagBag from /home/airflow/.local/lib/python3.7/site-packages/airflow/example_dags/example_external_task_marker_dag.py
[2023-07-19T18:52:42.798+0000] {processor.py:836} INFO - DAG(s) dict_keys(['example_external_task_marker_child', 'example_external_task_marker_parent']) retrieved from /home/airflow/.local/lib/python3.7/site-packages/airflow/example_dags/example_external_task_marker_dag.py
[2023-07-19T18:52:42.832+0000] {logging_mixin.py:150} INFO - [2023-07-19T18:52:42.832+0000] {dag.py:2742} INFO - Sync 2 DAGs
[2023-07-19T18:52:42.865+0000] {logging_mixin.py:150} INFO - [2023-07-19T18:52:42.864+0000] {dag.py:3508} INFO - Setting next_dagrun for example_external_task_marker_child to None, run_after=None
[2023-07-19T18:52:42.875+0000] {logging_mixin.py:150} INFO - [2023-07-19T18:52:42.875+0000] {dag.py:3508} INFO - Setting next_dagrun for example_external_task_marker_parent to None, run_after=None
[2023-07-19T18:52:42.895+0000] {processor.py:179} INFO - Processing /home/airflow/.local/lib/python3.7/site-packages/airflow/example_dags/example_external_task_marker_dag.py took 0.112 seconds
[2023-07-19T18:53:13.949+0000] {processor.py:157} INFO - Started process (PID=1285) to work on /home/airflow/.local/lib/python3.7/site-packages/airflow/example_dags/example_external_task_marker_dag.py
[2023-07-19T18:53:13.951+0000] {processor.py:826} INFO - Processing file /home/airflow/.local/lib/python3.7/site-packages/airflow/example_dags/example_external_task_marker_dag.py for tasks to queue
[2023-07-19T18:53:13.956+0000] {logging_mixin.py:150} INFO - [2023-07-19T18:53:13.955+0000] {dagbag.py:541} INFO - Filling up the DagBag from /home/airflow/.local/lib/python3.7/site-packages/airflow/example_dags/example_external_task_marker_dag.py
[2023-07-19T18:53:13.964+0000] {processor.py:836} INFO - DAG(s) dict_keys(['example_external_task_marker_child', 'example_external_task_marker_parent']) retrieved from /home/airflow/.local/lib/python3.7/site-packages/airflow/example_dags/example_external_task_marker_dag.py
[2023-07-19T18:53:14.010+0000] {logging_mixin.py:150} INFO - [2023-07-19T18:53:14.009+0000] {dag.py:2742} INFO - Sync 2 DAGs
[2023-07-19T18:53:14.044+0000] {logging_mixin.py:150} INFO - [2023-07-19T18:53:14.044+0000] {dag.py:3508} INFO - Setting next_dagrun for example_external_task_marker_child to None, run_after=None
[2023-07-19T18:53:14.049+0000] {logging_mixin.py:150} INFO - [2023-07-19T18:53:14.048+0000] {dag.py:3508} INFO - Setting next_dagrun for example_external_task_marker_parent to None, run_after=None
[2023-07-19T18:53:14.083+0000] {processor.py:179} INFO - Processing /home/airflow/.local/lib/python3.7/site-packages/airflow/example_dags/example_external_task_marker_dag.py took 0.139 seconds
[2023-07-19T18:53:44.561+0000] {processor.py:157} INFO - Started process (PID=1343) to work on /home/airflow/.local/lib/python3.7/site-packages/airflow/example_dags/example_external_task_marker_dag.py
[2023-07-19T18:53:44.568+0000] {processor.py:826} INFO - Processing file /home/airflow/.local/lib/python3.7/site-packages/airflow/example_dags/example_external_task_marker_dag.py for tasks to queue
[2023-07-19T18:53:44.580+0000] {logging_mixin.py:150} INFO - [2023-07-19T18:53:44.579+0000] {dagbag.py:541} INFO - Filling up the DagBag from /home/airflow/.local/lib/python3.7/site-packages/airflow/example_dags/example_external_task_marker_dag.py
[2023-07-19T18:53:44.590+0000] {processor.py:836} INFO - DAG(s) dict_keys(['example_external_task_marker_child', 'example_external_task_marker_parent']) retrieved from /home/airflow/.local/lib/python3.7/site-packages/airflow/example_dags/example_external_task_marker_dag.py
[2023-07-19T18:53:44.636+0000] {logging_mixin.py:150} INFO - [2023-07-19T18:53:44.636+0000] {dag.py:2742} INFO - Sync 2 DAGs
[2023-07-19T18:53:44.689+0000] {logging_mixin.py:150} INFO - [2023-07-19T18:53:44.689+0000] {dag.py:3508} INFO - Setting next_dagrun for example_external_task_marker_child to None, run_after=None
[2023-07-19T18:53:44.694+0000] {logging_mixin.py:150} INFO - [2023-07-19T18:53:44.694+0000] {dag.py:3508} INFO - Setting next_dagrun for example_external_task_marker_parent to None, run_after=None
[2023-07-19T18:53:44.732+0000] {processor.py:179} INFO - Processing /home/airflow/.local/lib/python3.7/site-packages/airflow/example_dags/example_external_task_marker_dag.py took 0.177 seconds
[2023-07-19T18:54:15.445+0000] {processor.py:157} INFO - Started process (PID=1397) to work on /home/airflow/.local/lib/python3.7/site-packages/airflow/example_dags/example_external_task_marker_dag.py
[2023-07-19T18:54:15.479+0000] {processor.py:826} INFO - Processing file /home/airflow/.local/lib/python3.7/site-packages/airflow/example_dags/example_external_task_marker_dag.py for tasks to queue
[2023-07-19T18:54:15.491+0000] {logging_mixin.py:150} INFO - [2023-07-19T18:54:15.491+0000] {dagbag.py:541} INFO - Filling up the DagBag from /home/airflow/.local/lib/python3.7/site-packages/airflow/example_dags/example_external_task_marker_dag.py
[2023-07-19T18:54:15.679+0000] {processor.py:836} INFO - DAG(s) dict_keys(['example_external_task_marker_child', 'example_external_task_marker_parent']) retrieved from /home/airflow/.local/lib/python3.7/site-packages/airflow/example_dags/example_external_task_marker_dag.py
[2023-07-19T18:54:16.053+0000] {logging_mixin.py:150} INFO - [2023-07-19T18:54:16.052+0000] {dag.py:2742} INFO - Sync 2 DAGs
[2023-07-19T18:54:16.116+0000] {logging_mixin.py:150} INFO - [2023-07-19T18:54:16.115+0000] {dag.py:3508} INFO - Setting next_dagrun for example_external_task_marker_child to None, run_after=None
[2023-07-19T18:54:16.173+0000] {logging_mixin.py:150} INFO - [2023-07-19T18:54:16.172+0000] {dag.py:3508} INFO - Setting next_dagrun for example_external_task_marker_parent to None, run_after=None
[2023-07-19T18:54:16.244+0000] {processor.py:179} INFO - Processing /home/airflow/.local/lib/python3.7/site-packages/airflow/example_dags/example_external_task_marker_dag.py took 0.802 seconds
