[2023-07-19T18:42:18.024+0000] {processor.py:157} INFO - Started process (PID=38) to work on /home/airflow/.local/lib/python3.7/site-packages/airflow/example_dags/example_dynamic_task_mapping_with_no_taskflow_operators.py
[2023-07-19T18:42:18.027+0000] {processor.py:826} INFO - Processing file /home/airflow/.local/lib/python3.7/site-packages/airflow/example_dags/example_dynamic_task_mapping_with_no_taskflow_operators.py for tasks to queue
[2023-07-19T18:42:18.033+0000] {logging_mixin.py:150} INFO - [2023-07-19T18:42:18.032+0000] {dagbag.py:541} INFO - Filling up the DagBag from /home/airflow/.local/lib/python3.7/site-packages/airflow/example_dags/example_dynamic_task_mapping_with_no_taskflow_operators.py
[2023-07-19T18:42:18.053+0000] {processor.py:836} INFO - DAG(s) dict_keys(['example_dynamic_task_mapping_with_no_taskflow_operators']) retrieved from /home/airflow/.local/lib/python3.7/site-packages/airflow/example_dags/example_dynamic_task_mapping_with_no_taskflow_operators.py
[2023-07-19T18:42:18.085+0000] {logging_mixin.py:150} INFO - [2023-07-19T18:42:18.084+0000] {dag.py:2742} INFO - Sync 1 DAGs
[2023-07-19T18:42:18.111+0000] {logging_mixin.py:150} INFO - [2023-07-19T18:42:18.111+0000] {dag.py:3508} INFO - Setting next_dagrun for example_dynamic_task_mapping_with_no_taskflow_operators to 2023-07-18T18:42:18.110757+00:00, run_after=2023-07-19T18:42:18.110757+00:00
[2023-07-19T18:42:18.139+0000] {processor.py:179} INFO - Processing /home/airflow/.local/lib/python3.7/site-packages/airflow/example_dags/example_dynamic_task_mapping_with_no_taskflow_operators.py took 0.118 seconds
[2023-07-19T18:42:49.086+0000] {processor.py:157} INFO - Started process (PID=97) to work on /home/airflow/.local/lib/python3.7/site-packages/airflow/example_dags/example_dynamic_task_mapping_with_no_taskflow_operators.py
[2023-07-19T18:42:49.092+0000] {processor.py:826} INFO - Processing file /home/airflow/.local/lib/python3.7/site-packages/airflow/example_dags/example_dynamic_task_mapping_with_no_taskflow_operators.py for tasks to queue
[2023-07-19T18:42:49.095+0000] {logging_mixin.py:150} INFO - [2023-07-19T18:42:49.094+0000] {dagbag.py:541} INFO - Filling up the DagBag from /home/airflow/.local/lib/python3.7/site-packages/airflow/example_dags/example_dynamic_task_mapping_with_no_taskflow_operators.py
[2023-07-19T18:42:49.109+0000] {processor.py:836} INFO - DAG(s) dict_keys(['example_dynamic_task_mapping_with_no_taskflow_operators']) retrieved from /home/airflow/.local/lib/python3.7/site-packages/airflow/example_dags/example_dynamic_task_mapping_with_no_taskflow_operators.py
[2023-07-19T18:42:49.139+0000] {logging_mixin.py:150} INFO - [2023-07-19T18:42:49.139+0000] {dag.py:2742} INFO - Sync 1 DAGs
[2023-07-19T18:42:49.172+0000] {logging_mixin.py:150} INFO - [2023-07-19T18:42:49.172+0000] {dag.py:3508} INFO - Setting next_dagrun for example_dynamic_task_mapping_with_no_taskflow_operators to 2023-07-18T18:42:49.171041+00:00, run_after=2023-07-19T18:42:49.171041+00:00
[2023-07-19T18:42:49.188+0000] {processor.py:179} INFO - Processing /home/airflow/.local/lib/python3.7/site-packages/airflow/example_dags/example_dynamic_task_mapping_with_no_taskflow_operators.py took 0.109 seconds
[2023-07-19T18:43:19.388+0000] {processor.py:157} INFO - Started process (PID=156) to work on /home/airflow/.local/lib/python3.7/site-packages/airflow/example_dags/example_dynamic_task_mapping_with_no_taskflow_operators.py
[2023-07-19T18:43:19.391+0000] {processor.py:826} INFO - Processing file /home/airflow/.local/lib/python3.7/site-packages/airflow/example_dags/example_dynamic_task_mapping_with_no_taskflow_operators.py for tasks to queue
[2023-07-19T18:43:19.394+0000] {logging_mixin.py:150} INFO - [2023-07-19T18:43:19.393+0000] {dagbag.py:541} INFO - Filling up the DagBag from /home/airflow/.local/lib/python3.7/site-packages/airflow/example_dags/example_dynamic_task_mapping_with_no_taskflow_operators.py
[2023-07-19T18:43:19.406+0000] {processor.py:836} INFO - DAG(s) dict_keys(['example_dynamic_task_mapping_with_no_taskflow_operators']) retrieved from /home/airflow/.local/lib/python3.7/site-packages/airflow/example_dags/example_dynamic_task_mapping_with_no_taskflow_operators.py
[2023-07-19T18:43:19.447+0000] {logging_mixin.py:150} INFO - [2023-07-19T18:43:19.447+0000] {dag.py:2742} INFO - Sync 1 DAGs
[2023-07-19T18:43:19.471+0000] {logging_mixin.py:150} INFO - [2023-07-19T18:43:19.471+0000] {dag.py:3508} INFO - Setting next_dagrun for example_dynamic_task_mapping_with_no_taskflow_operators to 2023-07-18T18:43:19.470477+00:00, run_after=2023-07-19T18:43:19.470477+00:00
[2023-07-19T18:43:19.489+0000] {processor.py:179} INFO - Processing /home/airflow/.local/lib/python3.7/site-packages/airflow/example_dags/example_dynamic_task_mapping_with_no_taskflow_operators.py took 0.107 seconds
[2023-07-19T18:43:49.692+0000] {processor.py:157} INFO - Started process (PID=215) to work on /home/airflow/.local/lib/python3.7/site-packages/airflow/example_dags/example_dynamic_task_mapping_with_no_taskflow_operators.py
[2023-07-19T18:43:49.696+0000] {processor.py:826} INFO - Processing file /home/airflow/.local/lib/python3.7/site-packages/airflow/example_dags/example_dynamic_task_mapping_with_no_taskflow_operators.py for tasks to queue
[2023-07-19T18:43:49.698+0000] {logging_mixin.py:150} INFO - [2023-07-19T18:43:49.698+0000] {dagbag.py:541} INFO - Filling up the DagBag from /home/airflow/.local/lib/python3.7/site-packages/airflow/example_dags/example_dynamic_task_mapping_with_no_taskflow_operators.py
[2023-07-19T18:43:49.709+0000] {processor.py:836} INFO - DAG(s) dict_keys(['example_dynamic_task_mapping_with_no_taskflow_operators']) retrieved from /home/airflow/.local/lib/python3.7/site-packages/airflow/example_dags/example_dynamic_task_mapping_with_no_taskflow_operators.py
[2023-07-19T18:43:49.739+0000] {logging_mixin.py:150} INFO - [2023-07-19T18:43:49.739+0000] {dag.py:2742} INFO - Sync 1 DAGs
[2023-07-19T18:43:49.760+0000] {logging_mixin.py:150} INFO - [2023-07-19T18:43:49.760+0000] {dag.py:3508} INFO - Setting next_dagrun for example_dynamic_task_mapping_with_no_taskflow_operators to 2023-07-18T18:43:49.760577+00:00, run_after=2023-07-19T18:43:49.760577+00:00
[2023-07-19T18:43:49.774+0000] {processor.py:179} INFO - Processing /home/airflow/.local/lib/python3.7/site-packages/airflow/example_dags/example_dynamic_task_mapping_with_no_taskflow_operators.py took 0.090 seconds
[2023-07-19T18:44:20.043+0000] {processor.py:157} INFO - Started process (PID=273) to work on /home/airflow/.local/lib/python3.7/site-packages/airflow/example_dags/example_dynamic_task_mapping_with_no_taskflow_operators.py
[2023-07-19T18:44:20.047+0000] {processor.py:826} INFO - Processing file /home/airflow/.local/lib/python3.7/site-packages/airflow/example_dags/example_dynamic_task_mapping_with_no_taskflow_operators.py for tasks to queue
[2023-07-19T18:44:20.048+0000] {logging_mixin.py:150} INFO - [2023-07-19T18:44:20.048+0000] {dagbag.py:541} INFO - Filling up the DagBag from /home/airflow/.local/lib/python3.7/site-packages/airflow/example_dags/example_dynamic_task_mapping_with_no_taskflow_operators.py
[2023-07-19T18:44:20.079+0000] {processor.py:836} INFO - DAG(s) dict_keys(['example_dynamic_task_mapping_with_no_taskflow_operators']) retrieved from /home/airflow/.local/lib/python3.7/site-packages/airflow/example_dags/example_dynamic_task_mapping_with_no_taskflow_operators.py
[2023-07-19T18:44:20.108+0000] {logging_mixin.py:150} INFO - [2023-07-19T18:44:20.108+0000] {dag.py:2742} INFO - Sync 1 DAGs
[2023-07-19T18:44:20.180+0000] {logging_mixin.py:150} INFO - [2023-07-19T18:44:20.180+0000] {dag.py:3508} INFO - Setting next_dagrun for example_dynamic_task_mapping_with_no_taskflow_operators to 2023-07-18T18:44:20.179939+00:00, run_after=2023-07-19T18:44:20.179939+00:00
[2023-07-19T18:44:20.226+0000] {processor.py:179} INFO - Processing /home/airflow/.local/lib/python3.7/site-packages/airflow/example_dags/example_dynamic_task_mapping_with_no_taskflow_operators.py took 0.187 seconds
[2023-07-19T18:44:50.661+0000] {processor.py:157} INFO - Started process (PID=332) to work on /home/airflow/.local/lib/python3.7/site-packages/airflow/example_dags/example_dynamic_task_mapping_with_no_taskflow_operators.py
[2023-07-19T18:44:50.669+0000] {processor.py:826} INFO - Processing file /home/airflow/.local/lib/python3.7/site-packages/airflow/example_dags/example_dynamic_task_mapping_with_no_taskflow_operators.py for tasks to queue
[2023-07-19T18:44:50.678+0000] {logging_mixin.py:150} INFO - [2023-07-19T18:44:50.677+0000] {dagbag.py:541} INFO - Filling up the DagBag from /home/airflow/.local/lib/python3.7/site-packages/airflow/example_dags/example_dynamic_task_mapping_with_no_taskflow_operators.py
[2023-07-19T18:44:50.694+0000] {processor.py:836} INFO - DAG(s) dict_keys(['example_dynamic_task_mapping_with_no_taskflow_operators']) retrieved from /home/airflow/.local/lib/python3.7/site-packages/airflow/example_dags/example_dynamic_task_mapping_with_no_taskflow_operators.py
[2023-07-19T18:44:50.730+0000] {logging_mixin.py:150} INFO - [2023-07-19T18:44:50.730+0000] {dag.py:2742} INFO - Sync 1 DAGs
[2023-07-19T18:44:50.793+0000] {logging_mixin.py:150} INFO - [2023-07-19T18:44:50.793+0000] {dag.py:3508} INFO - Setting next_dagrun for example_dynamic_task_mapping_with_no_taskflow_operators to 2023-07-18T18:44:50.792837+00:00, run_after=2023-07-19T18:44:50.792837+00:00
[2023-07-19T18:44:50.879+0000] {processor.py:179} INFO - Processing /home/airflow/.local/lib/python3.7/site-packages/airflow/example_dags/example_dynamic_task_mapping_with_no_taskflow_operators.py took 0.224 seconds
[2023-07-19T18:45:21.870+0000] {processor.py:157} INFO - Started process (PID=391) to work on /home/airflow/.local/lib/python3.7/site-packages/airflow/example_dags/example_dynamic_task_mapping_with_no_taskflow_operators.py
[2023-07-19T18:45:21.873+0000] {processor.py:826} INFO - Processing file /home/airflow/.local/lib/python3.7/site-packages/airflow/example_dags/example_dynamic_task_mapping_with_no_taskflow_operators.py for tasks to queue
[2023-07-19T18:45:21.878+0000] {logging_mixin.py:150} INFO - [2023-07-19T18:45:21.877+0000] {dagbag.py:541} INFO - Filling up the DagBag from /home/airflow/.local/lib/python3.7/site-packages/airflow/example_dags/example_dynamic_task_mapping_with_no_taskflow_operators.py
[2023-07-19T18:45:21.895+0000] {processor.py:836} INFO - DAG(s) dict_keys(['example_dynamic_task_mapping_with_no_taskflow_operators']) retrieved from /home/airflow/.local/lib/python3.7/site-packages/airflow/example_dags/example_dynamic_task_mapping_with_no_taskflow_operators.py
[2023-07-19T18:45:21.935+0000] {logging_mixin.py:150} INFO - [2023-07-19T18:45:21.935+0000] {dag.py:2742} INFO - Sync 1 DAGs
[2023-07-19T18:45:21.959+0000] {logging_mixin.py:150} INFO - [2023-07-19T18:45:21.959+0000] {dag.py:3508} INFO - Setting next_dagrun for example_dynamic_task_mapping_with_no_taskflow_operators to 2023-07-18T18:45:21.959488+00:00, run_after=2023-07-19T18:45:21.959488+00:00
[2023-07-19T18:45:21.974+0000] {processor.py:179} INFO - Processing /home/airflow/.local/lib/python3.7/site-packages/airflow/example_dags/example_dynamic_task_mapping_with_no_taskflow_operators.py took 0.108 seconds
[2023-07-19T18:45:52.295+0000] {processor.py:157} INFO - Started process (PID=450) to work on /home/airflow/.local/lib/python3.7/site-packages/airflow/example_dags/example_dynamic_task_mapping_with_no_taskflow_operators.py
[2023-07-19T18:45:52.298+0000] {processor.py:826} INFO - Processing file /home/airflow/.local/lib/python3.7/site-packages/airflow/example_dags/example_dynamic_task_mapping_with_no_taskflow_operators.py for tasks to queue
[2023-07-19T18:45:52.303+0000] {logging_mixin.py:150} INFO - [2023-07-19T18:45:52.302+0000] {dagbag.py:541} INFO - Filling up the DagBag from /home/airflow/.local/lib/python3.7/site-packages/airflow/example_dags/example_dynamic_task_mapping_with_no_taskflow_operators.py
[2023-07-19T18:45:52.317+0000] {processor.py:836} INFO - DAG(s) dict_keys(['example_dynamic_task_mapping_with_no_taskflow_operators']) retrieved from /home/airflow/.local/lib/python3.7/site-packages/airflow/example_dags/example_dynamic_task_mapping_with_no_taskflow_operators.py
[2023-07-19T18:45:52.342+0000] {logging_mixin.py:150} INFO - [2023-07-19T18:45:52.342+0000] {dag.py:2742} INFO - Sync 1 DAGs
[2023-07-19T18:45:52.370+0000] {logging_mixin.py:150} INFO - [2023-07-19T18:45:52.370+0000] {dag.py:3508} INFO - Setting next_dagrun for example_dynamic_task_mapping_with_no_taskflow_operators to 2023-07-18T18:45:52.369683+00:00, run_after=2023-07-19T18:45:52.369683+00:00
[2023-07-19T18:45:52.389+0000] {processor.py:179} INFO - Processing /home/airflow/.local/lib/python3.7/site-packages/airflow/example_dags/example_dynamic_task_mapping_with_no_taskflow_operators.py took 0.098 seconds
[2023-07-19T18:46:22.935+0000] {processor.py:157} INFO - Started process (PID=509) to work on /home/airflow/.local/lib/python3.7/site-packages/airflow/example_dags/example_dynamic_task_mapping_with_no_taskflow_operators.py
[2023-07-19T18:46:22.940+0000] {processor.py:826} INFO - Processing file /home/airflow/.local/lib/python3.7/site-packages/airflow/example_dags/example_dynamic_task_mapping_with_no_taskflow_operators.py for tasks to queue
[2023-07-19T18:46:22.947+0000] {logging_mixin.py:150} INFO - [2023-07-19T18:46:22.946+0000] {dagbag.py:541} INFO - Filling up the DagBag from /home/airflow/.local/lib/python3.7/site-packages/airflow/example_dags/example_dynamic_task_mapping_with_no_taskflow_operators.py
[2023-07-19T18:46:22.966+0000] {processor.py:836} INFO - DAG(s) dict_keys(['example_dynamic_task_mapping_with_no_taskflow_operators']) retrieved from /home/airflow/.local/lib/python3.7/site-packages/airflow/example_dags/example_dynamic_task_mapping_with_no_taskflow_operators.py
[2023-07-19T18:46:23.013+0000] {logging_mixin.py:150} INFO - [2023-07-19T18:46:23.012+0000] {dag.py:2742} INFO - Sync 1 DAGs
[2023-07-19T18:46:23.048+0000] {logging_mixin.py:150} INFO - [2023-07-19T18:46:23.048+0000] {dag.py:3508} INFO - Setting next_dagrun for example_dynamic_task_mapping_with_no_taskflow_operators to 2023-07-18T18:46:23.048175+00:00, run_after=2023-07-19T18:46:23.048175+00:00
[2023-07-19T18:46:23.071+0000] {processor.py:179} INFO - Processing /home/airflow/.local/lib/python3.7/site-packages/airflow/example_dags/example_dynamic_task_mapping_with_no_taskflow_operators.py took 0.146 seconds
[2023-07-19T18:46:54.825+0000] {processor.py:157} INFO - Started process (PID=568) to work on /home/airflow/.local/lib/python3.7/site-packages/airflow/example_dags/example_dynamic_task_mapping_with_no_taskflow_operators.py
[2023-07-19T18:46:54.831+0000] {processor.py:826} INFO - Processing file /home/airflow/.local/lib/python3.7/site-packages/airflow/example_dags/example_dynamic_task_mapping_with_no_taskflow_operators.py for tasks to queue
[2023-07-19T18:46:54.842+0000] {logging_mixin.py:150} INFO - [2023-07-19T18:46:54.841+0000] {dagbag.py:541} INFO - Filling up the DagBag from /home/airflow/.local/lib/python3.7/site-packages/airflow/example_dags/example_dynamic_task_mapping_with_no_taskflow_operators.py
[2023-07-19T18:46:54.889+0000] {processor.py:836} INFO - DAG(s) dict_keys(['example_dynamic_task_mapping_with_no_taskflow_operators']) retrieved from /home/airflow/.local/lib/python3.7/site-packages/airflow/example_dags/example_dynamic_task_mapping_with_no_taskflow_operators.py
[2023-07-19T18:46:55.019+0000] {logging_mixin.py:150} INFO - [2023-07-19T18:46:55.017+0000] {dag.py:2742} INFO - Sync 1 DAGs
[2023-07-19T18:46:55.142+0000] {logging_mixin.py:150} INFO - [2023-07-19T18:46:55.141+0000] {dag.py:3508} INFO - Setting next_dagrun for example_dynamic_task_mapping_with_no_taskflow_operators to 2023-07-18T18:46:55.140266+00:00, run_after=2023-07-19T18:46:55.140266+00:00
[2023-07-19T18:46:55.291+0000] {processor.py:179} INFO - Processing /home/airflow/.local/lib/python3.7/site-packages/airflow/example_dags/example_dynamic_task_mapping_with_no_taskflow_operators.py took 0.467 seconds
[2023-07-19T18:47:25.572+0000] {processor.py:157} INFO - Started process (PID=627) to work on /home/airflow/.local/lib/python3.7/site-packages/airflow/example_dags/example_dynamic_task_mapping_with_no_taskflow_operators.py
[2023-07-19T18:47:25.575+0000] {processor.py:826} INFO - Processing file /home/airflow/.local/lib/python3.7/site-packages/airflow/example_dags/example_dynamic_task_mapping_with_no_taskflow_operators.py for tasks to queue
[2023-07-19T18:47:25.580+0000] {logging_mixin.py:150} INFO - [2023-07-19T18:47:25.579+0000] {dagbag.py:541} INFO - Filling up the DagBag from /home/airflow/.local/lib/python3.7/site-packages/airflow/example_dags/example_dynamic_task_mapping_with_no_taskflow_operators.py
[2023-07-19T18:47:25.592+0000] {processor.py:836} INFO - DAG(s) dict_keys(['example_dynamic_task_mapping_with_no_taskflow_operators']) retrieved from /home/airflow/.local/lib/python3.7/site-packages/airflow/example_dags/example_dynamic_task_mapping_with_no_taskflow_operators.py
[2023-07-19T18:47:25.625+0000] {logging_mixin.py:150} INFO - [2023-07-19T18:47:25.625+0000] {dag.py:2742} INFO - Sync 1 DAGs
[2023-07-19T18:47:25.654+0000] {logging_mixin.py:150} INFO - [2023-07-19T18:47:25.653+0000] {dag.py:3508} INFO - Setting next_dagrun for example_dynamic_task_mapping_with_no_taskflow_operators to 2023-07-18T18:47:25.653387+00:00, run_after=2023-07-19T18:47:25.653387+00:00
[2023-07-19T18:47:25.672+0000] {processor.py:179} INFO - Processing /home/airflow/.local/lib/python3.7/site-packages/airflow/example_dags/example_dynamic_task_mapping_with_no_taskflow_operators.py took 0.104 seconds
[2023-07-19T18:47:56.593+0000] {processor.py:157} INFO - Started process (PID=686) to work on /home/airflow/.local/lib/python3.7/site-packages/airflow/example_dags/example_dynamic_task_mapping_with_no_taskflow_operators.py
[2023-07-19T18:47:56.598+0000] {processor.py:826} INFO - Processing file /home/airflow/.local/lib/python3.7/site-packages/airflow/example_dags/example_dynamic_task_mapping_with_no_taskflow_operators.py for tasks to queue
[2023-07-19T18:47:56.603+0000] {logging_mixin.py:150} INFO - [2023-07-19T18:47:56.602+0000] {dagbag.py:541} INFO - Filling up the DagBag from /home/airflow/.local/lib/python3.7/site-packages/airflow/example_dags/example_dynamic_task_mapping_with_no_taskflow_operators.py
[2023-07-19T18:47:56.628+0000] {processor.py:836} INFO - DAG(s) dict_keys(['example_dynamic_task_mapping_with_no_taskflow_operators']) retrieved from /home/airflow/.local/lib/python3.7/site-packages/airflow/example_dags/example_dynamic_task_mapping_with_no_taskflow_operators.py
[2023-07-19T18:47:56.679+0000] {logging_mixin.py:150} INFO - [2023-07-19T18:47:56.679+0000] {dag.py:2742} INFO - Sync 1 DAGs
[2023-07-19T18:47:56.745+0000] {logging_mixin.py:150} INFO - [2023-07-19T18:47:56.744+0000] {dag.py:3508} INFO - Setting next_dagrun for example_dynamic_task_mapping_with_no_taskflow_operators to 2023-07-18T18:47:56.736263+00:00, run_after=2023-07-19T18:47:56.736263+00:00
[2023-07-19T18:47:56.783+0000] {processor.py:179} INFO - Processing /home/airflow/.local/lib/python3.7/site-packages/airflow/example_dags/example_dynamic_task_mapping_with_no_taskflow_operators.py took 0.197 seconds
[2023-07-19T18:48:27.551+0000] {processor.py:157} INFO - Started process (PID=745) to work on /home/airflow/.local/lib/python3.7/site-packages/airflow/example_dags/example_dynamic_task_mapping_with_no_taskflow_operators.py
[2023-07-19T18:48:27.558+0000] {processor.py:826} INFO - Processing file /home/airflow/.local/lib/python3.7/site-packages/airflow/example_dags/example_dynamic_task_mapping_with_no_taskflow_operators.py for tasks to queue
[2023-07-19T18:48:27.562+0000] {logging_mixin.py:150} INFO - [2023-07-19T18:48:27.561+0000] {dagbag.py:541} INFO - Filling up the DagBag from /home/airflow/.local/lib/python3.7/site-packages/airflow/example_dags/example_dynamic_task_mapping_with_no_taskflow_operators.py
[2023-07-19T18:48:27.579+0000] {processor.py:836} INFO - DAG(s) dict_keys(['example_dynamic_task_mapping_with_no_taskflow_operators']) retrieved from /home/airflow/.local/lib/python3.7/site-packages/airflow/example_dags/example_dynamic_task_mapping_with_no_taskflow_operators.py
[2023-07-19T18:48:27.620+0000] {logging_mixin.py:150} INFO - [2023-07-19T18:48:27.619+0000] {dag.py:2742} INFO - Sync 1 DAGs
[2023-07-19T18:48:27.652+0000] {logging_mixin.py:150} INFO - [2023-07-19T18:48:27.651+0000] {dag.py:3508} INFO - Setting next_dagrun for example_dynamic_task_mapping_with_no_taskflow_operators to 2023-07-18T18:48:27.649701+00:00, run_after=2023-07-19T18:48:27.649701+00:00
[2023-07-19T18:48:27.682+0000] {processor.py:179} INFO - Processing /home/airflow/.local/lib/python3.7/site-packages/airflow/example_dags/example_dynamic_task_mapping_with_no_taskflow_operators.py took 0.136 seconds
[2023-07-19T18:48:58.104+0000] {processor.py:157} INFO - Started process (PID=805) to work on /home/airflow/.local/lib/python3.7/site-packages/airflow/example_dags/example_dynamic_task_mapping_with_no_taskflow_operators.py
[2023-07-19T18:48:58.120+0000] {processor.py:826} INFO - Processing file /home/airflow/.local/lib/python3.7/site-packages/airflow/example_dags/example_dynamic_task_mapping_with_no_taskflow_operators.py for tasks to queue
[2023-07-19T18:48:58.131+0000] {logging_mixin.py:150} INFO - [2023-07-19T18:48:58.130+0000] {dagbag.py:541} INFO - Filling up the DagBag from /home/airflow/.local/lib/python3.7/site-packages/airflow/example_dags/example_dynamic_task_mapping_with_no_taskflow_operators.py
[2023-07-19T18:48:58.161+0000] {processor.py:836} INFO - DAG(s) dict_keys(['example_dynamic_task_mapping_with_no_taskflow_operators']) retrieved from /home/airflow/.local/lib/python3.7/site-packages/airflow/example_dags/example_dynamic_task_mapping_with_no_taskflow_operators.py
[2023-07-19T18:48:58.197+0000] {logging_mixin.py:150} INFO - [2023-07-19T18:48:58.197+0000] {dag.py:2742} INFO - Sync 1 DAGs
[2023-07-19T18:48:58.230+0000] {logging_mixin.py:150} INFO - [2023-07-19T18:48:58.230+0000] {dag.py:3508} INFO - Setting next_dagrun for example_dynamic_task_mapping_with_no_taskflow_operators to 2023-07-18T18:48:58.229869+00:00, run_after=2023-07-19T18:48:58.229869+00:00
[2023-07-19T18:48:58.258+0000] {processor.py:179} INFO - Processing /home/airflow/.local/lib/python3.7/site-packages/airflow/example_dags/example_dynamic_task_mapping_with_no_taskflow_operators.py took 0.170 seconds
[2023-07-19T18:49:28.667+0000] {processor.py:157} INFO - Started process (PID=864) to work on /home/airflow/.local/lib/python3.7/site-packages/airflow/example_dags/example_dynamic_task_mapping_with_no_taskflow_operators.py
[2023-07-19T18:49:28.670+0000] {processor.py:826} INFO - Processing file /home/airflow/.local/lib/python3.7/site-packages/airflow/example_dags/example_dynamic_task_mapping_with_no_taskflow_operators.py for tasks to queue
[2023-07-19T18:49:28.672+0000] {logging_mixin.py:150} INFO - [2023-07-19T18:49:28.671+0000] {dagbag.py:541} INFO - Filling up the DagBag from /home/airflow/.local/lib/python3.7/site-packages/airflow/example_dags/example_dynamic_task_mapping_with_no_taskflow_operators.py
[2023-07-19T18:49:28.684+0000] {processor.py:836} INFO - DAG(s) dict_keys(['example_dynamic_task_mapping_with_no_taskflow_operators']) retrieved from /home/airflow/.local/lib/python3.7/site-packages/airflow/example_dags/example_dynamic_task_mapping_with_no_taskflow_operators.py
[2023-07-19T18:49:28.717+0000] {logging_mixin.py:150} INFO - [2023-07-19T18:49:28.717+0000] {dag.py:2742} INFO - Sync 1 DAGs
[2023-07-19T18:49:28.741+0000] {logging_mixin.py:150} INFO - [2023-07-19T18:49:28.741+0000] {dag.py:3508} INFO - Setting next_dagrun for example_dynamic_task_mapping_with_no_taskflow_operators to 2023-07-18T18:49:28.740906+00:00, run_after=2023-07-19T18:49:28.740906+00:00
[2023-07-19T18:49:28.766+0000] {processor.py:179} INFO - Processing /home/airflow/.local/lib/python3.7/site-packages/airflow/example_dags/example_dynamic_task_mapping_with_no_taskflow_operators.py took 0.103 seconds
[2023-07-19T18:49:59.319+0000] {processor.py:157} INFO - Started process (PID=923) to work on /home/airflow/.local/lib/python3.7/site-packages/airflow/example_dags/example_dynamic_task_mapping_with_no_taskflow_operators.py
[2023-07-19T18:49:59.321+0000] {processor.py:826} INFO - Processing file /home/airflow/.local/lib/python3.7/site-packages/airflow/example_dags/example_dynamic_task_mapping_with_no_taskflow_operators.py for tasks to queue
[2023-07-19T18:49:59.325+0000] {logging_mixin.py:150} INFO - [2023-07-19T18:49:59.325+0000] {dagbag.py:541} INFO - Filling up the DagBag from /home/airflow/.local/lib/python3.7/site-packages/airflow/example_dags/example_dynamic_task_mapping_with_no_taskflow_operators.py
[2023-07-19T18:49:59.335+0000] {processor.py:836} INFO - DAG(s) dict_keys(['example_dynamic_task_mapping_with_no_taskflow_operators']) retrieved from /home/airflow/.local/lib/python3.7/site-packages/airflow/example_dags/example_dynamic_task_mapping_with_no_taskflow_operators.py
[2023-07-19T18:49:59.361+0000] {logging_mixin.py:150} INFO - [2023-07-19T18:49:59.361+0000] {dag.py:2742} INFO - Sync 1 DAGs
[2023-07-19T18:49:59.382+0000] {logging_mixin.py:150} INFO - [2023-07-19T18:49:59.382+0000] {dag.py:3508} INFO - Setting next_dagrun for example_dynamic_task_mapping_with_no_taskflow_operators to 2023-07-18T18:49:59.382056+00:00, run_after=2023-07-19T18:49:59.382056+00:00
[2023-07-19T18:49:59.400+0000] {processor.py:179} INFO - Processing /home/airflow/.local/lib/python3.7/site-packages/airflow/example_dags/example_dynamic_task_mapping_with_no_taskflow_operators.py took 0.085 seconds
[2023-07-19T18:50:31.706+0000] {processor.py:157} INFO - Started process (PID=982) to work on /home/airflow/.local/lib/python3.7/site-packages/airflow/example_dags/example_dynamic_task_mapping_with_no_taskflow_operators.py
[2023-07-19T18:50:31.718+0000] {processor.py:826} INFO - Processing file /home/airflow/.local/lib/python3.7/site-packages/airflow/example_dags/example_dynamic_task_mapping_with_no_taskflow_operators.py for tasks to queue
[2023-07-19T18:50:31.725+0000] {logging_mixin.py:150} INFO - [2023-07-19T18:50:31.724+0000] {dagbag.py:541} INFO - Filling up the DagBag from /home/airflow/.local/lib/python3.7/site-packages/airflow/example_dags/example_dynamic_task_mapping_with_no_taskflow_operators.py
[2023-07-19T18:50:31.789+0000] {processor.py:836} INFO - DAG(s) dict_keys(['example_dynamic_task_mapping_with_no_taskflow_operators']) retrieved from /home/airflow/.local/lib/python3.7/site-packages/airflow/example_dags/example_dynamic_task_mapping_with_no_taskflow_operators.py
[2023-07-19T18:50:31.943+0000] {logging_mixin.py:150} INFO - [2023-07-19T18:50:31.943+0000] {dag.py:2742} INFO - Sync 1 DAGs
[2023-07-19T18:50:32.094+0000] {logging_mixin.py:150} INFO - [2023-07-19T18:50:32.093+0000] {dag.py:3508} INFO - Setting next_dagrun for example_dynamic_task_mapping_with_no_taskflow_operators to 2023-07-18T18:50:32.091707+00:00, run_after=2023-07-19T18:50:32.091707+00:00
[2023-07-19T18:50:32.380+0000] {processor.py:179} INFO - Processing /home/airflow/.local/lib/python3.7/site-packages/airflow/example_dags/example_dynamic_task_mapping_with_no_taskflow_operators.py took 0.689 seconds
[2023-07-19T18:51:03.254+0000] {processor.py:157} INFO - Started process (PID=1036) to work on /home/airflow/.local/lib/python3.7/site-packages/airflow/example_dags/example_dynamic_task_mapping_with_no_taskflow_operators.py
[2023-07-19T18:51:03.261+0000] {processor.py:826} INFO - Processing file /home/airflow/.local/lib/python3.7/site-packages/airflow/example_dags/example_dynamic_task_mapping_with_no_taskflow_operators.py for tasks to queue
[2023-07-19T18:51:03.266+0000] {logging_mixin.py:150} INFO - [2023-07-19T18:51:03.265+0000] {dagbag.py:541} INFO - Filling up the DagBag from /home/airflow/.local/lib/python3.7/site-packages/airflow/example_dags/example_dynamic_task_mapping_with_no_taskflow_operators.py
[2023-07-19T18:51:03.326+0000] {processor.py:836} INFO - DAG(s) dict_keys(['example_dynamic_task_mapping_with_no_taskflow_operators']) retrieved from /home/airflow/.local/lib/python3.7/site-packages/airflow/example_dags/example_dynamic_task_mapping_with_no_taskflow_operators.py
[2023-07-19T18:51:03.395+0000] {logging_mixin.py:150} INFO - [2023-07-19T18:51:03.395+0000] {dag.py:2742} INFO - Sync 1 DAGs
[2023-07-19T18:51:03.445+0000] {logging_mixin.py:150} INFO - [2023-07-19T18:51:03.445+0000] {dag.py:3508} INFO - Setting next_dagrun for example_dynamic_task_mapping_with_no_taskflow_operators to 2023-07-18T18:51:03.444074+00:00, run_after=2023-07-19T18:51:03.444074+00:00
[2023-07-19T18:51:03.495+0000] {processor.py:179} INFO - Processing /home/airflow/.local/lib/python3.7/site-packages/airflow/example_dags/example_dynamic_task_mapping_with_no_taskflow_operators.py took 0.259 seconds
[2023-07-19T18:51:34.241+0000] {processor.py:157} INFO - Started process (PID=1096) to work on /home/airflow/.local/lib/python3.7/site-packages/airflow/example_dags/example_dynamic_task_mapping_with_no_taskflow_operators.py
[2023-07-19T18:51:34.246+0000] {processor.py:826} INFO - Processing file /home/airflow/.local/lib/python3.7/site-packages/airflow/example_dags/example_dynamic_task_mapping_with_no_taskflow_operators.py for tasks to queue
[2023-07-19T18:51:34.248+0000] {logging_mixin.py:150} INFO - [2023-07-19T18:51:34.248+0000] {dagbag.py:541} INFO - Filling up the DagBag from /home/airflow/.local/lib/python3.7/site-packages/airflow/example_dags/example_dynamic_task_mapping_with_no_taskflow_operators.py
[2023-07-19T18:51:34.256+0000] {processor.py:836} INFO - DAG(s) dict_keys(['example_dynamic_task_mapping_with_no_taskflow_operators']) retrieved from /home/airflow/.local/lib/python3.7/site-packages/airflow/example_dags/example_dynamic_task_mapping_with_no_taskflow_operators.py
[2023-07-19T18:51:34.276+0000] {logging_mixin.py:150} INFO - [2023-07-19T18:51:34.276+0000] {dag.py:2742} INFO - Sync 1 DAGs
[2023-07-19T18:51:34.294+0000] {logging_mixin.py:150} INFO - [2023-07-19T18:51:34.294+0000] {dag.py:3508} INFO - Setting next_dagrun for example_dynamic_task_mapping_with_no_taskflow_operators to 2023-07-18T18:51:34.293813+00:00, run_after=2023-07-19T18:51:34.293813+00:00
[2023-07-19T18:51:34.306+0000] {processor.py:179} INFO - Processing /home/airflow/.local/lib/python3.7/site-packages/airflow/example_dags/example_dynamic_task_mapping_with_no_taskflow_operators.py took 0.068 seconds
[2023-07-19T18:52:04.613+0000] {processor.py:157} INFO - Started process (PID=1155) to work on /home/airflow/.local/lib/python3.7/site-packages/airflow/example_dags/example_dynamic_task_mapping_with_no_taskflow_operators.py
[2023-07-19T18:52:04.615+0000] {processor.py:826} INFO - Processing file /home/airflow/.local/lib/python3.7/site-packages/airflow/example_dags/example_dynamic_task_mapping_with_no_taskflow_operators.py for tasks to queue
[2023-07-19T18:52:04.621+0000] {logging_mixin.py:150} INFO - [2023-07-19T18:52:04.621+0000] {dagbag.py:541} INFO - Filling up the DagBag from /home/airflow/.local/lib/python3.7/site-packages/airflow/example_dags/example_dynamic_task_mapping_with_no_taskflow_operators.py
[2023-07-19T18:52:04.636+0000] {processor.py:836} INFO - DAG(s) dict_keys(['example_dynamic_task_mapping_with_no_taskflow_operators']) retrieved from /home/airflow/.local/lib/python3.7/site-packages/airflow/example_dags/example_dynamic_task_mapping_with_no_taskflow_operators.py
[2023-07-19T18:52:04.670+0000] {logging_mixin.py:150} INFO - [2023-07-19T18:52:04.670+0000] {dag.py:2742} INFO - Sync 1 DAGs
[2023-07-19T18:52:04.695+0000] {logging_mixin.py:150} INFO - [2023-07-19T18:52:04.694+0000] {dag.py:3508} INFO - Setting next_dagrun for example_dynamic_task_mapping_with_no_taskflow_operators to 2023-07-18T18:52:04.694656+00:00, run_after=2023-07-19T18:52:04.694656+00:00
[2023-07-19T18:52:04.716+0000] {processor.py:179} INFO - Processing /home/airflow/.local/lib/python3.7/site-packages/airflow/example_dags/example_dynamic_task_mapping_with_no_taskflow_operators.py took 0.107 seconds
[2023-07-19T18:52:35.069+0000] {processor.py:157} INFO - Started process (PID=1215) to work on /home/airflow/.local/lib/python3.7/site-packages/airflow/example_dags/example_dynamic_task_mapping_with_no_taskflow_operators.py
[2023-07-19T18:52:35.081+0000] {processor.py:826} INFO - Processing file /home/airflow/.local/lib/python3.7/site-packages/airflow/example_dags/example_dynamic_task_mapping_with_no_taskflow_operators.py for tasks to queue
[2023-07-19T18:52:35.086+0000] {logging_mixin.py:150} INFO - [2023-07-19T18:52:35.086+0000] {dagbag.py:541} INFO - Filling up the DagBag from /home/airflow/.local/lib/python3.7/site-packages/airflow/example_dags/example_dynamic_task_mapping_with_no_taskflow_operators.py
[2023-07-19T18:52:35.101+0000] {processor.py:836} INFO - DAG(s) dict_keys(['example_dynamic_task_mapping_with_no_taskflow_operators']) retrieved from /home/airflow/.local/lib/python3.7/site-packages/airflow/example_dags/example_dynamic_task_mapping_with_no_taskflow_operators.py
[2023-07-19T18:52:35.127+0000] {logging_mixin.py:150} INFO - [2023-07-19T18:52:35.127+0000] {dag.py:2742} INFO - Sync 1 DAGs
[2023-07-19T18:52:35.152+0000] {logging_mixin.py:150} INFO - [2023-07-19T18:52:35.152+0000] {dag.py:3508} INFO - Setting next_dagrun for example_dynamic_task_mapping_with_no_taskflow_operators to 2023-07-18T18:52:35.149425+00:00, run_after=2023-07-19T18:52:35.149425+00:00
[2023-07-19T18:52:35.166+0000] {processor.py:179} INFO - Processing /home/airflow/.local/lib/python3.7/site-packages/airflow/example_dags/example_dynamic_task_mapping_with_no_taskflow_operators.py took 0.101 seconds
[2023-07-19T18:53:06.166+0000] {processor.py:157} INFO - Started process (PID=1274) to work on /home/airflow/.local/lib/python3.7/site-packages/airflow/example_dags/example_dynamic_task_mapping_with_no_taskflow_operators.py
[2023-07-19T18:53:06.171+0000] {processor.py:826} INFO - Processing file /home/airflow/.local/lib/python3.7/site-packages/airflow/example_dags/example_dynamic_task_mapping_with_no_taskflow_operators.py for tasks to queue
[2023-07-19T18:53:06.173+0000] {logging_mixin.py:150} INFO - [2023-07-19T18:53:06.172+0000] {dagbag.py:541} INFO - Filling up the DagBag from /home/airflow/.local/lib/python3.7/site-packages/airflow/example_dags/example_dynamic_task_mapping_with_no_taskflow_operators.py
[2023-07-19T18:53:06.188+0000] {processor.py:836} INFO - DAG(s) dict_keys(['example_dynamic_task_mapping_with_no_taskflow_operators']) retrieved from /home/airflow/.local/lib/python3.7/site-packages/airflow/example_dags/example_dynamic_task_mapping_with_no_taskflow_operators.py
[2023-07-19T18:53:06.257+0000] {logging_mixin.py:150} INFO - [2023-07-19T18:53:06.256+0000] {dag.py:2742} INFO - Sync 1 DAGs
[2023-07-19T18:53:06.294+0000] {logging_mixin.py:150} INFO - [2023-07-19T18:53:06.294+0000] {dag.py:3508} INFO - Setting next_dagrun for example_dynamic_task_mapping_with_no_taskflow_operators to 2023-07-18T18:53:06.294200+00:00, run_after=2023-07-19T18:53:06.294200+00:00
[2023-07-19T18:53:06.318+0000] {processor.py:179} INFO - Processing /home/airflow/.local/lib/python3.7/site-packages/airflow/example_dags/example_dynamic_task_mapping_with_no_taskflow_operators.py took 0.176 seconds
[2023-07-19T18:53:39.168+0000] {processor.py:157} INFO - Started process (PID=1333) to work on /home/airflow/.local/lib/python3.7/site-packages/airflow/example_dags/example_dynamic_task_mapping_with_no_taskflow_operators.py
[2023-07-19T18:53:39.174+0000] {processor.py:826} INFO - Processing file /home/airflow/.local/lib/python3.7/site-packages/airflow/example_dags/example_dynamic_task_mapping_with_no_taskflow_operators.py for tasks to queue
[2023-07-19T18:53:39.178+0000] {logging_mixin.py:150} INFO - [2023-07-19T18:53:39.177+0000] {dagbag.py:541} INFO - Filling up the DagBag from /home/airflow/.local/lib/python3.7/site-packages/airflow/example_dags/example_dynamic_task_mapping_with_no_taskflow_operators.py
[2023-07-19T18:53:39.204+0000] {processor.py:836} INFO - DAG(s) dict_keys(['example_dynamic_task_mapping_with_no_taskflow_operators']) retrieved from /home/airflow/.local/lib/python3.7/site-packages/airflow/example_dags/example_dynamic_task_mapping_with_no_taskflow_operators.py
[2023-07-19T18:53:39.248+0000] {logging_mixin.py:150} INFO - [2023-07-19T18:53:39.248+0000] {dag.py:2742} INFO - Sync 1 DAGs
[2023-07-19T18:53:39.277+0000] {logging_mixin.py:150} INFO - [2023-07-19T18:53:39.277+0000] {dag.py:3508} INFO - Setting next_dagrun for example_dynamic_task_mapping_with_no_taskflow_operators to 2023-07-18T18:53:39.273750+00:00, run_after=2023-07-19T18:53:39.273750+00:00
[2023-07-19T18:53:39.297+0000] {processor.py:179} INFO - Processing /home/airflow/.local/lib/python3.7/site-packages/airflow/example_dags/example_dynamic_task_mapping_with_no_taskflow_operators.py took 0.135 seconds
[2023-07-19T18:54:10.264+0000] {processor.py:157} INFO - Started process (PID=1391) to work on /home/airflow/.local/lib/python3.7/site-packages/airflow/example_dags/example_dynamic_task_mapping_with_no_taskflow_operators.py
[2023-07-19T18:54:10.272+0000] {processor.py:826} INFO - Processing file /home/airflow/.local/lib/python3.7/site-packages/airflow/example_dags/example_dynamic_task_mapping_with_no_taskflow_operators.py for tasks to queue
[2023-07-19T18:54:10.275+0000] {logging_mixin.py:150} INFO - [2023-07-19T18:54:10.275+0000] {dagbag.py:541} INFO - Filling up the DagBag from /home/airflow/.local/lib/python3.7/site-packages/airflow/example_dags/example_dynamic_task_mapping_with_no_taskflow_operators.py
[2023-07-19T18:54:10.307+0000] {processor.py:836} INFO - DAG(s) dict_keys(['example_dynamic_task_mapping_with_no_taskflow_operators']) retrieved from /home/airflow/.local/lib/python3.7/site-packages/airflow/example_dags/example_dynamic_task_mapping_with_no_taskflow_operators.py
[2023-07-19T18:54:10.379+0000] {logging_mixin.py:150} INFO - [2023-07-19T18:54:10.378+0000] {dag.py:2742} INFO - Sync 1 DAGs
[2023-07-19T18:54:10.423+0000] {logging_mixin.py:150} INFO - [2023-07-19T18:54:10.423+0000] {dag.py:3508} INFO - Setting next_dagrun for example_dynamic_task_mapping_with_no_taskflow_operators to 2023-07-18T18:54:10.420425+00:00, run_after=2023-07-19T18:54:10.420425+00:00
[2023-07-19T18:54:10.489+0000] {processor.py:179} INFO - Processing /home/airflow/.local/lib/python3.7/site-packages/airflow/example_dags/example_dynamic_task_mapping_with_no_taskflow_operators.py took 0.235 seconds
