[2023-07-19T18:42:20.246+0000] {processor.py:157} INFO - Started process (PID=53) to work on /home/airflow/.local/lib/python3.7/site-packages/airflow/example_dags/example_time_delta_sensor_async.py
[2023-07-19T18:42:20.260+0000] {processor.py:826} INFO - Processing file /home/airflow/.local/lib/python3.7/site-packages/airflow/example_dags/example_time_delta_sensor_async.py for tasks to queue
[2023-07-19T18:42:20.263+0000] {logging_mixin.py:150} INFO - [2023-07-19T18:42:20.263+0000] {dagbag.py:541} INFO - Filling up the DagBag from /home/airflow/.local/lib/python3.7/site-packages/airflow/example_dags/example_time_delta_sensor_async.py
[2023-07-19T18:42:20.280+0000] {processor.py:836} INFO - DAG(s) dict_keys(['example_time_delta_sensor_async']) retrieved from /home/airflow/.local/lib/python3.7/site-packages/airflow/example_dags/example_time_delta_sensor_async.py
[2023-07-19T18:42:20.307+0000] {logging_mixin.py:150} INFO - [2023-07-19T18:42:20.307+0000] {dag.py:2742} INFO - Sync 1 DAGs
[2023-07-19T18:42:20.368+0000] {logging_mixin.py:150} INFO - [2023-07-19T18:42:20.367+0000] {dag.py:3508} INFO - Setting next_dagrun for example_time_delta_sensor_async to None, run_after=None
[2023-07-19T18:42:20.407+0000] {processor.py:179} INFO - Processing /home/airflow/.local/lib/python3.7/site-packages/airflow/example_dags/example_time_delta_sensor_async.py took 0.168 seconds
[2023-07-19T18:42:50.474+0000] {processor.py:157} INFO - Started process (PID=113) to work on /home/airflow/.local/lib/python3.7/site-packages/airflow/example_dags/example_time_delta_sensor_async.py
[2023-07-19T18:42:50.477+0000] {processor.py:826} INFO - Processing file /home/airflow/.local/lib/python3.7/site-packages/airflow/example_dags/example_time_delta_sensor_async.py for tasks to queue
[2023-07-19T18:42:50.481+0000] {logging_mixin.py:150} INFO - [2023-07-19T18:42:50.480+0000] {dagbag.py:541} INFO - Filling up the DagBag from /home/airflow/.local/lib/python3.7/site-packages/airflow/example_dags/example_time_delta_sensor_async.py
[2023-07-19T18:42:50.486+0000] {processor.py:836} INFO - DAG(s) dict_keys(['example_time_delta_sensor_async']) retrieved from /home/airflow/.local/lib/python3.7/site-packages/airflow/example_dags/example_time_delta_sensor_async.py
[2023-07-19T18:42:50.511+0000] {logging_mixin.py:150} INFO - [2023-07-19T18:42:50.511+0000] {dag.py:2742} INFO - Sync 1 DAGs
[2023-07-19T18:42:50.531+0000] {logging_mixin.py:150} INFO - [2023-07-19T18:42:50.531+0000] {dag.py:3508} INFO - Setting next_dagrun for example_time_delta_sensor_async to None, run_after=None
[2023-07-19T18:42:50.544+0000] {processor.py:179} INFO - Processing /home/airflow/.local/lib/python3.7/site-packages/airflow/example_dags/example_time_delta_sensor_async.py took 0.073 seconds
[2023-07-19T18:43:21.500+0000] {processor.py:157} INFO - Started process (PID=172) to work on /home/airflow/.local/lib/python3.7/site-packages/airflow/example_dags/example_time_delta_sensor_async.py
[2023-07-19T18:43:21.502+0000] {processor.py:826} INFO - Processing file /home/airflow/.local/lib/python3.7/site-packages/airflow/example_dags/example_time_delta_sensor_async.py for tasks to queue
[2023-07-19T18:43:21.504+0000] {logging_mixin.py:150} INFO - [2023-07-19T18:43:21.504+0000] {dagbag.py:541} INFO - Filling up the DagBag from /home/airflow/.local/lib/python3.7/site-packages/airflow/example_dags/example_time_delta_sensor_async.py
[2023-07-19T18:43:21.512+0000] {processor.py:836} INFO - DAG(s) dict_keys(['example_time_delta_sensor_async']) retrieved from /home/airflow/.local/lib/python3.7/site-packages/airflow/example_dags/example_time_delta_sensor_async.py
[2023-07-19T18:43:21.539+0000] {logging_mixin.py:150} INFO - [2023-07-19T18:43:21.539+0000] {dag.py:2742} INFO - Sync 1 DAGs
[2023-07-19T18:43:21.559+0000] {logging_mixin.py:150} INFO - [2023-07-19T18:43:21.559+0000] {dag.py:3508} INFO - Setting next_dagrun for example_time_delta_sensor_async to None, run_after=None
[2023-07-19T18:43:21.576+0000] {processor.py:179} INFO - Processing /home/airflow/.local/lib/python3.7/site-packages/airflow/example_dags/example_time_delta_sensor_async.py took 0.079 seconds
[2023-07-19T18:43:52.080+0000] {processor.py:157} INFO - Started process (PID=231) to work on /home/airflow/.local/lib/python3.7/site-packages/airflow/example_dags/example_time_delta_sensor_async.py
[2023-07-19T18:43:52.085+0000] {processor.py:826} INFO - Processing file /home/airflow/.local/lib/python3.7/site-packages/airflow/example_dags/example_time_delta_sensor_async.py for tasks to queue
[2023-07-19T18:43:52.086+0000] {logging_mixin.py:150} INFO - [2023-07-19T18:43:52.086+0000] {dagbag.py:541} INFO - Filling up the DagBag from /home/airflow/.local/lib/python3.7/site-packages/airflow/example_dags/example_time_delta_sensor_async.py
[2023-07-19T18:43:52.092+0000] {processor.py:836} INFO - DAG(s) dict_keys(['example_time_delta_sensor_async']) retrieved from /home/airflow/.local/lib/python3.7/site-packages/airflow/example_dags/example_time_delta_sensor_async.py
[2023-07-19T18:43:52.117+0000] {logging_mixin.py:150} INFO - [2023-07-19T18:43:52.117+0000] {dag.py:2742} INFO - Sync 1 DAGs
[2023-07-19T18:43:52.138+0000] {logging_mixin.py:150} INFO - [2023-07-19T18:43:52.138+0000] {dag.py:3508} INFO - Setting next_dagrun for example_time_delta_sensor_async to None, run_after=None
[2023-07-19T18:43:52.156+0000] {processor.py:179} INFO - Processing /home/airflow/.local/lib/python3.7/site-packages/airflow/example_dags/example_time_delta_sensor_async.py took 0.081 seconds
[2023-07-19T18:44:23.534+0000] {processor.py:157} INFO - Started process (PID=289) to work on /home/airflow/.local/lib/python3.7/site-packages/airflow/example_dags/example_time_delta_sensor_async.py
[2023-07-19T18:44:23.536+0000] {processor.py:826} INFO - Processing file /home/airflow/.local/lib/python3.7/site-packages/airflow/example_dags/example_time_delta_sensor_async.py for tasks to queue
[2023-07-19T18:44:23.538+0000] {logging_mixin.py:150} INFO - [2023-07-19T18:44:23.537+0000] {dagbag.py:541} INFO - Filling up the DagBag from /home/airflow/.local/lib/python3.7/site-packages/airflow/example_dags/example_time_delta_sensor_async.py
[2023-07-19T18:44:23.552+0000] {processor.py:836} INFO - DAG(s) dict_keys(['example_time_delta_sensor_async']) retrieved from /home/airflow/.local/lib/python3.7/site-packages/airflow/example_dags/example_time_delta_sensor_async.py
[2023-07-19T18:44:23.587+0000] {logging_mixin.py:150} INFO - [2023-07-19T18:44:23.587+0000] {dag.py:2742} INFO - Sync 1 DAGs
[2023-07-19T18:44:23.618+0000] {logging_mixin.py:150} INFO - [2023-07-19T18:44:23.618+0000] {dag.py:3508} INFO - Setting next_dagrun for example_time_delta_sensor_async to None, run_after=None
[2023-07-19T18:44:23.645+0000] {processor.py:179} INFO - Processing /home/airflow/.local/lib/python3.7/site-packages/airflow/example_dags/example_time_delta_sensor_async.py took 0.115 seconds
[2023-07-19T18:44:53.738+0000] {processor.py:157} INFO - Started process (PID=348) to work on /home/airflow/.local/lib/python3.7/site-packages/airflow/example_dags/example_time_delta_sensor_async.py
[2023-07-19T18:44:53.740+0000] {processor.py:826} INFO - Processing file /home/airflow/.local/lib/python3.7/site-packages/airflow/example_dags/example_time_delta_sensor_async.py for tasks to queue
[2023-07-19T18:44:53.741+0000] {logging_mixin.py:150} INFO - [2023-07-19T18:44:53.741+0000] {dagbag.py:541} INFO - Filling up the DagBag from /home/airflow/.local/lib/python3.7/site-packages/airflow/example_dags/example_time_delta_sensor_async.py
[2023-07-19T18:44:53.747+0000] {processor.py:836} INFO - DAG(s) dict_keys(['example_time_delta_sensor_async']) retrieved from /home/airflow/.local/lib/python3.7/site-packages/airflow/example_dags/example_time_delta_sensor_async.py
[2023-07-19T18:44:53.770+0000] {logging_mixin.py:150} INFO - [2023-07-19T18:44:53.770+0000] {dag.py:2742} INFO - Sync 1 DAGs
[2023-07-19T18:44:53.791+0000] {logging_mixin.py:150} INFO - [2023-07-19T18:44:53.791+0000] {dag.py:3508} INFO - Setting next_dagrun for example_time_delta_sensor_async to None, run_after=None
[2023-07-19T18:44:53.807+0000] {processor.py:179} INFO - Processing /home/airflow/.local/lib/python3.7/site-packages/airflow/example_dags/example_time_delta_sensor_async.py took 0.073 seconds
[2023-07-19T18:45:25.376+0000] {processor.py:157} INFO - Started process (PID=407) to work on /home/airflow/.local/lib/python3.7/site-packages/airflow/example_dags/example_time_delta_sensor_async.py
[2023-07-19T18:45:25.382+0000] {processor.py:826} INFO - Processing file /home/airflow/.local/lib/python3.7/site-packages/airflow/example_dags/example_time_delta_sensor_async.py for tasks to queue
[2023-07-19T18:45:25.388+0000] {logging_mixin.py:150} INFO - [2023-07-19T18:45:25.387+0000] {dagbag.py:541} INFO - Filling up the DagBag from /home/airflow/.local/lib/python3.7/site-packages/airflow/example_dags/example_time_delta_sensor_async.py
[2023-07-19T18:45:25.399+0000] {processor.py:836} INFO - DAG(s) dict_keys(['example_time_delta_sensor_async']) retrieved from /home/airflow/.local/lib/python3.7/site-packages/airflow/example_dags/example_time_delta_sensor_async.py
[2023-07-19T18:45:25.427+0000] {logging_mixin.py:150} INFO - [2023-07-19T18:45:25.427+0000] {dag.py:2742} INFO - Sync 1 DAGs
[2023-07-19T18:45:25.448+0000] {logging_mixin.py:150} INFO - [2023-07-19T18:45:25.448+0000] {dag.py:3508} INFO - Setting next_dagrun for example_time_delta_sensor_async to None, run_after=None
[2023-07-19T18:45:25.464+0000] {processor.py:179} INFO - Processing /home/airflow/.local/lib/python3.7/site-packages/airflow/example_dags/example_time_delta_sensor_async.py took 0.095 seconds
[2023-07-19T18:45:55.794+0000] {processor.py:157} INFO - Started process (PID=466) to work on /home/airflow/.local/lib/python3.7/site-packages/airflow/example_dags/example_time_delta_sensor_async.py
[2023-07-19T18:45:55.796+0000] {processor.py:826} INFO - Processing file /home/airflow/.local/lib/python3.7/site-packages/airflow/example_dags/example_time_delta_sensor_async.py for tasks to queue
[2023-07-19T18:45:55.800+0000] {logging_mixin.py:150} INFO - [2023-07-19T18:45:55.800+0000] {dagbag.py:541} INFO - Filling up the DagBag from /home/airflow/.local/lib/python3.7/site-packages/airflow/example_dags/example_time_delta_sensor_async.py
[2023-07-19T18:45:55.806+0000] {processor.py:836} INFO - DAG(s) dict_keys(['example_time_delta_sensor_async']) retrieved from /home/airflow/.local/lib/python3.7/site-packages/airflow/example_dags/example_time_delta_sensor_async.py
[2023-07-19T18:45:55.834+0000] {logging_mixin.py:150} INFO - [2023-07-19T18:45:55.834+0000] {dag.py:2742} INFO - Sync 1 DAGs
[2023-07-19T18:45:55.864+0000] {logging_mixin.py:150} INFO - [2023-07-19T18:45:55.864+0000] {dag.py:3508} INFO - Setting next_dagrun for example_time_delta_sensor_async to None, run_after=None
[2023-07-19T18:45:55.889+0000] {processor.py:179} INFO - Processing /home/airflow/.local/lib/python3.7/site-packages/airflow/example_dags/example_time_delta_sensor_async.py took 0.099 seconds
[2023-07-19T18:46:26.433+0000] {processor.py:157} INFO - Started process (PID=525) to work on /home/airflow/.local/lib/python3.7/site-packages/airflow/example_dags/example_time_delta_sensor_async.py
[2023-07-19T18:46:26.439+0000] {processor.py:826} INFO - Processing file /home/airflow/.local/lib/python3.7/site-packages/airflow/example_dags/example_time_delta_sensor_async.py for tasks to queue
[2023-07-19T18:46:26.443+0000] {logging_mixin.py:150} INFO - [2023-07-19T18:46:26.442+0000] {dagbag.py:541} INFO - Filling up the DagBag from /home/airflow/.local/lib/python3.7/site-packages/airflow/example_dags/example_time_delta_sensor_async.py
[2023-07-19T18:46:26.450+0000] {processor.py:836} INFO - DAG(s) dict_keys(['example_time_delta_sensor_async']) retrieved from /home/airflow/.local/lib/python3.7/site-packages/airflow/example_dags/example_time_delta_sensor_async.py
[2023-07-19T18:46:26.481+0000] {logging_mixin.py:150} INFO - [2023-07-19T18:46:26.481+0000] {dag.py:2742} INFO - Sync 1 DAGs
[2023-07-19T18:46:26.503+0000] {logging_mixin.py:150} INFO - [2023-07-19T18:46:26.503+0000] {dag.py:3508} INFO - Setting next_dagrun for example_time_delta_sensor_async to None, run_after=None
[2023-07-19T18:46:26.522+0000] {processor.py:179} INFO - Processing /home/airflow/.local/lib/python3.7/site-packages/airflow/example_dags/example_time_delta_sensor_async.py took 0.093 seconds
[2023-07-19T18:46:59.949+0000] {processor.py:157} INFO - Started process (PID=584) to work on /home/airflow/.local/lib/python3.7/site-packages/airflow/example_dags/example_time_delta_sensor_async.py
[2023-07-19T18:46:59.952+0000] {processor.py:826} INFO - Processing file /home/airflow/.local/lib/python3.7/site-packages/airflow/example_dags/example_time_delta_sensor_async.py for tasks to queue
[2023-07-19T18:46:59.954+0000] {logging_mixin.py:150} INFO - [2023-07-19T18:46:59.953+0000] {dagbag.py:541} INFO - Filling up the DagBag from /home/airflow/.local/lib/python3.7/site-packages/airflow/example_dags/example_time_delta_sensor_async.py
[2023-07-19T18:46:59.966+0000] {processor.py:836} INFO - DAG(s) dict_keys(['example_time_delta_sensor_async']) retrieved from /home/airflow/.local/lib/python3.7/site-packages/airflow/example_dags/example_time_delta_sensor_async.py
[2023-07-19T18:47:00.011+0000] {logging_mixin.py:150} INFO - [2023-07-19T18:47:00.011+0000] {dag.py:2742} INFO - Sync 1 DAGs
[2023-07-19T18:47:00.051+0000] {logging_mixin.py:150} INFO - [2023-07-19T18:47:00.051+0000] {dag.py:3508} INFO - Setting next_dagrun for example_time_delta_sensor_async to None, run_after=None
[2023-07-19T18:47:00.087+0000] {processor.py:179} INFO - Processing /home/airflow/.local/lib/python3.7/site-packages/airflow/example_dags/example_time_delta_sensor_async.py took 0.143 seconds
[2023-07-19T18:47:31.797+0000] {processor.py:157} INFO - Started process (PID=643) to work on /home/airflow/.local/lib/python3.7/site-packages/airflow/example_dags/example_time_delta_sensor_async.py
[2023-07-19T18:47:31.803+0000] {processor.py:826} INFO - Processing file /home/airflow/.local/lib/python3.7/site-packages/airflow/example_dags/example_time_delta_sensor_async.py for tasks to queue
[2023-07-19T18:47:31.808+0000] {logging_mixin.py:150} INFO - [2023-07-19T18:47:31.807+0000] {dagbag.py:541} INFO - Filling up the DagBag from /home/airflow/.local/lib/python3.7/site-packages/airflow/example_dags/example_time_delta_sensor_async.py
[2023-07-19T18:47:31.828+0000] {processor.py:836} INFO - DAG(s) dict_keys(['example_time_delta_sensor_async']) retrieved from /home/airflow/.local/lib/python3.7/site-packages/airflow/example_dags/example_time_delta_sensor_async.py
[2023-07-19T18:47:31.932+0000] {logging_mixin.py:150} INFO - [2023-07-19T18:47:31.932+0000] {dag.py:2742} INFO - Sync 1 DAGs
[2023-07-19T18:47:31.998+0000] {logging_mixin.py:150} INFO - [2023-07-19T18:47:31.998+0000] {dag.py:3508} INFO - Setting next_dagrun for example_time_delta_sensor_async to None, run_after=None
[2023-07-19T18:47:32.033+0000] {processor.py:179} INFO - Processing /home/airflow/.local/lib/python3.7/site-packages/airflow/example_dags/example_time_delta_sensor_async.py took 0.243 seconds
[2023-07-19T18:48:02.625+0000] {processor.py:157} INFO - Started process (PID=702) to work on /home/airflow/.local/lib/python3.7/site-packages/airflow/example_dags/example_time_delta_sensor_async.py
[2023-07-19T18:48:02.638+0000] {processor.py:826} INFO - Processing file /home/airflow/.local/lib/python3.7/site-packages/airflow/example_dags/example_time_delta_sensor_async.py for tasks to queue
[2023-07-19T18:48:02.643+0000] {logging_mixin.py:150} INFO - [2023-07-19T18:48:02.643+0000] {dagbag.py:541} INFO - Filling up the DagBag from /home/airflow/.local/lib/python3.7/site-packages/airflow/example_dags/example_time_delta_sensor_async.py
[2023-07-19T18:48:02.666+0000] {processor.py:836} INFO - DAG(s) dict_keys(['example_time_delta_sensor_async']) retrieved from /home/airflow/.local/lib/python3.7/site-packages/airflow/example_dags/example_time_delta_sensor_async.py
[2023-07-19T18:48:02.738+0000] {logging_mixin.py:150} INFO - [2023-07-19T18:48:02.737+0000] {dag.py:2742} INFO - Sync 1 DAGs
[2023-07-19T18:48:02.787+0000] {logging_mixin.py:150} INFO - [2023-07-19T18:48:02.787+0000] {dag.py:3508} INFO - Setting next_dagrun for example_time_delta_sensor_async to None, run_after=None
[2023-07-19T18:48:02.841+0000] {processor.py:179} INFO - Processing /home/airflow/.local/lib/python3.7/site-packages/airflow/example_dags/example_time_delta_sensor_async.py took 0.225 seconds
[2023-07-19T18:48:34.154+0000] {processor.py:157} INFO - Started process (PID=761) to work on /home/airflow/.local/lib/python3.7/site-packages/airflow/example_dags/example_time_delta_sensor_async.py
[2023-07-19T18:48:34.164+0000] {processor.py:826} INFO - Processing file /home/airflow/.local/lib/python3.7/site-packages/airflow/example_dags/example_time_delta_sensor_async.py for tasks to queue
[2023-07-19T18:48:34.173+0000] {logging_mixin.py:150} INFO - [2023-07-19T18:48:34.173+0000] {dagbag.py:541} INFO - Filling up the DagBag from /home/airflow/.local/lib/python3.7/site-packages/airflow/example_dags/example_time_delta_sensor_async.py
[2023-07-19T18:48:34.190+0000] {processor.py:836} INFO - DAG(s) dict_keys(['example_time_delta_sensor_async']) retrieved from /home/airflow/.local/lib/python3.7/site-packages/airflow/example_dags/example_time_delta_sensor_async.py
[2023-07-19T18:48:34.231+0000] {logging_mixin.py:150} INFO - [2023-07-19T18:48:34.231+0000] {dag.py:2742} INFO - Sync 1 DAGs
[2023-07-19T18:48:34.280+0000] {logging_mixin.py:150} INFO - [2023-07-19T18:48:34.279+0000] {dag.py:3508} INFO - Setting next_dagrun for example_time_delta_sensor_async to None, run_after=None
[2023-07-19T18:48:34.345+0000] {processor.py:179} INFO - Processing /home/airflow/.local/lib/python3.7/site-packages/airflow/example_dags/example_time_delta_sensor_async.py took 0.198 seconds
[2023-07-19T18:49:06.604+0000] {processor.py:157} INFO - Started process (PID=821) to work on /home/airflow/.local/lib/python3.7/site-packages/airflow/example_dags/example_time_delta_sensor_async.py
[2023-07-19T18:49:06.611+0000] {processor.py:826} INFO - Processing file /home/airflow/.local/lib/python3.7/site-packages/airflow/example_dags/example_time_delta_sensor_async.py for tasks to queue
[2023-07-19T18:49:06.621+0000] {logging_mixin.py:150} INFO - [2023-07-19T18:49:06.620+0000] {dagbag.py:541} INFO - Filling up the DagBag from /home/airflow/.local/lib/python3.7/site-packages/airflow/example_dags/example_time_delta_sensor_async.py
[2023-07-19T18:49:06.638+0000] {processor.py:836} INFO - DAG(s) dict_keys(['example_time_delta_sensor_async']) retrieved from /home/airflow/.local/lib/python3.7/site-packages/airflow/example_dags/example_time_delta_sensor_async.py
[2023-07-19T18:49:06.721+0000] {logging_mixin.py:150} INFO - [2023-07-19T18:49:06.720+0000] {dag.py:2742} INFO - Sync 1 DAGs
[2023-07-19T18:49:06.802+0000] {logging_mixin.py:150} INFO - [2023-07-19T18:49:06.801+0000] {dag.py:3508} INFO - Setting next_dagrun for example_time_delta_sensor_async to None, run_after=None
[2023-07-19T18:49:06.850+0000] {processor.py:179} INFO - Processing /home/airflow/.local/lib/python3.7/site-packages/airflow/example_dags/example_time_delta_sensor_async.py took 0.251 seconds
[2023-07-19T18:49:37.230+0000] {processor.py:157} INFO - Started process (PID=880) to work on /home/airflow/.local/lib/python3.7/site-packages/airflow/example_dags/example_time_delta_sensor_async.py
[2023-07-19T18:49:37.233+0000] {processor.py:826} INFO - Processing file /home/airflow/.local/lib/python3.7/site-packages/airflow/example_dags/example_time_delta_sensor_async.py for tasks to queue
[2023-07-19T18:49:37.236+0000] {logging_mixin.py:150} INFO - [2023-07-19T18:49:37.235+0000] {dagbag.py:541} INFO - Filling up the DagBag from /home/airflow/.local/lib/python3.7/site-packages/airflow/example_dags/example_time_delta_sensor_async.py
[2023-07-19T18:49:37.245+0000] {processor.py:836} INFO - DAG(s) dict_keys(['example_time_delta_sensor_async']) retrieved from /home/airflow/.local/lib/python3.7/site-packages/airflow/example_dags/example_time_delta_sensor_async.py
[2023-07-19T18:49:37.280+0000] {logging_mixin.py:150} INFO - [2023-07-19T18:49:37.280+0000] {dag.py:2742} INFO - Sync 1 DAGs
[2023-07-19T18:49:37.311+0000] {logging_mixin.py:150} INFO - [2023-07-19T18:49:37.311+0000] {dag.py:3508} INFO - Setting next_dagrun for example_time_delta_sensor_async to None, run_after=None
[2023-07-19T18:49:37.340+0000] {processor.py:179} INFO - Processing /home/airflow/.local/lib/python3.7/site-packages/airflow/example_dags/example_time_delta_sensor_async.py took 0.114 seconds
[2023-07-19T18:50:07.436+0000] {processor.py:157} INFO - Started process (PID=938) to work on /home/airflow/.local/lib/python3.7/site-packages/airflow/example_dags/example_time_delta_sensor_async.py
[2023-07-19T18:50:07.439+0000] {processor.py:826} INFO - Processing file /home/airflow/.local/lib/python3.7/site-packages/airflow/example_dags/example_time_delta_sensor_async.py for tasks to queue
[2023-07-19T18:50:07.442+0000] {logging_mixin.py:150} INFO - [2023-07-19T18:50:07.441+0000] {dagbag.py:541} INFO - Filling up the DagBag from /home/airflow/.local/lib/python3.7/site-packages/airflow/example_dags/example_time_delta_sensor_async.py
[2023-07-19T18:50:07.446+0000] {processor.py:836} INFO - DAG(s) dict_keys(['example_time_delta_sensor_async']) retrieved from /home/airflow/.local/lib/python3.7/site-packages/airflow/example_dags/example_time_delta_sensor_async.py
[2023-07-19T18:50:07.468+0000] {logging_mixin.py:150} INFO - [2023-07-19T18:50:07.467+0000] {dag.py:2742} INFO - Sync 1 DAGs
[2023-07-19T18:50:07.485+0000] {logging_mixin.py:150} INFO - [2023-07-19T18:50:07.485+0000] {dag.py:3508} INFO - Setting next_dagrun for example_time_delta_sensor_async to None, run_after=None
[2023-07-19T18:50:07.498+0000] {processor.py:179} INFO - Processing /home/airflow/.local/lib/python3.7/site-packages/airflow/example_dags/example_time_delta_sensor_async.py took 0.065 seconds
[2023-07-19T18:50:43.174+0000] {processor.py:157} INFO - Started process (PID=998) to work on /home/airflow/.local/lib/python3.7/site-packages/airflow/example_dags/example_time_delta_sensor_async.py
[2023-07-19T18:50:43.179+0000] {processor.py:826} INFO - Processing file /home/airflow/.local/lib/python3.7/site-packages/airflow/example_dags/example_time_delta_sensor_async.py for tasks to queue
[2023-07-19T18:50:43.184+0000] {logging_mixin.py:150} INFO - [2023-07-19T18:50:43.184+0000] {dagbag.py:541} INFO - Filling up the DagBag from /home/airflow/.local/lib/python3.7/site-packages/airflow/example_dags/example_time_delta_sensor_async.py
[2023-07-19T18:50:43.197+0000] {processor.py:836} INFO - DAG(s) dict_keys(['example_time_delta_sensor_async']) retrieved from /home/airflow/.local/lib/python3.7/site-packages/airflow/example_dags/example_time_delta_sensor_async.py
[2023-07-19T18:50:43.234+0000] {logging_mixin.py:150} INFO - [2023-07-19T18:50:43.234+0000] {dag.py:2742} INFO - Sync 1 DAGs
[2023-07-19T18:50:43.284+0000] {logging_mixin.py:150} INFO - [2023-07-19T18:50:43.284+0000] {dag.py:3508} INFO - Setting next_dagrun for example_time_delta_sensor_async to None, run_after=None
[2023-07-19T18:50:44.142+0000] {processor.py:179} INFO - Processing /home/airflow/.local/lib/python3.7/site-packages/airflow/example_dags/example_time_delta_sensor_async.py took 0.974 seconds
[2023-07-19T18:51:14.554+0000] {processor.py:157} INFO - Started process (PID=1057) to work on /home/airflow/.local/lib/python3.7/site-packages/airflow/example_dags/example_time_delta_sensor_async.py
[2023-07-19T18:51:14.559+0000] {processor.py:826} INFO - Processing file /home/airflow/.local/lib/python3.7/site-packages/airflow/example_dags/example_time_delta_sensor_async.py for tasks to queue
[2023-07-19T18:51:14.563+0000] {logging_mixin.py:150} INFO - [2023-07-19T18:51:14.562+0000] {dagbag.py:541} INFO - Filling up the DagBag from /home/airflow/.local/lib/python3.7/site-packages/airflow/example_dags/example_time_delta_sensor_async.py
[2023-07-19T18:51:14.576+0000] {processor.py:836} INFO - DAG(s) dict_keys(['example_time_delta_sensor_async']) retrieved from /home/airflow/.local/lib/python3.7/site-packages/airflow/example_dags/example_time_delta_sensor_async.py
[2023-07-19T18:51:14.617+0000] {logging_mixin.py:150} INFO - [2023-07-19T18:51:14.617+0000] {dag.py:2742} INFO - Sync 1 DAGs
[2023-07-19T18:51:14.642+0000] {logging_mixin.py:150} INFO - [2023-07-19T18:51:14.642+0000] {dag.py:3508} INFO - Setting next_dagrun for example_time_delta_sensor_async to None, run_after=None
[2023-07-19T18:51:14.661+0000] {processor.py:179} INFO - Processing /home/airflow/.local/lib/python3.7/site-packages/airflow/example_dags/example_time_delta_sensor_async.py took 0.115 seconds
[2023-07-19T18:51:45.460+0000] {processor.py:157} INFO - Started process (PID=1117) to work on /home/airflow/.local/lib/python3.7/site-packages/airflow/example_dags/example_time_delta_sensor_async.py
[2023-07-19T18:51:45.478+0000] {processor.py:826} INFO - Processing file /home/airflow/.local/lib/python3.7/site-packages/airflow/example_dags/example_time_delta_sensor_async.py for tasks to queue
[2023-07-19T18:51:45.484+0000] {logging_mixin.py:150} INFO - [2023-07-19T18:51:45.483+0000] {dagbag.py:541} INFO - Filling up the DagBag from /home/airflow/.local/lib/python3.7/site-packages/airflow/example_dags/example_time_delta_sensor_async.py
[2023-07-19T18:51:45.496+0000] {processor.py:836} INFO - DAG(s) dict_keys(['example_time_delta_sensor_async']) retrieved from /home/airflow/.local/lib/python3.7/site-packages/airflow/example_dags/example_time_delta_sensor_async.py
[2023-07-19T18:51:45.549+0000] {logging_mixin.py:150} INFO - [2023-07-19T18:51:45.549+0000] {dag.py:2742} INFO - Sync 1 DAGs
[2023-07-19T18:51:45.593+0000] {logging_mixin.py:150} INFO - [2023-07-19T18:51:45.593+0000] {dag.py:3508} INFO - Setting next_dagrun for example_time_delta_sensor_async to None, run_after=None
[2023-07-19T18:51:45.625+0000] {processor.py:179} INFO - Processing /home/airflow/.local/lib/python3.7/site-packages/airflow/example_dags/example_time_delta_sensor_async.py took 0.169 seconds
[2023-07-19T18:52:15.860+0000] {processor.py:157} INFO - Started process (PID=1176) to work on /home/airflow/.local/lib/python3.7/site-packages/airflow/example_dags/example_time_delta_sensor_async.py
[2023-07-19T18:52:15.863+0000] {processor.py:826} INFO - Processing file /home/airflow/.local/lib/python3.7/site-packages/airflow/example_dags/example_time_delta_sensor_async.py for tasks to queue
[2023-07-19T18:52:15.866+0000] {logging_mixin.py:150} INFO - [2023-07-19T18:52:15.865+0000] {dagbag.py:541} INFO - Filling up the DagBag from /home/airflow/.local/lib/python3.7/site-packages/airflow/example_dags/example_time_delta_sensor_async.py
[2023-07-19T18:52:15.874+0000] {processor.py:836} INFO - DAG(s) dict_keys(['example_time_delta_sensor_async']) retrieved from /home/airflow/.local/lib/python3.7/site-packages/airflow/example_dags/example_time_delta_sensor_async.py
[2023-07-19T18:52:15.925+0000] {logging_mixin.py:150} INFO - [2023-07-19T18:52:15.925+0000] {dag.py:2742} INFO - Sync 1 DAGs
[2023-07-19T18:52:15.981+0000] {logging_mixin.py:150} INFO - [2023-07-19T18:52:15.980+0000] {dag.py:3508} INFO - Setting next_dagrun for example_time_delta_sensor_async to None, run_after=None
[2023-07-19T18:52:16.025+0000] {processor.py:179} INFO - Processing /home/airflow/.local/lib/python3.7/site-packages/airflow/example_dags/example_time_delta_sensor_async.py took 0.170 seconds
[2023-07-19T18:52:46.852+0000] {processor.py:157} INFO - Started process (PID=1236) to work on /home/airflow/.local/lib/python3.7/site-packages/airflow/example_dags/example_time_delta_sensor_async.py
[2023-07-19T18:52:46.855+0000] {processor.py:826} INFO - Processing file /home/airflow/.local/lib/python3.7/site-packages/airflow/example_dags/example_time_delta_sensor_async.py for tasks to queue
[2023-07-19T18:52:46.859+0000] {logging_mixin.py:150} INFO - [2023-07-19T18:52:46.859+0000] {dagbag.py:541} INFO - Filling up the DagBag from /home/airflow/.local/lib/python3.7/site-packages/airflow/example_dags/example_time_delta_sensor_async.py
[2023-07-19T18:52:46.865+0000] {processor.py:836} INFO - DAG(s) dict_keys(['example_time_delta_sensor_async']) retrieved from /home/airflow/.local/lib/python3.7/site-packages/airflow/example_dags/example_time_delta_sensor_async.py
[2023-07-19T18:52:46.891+0000] {logging_mixin.py:150} INFO - [2023-07-19T18:52:46.891+0000] {dag.py:2742} INFO - Sync 1 DAGs
[2023-07-19T18:52:46.918+0000] {logging_mixin.py:150} INFO - [2023-07-19T18:52:46.918+0000] {dag.py:3508} INFO - Setting next_dagrun for example_time_delta_sensor_async to None, run_after=None
[2023-07-19T18:52:46.935+0000] {processor.py:179} INFO - Processing /home/airflow/.local/lib/python3.7/site-packages/airflow/example_dags/example_time_delta_sensor_async.py took 0.087 seconds
[2023-07-19T18:53:17.225+0000] {processor.py:157} INFO - Started process (PID=1295) to work on /home/airflow/.local/lib/python3.7/site-packages/airflow/example_dags/example_time_delta_sensor_async.py
[2023-07-19T18:53:17.228+0000] {processor.py:826} INFO - Processing file /home/airflow/.local/lib/python3.7/site-packages/airflow/example_dags/example_time_delta_sensor_async.py for tasks to queue
[2023-07-19T18:53:17.230+0000] {logging_mixin.py:150} INFO - [2023-07-19T18:53:17.229+0000] {dagbag.py:541} INFO - Filling up the DagBag from /home/airflow/.local/lib/python3.7/site-packages/airflow/example_dags/example_time_delta_sensor_async.py
[2023-07-19T18:53:17.236+0000] {processor.py:836} INFO - DAG(s) dict_keys(['example_time_delta_sensor_async']) retrieved from /home/airflow/.local/lib/python3.7/site-packages/airflow/example_dags/example_time_delta_sensor_async.py
[2023-07-19T18:53:17.264+0000] {logging_mixin.py:150} INFO - [2023-07-19T18:53:17.264+0000] {dag.py:2742} INFO - Sync 1 DAGs
[2023-07-19T18:53:17.291+0000] {logging_mixin.py:150} INFO - [2023-07-19T18:53:17.291+0000] {dag.py:3508} INFO - Setting next_dagrun for example_time_delta_sensor_async to None, run_after=None
[2023-07-19T18:53:17.309+0000] {processor.py:179} INFO - Processing /home/airflow/.local/lib/python3.7/site-packages/airflow/example_dags/example_time_delta_sensor_async.py took 0.088 seconds
[2023-07-19T18:53:48.452+0000] {processor.py:157} INFO - Started process (PID=1354) to work on /home/airflow/.local/lib/python3.7/site-packages/airflow/example_dags/example_time_delta_sensor_async.py
[2023-07-19T18:53:48.454+0000] {processor.py:826} INFO - Processing file /home/airflow/.local/lib/python3.7/site-packages/airflow/example_dags/example_time_delta_sensor_async.py for tasks to queue
[2023-07-19T18:53:48.457+0000] {logging_mixin.py:150} INFO - [2023-07-19T18:53:48.456+0000] {dagbag.py:541} INFO - Filling up the DagBag from /home/airflow/.local/lib/python3.7/site-packages/airflow/example_dags/example_time_delta_sensor_async.py
[2023-07-19T18:53:48.462+0000] {processor.py:836} INFO - DAG(s) dict_keys(['example_time_delta_sensor_async']) retrieved from /home/airflow/.local/lib/python3.7/site-packages/airflow/example_dags/example_time_delta_sensor_async.py
[2023-07-19T18:53:48.505+0000] {logging_mixin.py:150} INFO - [2023-07-19T18:53:48.505+0000] {dag.py:2742} INFO - Sync 1 DAGs
[2023-07-19T18:53:48.535+0000] {logging_mixin.py:150} INFO - [2023-07-19T18:53:48.535+0000] {dag.py:3508} INFO - Setting next_dagrun for example_time_delta_sensor_async to None, run_after=None
[2023-07-19T18:53:48.568+0000] {processor.py:179} INFO - Processing /home/airflow/.local/lib/python3.7/site-packages/airflow/example_dags/example_time_delta_sensor_async.py took 0.119 seconds
[2023-07-19T18:54:20.672+0000] {processor.py:157} INFO - Started process (PID=1419) to work on /home/airflow/.local/lib/python3.7/site-packages/airflow/example_dags/example_time_delta_sensor_async.py
[2023-07-19T18:54:20.676+0000] {processor.py:826} INFO - Processing file /home/airflow/.local/lib/python3.7/site-packages/airflow/example_dags/example_time_delta_sensor_async.py for tasks to queue
[2023-07-19T18:54:20.683+0000] {logging_mixin.py:150} INFO - [2023-07-19T18:54:20.681+0000] {dagbag.py:541} INFO - Filling up the DagBag from /home/airflow/.local/lib/python3.7/site-packages/airflow/example_dags/example_time_delta_sensor_async.py
[2023-07-19T18:54:20.695+0000] {processor.py:836} INFO - DAG(s) dict_keys(['example_time_delta_sensor_async']) retrieved from /home/airflow/.local/lib/python3.7/site-packages/airflow/example_dags/example_time_delta_sensor_async.py
[2023-07-19T18:54:20.733+0000] {logging_mixin.py:150} INFO - [2023-07-19T18:54:20.733+0000] {dag.py:2742} INFO - Sync 1 DAGs
[2023-07-19T18:54:20.769+0000] {logging_mixin.py:150} INFO - [2023-07-19T18:54:20.769+0000] {dag.py:3508} INFO - Setting next_dagrun for example_time_delta_sensor_async to None, run_after=None
[2023-07-19T18:54:20.794+0000] {processor.py:179} INFO - Processing /home/airflow/.local/lib/python3.7/site-packages/airflow/example_dags/example_time_delta_sensor_async.py took 0.129 seconds
