[2023-07-19T18:42:21.031+0000] {processor.py:157} INFO - Started process (PID=58) to work on /home/airflow/.local/lib/python3.7/site-packages/airflow/example_dags/example_short_circuit_decorator.py
[2023-07-19T18:42:21.051+0000] {processor.py:826} INFO - Processing file /home/airflow/.local/lib/python3.7/site-packages/airflow/example_dags/example_short_circuit_decorator.py for tasks to queue
[2023-07-19T18:42:21.057+0000] {logging_mixin.py:150} INFO - [2023-07-19T18:42:21.057+0000] {dagbag.py:541} INFO - Filling up the DagBag from /home/airflow/.local/lib/python3.7/site-packages/airflow/example_dags/example_short_circuit_decorator.py
[2023-07-19T18:42:21.119+0000] {processor.py:836} INFO - DAG(s) dict_keys(['example_short_circuit_decorator']) retrieved from /home/airflow/.local/lib/python3.7/site-packages/airflow/example_dags/example_short_circuit_decorator.py
[2023-07-19T18:42:21.181+0000] {logging_mixin.py:150} INFO - [2023-07-19T18:42:21.180+0000] {dag.py:2742} INFO - Sync 1 DAGs
[2023-07-19T18:42:21.255+0000] {logging_mixin.py:150} INFO - [2023-07-19T18:42:21.254+0000] {dag.py:3508} INFO - Setting next_dagrun for example_short_circuit_decorator to 2023-07-18T18:42:21.254149+00:00, run_after=2023-07-19T18:42:21.254149+00:00
[2023-07-19T18:42:21.294+0000] {processor.py:179} INFO - Processing /home/airflow/.local/lib/python3.7/site-packages/airflow/example_dags/example_short_circuit_decorator.py took 0.270 seconds
[2023-07-19T18:42:51.892+0000] {processor.py:157} INFO - Started process (PID=118) to work on /home/airflow/.local/lib/python3.7/site-packages/airflow/example_dags/example_short_circuit_decorator.py
[2023-07-19T18:42:51.894+0000] {processor.py:826} INFO - Processing file /home/airflow/.local/lib/python3.7/site-packages/airflow/example_dags/example_short_circuit_decorator.py for tasks to queue
[2023-07-19T18:42:51.896+0000] {logging_mixin.py:150} INFO - [2023-07-19T18:42:51.895+0000] {dagbag.py:541} INFO - Filling up the DagBag from /home/airflow/.local/lib/python3.7/site-packages/airflow/example_dags/example_short_circuit_decorator.py
[2023-07-19T18:42:51.904+0000] {processor.py:836} INFO - DAG(s) dict_keys(['example_short_circuit_decorator']) retrieved from /home/airflow/.local/lib/python3.7/site-packages/airflow/example_dags/example_short_circuit_decorator.py
[2023-07-19T18:42:51.929+0000] {logging_mixin.py:150} INFO - [2023-07-19T18:42:51.929+0000] {dag.py:2742} INFO - Sync 1 DAGs
[2023-07-19T18:42:51.949+0000] {logging_mixin.py:150} INFO - [2023-07-19T18:42:51.949+0000] {dag.py:3508} INFO - Setting next_dagrun for example_short_circuit_decorator to 2023-07-18T18:42:51.948919+00:00, run_after=2023-07-19T18:42:51.948919+00:00
[2023-07-19T18:42:51.974+0000] {processor.py:179} INFO - Processing /home/airflow/.local/lib/python3.7/site-packages/airflow/example_dags/example_short_circuit_decorator.py took 0.084 seconds
[2023-07-19T18:43:22.893+0000] {processor.py:157} INFO - Started process (PID=177) to work on /home/airflow/.local/lib/python3.7/site-packages/airflow/example_dags/example_short_circuit_decorator.py
[2023-07-19T18:43:22.899+0000] {processor.py:826} INFO - Processing file /home/airflow/.local/lib/python3.7/site-packages/airflow/example_dags/example_short_circuit_decorator.py for tasks to queue
[2023-07-19T18:43:22.901+0000] {logging_mixin.py:150} INFO - [2023-07-19T18:43:22.901+0000] {dagbag.py:541} INFO - Filling up the DagBag from /home/airflow/.local/lib/python3.7/site-packages/airflow/example_dags/example_short_circuit_decorator.py
[2023-07-19T18:43:22.914+0000] {processor.py:836} INFO - DAG(s) dict_keys(['example_short_circuit_decorator']) retrieved from /home/airflow/.local/lib/python3.7/site-packages/airflow/example_dags/example_short_circuit_decorator.py
[2023-07-19T18:43:22.949+0000] {logging_mixin.py:150} INFO - [2023-07-19T18:43:22.949+0000] {dag.py:2742} INFO - Sync 1 DAGs
[2023-07-19T18:43:22.977+0000] {logging_mixin.py:150} INFO - [2023-07-19T18:43:22.976+0000] {dag.py:3508} INFO - Setting next_dagrun for example_short_circuit_decorator to 2023-07-18T18:43:22.976544+00:00, run_after=2023-07-19T18:43:22.976544+00:00
[2023-07-19T18:43:22.997+0000] {processor.py:179} INFO - Processing /home/airflow/.local/lib/python3.7/site-packages/airflow/example_dags/example_short_circuit_decorator.py took 0.110 seconds
[2023-07-19T18:43:53.579+0000] {processor.py:157} INFO - Started process (PID=236) to work on /home/airflow/.local/lib/python3.7/site-packages/airflow/example_dags/example_short_circuit_decorator.py
[2023-07-19T18:43:53.584+0000] {processor.py:826} INFO - Processing file /home/airflow/.local/lib/python3.7/site-packages/airflow/example_dags/example_short_circuit_decorator.py for tasks to queue
[2023-07-19T18:43:53.588+0000] {logging_mixin.py:150} INFO - [2023-07-19T18:43:53.588+0000] {dagbag.py:541} INFO - Filling up the DagBag from /home/airflow/.local/lib/python3.7/site-packages/airflow/example_dags/example_short_circuit_decorator.py
[2023-07-19T18:43:53.605+0000] {processor.py:836} INFO - DAG(s) dict_keys(['example_short_circuit_decorator']) retrieved from /home/airflow/.local/lib/python3.7/site-packages/airflow/example_dags/example_short_circuit_decorator.py
[2023-07-19T18:43:53.641+0000] {logging_mixin.py:150} INFO - [2023-07-19T18:43:53.641+0000] {dag.py:2742} INFO - Sync 1 DAGs
[2023-07-19T18:43:53.674+0000] {logging_mixin.py:150} INFO - [2023-07-19T18:43:53.674+0000] {dag.py:3508} INFO - Setting next_dagrun for example_short_circuit_decorator to 2023-07-18T18:43:53.674206+00:00, run_after=2023-07-19T18:43:53.674206+00:00
[2023-07-19T18:43:53.693+0000] {processor.py:179} INFO - Processing /home/airflow/.local/lib/python3.7/site-packages/airflow/example_dags/example_short_circuit_decorator.py took 0.120 seconds
[2023-07-19T18:44:23.982+0000] {processor.py:157} INFO - Started process (PID=294) to work on /home/airflow/.local/lib/python3.7/site-packages/airflow/example_dags/example_short_circuit_decorator.py
[2023-07-19T18:44:23.984+0000] {processor.py:826} INFO - Processing file /home/airflow/.local/lib/python3.7/site-packages/airflow/example_dags/example_short_circuit_decorator.py for tasks to queue
[2023-07-19T18:44:23.986+0000] {logging_mixin.py:150} INFO - [2023-07-19T18:44:23.985+0000] {dagbag.py:541} INFO - Filling up the DagBag from /home/airflow/.local/lib/python3.7/site-packages/airflow/example_dags/example_short_circuit_decorator.py
[2023-07-19T18:44:23.994+0000] {processor.py:836} INFO - DAG(s) dict_keys(['example_short_circuit_decorator']) retrieved from /home/airflow/.local/lib/python3.7/site-packages/airflow/example_dags/example_short_circuit_decorator.py
[2023-07-19T18:44:24.025+0000] {logging_mixin.py:150} INFO - [2023-07-19T18:44:24.025+0000] {dag.py:2742} INFO - Sync 1 DAGs
[2023-07-19T18:44:24.056+0000] {logging_mixin.py:150} INFO - [2023-07-19T18:44:24.055+0000] {dag.py:3508} INFO - Setting next_dagrun for example_short_circuit_decorator to 2023-07-18T18:44:24.055480+00:00, run_after=2023-07-19T18:44:24.055480+00:00
[2023-07-19T18:44:24.073+0000] {processor.py:179} INFO - Processing /home/airflow/.local/lib/python3.7/site-packages/airflow/example_dags/example_short_circuit_decorator.py took 0.094 seconds
[2023-07-19T18:44:54.210+0000] {processor.py:157} INFO - Started process (PID=353) to work on /home/airflow/.local/lib/python3.7/site-packages/airflow/example_dags/example_short_circuit_decorator.py
[2023-07-19T18:44:54.213+0000] {processor.py:826} INFO - Processing file /home/airflow/.local/lib/python3.7/site-packages/airflow/example_dags/example_short_circuit_decorator.py for tasks to queue
[2023-07-19T18:44:54.215+0000] {logging_mixin.py:150} INFO - [2023-07-19T18:44:54.215+0000] {dagbag.py:541} INFO - Filling up the DagBag from /home/airflow/.local/lib/python3.7/site-packages/airflow/example_dags/example_short_circuit_decorator.py
[2023-07-19T18:44:54.226+0000] {processor.py:836} INFO - DAG(s) dict_keys(['example_short_circuit_decorator']) retrieved from /home/airflow/.local/lib/python3.7/site-packages/airflow/example_dags/example_short_circuit_decorator.py
[2023-07-19T18:44:54.262+0000] {logging_mixin.py:150} INFO - [2023-07-19T18:44:54.262+0000] {dag.py:2742} INFO - Sync 1 DAGs
[2023-07-19T18:44:54.285+0000] {logging_mixin.py:150} INFO - [2023-07-19T18:44:54.285+0000] {dag.py:3508} INFO - Setting next_dagrun for example_short_circuit_decorator to 2023-07-18T18:44:54.284949+00:00, run_after=2023-07-19T18:44:54.284949+00:00
[2023-07-19T18:44:54.299+0000] {processor.py:179} INFO - Processing /home/airflow/.local/lib/python3.7/site-packages/airflow/example_dags/example_short_circuit_decorator.py took 0.092 seconds
[2023-07-19T18:45:25.958+0000] {processor.py:157} INFO - Started process (PID=412) to work on /home/airflow/.local/lib/python3.7/site-packages/airflow/example_dags/example_short_circuit_decorator.py
[2023-07-19T18:45:25.965+0000] {processor.py:826} INFO - Processing file /home/airflow/.local/lib/python3.7/site-packages/airflow/example_dags/example_short_circuit_decorator.py for tasks to queue
[2023-07-19T18:45:25.971+0000] {logging_mixin.py:150} INFO - [2023-07-19T18:45:25.971+0000] {dagbag.py:541} INFO - Filling up the DagBag from /home/airflow/.local/lib/python3.7/site-packages/airflow/example_dags/example_short_circuit_decorator.py
[2023-07-19T18:45:25.997+0000] {processor.py:836} INFO - DAG(s) dict_keys(['example_short_circuit_decorator']) retrieved from /home/airflow/.local/lib/python3.7/site-packages/airflow/example_dags/example_short_circuit_decorator.py
[2023-07-19T18:45:26.074+0000] {logging_mixin.py:150} INFO - [2023-07-19T18:45:26.074+0000] {dag.py:2742} INFO - Sync 1 DAGs
[2023-07-19T18:45:26.116+0000] {logging_mixin.py:150} INFO - [2023-07-19T18:45:26.116+0000] {dag.py:3508} INFO - Setting next_dagrun for example_short_circuit_decorator to 2023-07-18T18:45:26.115752+00:00, run_after=2023-07-19T18:45:26.115752+00:00
[2023-07-19T18:45:26.145+0000] {processor.py:179} INFO - Processing /home/airflow/.local/lib/python3.7/site-packages/airflow/example_dags/example_short_circuit_decorator.py took 0.200 seconds
[2023-07-19T18:45:56.382+0000] {processor.py:157} INFO - Started process (PID=471) to work on /home/airflow/.local/lib/python3.7/site-packages/airflow/example_dags/example_short_circuit_decorator.py
[2023-07-19T18:45:56.386+0000] {processor.py:826} INFO - Processing file /home/airflow/.local/lib/python3.7/site-packages/airflow/example_dags/example_short_circuit_decorator.py for tasks to queue
[2023-07-19T18:45:56.391+0000] {logging_mixin.py:150} INFO - [2023-07-19T18:45:56.390+0000] {dagbag.py:541} INFO - Filling up the DagBag from /home/airflow/.local/lib/python3.7/site-packages/airflow/example_dags/example_short_circuit_decorator.py
[2023-07-19T18:45:56.410+0000] {processor.py:836} INFO - DAG(s) dict_keys(['example_short_circuit_decorator']) retrieved from /home/airflow/.local/lib/python3.7/site-packages/airflow/example_dags/example_short_circuit_decorator.py
[2023-07-19T18:45:56.460+0000] {logging_mixin.py:150} INFO - [2023-07-19T18:45:56.460+0000] {dag.py:2742} INFO - Sync 1 DAGs
[2023-07-19T18:45:56.499+0000] {logging_mixin.py:150} INFO - [2023-07-19T18:45:56.499+0000] {dag.py:3508} INFO - Setting next_dagrun for example_short_circuit_decorator to 2023-07-18T18:45:56.498849+00:00, run_after=2023-07-19T18:45:56.498849+00:00
[2023-07-19T18:45:56.561+0000] {processor.py:179} INFO - Processing /home/airflow/.local/lib/python3.7/site-packages/airflow/example_dags/example_short_circuit_decorator.py took 0.182 seconds
[2023-07-19T18:46:26.954+0000] {processor.py:157} INFO - Started process (PID=530) to work on /home/airflow/.local/lib/python3.7/site-packages/airflow/example_dags/example_short_circuit_decorator.py
[2023-07-19T18:46:26.958+0000] {processor.py:826} INFO - Processing file /home/airflow/.local/lib/python3.7/site-packages/airflow/example_dags/example_short_circuit_decorator.py for tasks to queue
[2023-07-19T18:46:26.961+0000] {logging_mixin.py:150} INFO - [2023-07-19T18:46:26.961+0000] {dagbag.py:541} INFO - Filling up the DagBag from /home/airflow/.local/lib/python3.7/site-packages/airflow/example_dags/example_short_circuit_decorator.py
[2023-07-19T18:46:26.977+0000] {processor.py:836} INFO - DAG(s) dict_keys(['example_short_circuit_decorator']) retrieved from /home/airflow/.local/lib/python3.7/site-packages/airflow/example_dags/example_short_circuit_decorator.py
[2023-07-19T18:46:27.005+0000] {logging_mixin.py:150} INFO - [2023-07-19T18:46:27.004+0000] {dag.py:2742} INFO - Sync 1 DAGs
[2023-07-19T18:46:27.025+0000] {logging_mixin.py:150} INFO - [2023-07-19T18:46:27.025+0000] {dag.py:3508} INFO - Setting next_dagrun for example_short_circuit_decorator to 2023-07-18T18:46:27.025345+00:00, run_after=2023-07-19T18:46:27.025345+00:00
[2023-07-19T18:46:27.044+0000] {processor.py:179} INFO - Processing /home/airflow/.local/lib/python3.7/site-packages/airflow/example_dags/example_short_circuit_decorator.py took 0.094 seconds
[2023-07-19T18:47:01.385+0000] {processor.py:157} INFO - Started process (PID=589) to work on /home/airflow/.local/lib/python3.7/site-packages/airflow/example_dags/example_short_circuit_decorator.py
[2023-07-19T18:47:01.393+0000] {processor.py:826} INFO - Processing file /home/airflow/.local/lib/python3.7/site-packages/airflow/example_dags/example_short_circuit_decorator.py for tasks to queue
[2023-07-19T18:47:01.400+0000] {logging_mixin.py:150} INFO - [2023-07-19T18:47:01.400+0000] {dagbag.py:541} INFO - Filling up the DagBag from /home/airflow/.local/lib/python3.7/site-packages/airflow/example_dags/example_short_circuit_decorator.py
[2023-07-19T18:47:01.433+0000] {processor.py:836} INFO - DAG(s) dict_keys(['example_short_circuit_decorator']) retrieved from /home/airflow/.local/lib/python3.7/site-packages/airflow/example_dags/example_short_circuit_decorator.py
[2023-07-19T18:47:01.502+0000] {logging_mixin.py:150} INFO - [2023-07-19T18:47:01.502+0000] {dag.py:2742} INFO - Sync 1 DAGs
[2023-07-19T18:47:01.602+0000] {logging_mixin.py:150} INFO - [2023-07-19T18:47:01.599+0000] {dag.py:3508} INFO - Setting next_dagrun for example_short_circuit_decorator to 2023-07-18T18:47:01.594076+00:00, run_after=2023-07-19T18:47:01.594076+00:00
[2023-07-19T18:47:01.677+0000] {processor.py:179} INFO - Processing /home/airflow/.local/lib/python3.7/site-packages/airflow/example_dags/example_short_circuit_decorator.py took 0.302 seconds
[2023-07-19T18:47:32.728+0000] {processor.py:157} INFO - Started process (PID=648) to work on /home/airflow/.local/lib/python3.7/site-packages/airflow/example_dags/example_short_circuit_decorator.py
[2023-07-19T18:47:32.735+0000] {processor.py:826} INFO - Processing file /home/airflow/.local/lib/python3.7/site-packages/airflow/example_dags/example_short_circuit_decorator.py for tasks to queue
[2023-07-19T18:47:32.738+0000] {logging_mixin.py:150} INFO - [2023-07-19T18:47:32.738+0000] {dagbag.py:541} INFO - Filling up the DagBag from /home/airflow/.local/lib/python3.7/site-packages/airflow/example_dags/example_short_circuit_decorator.py
[2023-07-19T18:47:32.765+0000] {processor.py:836} INFO - DAG(s) dict_keys(['example_short_circuit_decorator']) retrieved from /home/airflow/.local/lib/python3.7/site-packages/airflow/example_dags/example_short_circuit_decorator.py
[2023-07-19T18:47:32.816+0000] {logging_mixin.py:150} INFO - [2023-07-19T18:47:32.815+0000] {dag.py:2742} INFO - Sync 1 DAGs
[2023-07-19T18:47:32.861+0000] {logging_mixin.py:150} INFO - [2023-07-19T18:47:32.861+0000] {dag.py:3508} INFO - Setting next_dagrun for example_short_circuit_decorator to 2023-07-18T18:47:32.860653+00:00, run_after=2023-07-19T18:47:32.860653+00:00
[2023-07-19T18:47:32.903+0000] {processor.py:179} INFO - Processing /home/airflow/.local/lib/python3.7/site-packages/airflow/example_dags/example_short_circuit_decorator.py took 0.179 seconds
[2023-07-19T18:48:03.944+0000] {processor.py:157} INFO - Started process (PID=707) to work on /home/airflow/.local/lib/python3.7/site-packages/airflow/example_dags/example_short_circuit_decorator.py
[2023-07-19T18:48:03.947+0000] {processor.py:826} INFO - Processing file /home/airflow/.local/lib/python3.7/site-packages/airflow/example_dags/example_short_circuit_decorator.py for tasks to queue
[2023-07-19T18:48:03.951+0000] {logging_mixin.py:150} INFO - [2023-07-19T18:48:03.950+0000] {dagbag.py:541} INFO - Filling up the DagBag from /home/airflow/.local/lib/python3.7/site-packages/airflow/example_dags/example_short_circuit_decorator.py
[2023-07-19T18:48:03.986+0000] {processor.py:836} INFO - DAG(s) dict_keys(['example_short_circuit_decorator']) retrieved from /home/airflow/.local/lib/python3.7/site-packages/airflow/example_dags/example_short_circuit_decorator.py
[2023-07-19T18:48:04.079+0000] {logging_mixin.py:150} INFO - [2023-07-19T18:48:04.079+0000] {dag.py:2742} INFO - Sync 1 DAGs
[2023-07-19T18:48:04.131+0000] {logging_mixin.py:150} INFO - [2023-07-19T18:48:04.131+0000] {dag.py:3508} INFO - Setting next_dagrun for example_short_circuit_decorator to 2023-07-18T18:48:04.130740+00:00, run_after=2023-07-19T18:48:04.130740+00:00
[2023-07-19T18:48:04.154+0000] {processor.py:179} INFO - Processing /home/airflow/.local/lib/python3.7/site-packages/airflow/example_dags/example_short_circuit_decorator.py took 0.215 seconds
[2023-07-19T18:48:35.337+0000] {processor.py:157} INFO - Started process (PID=766) to work on /home/airflow/.local/lib/python3.7/site-packages/airflow/example_dags/example_short_circuit_decorator.py
[2023-07-19T18:48:35.350+0000] {processor.py:826} INFO - Processing file /home/airflow/.local/lib/python3.7/site-packages/airflow/example_dags/example_short_circuit_decorator.py for tasks to queue
[2023-07-19T18:48:35.353+0000] {logging_mixin.py:150} INFO - [2023-07-19T18:48:35.352+0000] {dagbag.py:541} INFO - Filling up the DagBag from /home/airflow/.local/lib/python3.7/site-packages/airflow/example_dags/example_short_circuit_decorator.py
[2023-07-19T18:48:35.377+0000] {processor.py:836} INFO - DAG(s) dict_keys(['example_short_circuit_decorator']) retrieved from /home/airflow/.local/lib/python3.7/site-packages/airflow/example_dags/example_short_circuit_decorator.py
[2023-07-19T18:48:35.426+0000] {logging_mixin.py:150} INFO - [2023-07-19T18:48:35.426+0000] {dag.py:2742} INFO - Sync 1 DAGs
[2023-07-19T18:48:35.491+0000] {logging_mixin.py:150} INFO - [2023-07-19T18:48:35.491+0000] {dag.py:3508} INFO - Setting next_dagrun for example_short_circuit_decorator to 2023-07-18T18:48:35.490923+00:00, run_after=2023-07-19T18:48:35.490923+00:00
[2023-07-19T18:48:35.525+0000] {processor.py:179} INFO - Processing /home/airflow/.local/lib/python3.7/site-packages/airflow/example_dags/example_short_circuit_decorator.py took 0.193 seconds
[2023-07-19T18:49:07.278+0000] {processor.py:157} INFO - Started process (PID=825) to work on /home/airflow/.local/lib/python3.7/site-packages/airflow/example_dags/example_short_circuit_decorator.py
[2023-07-19T18:49:07.282+0000] {processor.py:826} INFO - Processing file /home/airflow/.local/lib/python3.7/site-packages/airflow/example_dags/example_short_circuit_decorator.py for tasks to queue
[2023-07-19T18:49:07.297+0000] {logging_mixin.py:150} INFO - [2023-07-19T18:49:07.293+0000] {dagbag.py:541} INFO - Filling up the DagBag from /home/airflow/.local/lib/python3.7/site-packages/airflow/example_dags/example_short_circuit_decorator.py
[2023-07-19T18:49:07.331+0000] {processor.py:836} INFO - DAG(s) dict_keys(['example_short_circuit_decorator']) retrieved from /home/airflow/.local/lib/python3.7/site-packages/airflow/example_dags/example_short_circuit_decorator.py
[2023-07-19T18:49:07.418+0000] {logging_mixin.py:150} INFO - [2023-07-19T18:49:07.418+0000] {dag.py:2742} INFO - Sync 1 DAGs
[2023-07-19T18:49:07.456+0000] {logging_mixin.py:150} INFO - [2023-07-19T18:49:07.456+0000] {dag.py:3508} INFO - Setting next_dagrun for example_short_circuit_decorator to 2023-07-18T18:49:07.455871+00:00, run_after=2023-07-19T18:49:07.455871+00:00
[2023-07-19T18:49:07.488+0000] {processor.py:179} INFO - Processing /home/airflow/.local/lib/python3.7/site-packages/airflow/example_dags/example_short_circuit_decorator.py took 0.214 seconds
[2023-07-19T18:49:37.748+0000] {processor.py:157} INFO - Started process (PID=884) to work on /home/airflow/.local/lib/python3.7/site-packages/airflow/example_dags/example_short_circuit_decorator.py
[2023-07-19T18:49:37.753+0000] {processor.py:826} INFO - Processing file /home/airflow/.local/lib/python3.7/site-packages/airflow/example_dags/example_short_circuit_decorator.py for tasks to queue
[2023-07-19T18:49:37.761+0000] {logging_mixin.py:150} INFO - [2023-07-19T18:49:37.760+0000] {dagbag.py:541} INFO - Filling up the DagBag from /home/airflow/.local/lib/python3.7/site-packages/airflow/example_dags/example_short_circuit_decorator.py
[2023-07-19T18:49:37.773+0000] {processor.py:836} INFO - DAG(s) dict_keys(['example_short_circuit_decorator']) retrieved from /home/airflow/.local/lib/python3.7/site-packages/airflow/example_dags/example_short_circuit_decorator.py
[2023-07-19T18:49:37.805+0000] {logging_mixin.py:150} INFO - [2023-07-19T18:49:37.804+0000] {dag.py:2742} INFO - Sync 1 DAGs
[2023-07-19T18:49:37.828+0000] {logging_mixin.py:150} INFO - [2023-07-19T18:49:37.828+0000] {dag.py:3508} INFO - Setting next_dagrun for example_short_circuit_decorator to 2023-07-18T18:49:37.828147+00:00, run_after=2023-07-19T18:49:37.828147+00:00
[2023-07-19T18:49:37.844+0000] {processor.py:179} INFO - Processing /home/airflow/.local/lib/python3.7/site-packages/airflow/example_dags/example_short_circuit_decorator.py took 0.101 seconds
[2023-07-19T18:50:08.131+0000] {processor.py:157} INFO - Started process (PID=943) to work on /home/airflow/.local/lib/python3.7/site-packages/airflow/example_dags/example_short_circuit_decorator.py
[2023-07-19T18:50:08.134+0000] {processor.py:826} INFO - Processing file /home/airflow/.local/lib/python3.7/site-packages/airflow/example_dags/example_short_circuit_decorator.py for tasks to queue
[2023-07-19T18:50:08.138+0000] {logging_mixin.py:150} INFO - [2023-07-19T18:50:08.138+0000] {dagbag.py:541} INFO - Filling up the DagBag from /home/airflow/.local/lib/python3.7/site-packages/airflow/example_dags/example_short_circuit_decorator.py
[2023-07-19T18:50:08.148+0000] {processor.py:836} INFO - DAG(s) dict_keys(['example_short_circuit_decorator']) retrieved from /home/airflow/.local/lib/python3.7/site-packages/airflow/example_dags/example_short_circuit_decorator.py
[2023-07-19T18:50:08.180+0000] {logging_mixin.py:150} INFO - [2023-07-19T18:50:08.180+0000] {dag.py:2742} INFO - Sync 1 DAGs
[2023-07-19T18:50:08.207+0000] {logging_mixin.py:150} INFO - [2023-07-19T18:50:08.207+0000] {dag.py:3508} INFO - Setting next_dagrun for example_short_circuit_decorator to 2023-07-18T18:50:08.206845+00:00, run_after=2023-07-19T18:50:08.206845+00:00
[2023-07-19T18:50:08.229+0000] {processor.py:179} INFO - Processing /home/airflow/.local/lib/python3.7/site-packages/airflow/example_dags/example_short_circuit_decorator.py took 0.102 seconds
[2023-07-19T18:50:44.968+0000] {processor.py:157} INFO - Started process (PID=1003) to work on /home/airflow/.local/lib/python3.7/site-packages/airflow/example_dags/example_short_circuit_decorator.py
[2023-07-19T18:50:44.975+0000] {processor.py:826} INFO - Processing file /home/airflow/.local/lib/python3.7/site-packages/airflow/example_dags/example_short_circuit_decorator.py for tasks to queue
[2023-07-19T18:50:44.978+0000] {logging_mixin.py:150} INFO - [2023-07-19T18:50:44.978+0000] {dagbag.py:541} INFO - Filling up the DagBag from /home/airflow/.local/lib/python3.7/site-packages/airflow/example_dags/example_short_circuit_decorator.py
[2023-07-19T18:50:44.995+0000] {processor.py:836} INFO - DAG(s) dict_keys(['example_short_circuit_decorator']) retrieved from /home/airflow/.local/lib/python3.7/site-packages/airflow/example_dags/example_short_circuit_decorator.py
[2023-07-19T18:50:45.044+0000] {logging_mixin.py:150} INFO - [2023-07-19T18:50:45.044+0000] {dag.py:2742} INFO - Sync 1 DAGs
[2023-07-19T18:50:45.089+0000] {logging_mixin.py:150} INFO - [2023-07-19T18:50:45.089+0000] {dag.py:3508} INFO - Setting next_dagrun for example_short_circuit_decorator to 2023-07-18T18:50:45.087620+00:00, run_after=2023-07-19T18:50:45.087620+00:00
[2023-07-19T18:50:45.126+0000] {processor.py:179} INFO - Processing /home/airflow/.local/lib/python3.7/site-packages/airflow/example_dags/example_short_circuit_decorator.py took 0.164 seconds
[2023-07-19T18:51:15.873+0000] {processor.py:157} INFO - Started process (PID=1062) to work on /home/airflow/.local/lib/python3.7/site-packages/airflow/example_dags/example_short_circuit_decorator.py
[2023-07-19T18:51:15.876+0000] {processor.py:826} INFO - Processing file /home/airflow/.local/lib/python3.7/site-packages/airflow/example_dags/example_short_circuit_decorator.py for tasks to queue
[2023-07-19T18:51:15.877+0000] {logging_mixin.py:150} INFO - [2023-07-19T18:51:15.877+0000] {dagbag.py:541} INFO - Filling up the DagBag from /home/airflow/.local/lib/python3.7/site-packages/airflow/example_dags/example_short_circuit_decorator.py
[2023-07-19T18:51:15.887+0000] {processor.py:836} INFO - DAG(s) dict_keys(['example_short_circuit_decorator']) retrieved from /home/airflow/.local/lib/python3.7/site-packages/airflow/example_dags/example_short_circuit_decorator.py
[2023-07-19T18:51:15.915+0000] {logging_mixin.py:150} INFO - [2023-07-19T18:51:15.914+0000] {dag.py:2742} INFO - Sync 1 DAGs
[2023-07-19T18:51:15.941+0000] {logging_mixin.py:150} INFO - [2023-07-19T18:51:15.941+0000] {dag.py:3508} INFO - Setting next_dagrun for example_short_circuit_decorator to 2023-07-18T18:51:15.941120+00:00, run_after=2023-07-19T18:51:15.941120+00:00
[2023-07-19T18:51:15.964+0000] {processor.py:179} INFO - Processing /home/airflow/.local/lib/python3.7/site-packages/airflow/example_dags/example_short_circuit_decorator.py took 0.095 seconds
[2023-07-19T18:51:46.960+0000] {processor.py:157} INFO - Started process (PID=1122) to work on /home/airflow/.local/lib/python3.7/site-packages/airflow/example_dags/example_short_circuit_decorator.py
[2023-07-19T18:51:46.962+0000] {processor.py:826} INFO - Processing file /home/airflow/.local/lib/python3.7/site-packages/airflow/example_dags/example_short_circuit_decorator.py for tasks to queue
[2023-07-19T18:51:46.965+0000] {logging_mixin.py:150} INFO - [2023-07-19T18:51:46.965+0000] {dagbag.py:541} INFO - Filling up the DagBag from /home/airflow/.local/lib/python3.7/site-packages/airflow/example_dags/example_short_circuit_decorator.py
[2023-07-19T18:51:46.976+0000] {processor.py:836} INFO - DAG(s) dict_keys(['example_short_circuit_decorator']) retrieved from /home/airflow/.local/lib/python3.7/site-packages/airflow/example_dags/example_short_circuit_decorator.py
[2023-07-19T18:51:47.003+0000] {logging_mixin.py:150} INFO - [2023-07-19T18:51:47.003+0000] {dag.py:2742} INFO - Sync 1 DAGs
[2023-07-19T18:51:47.032+0000] {logging_mixin.py:150} INFO - [2023-07-19T18:51:47.032+0000] {dag.py:3508} INFO - Setting next_dagrun for example_short_circuit_decorator to 2023-07-18T18:51:47.031685+00:00, run_after=2023-07-19T18:51:47.031685+00:00
[2023-07-19T18:51:47.059+0000] {processor.py:179} INFO - Processing /home/airflow/.local/lib/python3.7/site-packages/airflow/example_dags/example_short_circuit_decorator.py took 0.103 seconds
[2023-07-19T18:52:17.608+0000] {processor.py:157} INFO - Started process (PID=1181) to work on /home/airflow/.local/lib/python3.7/site-packages/airflow/example_dags/example_short_circuit_decorator.py
[2023-07-19T18:52:17.611+0000] {processor.py:826} INFO - Processing file /home/airflow/.local/lib/python3.7/site-packages/airflow/example_dags/example_short_circuit_decorator.py for tasks to queue
[2023-07-19T18:52:17.615+0000] {logging_mixin.py:150} INFO - [2023-07-19T18:52:17.615+0000] {dagbag.py:541} INFO - Filling up the DagBag from /home/airflow/.local/lib/python3.7/site-packages/airflow/example_dags/example_short_circuit_decorator.py
[2023-07-19T18:52:17.644+0000] {processor.py:836} INFO - DAG(s) dict_keys(['example_short_circuit_decorator']) retrieved from /home/airflow/.local/lib/python3.7/site-packages/airflow/example_dags/example_short_circuit_decorator.py
[2023-07-19T18:52:17.759+0000] {logging_mixin.py:150} INFO - [2023-07-19T18:52:17.758+0000] {dag.py:2742} INFO - Sync 1 DAGs
[2023-07-19T18:52:17.812+0000] {logging_mixin.py:150} INFO - [2023-07-19T18:52:17.812+0000] {dag.py:3508} INFO - Setting next_dagrun for example_short_circuit_decorator to 2023-07-18T18:52:17.810156+00:00, run_after=2023-07-19T18:52:17.810156+00:00
[2023-07-19T18:52:17.932+0000] {processor.py:179} INFO - Processing /home/airflow/.local/lib/python3.7/site-packages/airflow/example_dags/example_short_circuit_decorator.py took 0.329 seconds
[2023-07-19T18:52:48.228+0000] {processor.py:157} INFO - Started process (PID=1248) to work on /home/airflow/.local/lib/python3.7/site-packages/airflow/example_dags/example_short_circuit_decorator.py
[2023-07-19T18:52:48.231+0000] {processor.py:826} INFO - Processing file /home/airflow/.local/lib/python3.7/site-packages/airflow/example_dags/example_short_circuit_decorator.py for tasks to queue
[2023-07-19T18:52:48.234+0000] {logging_mixin.py:150} INFO - [2023-07-19T18:52:48.234+0000] {dagbag.py:541} INFO - Filling up the DagBag from /home/airflow/.local/lib/python3.7/site-packages/airflow/example_dags/example_short_circuit_decorator.py
[2023-07-19T18:52:48.244+0000] {processor.py:836} INFO - DAG(s) dict_keys(['example_short_circuit_decorator']) retrieved from /home/airflow/.local/lib/python3.7/site-packages/airflow/example_dags/example_short_circuit_decorator.py
[2023-07-19T18:52:48.275+0000] {logging_mixin.py:150} INFO - [2023-07-19T18:52:48.275+0000] {dag.py:2742} INFO - Sync 1 DAGs
[2023-07-19T18:52:48.302+0000] {logging_mixin.py:150} INFO - [2023-07-19T18:52:48.302+0000] {dag.py:3508} INFO - Setting next_dagrun for example_short_circuit_decorator to 2023-07-18T18:52:48.301792+00:00, run_after=2023-07-19T18:52:48.301792+00:00
[2023-07-19T18:52:48.321+0000] {processor.py:179} INFO - Processing /home/airflow/.local/lib/python3.7/site-packages/airflow/example_dags/example_short_circuit_decorator.py took 0.096 seconds
[2023-07-19T18:53:18.730+0000] {processor.py:157} INFO - Started process (PID=1307) to work on /home/airflow/.local/lib/python3.7/site-packages/airflow/example_dags/example_short_circuit_decorator.py
[2023-07-19T18:53:18.732+0000] {processor.py:826} INFO - Processing file /home/airflow/.local/lib/python3.7/site-packages/airflow/example_dags/example_short_circuit_decorator.py for tasks to queue
[2023-07-19T18:53:18.734+0000] {logging_mixin.py:150} INFO - [2023-07-19T18:53:18.734+0000] {dagbag.py:541} INFO - Filling up the DagBag from /home/airflow/.local/lib/python3.7/site-packages/airflow/example_dags/example_short_circuit_decorator.py
[2023-07-19T18:53:18.746+0000] {processor.py:836} INFO - DAG(s) dict_keys(['example_short_circuit_decorator']) retrieved from /home/airflow/.local/lib/python3.7/site-packages/airflow/example_dags/example_short_circuit_decorator.py
[2023-07-19T18:53:18.778+0000] {logging_mixin.py:150} INFO - [2023-07-19T18:53:18.778+0000] {dag.py:2742} INFO - Sync 1 DAGs
[2023-07-19T18:53:18.819+0000] {logging_mixin.py:150} INFO - [2023-07-19T18:53:18.818+0000] {dag.py:3508} INFO - Setting next_dagrun for example_short_circuit_decorator to 2023-07-18T18:53:18.817920+00:00, run_after=2023-07-19T18:53:18.817920+00:00
[2023-07-19T18:53:18.846+0000] {processor.py:179} INFO - Processing /home/airflow/.local/lib/python3.7/site-packages/airflow/example_dags/example_short_circuit_decorator.py took 0.121 seconds
[2023-07-19T18:53:49.089+0000] {processor.py:157} INFO - Started process (PID=1365) to work on /home/airflow/.local/lib/python3.7/site-packages/airflow/example_dags/example_short_circuit_decorator.py
[2023-07-19T18:53:49.094+0000] {processor.py:826} INFO - Processing file /home/airflow/.local/lib/python3.7/site-packages/airflow/example_dags/example_short_circuit_decorator.py for tasks to queue
[2023-07-19T18:53:49.096+0000] {logging_mixin.py:150} INFO - [2023-07-19T18:53:49.096+0000] {dagbag.py:541} INFO - Filling up the DagBag from /home/airflow/.local/lib/python3.7/site-packages/airflow/example_dags/example_short_circuit_decorator.py
[2023-07-19T18:53:49.111+0000] {processor.py:836} INFO - DAG(s) dict_keys(['example_short_circuit_decorator']) retrieved from /home/airflow/.local/lib/python3.7/site-packages/airflow/example_dags/example_short_circuit_decorator.py
[2023-07-19T18:53:49.152+0000] {logging_mixin.py:150} INFO - [2023-07-19T18:53:49.152+0000] {dag.py:2742} INFO - Sync 1 DAGs
[2023-07-19T18:53:49.191+0000] {logging_mixin.py:150} INFO - [2023-07-19T18:53:49.191+0000] {dag.py:3508} INFO - Setting next_dagrun for example_short_circuit_decorator to 2023-07-18T18:53:49.190656+00:00, run_after=2023-07-19T18:53:49.190656+00:00
[2023-07-19T18:53:49.222+0000] {processor.py:179} INFO - Processing /home/airflow/.local/lib/python3.7/site-packages/airflow/example_dags/example_short_circuit_decorator.py took 0.140 seconds
[2023-07-19T18:54:21.449+0000] {processor.py:157} INFO - Started process (PID=1424) to work on /home/airflow/.local/lib/python3.7/site-packages/airflow/example_dags/example_short_circuit_decorator.py
[2023-07-19T18:54:21.452+0000] {processor.py:826} INFO - Processing file /home/airflow/.local/lib/python3.7/site-packages/airflow/example_dags/example_short_circuit_decorator.py for tasks to queue
[2023-07-19T18:54:21.456+0000] {logging_mixin.py:150} INFO - [2023-07-19T18:54:21.455+0000] {dagbag.py:541} INFO - Filling up the DagBag from /home/airflow/.local/lib/python3.7/site-packages/airflow/example_dags/example_short_circuit_decorator.py
[2023-07-19T18:54:21.474+0000] {processor.py:836} INFO - DAG(s) dict_keys(['example_short_circuit_decorator']) retrieved from /home/airflow/.local/lib/python3.7/site-packages/airflow/example_dags/example_short_circuit_decorator.py
[2023-07-19T18:54:21.521+0000] {logging_mixin.py:150} INFO - [2023-07-19T18:54:21.520+0000] {dag.py:2742} INFO - Sync 1 DAGs
[2023-07-19T18:54:21.562+0000] {logging_mixin.py:150} INFO - [2023-07-19T18:54:21.562+0000] {dag.py:3508} INFO - Setting next_dagrun for example_short_circuit_decorator to 2023-07-18T18:54:21.557205+00:00, run_after=2023-07-19T18:54:21.557205+00:00
[2023-07-19T18:54:21.588+0000] {processor.py:179} INFO - Processing /home/airflow/.local/lib/python3.7/site-packages/airflow/example_dags/example_short_circuit_decorator.py took 0.144 seconds
