[2023-07-19T18:42:22.457+0000] {processor.py:157} INFO - Started process (PID=68) to work on /home/airflow/.local/lib/python3.7/site-packages/airflow/example_dags/example_short_circuit_operator.py
[2023-07-19T18:42:22.459+0000] {processor.py:826} INFO - Processing file /home/airflow/.local/lib/python3.7/site-packages/airflow/example_dags/example_short_circuit_operator.py for tasks to queue
[2023-07-19T18:42:22.467+0000] {logging_mixin.py:150} INFO - [2023-07-19T18:42:22.466+0000] {dagbag.py:541} INFO - Filling up the DagBag from /home/airflow/.local/lib/python3.7/site-packages/airflow/example_dags/example_short_circuit_operator.py
[2023-07-19T18:42:22.493+0000] {processor.py:836} INFO - DAG(s) dict_keys(['example_short_circuit_operator']) retrieved from /home/airflow/.local/lib/python3.7/site-packages/airflow/example_dags/example_short_circuit_operator.py
[2023-07-19T18:42:22.543+0000] {logging_mixin.py:150} INFO - [2023-07-19T18:42:22.542+0000] {dag.py:2742} INFO - Sync 1 DAGs
[2023-07-19T18:42:22.587+0000] {logging_mixin.py:150} INFO - [2023-07-19T18:42:22.587+0000] {dag.py:3508} INFO - Setting next_dagrun for example_short_circuit_operator to 2023-07-18T18:42:22.586971+00:00, run_after=2023-07-19T18:42:22.586971+00:00
[2023-07-19T18:42:22.636+0000] {processor.py:179} INFO - Processing /home/airflow/.local/lib/python3.7/site-packages/airflow/example_dags/example_short_circuit_operator.py took 0.183 seconds
[2023-07-19T18:42:52.882+0000] {processor.py:157} INFO - Started process (PID=128) to work on /home/airflow/.local/lib/python3.7/site-packages/airflow/example_dags/example_short_circuit_operator.py
[2023-07-19T18:42:52.885+0000] {processor.py:826} INFO - Processing file /home/airflow/.local/lib/python3.7/site-packages/airflow/example_dags/example_short_circuit_operator.py for tasks to queue
[2023-07-19T18:42:52.889+0000] {logging_mixin.py:150} INFO - [2023-07-19T18:42:52.888+0000] {dagbag.py:541} INFO - Filling up the DagBag from /home/airflow/.local/lib/python3.7/site-packages/airflow/example_dags/example_short_circuit_operator.py
[2023-07-19T18:42:52.906+0000] {processor.py:836} INFO - DAG(s) dict_keys(['example_short_circuit_operator']) retrieved from /home/airflow/.local/lib/python3.7/site-packages/airflow/example_dags/example_short_circuit_operator.py
[2023-07-19T18:42:52.957+0000] {logging_mixin.py:150} INFO - [2023-07-19T18:42:52.956+0000] {dag.py:2742} INFO - Sync 1 DAGs
[2023-07-19T18:42:53.011+0000] {logging_mixin.py:150} INFO - [2023-07-19T18:42:53.010+0000] {dag.py:3508} INFO - Setting next_dagrun for example_short_circuit_operator to 2023-07-18T18:42:53.010510+00:00, run_after=2023-07-19T18:42:53.010510+00:00
[2023-07-19T18:42:53.039+0000] {processor.py:179} INFO - Processing /home/airflow/.local/lib/python3.7/site-packages/airflow/example_dags/example_short_circuit_operator.py took 0.167 seconds
[2023-07-19T18:43:23.441+0000] {processor.py:157} INFO - Started process (PID=187) to work on /home/airflow/.local/lib/python3.7/site-packages/airflow/example_dags/example_short_circuit_operator.py
[2023-07-19T18:43:23.444+0000] {processor.py:826} INFO - Processing file /home/airflow/.local/lib/python3.7/site-packages/airflow/example_dags/example_short_circuit_operator.py for tasks to queue
[2023-07-19T18:43:23.446+0000] {logging_mixin.py:150} INFO - [2023-07-19T18:43:23.446+0000] {dagbag.py:541} INFO - Filling up the DagBag from /home/airflow/.local/lib/python3.7/site-packages/airflow/example_dags/example_short_circuit_operator.py
[2023-07-19T18:43:23.454+0000] {processor.py:836} INFO - DAG(s) dict_keys(['example_short_circuit_operator']) retrieved from /home/airflow/.local/lib/python3.7/site-packages/airflow/example_dags/example_short_circuit_operator.py
[2023-07-19T18:43:23.483+0000] {logging_mixin.py:150} INFO - [2023-07-19T18:43:23.483+0000] {dag.py:2742} INFO - Sync 1 DAGs
[2023-07-19T18:43:23.503+0000] {logging_mixin.py:150} INFO - [2023-07-19T18:43:23.503+0000] {dag.py:3508} INFO - Setting next_dagrun for example_short_circuit_operator to 2023-07-18T18:43:23.503128+00:00, run_after=2023-07-19T18:43:23.503128+00:00
[2023-07-19T18:43:23.521+0000] {processor.py:179} INFO - Processing /home/airflow/.local/lib/python3.7/site-packages/airflow/example_dags/example_short_circuit_operator.py took 0.083 seconds
[2023-07-19T18:43:55.136+0000] {processor.py:157} INFO - Started process (PID=246) to work on /home/airflow/.local/lib/python3.7/site-packages/airflow/example_dags/example_short_circuit_operator.py
[2023-07-19T18:43:55.142+0000] {processor.py:826} INFO - Processing file /home/airflow/.local/lib/python3.7/site-packages/airflow/example_dags/example_short_circuit_operator.py for tasks to queue
[2023-07-19T18:43:55.148+0000] {logging_mixin.py:150} INFO - [2023-07-19T18:43:55.147+0000] {dagbag.py:541} INFO - Filling up the DagBag from /home/airflow/.local/lib/python3.7/site-packages/airflow/example_dags/example_short_circuit_operator.py
[2023-07-19T18:43:55.165+0000] {processor.py:836} INFO - DAG(s) dict_keys(['example_short_circuit_operator']) retrieved from /home/airflow/.local/lib/python3.7/site-packages/airflow/example_dags/example_short_circuit_operator.py
[2023-07-19T18:43:55.224+0000] {logging_mixin.py:150} INFO - [2023-07-19T18:43:55.223+0000] {dag.py:2742} INFO - Sync 1 DAGs
[2023-07-19T18:43:55.258+0000] {logging_mixin.py:150} INFO - [2023-07-19T18:43:55.258+0000] {dag.py:3508} INFO - Setting next_dagrun for example_short_circuit_operator to 2023-07-18T18:43:55.258205+00:00, run_after=2023-07-19T18:43:55.258205+00:00
[2023-07-19T18:43:55.303+0000] {processor.py:179} INFO - Processing /home/airflow/.local/lib/python3.7/site-packages/airflow/example_dags/example_short_circuit_operator.py took 0.177 seconds
[2023-07-19T18:44:25.856+0000] {processor.py:157} INFO - Started process (PID=304) to work on /home/airflow/.local/lib/python3.7/site-packages/airflow/example_dags/example_short_circuit_operator.py
[2023-07-19T18:44:25.858+0000] {processor.py:826} INFO - Processing file /home/airflow/.local/lib/python3.7/site-packages/airflow/example_dags/example_short_circuit_operator.py for tasks to queue
[2023-07-19T18:44:25.859+0000] {logging_mixin.py:150} INFO - [2023-07-19T18:44:25.859+0000] {dagbag.py:541} INFO - Filling up the DagBag from /home/airflow/.local/lib/python3.7/site-packages/airflow/example_dags/example_short_circuit_operator.py
[2023-07-19T18:44:25.867+0000] {processor.py:836} INFO - DAG(s) dict_keys(['example_short_circuit_operator']) retrieved from /home/airflow/.local/lib/python3.7/site-packages/airflow/example_dags/example_short_circuit_operator.py
[2023-07-19T18:44:25.900+0000] {logging_mixin.py:150} INFO - [2023-07-19T18:44:25.900+0000] {dag.py:2742} INFO - Sync 1 DAGs
[2023-07-19T18:44:25.932+0000] {logging_mixin.py:150} INFO - [2023-07-19T18:44:25.932+0000] {dag.py:3508} INFO - Setting next_dagrun for example_short_circuit_operator to 2023-07-18T18:44:25.931844+00:00, run_after=2023-07-19T18:44:25.931844+00:00
[2023-07-19T18:44:25.964+0000] {processor.py:179} INFO - Processing /home/airflow/.local/lib/python3.7/site-packages/airflow/example_dags/example_short_circuit_operator.py took 0.111 seconds
[2023-07-19T18:44:56.459+0000] {processor.py:157} INFO - Started process (PID=363) to work on /home/airflow/.local/lib/python3.7/site-packages/airflow/example_dags/example_short_circuit_operator.py
[2023-07-19T18:44:56.465+0000] {processor.py:826} INFO - Processing file /home/airflow/.local/lib/python3.7/site-packages/airflow/example_dags/example_short_circuit_operator.py for tasks to queue
[2023-07-19T18:44:56.467+0000] {logging_mixin.py:150} INFO - [2023-07-19T18:44:56.466+0000] {dagbag.py:541} INFO - Filling up the DagBag from /home/airflow/.local/lib/python3.7/site-packages/airflow/example_dags/example_short_circuit_operator.py
[2023-07-19T18:44:56.481+0000] {processor.py:836} INFO - DAG(s) dict_keys(['example_short_circuit_operator']) retrieved from /home/airflow/.local/lib/python3.7/site-packages/airflow/example_dags/example_short_circuit_operator.py
[2023-07-19T18:44:56.530+0000] {logging_mixin.py:150} INFO - [2023-07-19T18:44:56.529+0000] {dag.py:2742} INFO - Sync 1 DAGs
[2023-07-19T18:44:56.561+0000] {logging_mixin.py:150} INFO - [2023-07-19T18:44:56.561+0000] {dag.py:3508} INFO - Setting next_dagrun for example_short_circuit_operator to 2023-07-18T18:44:56.560885+00:00, run_after=2023-07-19T18:44:56.560885+00:00
[2023-07-19T18:44:56.601+0000] {processor.py:179} INFO - Processing /home/airflow/.local/lib/python3.7/site-packages/airflow/example_dags/example_short_circuit_operator.py took 0.150 seconds
[2023-07-19T18:45:27.052+0000] {processor.py:157} INFO - Started process (PID=423) to work on /home/airflow/.local/lib/python3.7/site-packages/airflow/example_dags/example_short_circuit_operator.py
[2023-07-19T18:45:27.059+0000] {processor.py:826} INFO - Processing file /home/airflow/.local/lib/python3.7/site-packages/airflow/example_dags/example_short_circuit_operator.py for tasks to queue
[2023-07-19T18:45:27.065+0000] {logging_mixin.py:150} INFO - [2023-07-19T18:45:27.065+0000] {dagbag.py:541} INFO - Filling up the DagBag from /home/airflow/.local/lib/python3.7/site-packages/airflow/example_dags/example_short_circuit_operator.py
[2023-07-19T18:45:27.084+0000] {processor.py:836} INFO - DAG(s) dict_keys(['example_short_circuit_operator']) retrieved from /home/airflow/.local/lib/python3.7/site-packages/airflow/example_dags/example_short_circuit_operator.py
[2023-07-19T18:45:27.123+0000] {logging_mixin.py:150} INFO - [2023-07-19T18:45:27.123+0000] {dag.py:2742} INFO - Sync 1 DAGs
[2023-07-19T18:45:27.155+0000] {logging_mixin.py:150} INFO - [2023-07-19T18:45:27.154+0000] {dag.py:3508} INFO - Setting next_dagrun for example_short_circuit_operator to 2023-07-18T18:45:27.154510+00:00, run_after=2023-07-19T18:45:27.154510+00:00
[2023-07-19T18:45:27.184+0000] {processor.py:179} INFO - Processing /home/airflow/.local/lib/python3.7/site-packages/airflow/example_dags/example_short_circuit_operator.py took 0.140 seconds
[2023-07-19T18:45:57.289+0000] {processor.py:157} INFO - Started process (PID=481) to work on /home/airflow/.local/lib/python3.7/site-packages/airflow/example_dags/example_short_circuit_operator.py
[2023-07-19T18:45:57.298+0000] {processor.py:826} INFO - Processing file /home/airflow/.local/lib/python3.7/site-packages/airflow/example_dags/example_short_circuit_operator.py for tasks to queue
[2023-07-19T18:45:57.303+0000] {logging_mixin.py:150} INFO - [2023-07-19T18:45:57.303+0000] {dagbag.py:541} INFO - Filling up the DagBag from /home/airflow/.local/lib/python3.7/site-packages/airflow/example_dags/example_short_circuit_operator.py
[2023-07-19T18:45:57.317+0000] {processor.py:836} INFO - DAG(s) dict_keys(['example_short_circuit_operator']) retrieved from /home/airflow/.local/lib/python3.7/site-packages/airflow/example_dags/example_short_circuit_operator.py
[2023-07-19T18:45:57.365+0000] {logging_mixin.py:150} INFO - [2023-07-19T18:45:57.365+0000] {dag.py:2742} INFO - Sync 1 DAGs
[2023-07-19T18:45:57.420+0000] {logging_mixin.py:150} INFO - [2023-07-19T18:45:57.419+0000] {dag.py:3508} INFO - Setting next_dagrun for example_short_circuit_operator to 2023-07-18T18:45:57.419458+00:00, run_after=2023-07-19T18:45:57.419458+00:00
[2023-07-19T18:45:57.468+0000] {processor.py:179} INFO - Processing /home/airflow/.local/lib/python3.7/site-packages/airflow/example_dags/example_short_circuit_operator.py took 0.185 seconds
[2023-07-19T18:46:27.512+0000] {processor.py:157} INFO - Started process (PID=539) to work on /home/airflow/.local/lib/python3.7/site-packages/airflow/example_dags/example_short_circuit_operator.py
[2023-07-19T18:46:27.514+0000] {processor.py:826} INFO - Processing file /home/airflow/.local/lib/python3.7/site-packages/airflow/example_dags/example_short_circuit_operator.py for tasks to queue
[2023-07-19T18:46:27.516+0000] {logging_mixin.py:150} INFO - [2023-07-19T18:46:27.515+0000] {dagbag.py:541} INFO - Filling up the DagBag from /home/airflow/.local/lib/python3.7/site-packages/airflow/example_dags/example_short_circuit_operator.py
[2023-07-19T18:46:27.522+0000] {processor.py:836} INFO - DAG(s) dict_keys(['example_short_circuit_operator']) retrieved from /home/airflow/.local/lib/python3.7/site-packages/airflow/example_dags/example_short_circuit_operator.py
[2023-07-19T18:46:27.545+0000] {logging_mixin.py:150} INFO - [2023-07-19T18:46:27.545+0000] {dag.py:2742} INFO - Sync 1 DAGs
[2023-07-19T18:46:27.564+0000] {logging_mixin.py:150} INFO - [2023-07-19T18:46:27.564+0000] {dag.py:3508} INFO - Setting next_dagrun for example_short_circuit_operator to 2023-07-18T18:46:27.564212+00:00, run_after=2023-07-19T18:46:27.564212+00:00
[2023-07-19T18:46:27.579+0000] {processor.py:179} INFO - Processing /home/airflow/.local/lib/python3.7/site-packages/airflow/example_dags/example_short_circuit_operator.py took 0.070 seconds
[2023-07-19T18:47:03.617+0000] {processor.py:157} INFO - Started process (PID=598) to work on /home/airflow/.local/lib/python3.7/site-packages/airflow/example_dags/example_short_circuit_operator.py
[2023-07-19T18:47:03.628+0000] {processor.py:826} INFO - Processing file /home/airflow/.local/lib/python3.7/site-packages/airflow/example_dags/example_short_circuit_operator.py for tasks to queue
[2023-07-19T18:47:03.637+0000] {logging_mixin.py:150} INFO - [2023-07-19T18:47:03.637+0000] {dagbag.py:541} INFO - Filling up the DagBag from /home/airflow/.local/lib/python3.7/site-packages/airflow/example_dags/example_short_circuit_operator.py
[2023-07-19T18:47:03.675+0000] {processor.py:836} INFO - DAG(s) dict_keys(['example_short_circuit_operator']) retrieved from /home/airflow/.local/lib/python3.7/site-packages/airflow/example_dags/example_short_circuit_operator.py
[2023-07-19T18:47:03.772+0000] {logging_mixin.py:150} INFO - [2023-07-19T18:47:03.771+0000] {dag.py:2742} INFO - Sync 1 DAGs
[2023-07-19T18:47:03.879+0000] {logging_mixin.py:150} INFO - [2023-07-19T18:47:03.879+0000] {dag.py:3508} INFO - Setting next_dagrun for example_short_circuit_operator to 2023-07-18T18:47:03.878631+00:00, run_after=2023-07-19T18:47:03.878631+00:00
[2023-07-19T18:47:03.967+0000] {processor.py:179} INFO - Processing /home/airflow/.local/lib/python3.7/site-packages/airflow/example_dags/example_short_circuit_operator.py took 0.356 seconds
[2023-07-19T18:47:34.170+0000] {processor.py:157} INFO - Started process (PID=657) to work on /home/airflow/.local/lib/python3.7/site-packages/airflow/example_dags/example_short_circuit_operator.py
[2023-07-19T18:47:34.175+0000] {processor.py:826} INFO - Processing file /home/airflow/.local/lib/python3.7/site-packages/airflow/example_dags/example_short_circuit_operator.py for tasks to queue
[2023-07-19T18:47:34.181+0000] {logging_mixin.py:150} INFO - [2023-07-19T18:47:34.180+0000] {dagbag.py:541} INFO - Filling up the DagBag from /home/airflow/.local/lib/python3.7/site-packages/airflow/example_dags/example_short_circuit_operator.py
[2023-07-19T18:47:34.214+0000] {processor.py:836} INFO - DAG(s) dict_keys(['example_short_circuit_operator']) retrieved from /home/airflow/.local/lib/python3.7/site-packages/airflow/example_dags/example_short_circuit_operator.py
[2023-07-19T18:47:34.363+0000] {logging_mixin.py:150} INFO - [2023-07-19T18:47:34.363+0000] {dag.py:2742} INFO - Sync 1 DAGs
[2023-07-19T18:47:34.503+0000] {logging_mixin.py:150} INFO - [2023-07-19T18:47:34.503+0000] {dag.py:3508} INFO - Setting next_dagrun for example_short_circuit_operator to 2023-07-18T18:47:34.502878+00:00, run_after=2023-07-19T18:47:34.502878+00:00
[2023-07-19T18:47:34.659+0000] {processor.py:179} INFO - Processing /home/airflow/.local/lib/python3.7/site-packages/airflow/example_dags/example_short_circuit_operator.py took 0.492 seconds
[2023-07-19T18:48:05.088+0000] {processor.py:157} INFO - Started process (PID=716) to work on /home/airflow/.local/lib/python3.7/site-packages/airflow/example_dags/example_short_circuit_operator.py
[2023-07-19T18:48:05.099+0000] {processor.py:826} INFO - Processing file /home/airflow/.local/lib/python3.7/site-packages/airflow/example_dags/example_short_circuit_operator.py for tasks to queue
[2023-07-19T18:48:05.105+0000] {logging_mixin.py:150} INFO - [2023-07-19T18:48:05.104+0000] {dagbag.py:541} INFO - Filling up the DagBag from /home/airflow/.local/lib/python3.7/site-packages/airflow/example_dags/example_short_circuit_operator.py
[2023-07-19T18:48:05.160+0000] {processor.py:836} INFO - DAG(s) dict_keys(['example_short_circuit_operator']) retrieved from /home/airflow/.local/lib/python3.7/site-packages/airflow/example_dags/example_short_circuit_operator.py
[2023-07-19T18:48:05.286+0000] {logging_mixin.py:150} INFO - [2023-07-19T18:48:05.286+0000] {dag.py:2742} INFO - Sync 1 DAGs
[2023-07-19T18:48:05.432+0000] {logging_mixin.py:150} INFO - [2023-07-19T18:48:05.431+0000] {dag.py:3508} INFO - Setting next_dagrun for example_short_circuit_operator to 2023-07-18T18:48:05.429648+00:00, run_after=2023-07-19T18:48:05.429648+00:00
[2023-07-19T18:48:05.489+0000] {processor.py:179} INFO - Processing /home/airflow/.local/lib/python3.7/site-packages/airflow/example_dags/example_short_circuit_operator.py took 0.410 seconds
[2023-07-19T18:48:40.194+0000] {processor.py:157} INFO - Started process (PID=775) to work on /home/airflow/.local/lib/python3.7/site-packages/airflow/example_dags/example_short_circuit_operator.py
[2023-07-19T18:48:40.206+0000] {processor.py:826} INFO - Processing file /home/airflow/.local/lib/python3.7/site-packages/airflow/example_dags/example_short_circuit_operator.py for tasks to queue
[2023-07-19T18:48:40.214+0000] {logging_mixin.py:150} INFO - [2023-07-19T18:48:40.212+0000] {dagbag.py:541} INFO - Filling up the DagBag from /home/airflow/.local/lib/python3.7/site-packages/airflow/example_dags/example_short_circuit_operator.py
[2023-07-19T18:48:40.297+0000] {processor.py:836} INFO - DAG(s) dict_keys(['example_short_circuit_operator']) retrieved from /home/airflow/.local/lib/python3.7/site-packages/airflow/example_dags/example_short_circuit_operator.py
[2023-07-19T18:48:40.476+0000] {logging_mixin.py:150} INFO - [2023-07-19T18:48:40.475+0000] {dag.py:2742} INFO - Sync 1 DAGs
[2023-07-19T18:48:40.572+0000] {logging_mixin.py:150} INFO - [2023-07-19T18:48:40.571+0000] {dag.py:3508} INFO - Setting next_dagrun for example_short_circuit_operator to 2023-07-18T18:48:40.570134+00:00, run_after=2023-07-19T18:48:40.570134+00:00
[2023-07-19T18:48:40.671+0000] {processor.py:179} INFO - Processing /home/airflow/.local/lib/python3.7/site-packages/airflow/example_dags/example_short_circuit_operator.py took 0.497 seconds
[2023-07-19T18:49:12.581+0000] {processor.py:157} INFO - Started process (PID=835) to work on /home/airflow/.local/lib/python3.7/site-packages/airflow/example_dags/example_short_circuit_operator.py
[2023-07-19T18:49:12.592+0000] {processor.py:826} INFO - Processing file /home/airflow/.local/lib/python3.7/site-packages/airflow/example_dags/example_short_circuit_operator.py for tasks to queue
[2023-07-19T18:49:12.597+0000] {logging_mixin.py:150} INFO - [2023-07-19T18:49:12.597+0000] {dagbag.py:541} INFO - Filling up the DagBag from /home/airflow/.local/lib/python3.7/site-packages/airflow/example_dags/example_short_circuit_operator.py
[2023-07-19T18:49:12.617+0000] {processor.py:836} INFO - DAG(s) dict_keys(['example_short_circuit_operator']) retrieved from /home/airflow/.local/lib/python3.7/site-packages/airflow/example_dags/example_short_circuit_operator.py
[2023-07-19T18:49:12.760+0000] {logging_mixin.py:150} INFO - [2023-07-19T18:49:12.760+0000] {dag.py:2742} INFO - Sync 1 DAGs
[2023-07-19T18:49:12.788+0000] {logging_mixin.py:150} INFO - [2023-07-19T18:49:12.788+0000] {dag.py:3508} INFO - Setting next_dagrun for example_short_circuit_operator to 2023-07-18T18:49:12.787694+00:00, run_after=2023-07-19T18:49:12.787694+00:00
[2023-07-19T18:49:12.811+0000] {processor.py:179} INFO - Processing /home/airflow/.local/lib/python3.7/site-packages/airflow/example_dags/example_short_circuit_operator.py took 0.234 seconds
[2023-07-19T18:49:43.513+0000] {processor.py:157} INFO - Started process (PID=894) to work on /home/airflow/.local/lib/python3.7/site-packages/airflow/example_dags/example_short_circuit_operator.py
[2023-07-19T18:49:43.517+0000] {processor.py:826} INFO - Processing file /home/airflow/.local/lib/python3.7/site-packages/airflow/example_dags/example_short_circuit_operator.py for tasks to queue
[2023-07-19T18:49:43.520+0000] {logging_mixin.py:150} INFO - [2023-07-19T18:49:43.520+0000] {dagbag.py:541} INFO - Filling up the DagBag from /home/airflow/.local/lib/python3.7/site-packages/airflow/example_dags/example_short_circuit_operator.py
[2023-07-19T18:49:43.533+0000] {processor.py:836} INFO - DAG(s) dict_keys(['example_short_circuit_operator']) retrieved from /home/airflow/.local/lib/python3.7/site-packages/airflow/example_dags/example_short_circuit_operator.py
[2023-07-19T18:49:43.561+0000] {logging_mixin.py:150} INFO - [2023-07-19T18:49:43.561+0000] {dag.py:2742} INFO - Sync 1 DAGs
[2023-07-19T18:49:43.583+0000] {logging_mixin.py:150} INFO - [2023-07-19T18:49:43.583+0000] {dag.py:3508} INFO - Setting next_dagrun for example_short_circuit_operator to 2023-07-18T18:49:43.582886+00:00, run_after=2023-07-19T18:49:43.582886+00:00
[2023-07-19T18:49:43.600+0000] {processor.py:179} INFO - Processing /home/airflow/.local/lib/python3.7/site-packages/airflow/example_dags/example_short_circuit_operator.py took 0.096 seconds
[2023-07-19T18:50:14.014+0000] {processor.py:157} INFO - Started process (PID=954) to work on /home/airflow/.local/lib/python3.7/site-packages/airflow/example_dags/example_short_circuit_operator.py
[2023-07-19T18:50:14.017+0000] {processor.py:826} INFO - Processing file /home/airflow/.local/lib/python3.7/site-packages/airflow/example_dags/example_short_circuit_operator.py for tasks to queue
[2023-07-19T18:50:14.019+0000] {logging_mixin.py:150} INFO - [2023-07-19T18:50:14.018+0000] {dagbag.py:541} INFO - Filling up the DagBag from /home/airflow/.local/lib/python3.7/site-packages/airflow/example_dags/example_short_circuit_operator.py
[2023-07-19T18:50:14.031+0000] {processor.py:836} INFO - DAG(s) dict_keys(['example_short_circuit_operator']) retrieved from /home/airflow/.local/lib/python3.7/site-packages/airflow/example_dags/example_short_circuit_operator.py
[2023-07-19T18:50:14.063+0000] {logging_mixin.py:150} INFO - [2023-07-19T18:50:14.063+0000] {dag.py:2742} INFO - Sync 1 DAGs
[2023-07-19T18:50:14.084+0000] {logging_mixin.py:150} INFO - [2023-07-19T18:50:14.083+0000] {dag.py:3508} INFO - Setting next_dagrun for example_short_circuit_operator to 2023-07-18T18:50:14.083672+00:00, run_after=2023-07-19T18:50:14.083672+00:00
[2023-07-19T18:50:14.099+0000] {processor.py:179} INFO - Processing /home/airflow/.local/lib/python3.7/site-packages/airflow/example_dags/example_short_circuit_operator.py took 0.090 seconds
[2023-07-19T18:50:46.077+0000] {processor.py:157} INFO - Started process (PID=1013) to work on /home/airflow/.local/lib/python3.7/site-packages/airflow/example_dags/example_short_circuit_operator.py
[2023-07-19T18:50:46.093+0000] {processor.py:826} INFO - Processing file /home/airflow/.local/lib/python3.7/site-packages/airflow/example_dags/example_short_circuit_operator.py for tasks to queue
[2023-07-19T18:50:46.098+0000] {logging_mixin.py:150} INFO - [2023-07-19T18:50:46.097+0000] {dagbag.py:541} INFO - Filling up the DagBag from /home/airflow/.local/lib/python3.7/site-packages/airflow/example_dags/example_short_circuit_operator.py
[2023-07-19T18:50:46.120+0000] {processor.py:836} INFO - DAG(s) dict_keys(['example_short_circuit_operator']) retrieved from /home/airflow/.local/lib/python3.7/site-packages/airflow/example_dags/example_short_circuit_operator.py
[2023-07-19T18:50:46.192+0000] {logging_mixin.py:150} INFO - [2023-07-19T18:50:46.192+0000] {dag.py:2742} INFO - Sync 1 DAGs
[2023-07-19T18:50:46.243+0000] {logging_mixin.py:150} INFO - [2023-07-19T18:50:46.242+0000] {dag.py:3508} INFO - Setting next_dagrun for example_short_circuit_operator to 2023-07-18T18:50:46.242288+00:00, run_after=2023-07-19T18:50:46.242288+00:00
[2023-07-19T18:50:46.287+0000] {processor.py:179} INFO - Processing /home/airflow/.local/lib/python3.7/site-packages/airflow/example_dags/example_short_circuit_operator.py took 0.216 seconds
[2023-07-19T18:51:16.460+0000] {processor.py:157} INFO - Started process (PID=1072) to work on /home/airflow/.local/lib/python3.7/site-packages/airflow/example_dags/example_short_circuit_operator.py
[2023-07-19T18:51:16.462+0000] {processor.py:826} INFO - Processing file /home/airflow/.local/lib/python3.7/site-packages/airflow/example_dags/example_short_circuit_operator.py for tasks to queue
[2023-07-19T18:51:16.465+0000] {logging_mixin.py:150} INFO - [2023-07-19T18:51:16.465+0000] {dagbag.py:541} INFO - Filling up the DagBag from /home/airflow/.local/lib/python3.7/site-packages/airflow/example_dags/example_short_circuit_operator.py
[2023-07-19T18:51:16.478+0000] {processor.py:836} INFO - DAG(s) dict_keys(['example_short_circuit_operator']) retrieved from /home/airflow/.local/lib/python3.7/site-packages/airflow/example_dags/example_short_circuit_operator.py
[2023-07-19T18:51:16.510+0000] {logging_mixin.py:150} INFO - [2023-07-19T18:51:16.509+0000] {dag.py:2742} INFO - Sync 1 DAGs
[2023-07-19T18:51:16.533+0000] {logging_mixin.py:150} INFO - [2023-07-19T18:51:16.533+0000] {dag.py:3508} INFO - Setting next_dagrun for example_short_circuit_operator to 2023-07-18T18:51:16.532823+00:00, run_after=2023-07-19T18:51:16.532823+00:00
[2023-07-19T18:51:16.551+0000] {processor.py:179} INFO - Processing /home/airflow/.local/lib/python3.7/site-packages/airflow/example_dags/example_short_circuit_operator.py took 0.094 seconds
[2023-07-19T18:51:47.765+0000] {processor.py:157} INFO - Started process (PID=1139) to work on /home/airflow/.local/lib/python3.7/site-packages/airflow/example_dags/example_short_circuit_operator.py
[2023-07-19T18:51:47.769+0000] {processor.py:826} INFO - Processing file /home/airflow/.local/lib/python3.7/site-packages/airflow/example_dags/example_short_circuit_operator.py for tasks to queue
[2023-07-19T18:51:47.771+0000] {logging_mixin.py:150} INFO - [2023-07-19T18:51:47.771+0000] {dagbag.py:541} INFO - Filling up the DagBag from /home/airflow/.local/lib/python3.7/site-packages/airflow/example_dags/example_short_circuit_operator.py
[2023-07-19T18:51:47.781+0000] {processor.py:836} INFO - DAG(s) dict_keys(['example_short_circuit_operator']) retrieved from /home/airflow/.local/lib/python3.7/site-packages/airflow/example_dags/example_short_circuit_operator.py
[2023-07-19T18:51:47.829+0000] {logging_mixin.py:150} INFO - [2023-07-19T18:51:47.829+0000] {dag.py:2742} INFO - Sync 1 DAGs
[2023-07-19T18:51:47.885+0000] {logging_mixin.py:150} INFO - [2023-07-19T18:51:47.885+0000] {dag.py:3508} INFO - Setting next_dagrun for example_short_circuit_operator to 2023-07-18T18:51:47.885456+00:00, run_after=2023-07-19T18:51:47.885456+00:00
[2023-07-19T18:51:47.919+0000] {processor.py:179} INFO - Processing /home/airflow/.local/lib/python3.7/site-packages/airflow/example_dags/example_short_circuit_operator.py took 0.157 seconds
[2023-07-19T18:52:18.897+0000] {processor.py:157} INFO - Started process (PID=1199) to work on /home/airflow/.local/lib/python3.7/site-packages/airflow/example_dags/example_short_circuit_operator.py
[2023-07-19T18:52:18.900+0000] {processor.py:826} INFO - Processing file /home/airflow/.local/lib/python3.7/site-packages/airflow/example_dags/example_short_circuit_operator.py for tasks to queue
[2023-07-19T18:52:18.903+0000] {logging_mixin.py:150} INFO - [2023-07-19T18:52:18.903+0000] {dagbag.py:541} INFO - Filling up the DagBag from /home/airflow/.local/lib/python3.7/site-packages/airflow/example_dags/example_short_circuit_operator.py
[2023-07-19T18:52:18.916+0000] {processor.py:836} INFO - DAG(s) dict_keys(['example_short_circuit_operator']) retrieved from /home/airflow/.local/lib/python3.7/site-packages/airflow/example_dags/example_short_circuit_operator.py
[2023-07-19T18:52:18.954+0000] {logging_mixin.py:150} INFO - [2023-07-19T18:52:18.954+0000] {dag.py:2742} INFO - Sync 1 DAGs
[2023-07-19T18:52:18.983+0000] {logging_mixin.py:150} INFO - [2023-07-19T18:52:18.983+0000] {dag.py:3508} INFO - Setting next_dagrun for example_short_circuit_operator to 2023-07-18T18:52:18.983367+00:00, run_after=2023-07-19T18:52:18.983367+00:00
[2023-07-19T18:52:19.007+0000] {processor.py:179} INFO - Processing /home/airflow/.local/lib/python3.7/site-packages/airflow/example_dags/example_short_circuit_operator.py took 0.115 seconds
[2023-07-19T18:52:50.021+0000] {processor.py:157} INFO - Started process (PID=1258) to work on /home/airflow/.local/lib/python3.7/site-packages/airflow/example_dags/example_short_circuit_operator.py
[2023-07-19T18:52:50.027+0000] {processor.py:826} INFO - Processing file /home/airflow/.local/lib/python3.7/site-packages/airflow/example_dags/example_short_circuit_operator.py for tasks to queue
[2023-07-19T18:52:50.029+0000] {logging_mixin.py:150} INFO - [2023-07-19T18:52:50.028+0000] {dagbag.py:541} INFO - Filling up the DagBag from /home/airflow/.local/lib/python3.7/site-packages/airflow/example_dags/example_short_circuit_operator.py
[2023-07-19T18:52:50.042+0000] {processor.py:836} INFO - DAG(s) dict_keys(['example_short_circuit_operator']) retrieved from /home/airflow/.local/lib/python3.7/site-packages/airflow/example_dags/example_short_circuit_operator.py
[2023-07-19T18:52:50.081+0000] {logging_mixin.py:150} INFO - [2023-07-19T18:52:50.081+0000] {dag.py:2742} INFO - Sync 1 DAGs
[2023-07-19T18:52:50.121+0000] {logging_mixin.py:150} INFO - [2023-07-19T18:52:50.121+0000] {dag.py:3508} INFO - Setting next_dagrun for example_short_circuit_operator to 2023-07-18T18:52:50.120795+00:00, run_after=2023-07-19T18:52:50.120795+00:00
[2023-07-19T18:52:50.151+0000] {processor.py:179} INFO - Processing /home/airflow/.local/lib/python3.7/site-packages/airflow/example_dags/example_short_circuit_operator.py took 0.136 seconds
[2023-07-19T18:53:20.352+0000] {processor.py:157} INFO - Started process (PID=1317) to work on /home/airflow/.local/lib/python3.7/site-packages/airflow/example_dags/example_short_circuit_operator.py
[2023-07-19T18:53:20.357+0000] {processor.py:826} INFO - Processing file /home/airflow/.local/lib/python3.7/site-packages/airflow/example_dags/example_short_circuit_operator.py for tasks to queue
[2023-07-19T18:53:20.359+0000] {logging_mixin.py:150} INFO - [2023-07-19T18:53:20.359+0000] {dagbag.py:541} INFO - Filling up the DagBag from /home/airflow/.local/lib/python3.7/site-packages/airflow/example_dags/example_short_circuit_operator.py
[2023-07-19T18:53:20.369+0000] {processor.py:836} INFO - DAG(s) dict_keys(['example_short_circuit_operator']) retrieved from /home/airflow/.local/lib/python3.7/site-packages/airflow/example_dags/example_short_circuit_operator.py
[2023-07-19T18:53:20.402+0000] {logging_mixin.py:150} INFO - [2023-07-19T18:53:20.402+0000] {dag.py:2742} INFO - Sync 1 DAGs
[2023-07-19T18:53:20.437+0000] {logging_mixin.py:150} INFO - [2023-07-19T18:53:20.436+0000] {dag.py:3508} INFO - Setting next_dagrun for example_short_circuit_operator to 2023-07-18T18:53:20.436305+00:00, run_after=2023-07-19T18:53:20.436305+00:00
[2023-07-19T18:53:20.463+0000] {processor.py:179} INFO - Processing /home/airflow/.local/lib/python3.7/site-packages/airflow/example_dags/example_short_circuit_operator.py took 0.115 seconds
[2023-07-19T18:53:50.929+0000] {processor.py:157} INFO - Started process (PID=1375) to work on /home/airflow/.local/lib/python3.7/site-packages/airflow/example_dags/example_short_circuit_operator.py
[2023-07-19T18:53:50.931+0000] {processor.py:826} INFO - Processing file /home/airflow/.local/lib/python3.7/site-packages/airflow/example_dags/example_short_circuit_operator.py for tasks to queue
[2023-07-19T18:53:50.933+0000] {logging_mixin.py:150} INFO - [2023-07-19T18:53:50.932+0000] {dagbag.py:541} INFO - Filling up the DagBag from /home/airflow/.local/lib/python3.7/site-packages/airflow/example_dags/example_short_circuit_operator.py
[2023-07-19T18:53:50.946+0000] {processor.py:836} INFO - DAG(s) dict_keys(['example_short_circuit_operator']) retrieved from /home/airflow/.local/lib/python3.7/site-packages/airflow/example_dags/example_short_circuit_operator.py
[2023-07-19T18:53:50.981+0000] {logging_mixin.py:150} INFO - [2023-07-19T18:53:50.981+0000] {dag.py:2742} INFO - Sync 1 DAGs
[2023-07-19T18:53:51.009+0000] {logging_mixin.py:150} INFO - [2023-07-19T18:53:51.009+0000] {dag.py:3508} INFO - Setting next_dagrun for example_short_circuit_operator to 2023-07-18T18:53:51.009014+00:00, run_after=2023-07-19T18:53:51.009014+00:00
[2023-07-19T18:53:51.030+0000] {processor.py:179} INFO - Processing /home/airflow/.local/lib/python3.7/site-packages/airflow/example_dags/example_short_circuit_operator.py took 0.105 seconds
[2023-07-19T18:54:22.243+0000] {processor.py:157} INFO - Started process (PID=1434) to work on /home/airflow/.local/lib/python3.7/site-packages/airflow/example_dags/example_short_circuit_operator.py
[2023-07-19T18:54:22.245+0000] {processor.py:826} INFO - Processing file /home/airflow/.local/lib/python3.7/site-packages/airflow/example_dags/example_short_circuit_operator.py for tasks to queue
[2023-07-19T18:54:22.247+0000] {logging_mixin.py:150} INFO - [2023-07-19T18:54:22.246+0000] {dagbag.py:541} INFO - Filling up the DagBag from /home/airflow/.local/lib/python3.7/site-packages/airflow/example_dags/example_short_circuit_operator.py
[2023-07-19T18:54:22.257+0000] {processor.py:836} INFO - DAG(s) dict_keys(['example_short_circuit_operator']) retrieved from /home/airflow/.local/lib/python3.7/site-packages/airflow/example_dags/example_short_circuit_operator.py
[2023-07-19T18:54:22.294+0000] {logging_mixin.py:150} INFO - [2023-07-19T18:54:22.294+0000] {dag.py:2742} INFO - Sync 1 DAGs
[2023-07-19T18:54:22.323+0000] {logging_mixin.py:150} INFO - [2023-07-19T18:54:22.323+0000] {dag.py:3508} INFO - Setting next_dagrun for example_short_circuit_operator to 2023-07-18T18:54:22.323372+00:00, run_after=2023-07-19T18:54:22.323372+00:00
[2023-07-19T18:54:22.342+0000] {processor.py:179} INFO - Processing /home/airflow/.local/lib/python3.7/site-packages/airflow/example_dags/example_short_circuit_operator.py took 0.103 seconds
