[2023-07-19T18:42:19.798+0000] {processor.py:157} INFO - Started process (PID=50) to work on /home/airflow/.local/lib/python3.7/site-packages/airflow/example_dags/example_sensors.py
[2023-07-19T18:42:19.801+0000] {processor.py:826} INFO - Processing file /home/airflow/.local/lib/python3.7/site-packages/airflow/example_dags/example_sensors.py for tasks to queue
[2023-07-19T18:42:19.804+0000] {logging_mixin.py:150} INFO - [2023-07-19T18:42:19.804+0000] {dagbag.py:541} INFO - Filling up the DagBag from /home/airflow/.local/lib/python3.7/site-packages/airflow/example_dags/example_sensors.py
[2023-07-19T18:42:19.824+0000] {processor.py:836} INFO - DAG(s) dict_keys(['example_sensors']) retrieved from /home/airflow/.local/lib/python3.7/site-packages/airflow/example_dags/example_sensors.py
[2023-07-19T18:42:19.850+0000] {logging_mixin.py:150} INFO - [2023-07-19T18:42:19.849+0000] {dag.py:2742} INFO - Sync 1 DAGs
[2023-07-19T18:42:19.898+0000] {logging_mixin.py:150} INFO - [2023-07-19T18:42:19.898+0000] {dag.py:3508} INFO - Setting next_dagrun for example_sensors to None, run_after=None
[2023-07-19T18:42:19.938+0000] {processor.py:179} INFO - Processing /home/airflow/.local/lib/python3.7/site-packages/airflow/example_dags/example_sensors.py took 0.147 seconds
[2023-07-19T18:42:50.216+0000] {processor.py:157} INFO - Started process (PID=110) to work on /home/airflow/.local/lib/python3.7/site-packages/airflow/example_dags/example_sensors.py
[2023-07-19T18:42:50.218+0000] {processor.py:826} INFO - Processing file /home/airflow/.local/lib/python3.7/site-packages/airflow/example_dags/example_sensors.py for tasks to queue
[2023-07-19T18:42:50.220+0000] {logging_mixin.py:150} INFO - [2023-07-19T18:42:50.219+0000] {dagbag.py:541} INFO - Filling up the DagBag from /home/airflow/.local/lib/python3.7/site-packages/airflow/example_dags/example_sensors.py
[2023-07-19T18:42:50.227+0000] {processor.py:836} INFO - DAG(s) dict_keys(['example_sensors']) retrieved from /home/airflow/.local/lib/python3.7/site-packages/airflow/example_dags/example_sensors.py
[2023-07-19T18:42:50.256+0000] {logging_mixin.py:150} INFO - [2023-07-19T18:42:50.255+0000] {dag.py:2742} INFO - Sync 1 DAGs
[2023-07-19T18:42:50.275+0000] {logging_mixin.py:150} INFO - [2023-07-19T18:42:50.275+0000] {dag.py:3508} INFO - Setting next_dagrun for example_sensors to None, run_after=None
[2023-07-19T18:42:50.291+0000] {processor.py:179} INFO - Processing /home/airflow/.local/lib/python3.7/site-packages/airflow/example_dags/example_sensors.py took 0.078 seconds
[2023-07-19T18:43:21.320+0000] {processor.py:157} INFO - Started process (PID=169) to work on /home/airflow/.local/lib/python3.7/site-packages/airflow/example_dags/example_sensors.py
[2023-07-19T18:43:21.322+0000] {processor.py:826} INFO - Processing file /home/airflow/.local/lib/python3.7/site-packages/airflow/example_dags/example_sensors.py for tasks to queue
[2023-07-19T18:43:21.323+0000] {logging_mixin.py:150} INFO - [2023-07-19T18:43:21.323+0000] {dagbag.py:541} INFO - Filling up the DagBag from /home/airflow/.local/lib/python3.7/site-packages/airflow/example_dags/example_sensors.py
[2023-07-19T18:43:21.333+0000] {processor.py:836} INFO - DAG(s) dict_keys(['example_sensors']) retrieved from /home/airflow/.local/lib/python3.7/site-packages/airflow/example_dags/example_sensors.py
[2023-07-19T18:43:21.357+0000] {logging_mixin.py:150} INFO - [2023-07-19T18:43:21.357+0000] {dag.py:2742} INFO - Sync 1 DAGs
[2023-07-19T18:43:21.379+0000] {logging_mixin.py:150} INFO - [2023-07-19T18:43:21.379+0000] {dag.py:3508} INFO - Setting next_dagrun for example_sensors to None, run_after=None
[2023-07-19T18:43:21.396+0000] {processor.py:179} INFO - Processing /home/airflow/.local/lib/python3.7/site-packages/airflow/example_dags/example_sensors.py took 0.080 seconds
[2023-07-19T18:43:51.898+0000] {processor.py:157} INFO - Started process (PID=228) to work on /home/airflow/.local/lib/python3.7/site-packages/airflow/example_dags/example_sensors.py
[2023-07-19T18:43:51.901+0000] {processor.py:826} INFO - Processing file /home/airflow/.local/lib/python3.7/site-packages/airflow/example_dags/example_sensors.py for tasks to queue
[2023-07-19T18:43:51.904+0000] {logging_mixin.py:150} INFO - [2023-07-19T18:43:51.903+0000] {dagbag.py:541} INFO - Filling up the DagBag from /home/airflow/.local/lib/python3.7/site-packages/airflow/example_dags/example_sensors.py
[2023-07-19T18:43:51.916+0000] {processor.py:836} INFO - DAG(s) dict_keys(['example_sensors']) retrieved from /home/airflow/.local/lib/python3.7/site-packages/airflow/example_dags/example_sensors.py
[2023-07-19T18:43:51.952+0000] {logging_mixin.py:150} INFO - [2023-07-19T18:43:51.951+0000] {dag.py:2742} INFO - Sync 1 DAGs
[2023-07-19T18:43:51.975+0000] {logging_mixin.py:150} INFO - [2023-07-19T18:43:51.975+0000] {dag.py:3508} INFO - Setting next_dagrun for example_sensors to None, run_after=None
[2023-07-19T18:43:51.990+0000] {processor.py:179} INFO - Processing /home/airflow/.local/lib/python3.7/site-packages/airflow/example_dags/example_sensors.py took 0.096 seconds
[2023-07-19T18:44:23.263+0000] {processor.py:157} INFO - Started process (PID=286) to work on /home/airflow/.local/lib/python3.7/site-packages/airflow/example_dags/example_sensors.py
[2023-07-19T18:44:23.268+0000] {processor.py:826} INFO - Processing file /home/airflow/.local/lib/python3.7/site-packages/airflow/example_dags/example_sensors.py for tasks to queue
[2023-07-19T18:44:23.272+0000] {logging_mixin.py:150} INFO - [2023-07-19T18:44:23.272+0000] {dagbag.py:541} INFO - Filling up the DagBag from /home/airflow/.local/lib/python3.7/site-packages/airflow/example_dags/example_sensors.py
[2023-07-19T18:44:23.286+0000] {processor.py:836} INFO - DAG(s) dict_keys(['example_sensors']) retrieved from /home/airflow/.local/lib/python3.7/site-packages/airflow/example_dags/example_sensors.py
[2023-07-19T18:44:23.331+0000] {logging_mixin.py:150} INFO - [2023-07-19T18:44:23.331+0000] {dag.py:2742} INFO - Sync 1 DAGs
[2023-07-19T18:44:23.357+0000] {logging_mixin.py:150} INFO - [2023-07-19T18:44:23.357+0000] {dag.py:3508} INFO - Setting next_dagrun for example_sensors to None, run_after=None
[2023-07-19T18:44:23.383+0000] {processor.py:179} INFO - Processing /home/airflow/.local/lib/python3.7/site-packages/airflow/example_dags/example_sensors.py took 0.123 seconds
[2023-07-19T18:44:53.433+0000] {processor.py:157} INFO - Started process (PID=345) to work on /home/airflow/.local/lib/python3.7/site-packages/airflow/example_dags/example_sensors.py
[2023-07-19T18:44:53.435+0000] {processor.py:826} INFO - Processing file /home/airflow/.local/lib/python3.7/site-packages/airflow/example_dags/example_sensors.py for tasks to queue
[2023-07-19T18:44:53.437+0000] {logging_mixin.py:150} INFO - [2023-07-19T18:44:53.437+0000] {dagbag.py:541} INFO - Filling up the DagBag from /home/airflow/.local/lib/python3.7/site-packages/airflow/example_dags/example_sensors.py
[2023-07-19T18:44:53.445+0000] {processor.py:836} INFO - DAG(s) dict_keys(['example_sensors']) retrieved from /home/airflow/.local/lib/python3.7/site-packages/airflow/example_dags/example_sensors.py
[2023-07-19T18:44:53.471+0000] {logging_mixin.py:150} INFO - [2023-07-19T18:44:53.471+0000] {dag.py:2742} INFO - Sync 1 DAGs
[2023-07-19T18:44:53.489+0000] {logging_mixin.py:150} INFO - [2023-07-19T18:44:53.489+0000] {dag.py:3508} INFO - Setting next_dagrun for example_sensors to None, run_after=None
[2023-07-19T18:44:53.504+0000] {processor.py:179} INFO - Processing /home/airflow/.local/lib/python3.7/site-packages/airflow/example_dags/example_sensors.py took 0.074 seconds
[2023-07-19T18:45:24.576+0000] {processor.py:157} INFO - Started process (PID=404) to work on /home/airflow/.local/lib/python3.7/site-packages/airflow/example_dags/example_sensors.py
[2023-07-19T18:45:24.598+0000] {processor.py:826} INFO - Processing file /home/airflow/.local/lib/python3.7/site-packages/airflow/example_dags/example_sensors.py for tasks to queue
[2023-07-19T18:45:24.600+0000] {logging_mixin.py:150} INFO - [2023-07-19T18:45:24.600+0000] {dagbag.py:541} INFO - Filling up the DagBag from /home/airflow/.local/lib/python3.7/site-packages/airflow/example_dags/example_sensors.py
[2023-07-19T18:45:24.622+0000] {processor.py:836} INFO - DAG(s) dict_keys(['example_sensors']) retrieved from /home/airflow/.local/lib/python3.7/site-packages/airflow/example_dags/example_sensors.py
[2023-07-19T18:45:24.723+0000] {logging_mixin.py:150} INFO - [2023-07-19T18:45:24.723+0000] {dag.py:2742} INFO - Sync 1 DAGs
[2023-07-19T18:45:24.913+0000] {logging_mixin.py:150} INFO - [2023-07-19T18:45:24.912+0000] {dag.py:3508} INFO - Setting next_dagrun for example_sensors to None, run_after=None
[2023-07-19T18:45:25.036+0000] {processor.py:179} INFO - Processing /home/airflow/.local/lib/python3.7/site-packages/airflow/example_dags/example_sensors.py took 0.472 seconds
[2023-07-19T18:45:55.306+0000] {processor.py:157} INFO - Started process (PID=463) to work on /home/airflow/.local/lib/python3.7/site-packages/airflow/example_dags/example_sensors.py
[2023-07-19T18:45:55.319+0000] {processor.py:826} INFO - Processing file /home/airflow/.local/lib/python3.7/site-packages/airflow/example_dags/example_sensors.py for tasks to queue
[2023-07-19T18:45:55.328+0000] {logging_mixin.py:150} INFO - [2023-07-19T18:45:55.327+0000] {dagbag.py:541} INFO - Filling up the DagBag from /home/airflow/.local/lib/python3.7/site-packages/airflow/example_dags/example_sensors.py
[2023-07-19T18:45:55.345+0000] {processor.py:836} INFO - DAG(s) dict_keys(['example_sensors']) retrieved from /home/airflow/.local/lib/python3.7/site-packages/airflow/example_dags/example_sensors.py
[2023-07-19T18:45:55.393+0000] {logging_mixin.py:150} INFO - [2023-07-19T18:45:55.392+0000] {dag.py:2742} INFO - Sync 1 DAGs
[2023-07-19T18:45:55.431+0000] {logging_mixin.py:150} INFO - [2023-07-19T18:45:55.431+0000] {dag.py:3508} INFO - Setting next_dagrun for example_sensors to None, run_after=None
[2023-07-19T18:45:55.466+0000] {processor.py:179} INFO - Processing /home/airflow/.local/lib/python3.7/site-packages/airflow/example_dags/example_sensors.py took 0.165 seconds
[2023-07-19T18:46:25.906+0000] {processor.py:157} INFO - Started process (PID=522) to work on /home/airflow/.local/lib/python3.7/site-packages/airflow/example_dags/example_sensors.py
[2023-07-19T18:46:25.909+0000] {processor.py:826} INFO - Processing file /home/airflow/.local/lib/python3.7/site-packages/airflow/example_dags/example_sensors.py for tasks to queue
[2023-07-19T18:46:25.911+0000] {logging_mixin.py:150} INFO - [2023-07-19T18:46:25.911+0000] {dagbag.py:541} INFO - Filling up the DagBag from /home/airflow/.local/lib/python3.7/site-packages/airflow/example_dags/example_sensors.py
[2023-07-19T18:46:25.921+0000] {processor.py:836} INFO - DAG(s) dict_keys(['example_sensors']) retrieved from /home/airflow/.local/lib/python3.7/site-packages/airflow/example_dags/example_sensors.py
[2023-07-19T18:46:25.982+0000] {logging_mixin.py:150} INFO - [2023-07-19T18:46:25.982+0000] {dag.py:2742} INFO - Sync 1 DAGs
[2023-07-19T18:46:26.026+0000] {logging_mixin.py:150} INFO - [2023-07-19T18:46:26.026+0000] {dag.py:3508} INFO - Setting next_dagrun for example_sensors to None, run_after=None
[2023-07-19T18:46:26.057+0000] {processor.py:179} INFO - Processing /home/airflow/.local/lib/python3.7/site-packages/airflow/example_dags/example_sensors.py took 0.154 seconds
[2023-07-19T18:46:59.438+0000] {processor.py:157} INFO - Started process (PID=581) to work on /home/airflow/.local/lib/python3.7/site-packages/airflow/example_dags/example_sensors.py
[2023-07-19T18:46:59.442+0000] {processor.py:826} INFO - Processing file /home/airflow/.local/lib/python3.7/site-packages/airflow/example_dags/example_sensors.py for tasks to queue
[2023-07-19T18:46:59.446+0000] {logging_mixin.py:150} INFO - [2023-07-19T18:46:59.445+0000] {dagbag.py:541} INFO - Filling up the DagBag from /home/airflow/.local/lib/python3.7/site-packages/airflow/example_dags/example_sensors.py
[2023-07-19T18:46:59.468+0000] {processor.py:836} INFO - DAG(s) dict_keys(['example_sensors']) retrieved from /home/airflow/.local/lib/python3.7/site-packages/airflow/example_dags/example_sensors.py
[2023-07-19T18:46:59.551+0000] {logging_mixin.py:150} INFO - [2023-07-19T18:46:59.551+0000] {dag.py:2742} INFO - Sync 1 DAGs
[2023-07-19T18:46:59.603+0000] {logging_mixin.py:150} INFO - [2023-07-19T18:46:59.603+0000] {dag.py:3508} INFO - Setting next_dagrun for example_sensors to None, run_after=None
[2023-07-19T18:46:59.648+0000] {processor.py:179} INFO - Processing /home/airflow/.local/lib/python3.7/site-packages/airflow/example_dags/example_sensors.py took 0.218 seconds
[2023-07-19T18:47:31.012+0000] {processor.py:157} INFO - Started process (PID=640) to work on /home/airflow/.local/lib/python3.7/site-packages/airflow/example_dags/example_sensors.py
[2023-07-19T18:47:31.034+0000] {processor.py:826} INFO - Processing file /home/airflow/.local/lib/python3.7/site-packages/airflow/example_dags/example_sensors.py for tasks to queue
[2023-07-19T18:47:31.067+0000] {logging_mixin.py:150} INFO - [2023-07-19T18:47:31.065+0000] {dagbag.py:541} INFO - Filling up the DagBag from /home/airflow/.local/lib/python3.7/site-packages/airflow/example_dags/example_sensors.py
[2023-07-19T18:47:31.156+0000] {processor.py:836} INFO - DAG(s) dict_keys(['example_sensors']) retrieved from /home/airflow/.local/lib/python3.7/site-packages/airflow/example_dags/example_sensors.py
[2023-07-19T18:47:31.280+0000] {logging_mixin.py:150} INFO - [2023-07-19T18:47:31.280+0000] {dag.py:2742} INFO - Sync 1 DAGs
[2023-07-19T18:47:31.328+0000] {logging_mixin.py:150} INFO - [2023-07-19T18:47:31.328+0000] {dag.py:3508} INFO - Setting next_dagrun for example_sensors to None, run_after=None
[2023-07-19T18:47:31.424+0000] {processor.py:179} INFO - Processing /home/airflow/.local/lib/python3.7/site-packages/airflow/example_dags/example_sensors.py took 0.432 seconds
[2023-07-19T18:48:02.049+0000] {processor.py:157} INFO - Started process (PID=699) to work on /home/airflow/.local/lib/python3.7/site-packages/airflow/example_dags/example_sensors.py
[2023-07-19T18:48:02.055+0000] {processor.py:826} INFO - Processing file /home/airflow/.local/lib/python3.7/site-packages/airflow/example_dags/example_sensors.py for tasks to queue
[2023-07-19T18:48:02.065+0000] {logging_mixin.py:150} INFO - [2023-07-19T18:48:02.065+0000] {dagbag.py:541} INFO - Filling up the DagBag from /home/airflow/.local/lib/python3.7/site-packages/airflow/example_dags/example_sensors.py
[2023-07-19T18:48:02.100+0000] {processor.py:836} INFO - DAG(s) dict_keys(['example_sensors']) retrieved from /home/airflow/.local/lib/python3.7/site-packages/airflow/example_dags/example_sensors.py
[2023-07-19T18:48:02.157+0000] {logging_mixin.py:150} INFO - [2023-07-19T18:48:02.157+0000] {dag.py:2742} INFO - Sync 1 DAGs
[2023-07-19T18:48:02.258+0000] {logging_mixin.py:150} INFO - [2023-07-19T18:48:02.257+0000] {dag.py:3508} INFO - Setting next_dagrun for example_sensors to None, run_after=None
[2023-07-19T18:48:02.341+0000] {processor.py:179} INFO - Processing /home/airflow/.local/lib/python3.7/site-packages/airflow/example_dags/example_sensors.py took 0.300 seconds
[2023-07-19T18:48:33.457+0000] {processor.py:157} INFO - Started process (PID=758) to work on /home/airflow/.local/lib/python3.7/site-packages/airflow/example_dags/example_sensors.py
[2023-07-19T18:48:33.467+0000] {processor.py:826} INFO - Processing file /home/airflow/.local/lib/python3.7/site-packages/airflow/example_dags/example_sensors.py for tasks to queue
[2023-07-19T18:48:33.475+0000] {logging_mixin.py:150} INFO - [2023-07-19T18:48:33.474+0000] {dagbag.py:541} INFO - Filling up the DagBag from /home/airflow/.local/lib/python3.7/site-packages/airflow/example_dags/example_sensors.py
[2023-07-19T18:48:33.504+0000] {processor.py:836} INFO - DAG(s) dict_keys(['example_sensors']) retrieved from /home/airflow/.local/lib/python3.7/site-packages/airflow/example_dags/example_sensors.py
[2023-07-19T18:48:33.591+0000] {logging_mixin.py:150} INFO - [2023-07-19T18:48:33.591+0000] {dag.py:2742} INFO - Sync 1 DAGs
[2023-07-19T18:48:33.634+0000] {logging_mixin.py:150} INFO - [2023-07-19T18:48:33.634+0000] {dag.py:3508} INFO - Setting next_dagrun for example_sensors to None, run_after=None
[2023-07-19T18:48:33.665+0000] {processor.py:179} INFO - Processing /home/airflow/.local/lib/python3.7/site-packages/airflow/example_dags/example_sensors.py took 0.215 seconds
[2023-07-19T18:49:05.223+0000] {processor.py:157} INFO - Started process (PID=818) to work on /home/airflow/.local/lib/python3.7/site-packages/airflow/example_dags/example_sensors.py
[2023-07-19T18:49:05.231+0000] {processor.py:826} INFO - Processing file /home/airflow/.local/lib/python3.7/site-packages/airflow/example_dags/example_sensors.py for tasks to queue
[2023-07-19T18:49:05.239+0000] {logging_mixin.py:150} INFO - [2023-07-19T18:49:05.238+0000] {dagbag.py:541} INFO - Filling up the DagBag from /home/airflow/.local/lib/python3.7/site-packages/airflow/example_dags/example_sensors.py
[2023-07-19T18:49:05.291+0000] {processor.py:836} INFO - DAG(s) dict_keys(['example_sensors']) retrieved from /home/airflow/.local/lib/python3.7/site-packages/airflow/example_dags/example_sensors.py
[2023-07-19T18:49:05.392+0000] {logging_mixin.py:150} INFO - [2023-07-19T18:49:05.391+0000] {dag.py:2742} INFO - Sync 1 DAGs
[2023-07-19T18:49:05.464+0000] {logging_mixin.py:150} INFO - [2023-07-19T18:49:05.462+0000] {dag.py:3508} INFO - Setting next_dagrun for example_sensors to None, run_after=None
[2023-07-19T18:49:05.508+0000] {processor.py:179} INFO - Processing /home/airflow/.local/lib/python3.7/site-packages/airflow/example_dags/example_sensors.py took 0.305 seconds
[2023-07-19T18:49:35.716+0000] {processor.py:157} INFO - Started process (PID=876) to work on /home/airflow/.local/lib/python3.7/site-packages/airflow/example_dags/example_sensors.py
[2023-07-19T18:49:35.721+0000] {processor.py:826} INFO - Processing file /home/airflow/.local/lib/python3.7/site-packages/airflow/example_dags/example_sensors.py for tasks to queue
[2023-07-19T18:49:35.724+0000] {logging_mixin.py:150} INFO - [2023-07-19T18:49:35.724+0000] {dagbag.py:541} INFO - Filling up the DagBag from /home/airflow/.local/lib/python3.7/site-packages/airflow/example_dags/example_sensors.py
[2023-07-19T18:49:35.744+0000] {processor.py:836} INFO - DAG(s) dict_keys(['example_sensors']) retrieved from /home/airflow/.local/lib/python3.7/site-packages/airflow/example_dags/example_sensors.py
[2023-07-19T18:49:35.775+0000] {logging_mixin.py:150} INFO - [2023-07-19T18:49:35.775+0000] {dag.py:2742} INFO - Sync 1 DAGs
[2023-07-19T18:49:35.799+0000] {logging_mixin.py:150} INFO - [2023-07-19T18:49:35.799+0000] {dag.py:3508} INFO - Setting next_dagrun for example_sensors to None, run_after=None
[2023-07-19T18:49:35.818+0000] {processor.py:179} INFO - Processing /home/airflow/.local/lib/python3.7/site-packages/airflow/example_dags/example_sensors.py took 0.107 seconds
[2023-07-19T18:50:06.083+0000] {processor.py:157} INFO - Started process (PID=935) to work on /home/airflow/.local/lib/python3.7/site-packages/airflow/example_dags/example_sensors.py
[2023-07-19T18:50:06.088+0000] {processor.py:826} INFO - Processing file /home/airflow/.local/lib/python3.7/site-packages/airflow/example_dags/example_sensors.py for tasks to queue
[2023-07-19T18:50:06.090+0000] {logging_mixin.py:150} INFO - [2023-07-19T18:50:06.090+0000] {dagbag.py:541} INFO - Filling up the DagBag from /home/airflow/.local/lib/python3.7/site-packages/airflow/example_dags/example_sensors.py
[2023-07-19T18:50:06.109+0000] {processor.py:836} INFO - DAG(s) dict_keys(['example_sensors']) retrieved from /home/airflow/.local/lib/python3.7/site-packages/airflow/example_dags/example_sensors.py
[2023-07-19T18:50:06.152+0000] {logging_mixin.py:150} INFO - [2023-07-19T18:50:06.152+0000] {dag.py:2742} INFO - Sync 1 DAGs
[2023-07-19T18:50:06.182+0000] {logging_mixin.py:150} INFO - [2023-07-19T18:50:06.182+0000] {dag.py:3508} INFO - Setting next_dagrun for example_sensors to None, run_after=None
[2023-07-19T18:50:06.201+0000] {processor.py:179} INFO - Processing /home/airflow/.local/lib/python3.7/site-packages/airflow/example_dags/example_sensors.py took 0.122 seconds
[2023-07-19T18:50:42.701+0000] {processor.py:157} INFO - Started process (PID=995) to work on /home/airflow/.local/lib/python3.7/site-packages/airflow/example_dags/example_sensors.py
[2023-07-19T18:50:42.706+0000] {processor.py:826} INFO - Processing file /home/airflow/.local/lib/python3.7/site-packages/airflow/example_dags/example_sensors.py for tasks to queue
[2023-07-19T18:50:42.709+0000] {logging_mixin.py:150} INFO - [2023-07-19T18:50:42.708+0000] {dagbag.py:541} INFO - Filling up the DagBag from /home/airflow/.local/lib/python3.7/site-packages/airflow/example_dags/example_sensors.py
[2023-07-19T18:50:42.731+0000] {processor.py:836} INFO - DAG(s) dict_keys(['example_sensors']) retrieved from /home/airflow/.local/lib/python3.7/site-packages/airflow/example_dags/example_sensors.py
[2023-07-19T18:50:42.778+0000] {logging_mixin.py:150} INFO - [2023-07-19T18:50:42.778+0000] {dag.py:2742} INFO - Sync 1 DAGs
[2023-07-19T18:50:42.816+0000] {logging_mixin.py:150} INFO - [2023-07-19T18:50:42.816+0000] {dag.py:3508} INFO - Setting next_dagrun for example_sensors to None, run_after=None
[2023-07-19T18:50:42.859+0000] {processor.py:179} INFO - Processing /home/airflow/.local/lib/python3.7/site-packages/airflow/example_dags/example_sensors.py took 0.163 seconds
[2023-07-19T18:51:13.245+0000] {processor.py:157} INFO - Started process (PID=1054) to work on /home/airflow/.local/lib/python3.7/site-packages/airflow/example_dags/example_sensors.py
[2023-07-19T18:51:13.248+0000] {processor.py:826} INFO - Processing file /home/airflow/.local/lib/python3.7/site-packages/airflow/example_dags/example_sensors.py for tasks to queue
[2023-07-19T18:51:13.252+0000] {logging_mixin.py:150} INFO - [2023-07-19T18:51:13.251+0000] {dagbag.py:541} INFO - Filling up the DagBag from /home/airflow/.local/lib/python3.7/site-packages/airflow/example_dags/example_sensors.py
[2023-07-19T18:51:13.265+0000] {processor.py:836} INFO - DAG(s) dict_keys(['example_sensors']) retrieved from /home/airflow/.local/lib/python3.7/site-packages/airflow/example_dags/example_sensors.py
[2023-07-19T18:51:13.296+0000] {logging_mixin.py:150} INFO - [2023-07-19T18:51:13.296+0000] {dag.py:2742} INFO - Sync 1 DAGs
[2023-07-19T18:51:13.319+0000] {logging_mixin.py:150} INFO - [2023-07-19T18:51:13.319+0000] {dag.py:3508} INFO - Setting next_dagrun for example_sensors to None, run_after=None
[2023-07-19T18:51:13.340+0000] {processor.py:179} INFO - Processing /home/airflow/.local/lib/python3.7/site-packages/airflow/example_dags/example_sensors.py took 0.099 seconds
[2023-07-19T18:51:44.028+0000] {processor.py:157} INFO - Started process (PID=1114) to work on /home/airflow/.local/lib/python3.7/site-packages/airflow/example_dags/example_sensors.py
[2023-07-19T18:51:44.035+0000] {processor.py:826} INFO - Processing file /home/airflow/.local/lib/python3.7/site-packages/airflow/example_dags/example_sensors.py for tasks to queue
[2023-07-19T18:51:44.043+0000] {logging_mixin.py:150} INFO - [2023-07-19T18:51:44.042+0000] {dagbag.py:541} INFO - Filling up the DagBag from /home/airflow/.local/lib/python3.7/site-packages/airflow/example_dags/example_sensors.py
[2023-07-19T18:51:44.090+0000] {processor.py:836} INFO - DAG(s) dict_keys(['example_sensors']) retrieved from /home/airflow/.local/lib/python3.7/site-packages/airflow/example_dags/example_sensors.py
[2023-07-19T18:51:44.143+0000] {logging_mixin.py:150} INFO - [2023-07-19T18:51:44.143+0000] {dag.py:2742} INFO - Sync 1 DAGs
[2023-07-19T18:51:44.172+0000] {logging_mixin.py:150} INFO - [2023-07-19T18:51:44.172+0000] {dag.py:3508} INFO - Setting next_dagrun for example_sensors to None, run_after=None
[2023-07-19T18:51:44.193+0000] {processor.py:179} INFO - Processing /home/airflow/.local/lib/python3.7/site-packages/airflow/example_dags/example_sensors.py took 0.171 seconds
[2023-07-19T18:52:14.414+0000] {processor.py:157} INFO - Started process (PID=1173) to work on /home/airflow/.local/lib/python3.7/site-packages/airflow/example_dags/example_sensors.py
[2023-07-19T18:52:14.424+0000] {processor.py:826} INFO - Processing file /home/airflow/.local/lib/python3.7/site-packages/airflow/example_dags/example_sensors.py for tasks to queue
[2023-07-19T18:52:14.428+0000] {logging_mixin.py:150} INFO - [2023-07-19T18:52:14.428+0000] {dagbag.py:541} INFO - Filling up the DagBag from /home/airflow/.local/lib/python3.7/site-packages/airflow/example_dags/example_sensors.py
[2023-07-19T18:52:14.457+0000] {processor.py:836} INFO - DAG(s) dict_keys(['example_sensors']) retrieved from /home/airflow/.local/lib/python3.7/site-packages/airflow/example_dags/example_sensors.py
[2023-07-19T18:52:14.496+0000] {logging_mixin.py:150} INFO - [2023-07-19T18:52:14.496+0000] {dag.py:2742} INFO - Sync 1 DAGs
[2023-07-19T18:52:14.524+0000] {logging_mixin.py:150} INFO - [2023-07-19T18:52:14.524+0000] {dag.py:3508} INFO - Setting next_dagrun for example_sensors to None, run_after=None
[2023-07-19T18:52:14.548+0000] {processor.py:179} INFO - Processing /home/airflow/.local/lib/python3.7/site-packages/airflow/example_dags/example_sensors.py took 0.141 seconds
[2023-07-19T18:52:45.489+0000] {processor.py:157} INFO - Started process (PID=1233) to work on /home/airflow/.local/lib/python3.7/site-packages/airflow/example_dags/example_sensors.py
[2023-07-19T18:52:45.491+0000] {processor.py:826} INFO - Processing file /home/airflow/.local/lib/python3.7/site-packages/airflow/example_dags/example_sensors.py for tasks to queue
[2023-07-19T18:52:45.493+0000] {logging_mixin.py:150} INFO - [2023-07-19T18:52:45.493+0000] {dagbag.py:541} INFO - Filling up the DagBag from /home/airflow/.local/lib/python3.7/site-packages/airflow/example_dags/example_sensors.py
[2023-07-19T18:52:45.504+0000] {processor.py:836} INFO - DAG(s) dict_keys(['example_sensors']) retrieved from /home/airflow/.local/lib/python3.7/site-packages/airflow/example_dags/example_sensors.py
[2023-07-19T18:52:45.543+0000] {logging_mixin.py:150} INFO - [2023-07-19T18:52:45.542+0000] {dag.py:2742} INFO - Sync 1 DAGs
[2023-07-19T18:52:45.575+0000] {logging_mixin.py:150} INFO - [2023-07-19T18:52:45.575+0000] {dag.py:3508} INFO - Setting next_dagrun for example_sensors to None, run_after=None
[2023-07-19T18:52:45.608+0000] {processor.py:179} INFO - Processing /home/airflow/.local/lib/python3.7/site-packages/airflow/example_dags/example_sensors.py took 0.123 seconds
[2023-07-19T18:53:16.883+0000] {processor.py:157} INFO - Started process (PID=1292) to work on /home/airflow/.local/lib/python3.7/site-packages/airflow/example_dags/example_sensors.py
[2023-07-19T18:53:16.886+0000] {processor.py:826} INFO - Processing file /home/airflow/.local/lib/python3.7/site-packages/airflow/example_dags/example_sensors.py for tasks to queue
[2023-07-19T18:53:16.889+0000] {logging_mixin.py:150} INFO - [2023-07-19T18:53:16.889+0000] {dagbag.py:541} INFO - Filling up the DagBag from /home/airflow/.local/lib/python3.7/site-packages/airflow/example_dags/example_sensors.py
[2023-07-19T18:53:16.904+0000] {processor.py:836} INFO - DAG(s) dict_keys(['example_sensors']) retrieved from /home/airflow/.local/lib/python3.7/site-packages/airflow/example_dags/example_sensors.py
[2023-07-19T18:53:16.944+0000] {logging_mixin.py:150} INFO - [2023-07-19T18:53:16.944+0000] {dag.py:2742} INFO - Sync 1 DAGs
[2023-07-19T18:53:16.977+0000] {logging_mixin.py:150} INFO - [2023-07-19T18:53:16.976+0000] {dag.py:3508} INFO - Setting next_dagrun for example_sensors to None, run_after=None
[2023-07-19T18:53:17.005+0000] {processor.py:179} INFO - Processing /home/airflow/.local/lib/python3.7/site-packages/airflow/example_dags/example_sensors.py took 0.131 seconds
[2023-07-19T18:53:47.981+0000] {processor.py:157} INFO - Started process (PID=1351) to work on /home/airflow/.local/lib/python3.7/site-packages/airflow/example_dags/example_sensors.py
[2023-07-19T18:53:47.985+0000] {processor.py:826} INFO - Processing file /home/airflow/.local/lib/python3.7/site-packages/airflow/example_dags/example_sensors.py for tasks to queue
[2023-07-19T18:53:47.988+0000] {logging_mixin.py:150} INFO - [2023-07-19T18:53:47.988+0000] {dagbag.py:541} INFO - Filling up the DagBag from /home/airflow/.local/lib/python3.7/site-packages/airflow/example_dags/example_sensors.py
[2023-07-19T18:53:48.008+0000] {processor.py:836} INFO - DAG(s) dict_keys(['example_sensors']) retrieved from /home/airflow/.local/lib/python3.7/site-packages/airflow/example_dags/example_sensors.py
[2023-07-19T18:53:48.048+0000] {logging_mixin.py:150} INFO - [2023-07-19T18:53:48.048+0000] {dag.py:2742} INFO - Sync 1 DAGs
[2023-07-19T18:53:48.079+0000] {logging_mixin.py:150} INFO - [2023-07-19T18:53:48.079+0000] {dag.py:3508} INFO - Setting next_dagrun for example_sensors to None, run_after=None
[2023-07-19T18:53:48.108+0000] {processor.py:179} INFO - Processing /home/airflow/.local/lib/python3.7/site-packages/airflow/example_dags/example_sensors.py took 0.132 seconds
[2023-07-19T18:54:20.081+0000] {processor.py:157} INFO - Started process (PID=1416) to work on /home/airflow/.local/lib/python3.7/site-packages/airflow/example_dags/example_sensors.py
[2023-07-19T18:54:20.097+0000] {processor.py:826} INFO - Processing file /home/airflow/.local/lib/python3.7/site-packages/airflow/example_dags/example_sensors.py for tasks to queue
[2023-07-19T18:54:20.102+0000] {logging_mixin.py:150} INFO - [2023-07-19T18:54:20.101+0000] {dagbag.py:541} INFO - Filling up the DagBag from /home/airflow/.local/lib/python3.7/site-packages/airflow/example_dags/example_sensors.py
[2023-07-19T18:54:20.140+0000] {processor.py:836} INFO - DAG(s) dict_keys(['example_sensors']) retrieved from /home/airflow/.local/lib/python3.7/site-packages/airflow/example_dags/example_sensors.py
[2023-07-19T18:54:20.238+0000] {logging_mixin.py:150} INFO - [2023-07-19T18:54:20.237+0000] {dag.py:2742} INFO - Sync 1 DAGs
[2023-07-19T18:54:20.337+0000] {logging_mixin.py:150} INFO - [2023-07-19T18:54:20.336+0000] {dag.py:3508} INFO - Setting next_dagrun for example_sensors to None, run_after=None
[2023-07-19T18:54:20.389+0000] {processor.py:179} INFO - Processing /home/airflow/.local/lib/python3.7/site-packages/airflow/example_dags/example_sensors.py took 0.323 seconds
