[2023-07-19T18:42:22.354+0000] {processor.py:157} INFO - Started process (PID=67) to work on /home/airflow/.local/lib/python3.7/site-packages/airflow/example_dags/example_params_ui_tutorial.py
[2023-07-19T18:42:22.359+0000] {processor.py:826} INFO - Processing file /home/airflow/.local/lib/python3.7/site-packages/airflow/example_dags/example_params_ui_tutorial.py for tasks to queue
[2023-07-19T18:42:22.364+0000] {logging_mixin.py:150} INFO - [2023-07-19T18:42:22.363+0000] {dagbag.py:541} INFO - Filling up the DagBag from /home/airflow/.local/lib/python3.7/site-packages/airflow/example_dags/example_params_ui_tutorial.py
[2023-07-19T18:42:22.428+0000] {processor.py:836} INFO - DAG(s) dict_keys(['example_params_ui_tutorial']) retrieved from /home/airflow/.local/lib/python3.7/site-packages/airflow/example_dags/example_params_ui_tutorial.py
[2023-07-19T18:42:22.469+0000] {logging_mixin.py:150} INFO - [2023-07-19T18:42:22.468+0000] {dag.py:2742} INFO - Sync 1 DAGs
[2023-07-19T18:42:22.553+0000] {logging_mixin.py:150} INFO - [2023-07-19T18:42:22.552+0000] {dag.py:3508} INFO - Setting next_dagrun for example_params_ui_tutorial to None, run_after=None
[2023-07-19T18:42:22.596+0000] {processor.py:179} INFO - Processing /home/airflow/.local/lib/python3.7/site-packages/airflow/example_dags/example_params_ui_tutorial.py took 0.246 seconds
[2023-07-19T18:42:52.806+0000] {processor.py:157} INFO - Started process (PID=127) to work on /home/airflow/.local/lib/python3.7/site-packages/airflow/example_dags/example_params_ui_tutorial.py
[2023-07-19T18:42:52.810+0000] {processor.py:826} INFO - Processing file /home/airflow/.local/lib/python3.7/site-packages/airflow/example_dags/example_params_ui_tutorial.py for tasks to queue
[2023-07-19T18:42:52.819+0000] {logging_mixin.py:150} INFO - [2023-07-19T18:42:52.818+0000] {dagbag.py:541} INFO - Filling up the DagBag from /home/airflow/.local/lib/python3.7/site-packages/airflow/example_dags/example_params_ui_tutorial.py
[2023-07-19T18:42:52.885+0000] {processor.py:836} INFO - DAG(s) dict_keys(['example_params_ui_tutorial']) retrieved from /home/airflow/.local/lib/python3.7/site-packages/airflow/example_dags/example_params_ui_tutorial.py
[2023-07-19T18:42:52.982+0000] {logging_mixin.py:150} INFO - [2023-07-19T18:42:52.981+0000] {dag.py:2742} INFO - Sync 1 DAGs
[2023-07-19T18:42:53.028+0000] {logging_mixin.py:150} INFO - [2023-07-19T18:42:53.027+0000] {dag.py:3508} INFO - Setting next_dagrun for example_params_ui_tutorial to None, run_after=None
[2023-07-19T18:42:53.054+0000] {processor.py:179} INFO - Processing /home/airflow/.local/lib/python3.7/site-packages/airflow/example_dags/example_params_ui_tutorial.py took 0.252 seconds
[2023-07-19T18:43:23.429+0000] {processor.py:157} INFO - Started process (PID=186) to work on /home/airflow/.local/lib/python3.7/site-packages/airflow/example_dags/example_params_ui_tutorial.py
[2023-07-19T18:43:23.433+0000] {processor.py:826} INFO - Processing file /home/airflow/.local/lib/python3.7/site-packages/airflow/example_dags/example_params_ui_tutorial.py for tasks to queue
[2023-07-19T18:43:23.434+0000] {logging_mixin.py:150} INFO - [2023-07-19T18:43:23.434+0000] {dagbag.py:541} INFO - Filling up the DagBag from /home/airflow/.local/lib/python3.7/site-packages/airflow/example_dags/example_params_ui_tutorial.py
[2023-07-19T18:43:23.471+0000] {processor.py:836} INFO - DAG(s) dict_keys(['example_params_ui_tutorial']) retrieved from /home/airflow/.local/lib/python3.7/site-packages/airflow/example_dags/example_params_ui_tutorial.py
[2023-07-19T18:43:23.515+0000] {logging_mixin.py:150} INFO - [2023-07-19T18:43:23.514+0000] {dag.py:2742} INFO - Sync 1 DAGs
[2023-07-19T18:43:23.537+0000] {logging_mixin.py:150} INFO - [2023-07-19T18:43:23.537+0000] {dag.py:3508} INFO - Setting next_dagrun for example_params_ui_tutorial to None, run_after=None
[2023-07-19T18:43:23.553+0000] {processor.py:179} INFO - Processing /home/airflow/.local/lib/python3.7/site-packages/airflow/example_dags/example_params_ui_tutorial.py took 0.127 seconds
[2023-07-19T18:43:54.999+0000] {processor.py:157} INFO - Started process (PID=245) to work on /home/airflow/.local/lib/python3.7/site-packages/airflow/example_dags/example_params_ui_tutorial.py
[2023-07-19T18:43:55.096+0000] {processor.py:826} INFO - Processing file /home/airflow/.local/lib/python3.7/site-packages/airflow/example_dags/example_params_ui_tutorial.py for tasks to queue
[2023-07-19T18:43:55.109+0000] {logging_mixin.py:150} INFO - [2023-07-19T18:43:55.108+0000] {dagbag.py:541} INFO - Filling up the DagBag from /home/airflow/.local/lib/python3.7/site-packages/airflow/example_dags/example_params_ui_tutorial.py
[2023-07-19T18:43:55.198+0000] {processor.py:836} INFO - DAG(s) dict_keys(['example_params_ui_tutorial']) retrieved from /home/airflow/.local/lib/python3.7/site-packages/airflow/example_dags/example_params_ui_tutorial.py
[2023-07-19T18:43:55.281+0000] {logging_mixin.py:150} INFO - [2023-07-19T18:43:55.279+0000] {dag.py:2742} INFO - Sync 1 DAGs
[2023-07-19T18:43:55.326+0000] {logging_mixin.py:150} INFO - [2023-07-19T18:43:55.326+0000] {dag.py:3508} INFO - Setting next_dagrun for example_params_ui_tutorial to None, run_after=None
[2023-07-19T18:43:55.370+0000] {processor.py:179} INFO - Processing /home/airflow/.local/lib/python3.7/site-packages/airflow/example_dags/example_params_ui_tutorial.py took 0.377 seconds
[2023-07-19T18:44:25.728+0000] {processor.py:157} INFO - Started process (PID=303) to work on /home/airflow/.local/lib/python3.7/site-packages/airflow/example_dags/example_params_ui_tutorial.py
[2023-07-19T18:44:25.730+0000] {processor.py:826} INFO - Processing file /home/airflow/.local/lib/python3.7/site-packages/airflow/example_dags/example_params_ui_tutorial.py for tasks to queue
[2023-07-19T18:44:25.732+0000] {logging_mixin.py:150} INFO - [2023-07-19T18:44:25.731+0000] {dagbag.py:541} INFO - Filling up the DagBag from /home/airflow/.local/lib/python3.7/site-packages/airflow/example_dags/example_params_ui_tutorial.py
[2023-07-19T18:44:25.771+0000] {processor.py:836} INFO - DAG(s) dict_keys(['example_params_ui_tutorial']) retrieved from /home/airflow/.local/lib/python3.7/site-packages/airflow/example_dags/example_params_ui_tutorial.py
[2023-07-19T18:44:25.829+0000] {logging_mixin.py:150} INFO - [2023-07-19T18:44:25.828+0000] {dag.py:2742} INFO - Sync 1 DAGs
[2023-07-19T18:44:25.855+0000] {logging_mixin.py:150} INFO - [2023-07-19T18:44:25.855+0000] {dag.py:3508} INFO - Setting next_dagrun for example_params_ui_tutorial to None, run_after=None
[2023-07-19T18:44:25.873+0000] {processor.py:179} INFO - Processing /home/airflow/.local/lib/python3.7/site-packages/airflow/example_dags/example_params_ui_tutorial.py took 0.148 seconds
[2023-07-19T18:44:56.093+0000] {processor.py:157} INFO - Started process (PID=362) to work on /home/airflow/.local/lib/python3.7/site-packages/airflow/example_dags/example_params_ui_tutorial.py
[2023-07-19T18:44:56.097+0000] {processor.py:826} INFO - Processing file /home/airflow/.local/lib/python3.7/site-packages/airflow/example_dags/example_params_ui_tutorial.py for tasks to queue
[2023-07-19T18:44:56.101+0000] {logging_mixin.py:150} INFO - [2023-07-19T18:44:56.101+0000] {dagbag.py:541} INFO - Filling up the DagBag from /home/airflow/.local/lib/python3.7/site-packages/airflow/example_dags/example_params_ui_tutorial.py
[2023-07-19T18:44:56.167+0000] {processor.py:836} INFO - DAG(s) dict_keys(['example_params_ui_tutorial']) retrieved from /home/airflow/.local/lib/python3.7/site-packages/airflow/example_dags/example_params_ui_tutorial.py
[2023-07-19T18:44:56.262+0000] {logging_mixin.py:150} INFO - [2023-07-19T18:44:56.261+0000] {dag.py:2742} INFO - Sync 1 DAGs
[2023-07-19T18:44:56.325+0000] {logging_mixin.py:150} INFO - [2023-07-19T18:44:56.324+0000] {dag.py:3508} INFO - Setting next_dagrun for example_params_ui_tutorial to None, run_after=None
[2023-07-19T18:44:56.372+0000] {processor.py:179} INFO - Processing /home/airflow/.local/lib/python3.7/site-packages/airflow/example_dags/example_params_ui_tutorial.py took 0.287 seconds
[2023-07-19T18:45:26.918+0000] {processor.py:157} INFO - Started process (PID=421) to work on /home/airflow/.local/lib/python3.7/site-packages/airflow/example_dags/example_params_ui_tutorial.py
[2023-07-19T18:45:26.921+0000] {processor.py:826} INFO - Processing file /home/airflow/.local/lib/python3.7/site-packages/airflow/example_dags/example_params_ui_tutorial.py for tasks to queue
[2023-07-19T18:45:26.925+0000] {logging_mixin.py:150} INFO - [2023-07-19T18:45:26.924+0000] {dagbag.py:541} INFO - Filling up the DagBag from /home/airflow/.local/lib/python3.7/site-packages/airflow/example_dags/example_params_ui_tutorial.py
[2023-07-19T18:45:26.985+0000] {processor.py:836} INFO - DAG(s) dict_keys(['example_params_ui_tutorial']) retrieved from /home/airflow/.local/lib/python3.7/site-packages/airflow/example_dags/example_params_ui_tutorial.py
[2023-07-19T18:45:27.057+0000] {logging_mixin.py:150} INFO - [2023-07-19T18:45:27.056+0000] {dag.py:2742} INFO - Sync 1 DAGs
[2023-07-19T18:45:27.097+0000] {logging_mixin.py:150} INFO - [2023-07-19T18:45:27.097+0000] {dag.py:3508} INFO - Setting next_dagrun for example_params_ui_tutorial to None, run_after=None
[2023-07-19T18:45:27.121+0000] {processor.py:179} INFO - Processing /home/airflow/.local/lib/python3.7/site-packages/airflow/example_dags/example_params_ui_tutorial.py took 0.209 seconds
[2023-07-19T18:45:57.255+0000] {processor.py:157} INFO - Started process (PID=480) to work on /home/airflow/.local/lib/python3.7/site-packages/airflow/example_dags/example_params_ui_tutorial.py
[2023-07-19T18:45:57.263+0000] {processor.py:826} INFO - Processing file /home/airflow/.local/lib/python3.7/site-packages/airflow/example_dags/example_params_ui_tutorial.py for tasks to queue
[2023-07-19T18:45:57.268+0000] {logging_mixin.py:150} INFO - [2023-07-19T18:45:57.268+0000] {dagbag.py:541} INFO - Filling up the DagBag from /home/airflow/.local/lib/python3.7/site-packages/airflow/example_dags/example_params_ui_tutorial.py
[2023-07-19T18:45:57.339+0000] {processor.py:836} INFO - DAG(s) dict_keys(['example_params_ui_tutorial']) retrieved from /home/airflow/.local/lib/python3.7/site-packages/airflow/example_dags/example_params_ui_tutorial.py
[2023-07-19T18:45:57.437+0000] {logging_mixin.py:150} INFO - [2023-07-19T18:45:57.437+0000] {dag.py:2742} INFO - Sync 1 DAGs
[2023-07-19T18:45:57.495+0000] {logging_mixin.py:150} INFO - [2023-07-19T18:45:57.495+0000] {dag.py:3508} INFO - Setting next_dagrun for example_params_ui_tutorial to None, run_after=None
[2023-07-19T18:45:57.535+0000] {processor.py:179} INFO - Processing /home/airflow/.local/lib/python3.7/site-packages/airflow/example_dags/example_params_ui_tutorial.py took 0.289 seconds
[2023-07-19T18:46:27.610+0000] {processor.py:157} INFO - Started process (PID=540) to work on /home/airflow/.local/lib/python3.7/site-packages/airflow/example_dags/example_params_ui_tutorial.py
[2023-07-19T18:46:27.612+0000] {processor.py:826} INFO - Processing file /home/airflow/.local/lib/python3.7/site-packages/airflow/example_dags/example_params_ui_tutorial.py for tasks to queue
[2023-07-19T18:46:27.613+0000] {logging_mixin.py:150} INFO - [2023-07-19T18:46:27.613+0000] {dagbag.py:541} INFO - Filling up the DagBag from /home/airflow/.local/lib/python3.7/site-packages/airflow/example_dags/example_params_ui_tutorial.py
[2023-07-19T18:46:27.644+0000] {processor.py:836} INFO - DAG(s) dict_keys(['example_params_ui_tutorial']) retrieved from /home/airflow/.local/lib/python3.7/site-packages/airflow/example_dags/example_params_ui_tutorial.py
[2023-07-19T18:46:27.695+0000] {logging_mixin.py:150} INFO - [2023-07-19T18:46:27.695+0000] {dag.py:2742} INFO - Sync 1 DAGs
[2023-07-19T18:46:27.715+0000] {logging_mixin.py:150} INFO - [2023-07-19T18:46:27.715+0000] {dag.py:3508} INFO - Setting next_dagrun for example_params_ui_tutorial to None, run_after=None
[2023-07-19T18:46:27.729+0000] {processor.py:179} INFO - Processing /home/airflow/.local/lib/python3.7/site-packages/airflow/example_dags/example_params_ui_tutorial.py took 0.122 seconds
[2023-07-19T18:47:03.821+0000] {processor.py:157} INFO - Started process (PID=599) to work on /home/airflow/.local/lib/python3.7/site-packages/airflow/example_dags/example_params_ui_tutorial.py
[2023-07-19T18:47:03.839+0000] {processor.py:826} INFO - Processing file /home/airflow/.local/lib/python3.7/site-packages/airflow/example_dags/example_params_ui_tutorial.py for tasks to queue
[2023-07-19T18:47:03.850+0000] {logging_mixin.py:150} INFO - [2023-07-19T18:47:03.847+0000] {dagbag.py:541} INFO - Filling up the DagBag from /home/airflow/.local/lib/python3.7/site-packages/airflow/example_dags/example_params_ui_tutorial.py
[2023-07-19T18:47:04.044+0000] {processor.py:836} INFO - DAG(s) dict_keys(['example_params_ui_tutorial']) retrieved from /home/airflow/.local/lib/python3.7/site-packages/airflow/example_dags/example_params_ui_tutorial.py
[2023-07-19T18:47:04.210+0000] {logging_mixin.py:150} INFO - [2023-07-19T18:47:04.210+0000] {dag.py:2742} INFO - Sync 1 DAGs
[2023-07-19T18:47:04.299+0000] {logging_mixin.py:150} INFO - [2023-07-19T18:47:04.298+0000] {dag.py:3508} INFO - Setting next_dagrun for example_params_ui_tutorial to None, run_after=None
[2023-07-19T18:47:04.508+0000] {processor.py:179} INFO - Processing /home/airflow/.local/lib/python3.7/site-packages/airflow/example_dags/example_params_ui_tutorial.py took 0.716 seconds
[2023-07-19T18:47:35.004+0000] {processor.py:157} INFO - Started process (PID=658) to work on /home/airflow/.local/lib/python3.7/site-packages/airflow/example_dags/example_params_ui_tutorial.py
[2023-07-19T18:47:35.008+0000] {processor.py:826} INFO - Processing file /home/airflow/.local/lib/python3.7/site-packages/airflow/example_dags/example_params_ui_tutorial.py for tasks to queue
[2023-07-19T18:47:35.024+0000] {logging_mixin.py:150} INFO - [2023-07-19T18:47:35.019+0000] {dagbag.py:541} INFO - Filling up the DagBag from /home/airflow/.local/lib/python3.7/site-packages/airflow/example_dags/example_params_ui_tutorial.py
[2023-07-19T18:47:35.159+0000] {processor.py:836} INFO - DAG(s) dict_keys(['example_params_ui_tutorial']) retrieved from /home/airflow/.local/lib/python3.7/site-packages/airflow/example_dags/example_params_ui_tutorial.py
[2023-07-19T18:47:35.294+0000] {logging_mixin.py:150} INFO - [2023-07-19T18:47:35.294+0000] {dag.py:2742} INFO - Sync 1 DAGs
[2023-07-19T18:47:35.350+0000] {logging_mixin.py:150} INFO - [2023-07-19T18:47:35.350+0000] {dag.py:3508} INFO - Setting next_dagrun for example_params_ui_tutorial to None, run_after=None
[2023-07-19T18:47:35.387+0000] {processor.py:179} INFO - Processing /home/airflow/.local/lib/python3.7/site-packages/airflow/example_dags/example_params_ui_tutorial.py took 0.396 seconds
[2023-07-19T18:48:05.540+0000] {processor.py:157} INFO - Started process (PID=718) to work on /home/airflow/.local/lib/python3.7/site-packages/airflow/example_dags/example_params_ui_tutorial.py
[2023-07-19T18:48:05.559+0000] {processor.py:826} INFO - Processing file /home/airflow/.local/lib/python3.7/site-packages/airflow/example_dags/example_params_ui_tutorial.py for tasks to queue
[2023-07-19T18:48:05.577+0000] {logging_mixin.py:150} INFO - [2023-07-19T18:48:05.577+0000] {dagbag.py:541} INFO - Filling up the DagBag from /home/airflow/.local/lib/python3.7/site-packages/airflow/example_dags/example_params_ui_tutorial.py
[2023-07-19T18:48:05.722+0000] {processor.py:836} INFO - DAG(s) dict_keys(['example_params_ui_tutorial']) retrieved from /home/airflow/.local/lib/python3.7/site-packages/airflow/example_dags/example_params_ui_tutorial.py
[2023-07-19T18:48:05.903+0000] {logging_mixin.py:150} INFO - [2023-07-19T18:48:05.903+0000] {dag.py:2742} INFO - Sync 1 DAGs
[2023-07-19T18:48:05.974+0000] {logging_mixin.py:150} INFO - [2023-07-19T18:48:05.974+0000] {dag.py:3508} INFO - Setting next_dagrun for example_params_ui_tutorial to None, run_after=None
[2023-07-19T18:48:06.031+0000] {processor.py:179} INFO - Processing /home/airflow/.local/lib/python3.7/site-packages/airflow/example_dags/example_params_ui_tutorial.py took 0.506 seconds
[2023-07-19T18:48:40.760+0000] {processor.py:157} INFO - Started process (PID=777) to work on /home/airflow/.local/lib/python3.7/site-packages/airflow/example_dags/example_params_ui_tutorial.py
[2023-07-19T18:48:40.782+0000] {processor.py:826} INFO - Processing file /home/airflow/.local/lib/python3.7/site-packages/airflow/example_dags/example_params_ui_tutorial.py for tasks to queue
[2023-07-19T18:48:40.872+0000] {logging_mixin.py:150} INFO - [2023-07-19T18:48:40.871+0000] {dagbag.py:541} INFO - Filling up the DagBag from /home/airflow/.local/lib/python3.7/site-packages/airflow/example_dags/example_params_ui_tutorial.py
[2023-07-19T18:48:42.057+0000] {processor.py:836} INFO - DAG(s) dict_keys(['example_params_ui_tutorial']) retrieved from /home/airflow/.local/lib/python3.7/site-packages/airflow/example_dags/example_params_ui_tutorial.py
[2023-07-19T18:48:42.487+0000] {logging_mixin.py:150} INFO - [2023-07-19T18:48:42.487+0000] {dag.py:2742} INFO - Sync 1 DAGs
[2023-07-19T18:48:42.647+0000] {logging_mixin.py:150} INFO - [2023-07-19T18:48:42.646+0000] {dag.py:3508} INFO - Setting next_dagrun for example_params_ui_tutorial to None, run_after=None
[2023-07-19T18:48:42.742+0000] {processor.py:179} INFO - Processing /home/airflow/.local/lib/python3.7/site-packages/airflow/example_dags/example_params_ui_tutorial.py took 2.001 seconds
[2023-07-19T18:49:13.116+0000] {processor.py:157} INFO - Started process (PID=838) to work on /home/airflow/.local/lib/python3.7/site-packages/airflow/example_dags/example_params_ui_tutorial.py
[2023-07-19T18:49:13.128+0000] {processor.py:826} INFO - Processing file /home/airflow/.local/lib/python3.7/site-packages/airflow/example_dags/example_params_ui_tutorial.py for tasks to queue
[2023-07-19T18:49:13.136+0000] {logging_mixin.py:150} INFO - [2023-07-19T18:49:13.136+0000] {dagbag.py:541} INFO - Filling up the DagBag from /home/airflow/.local/lib/python3.7/site-packages/airflow/example_dags/example_params_ui_tutorial.py
[2023-07-19T18:49:13.224+0000] {processor.py:836} INFO - DAG(s) dict_keys(['example_params_ui_tutorial']) retrieved from /home/airflow/.local/lib/python3.7/site-packages/airflow/example_dags/example_params_ui_tutorial.py
[2023-07-19T18:49:13.368+0000] {logging_mixin.py:150} INFO - [2023-07-19T18:49:13.368+0000] {dag.py:2742} INFO - Sync 1 DAGs
[2023-07-19T18:49:13.425+0000] {logging_mixin.py:150} INFO - [2023-07-19T18:49:13.425+0000] {dag.py:3508} INFO - Setting next_dagrun for example_params_ui_tutorial to None, run_after=None
[2023-07-19T18:49:13.464+0000] {processor.py:179} INFO - Processing /home/airflow/.local/lib/python3.7/site-packages/airflow/example_dags/example_params_ui_tutorial.py took 0.355 seconds
[2023-07-19T18:49:43.634+0000] {processor.py:157} INFO - Started process (PID=897) to work on /home/airflow/.local/lib/python3.7/site-packages/airflow/example_dags/example_params_ui_tutorial.py
[2023-07-19T18:49:43.636+0000] {processor.py:826} INFO - Processing file /home/airflow/.local/lib/python3.7/site-packages/airflow/example_dags/example_params_ui_tutorial.py for tasks to queue
[2023-07-19T18:49:43.638+0000] {logging_mixin.py:150} INFO - [2023-07-19T18:49:43.638+0000] {dagbag.py:541} INFO - Filling up the DagBag from /home/airflow/.local/lib/python3.7/site-packages/airflow/example_dags/example_params_ui_tutorial.py
[2023-07-19T18:49:43.673+0000] {processor.py:836} INFO - DAG(s) dict_keys(['example_params_ui_tutorial']) retrieved from /home/airflow/.local/lib/python3.7/site-packages/airflow/example_dags/example_params_ui_tutorial.py
[2023-07-19T18:49:43.718+0000] {logging_mixin.py:150} INFO - [2023-07-19T18:49:43.718+0000] {dag.py:2742} INFO - Sync 1 DAGs
[2023-07-19T18:49:43.738+0000] {logging_mixin.py:150} INFO - [2023-07-19T18:49:43.738+0000] {dag.py:3508} INFO - Setting next_dagrun for example_params_ui_tutorial to None, run_after=None
[2023-07-19T18:49:43.756+0000] {processor.py:179} INFO - Processing /home/airflow/.local/lib/python3.7/site-packages/airflow/example_dags/example_params_ui_tutorial.py took 0.126 seconds
[2023-07-19T18:50:14.006+0000] {processor.py:157} INFO - Started process (PID=953) to work on /home/airflow/.local/lib/python3.7/site-packages/airflow/example_dags/example_params_ui_tutorial.py
[2023-07-19T18:50:14.009+0000] {processor.py:826} INFO - Processing file /home/airflow/.local/lib/python3.7/site-packages/airflow/example_dags/example_params_ui_tutorial.py for tasks to queue
[2023-07-19T18:50:14.012+0000] {logging_mixin.py:150} INFO - [2023-07-19T18:50:14.012+0000] {dagbag.py:541} INFO - Filling up the DagBag from /home/airflow/.local/lib/python3.7/site-packages/airflow/example_dags/example_params_ui_tutorial.py
[2023-07-19T18:50:14.055+0000] {processor.py:836} INFO - DAG(s) dict_keys(['example_params_ui_tutorial']) retrieved from /home/airflow/.local/lib/python3.7/site-packages/airflow/example_dags/example_params_ui_tutorial.py
[2023-07-19T18:50:14.103+0000] {logging_mixin.py:150} INFO - [2023-07-19T18:50:14.103+0000] {dag.py:2742} INFO - Sync 1 DAGs
[2023-07-19T18:50:14.124+0000] {logging_mixin.py:150} INFO - [2023-07-19T18:50:14.124+0000] {dag.py:3508} INFO - Setting next_dagrun for example_params_ui_tutorial to None, run_after=None
[2023-07-19T18:50:14.138+0000] {processor.py:179} INFO - Processing /home/airflow/.local/lib/python3.7/site-packages/airflow/example_dags/example_params_ui_tutorial.py took 0.141 seconds
[2023-07-19T18:50:46.031+0000] {processor.py:157} INFO - Started process (PID=1012) to work on /home/airflow/.local/lib/python3.7/site-packages/airflow/example_dags/example_params_ui_tutorial.py
[2023-07-19T18:50:46.037+0000] {processor.py:826} INFO - Processing file /home/airflow/.local/lib/python3.7/site-packages/airflow/example_dags/example_params_ui_tutorial.py for tasks to queue
[2023-07-19T18:50:46.040+0000] {logging_mixin.py:150} INFO - [2023-07-19T18:50:46.039+0000] {dagbag.py:541} INFO - Filling up the DagBag from /home/airflow/.local/lib/python3.7/site-packages/airflow/example_dags/example_params_ui_tutorial.py
[2023-07-19T18:50:46.121+0000] {processor.py:836} INFO - DAG(s) dict_keys(['example_params_ui_tutorial']) retrieved from /home/airflow/.local/lib/python3.7/site-packages/airflow/example_dags/example_params_ui_tutorial.py
[2023-07-19T18:50:46.239+0000] {logging_mixin.py:150} INFO - [2023-07-19T18:50:46.238+0000] {dag.py:2742} INFO - Sync 1 DAGs
[2023-07-19T18:50:46.292+0000] {logging_mixin.py:150} INFO - [2023-07-19T18:50:46.292+0000] {dag.py:3508} INFO - Setting next_dagrun for example_params_ui_tutorial to None, run_after=None
[2023-07-19T18:50:46.327+0000] {processor.py:179} INFO - Processing /home/airflow/.local/lib/python3.7/site-packages/airflow/example_dags/example_params_ui_tutorial.py took 0.306 seconds
[2023-07-19T18:51:16.441+0000] {processor.py:157} INFO - Started process (PID=1071) to work on /home/airflow/.local/lib/python3.7/site-packages/airflow/example_dags/example_params_ui_tutorial.py
[2023-07-19T18:51:16.443+0000] {processor.py:826} INFO - Processing file /home/airflow/.local/lib/python3.7/site-packages/airflow/example_dags/example_params_ui_tutorial.py for tasks to queue
[2023-07-19T18:51:16.445+0000] {logging_mixin.py:150} INFO - [2023-07-19T18:51:16.445+0000] {dagbag.py:541} INFO - Filling up the DagBag from /home/airflow/.local/lib/python3.7/site-packages/airflow/example_dags/example_params_ui_tutorial.py
[2023-07-19T18:51:16.483+0000] {processor.py:836} INFO - DAG(s) dict_keys(['example_params_ui_tutorial']) retrieved from /home/airflow/.local/lib/python3.7/site-packages/airflow/example_dags/example_params_ui_tutorial.py
[2023-07-19T18:51:16.536+0000] {logging_mixin.py:150} INFO - [2023-07-19T18:51:16.536+0000] {dag.py:2742} INFO - Sync 1 DAGs
[2023-07-19T18:51:16.559+0000] {logging_mixin.py:150} INFO - [2023-07-19T18:51:16.558+0000] {dag.py:3508} INFO - Setting next_dagrun for example_params_ui_tutorial to None, run_after=None
[2023-07-19T18:51:16.581+0000] {processor.py:179} INFO - Processing /home/airflow/.local/lib/python3.7/site-packages/airflow/example_dags/example_params_ui_tutorial.py took 0.143 seconds
[2023-07-19T18:51:47.652+0000] {processor.py:157} INFO - Started process (PID=1138) to work on /home/airflow/.local/lib/python3.7/site-packages/airflow/example_dags/example_params_ui_tutorial.py
[2023-07-19T18:51:47.655+0000] {processor.py:826} INFO - Processing file /home/airflow/.local/lib/python3.7/site-packages/airflow/example_dags/example_params_ui_tutorial.py for tasks to queue
[2023-07-19T18:51:47.658+0000] {logging_mixin.py:150} INFO - [2023-07-19T18:51:47.658+0000] {dagbag.py:541} INFO - Filling up the DagBag from /home/airflow/.local/lib/python3.7/site-packages/airflow/example_dags/example_params_ui_tutorial.py
[2023-07-19T18:51:47.696+0000] {processor.py:836} INFO - DAG(s) dict_keys(['example_params_ui_tutorial']) retrieved from /home/airflow/.local/lib/python3.7/site-packages/airflow/example_dags/example_params_ui_tutorial.py
[2023-07-19T18:51:47.757+0000] {logging_mixin.py:150} INFO - [2023-07-19T18:51:47.756+0000] {dag.py:2742} INFO - Sync 1 DAGs
[2023-07-19T18:51:47.781+0000] {logging_mixin.py:150} INFO - [2023-07-19T18:51:47.780+0000] {dag.py:3508} INFO - Setting next_dagrun for example_params_ui_tutorial to None, run_after=None
[2023-07-19T18:51:47.808+0000] {processor.py:179} INFO - Processing /home/airflow/.local/lib/python3.7/site-packages/airflow/example_dags/example_params_ui_tutorial.py took 0.160 seconds
[2023-07-19T18:52:18.831+0000] {processor.py:157} INFO - Started process (PID=1198) to work on /home/airflow/.local/lib/python3.7/site-packages/airflow/example_dags/example_params_ui_tutorial.py
[2023-07-19T18:52:18.834+0000] {processor.py:826} INFO - Processing file /home/airflow/.local/lib/python3.7/site-packages/airflow/example_dags/example_params_ui_tutorial.py for tasks to queue
[2023-07-19T18:52:18.836+0000] {logging_mixin.py:150} INFO - [2023-07-19T18:52:18.835+0000] {dagbag.py:541} INFO - Filling up the DagBag from /home/airflow/.local/lib/python3.7/site-packages/airflow/example_dags/example_params_ui_tutorial.py
[2023-07-19T18:52:18.882+0000] {processor.py:836} INFO - DAG(s) dict_keys(['example_params_ui_tutorial']) retrieved from /home/airflow/.local/lib/python3.7/site-packages/airflow/example_dags/example_params_ui_tutorial.py
[2023-07-19T18:52:18.959+0000] {logging_mixin.py:150} INFO - [2023-07-19T18:52:18.958+0000] {dag.py:2742} INFO - Sync 1 DAGs
[2023-07-19T18:52:18.987+0000] {logging_mixin.py:150} INFO - [2023-07-19T18:52:18.987+0000] {dag.py:3508} INFO - Setting next_dagrun for example_params_ui_tutorial to None, run_after=None
[2023-07-19T18:52:19.008+0000] {processor.py:179} INFO - Processing /home/airflow/.local/lib/python3.7/site-packages/airflow/example_dags/example_params_ui_tutorial.py took 0.184 seconds
[2023-07-19T18:52:49.918+0000] {processor.py:157} INFO - Started process (PID=1257) to work on /home/airflow/.local/lib/python3.7/site-packages/airflow/example_dags/example_params_ui_tutorial.py
[2023-07-19T18:52:49.920+0000] {processor.py:826} INFO - Processing file /home/airflow/.local/lib/python3.7/site-packages/airflow/example_dags/example_params_ui_tutorial.py for tasks to queue
[2023-07-19T18:52:49.922+0000] {logging_mixin.py:150} INFO - [2023-07-19T18:52:49.922+0000] {dagbag.py:541} INFO - Filling up the DagBag from /home/airflow/.local/lib/python3.7/site-packages/airflow/example_dags/example_params_ui_tutorial.py
[2023-07-19T18:52:49.968+0000] {processor.py:836} INFO - DAG(s) dict_keys(['example_params_ui_tutorial']) retrieved from /home/airflow/.local/lib/python3.7/site-packages/airflow/example_dags/example_params_ui_tutorial.py
[2023-07-19T18:52:50.033+0000] {logging_mixin.py:150} INFO - [2023-07-19T18:52:50.033+0000] {dag.py:2742} INFO - Sync 1 DAGs
[2023-07-19T18:52:50.063+0000] {logging_mixin.py:150} INFO - [2023-07-19T18:52:50.063+0000] {dag.py:3508} INFO - Setting next_dagrun for example_params_ui_tutorial to None, run_after=None
[2023-07-19T18:52:50.091+0000] {processor.py:179} INFO - Processing /home/airflow/.local/lib/python3.7/site-packages/airflow/example_dags/example_params_ui_tutorial.py took 0.177 seconds
[2023-07-19T18:53:20.252+0000] {processor.py:157} INFO - Started process (PID=1316) to work on /home/airflow/.local/lib/python3.7/site-packages/airflow/example_dags/example_params_ui_tutorial.py
[2023-07-19T18:53:20.255+0000] {processor.py:826} INFO - Processing file /home/airflow/.local/lib/python3.7/site-packages/airflow/example_dags/example_params_ui_tutorial.py for tasks to queue
[2023-07-19T18:53:20.259+0000] {logging_mixin.py:150} INFO - [2023-07-19T18:53:20.258+0000] {dagbag.py:541} INFO - Filling up the DagBag from /home/airflow/.local/lib/python3.7/site-packages/airflow/example_dags/example_params_ui_tutorial.py
[2023-07-19T18:53:20.297+0000] {processor.py:836} INFO - DAG(s) dict_keys(['example_params_ui_tutorial']) retrieved from /home/airflow/.local/lib/python3.7/site-packages/airflow/example_dags/example_params_ui_tutorial.py
[2023-07-19T18:53:20.356+0000] {logging_mixin.py:150} INFO - [2023-07-19T18:53:20.356+0000] {dag.py:2742} INFO - Sync 1 DAGs
[2023-07-19T18:53:20.383+0000] {logging_mixin.py:150} INFO - [2023-07-19T18:53:20.383+0000] {dag.py:3508} INFO - Setting next_dagrun for example_params_ui_tutorial to None, run_after=None
[2023-07-19T18:53:20.404+0000] {processor.py:179} INFO - Processing /home/airflow/.local/lib/python3.7/site-packages/airflow/example_dags/example_params_ui_tutorial.py took 0.157 seconds
[2023-07-19T18:53:50.915+0000] {processor.py:157} INFO - Started process (PID=1374) to work on /home/airflow/.local/lib/python3.7/site-packages/airflow/example_dags/example_params_ui_tutorial.py
[2023-07-19T18:53:50.919+0000] {processor.py:826} INFO - Processing file /home/airflow/.local/lib/python3.7/site-packages/airflow/example_dags/example_params_ui_tutorial.py for tasks to queue
[2023-07-19T18:53:50.922+0000] {logging_mixin.py:150} INFO - [2023-07-19T18:53:50.921+0000] {dagbag.py:541} INFO - Filling up the DagBag from /home/airflow/.local/lib/python3.7/site-packages/airflow/example_dags/example_params_ui_tutorial.py
[2023-07-19T18:53:50.965+0000] {processor.py:836} INFO - DAG(s) dict_keys(['example_params_ui_tutorial']) retrieved from /home/airflow/.local/lib/python3.7/site-packages/airflow/example_dags/example_params_ui_tutorial.py
[2023-07-19T18:53:51.021+0000] {logging_mixin.py:150} INFO - [2023-07-19T18:53:51.020+0000] {dag.py:2742} INFO - Sync 1 DAGs
[2023-07-19T18:53:51.054+0000] {logging_mixin.py:150} INFO - [2023-07-19T18:53:51.054+0000] {dag.py:3508} INFO - Setting next_dagrun for example_params_ui_tutorial to None, run_after=None
[2023-07-19T18:53:51.087+0000] {processor.py:179} INFO - Processing /home/airflow/.local/lib/python3.7/site-packages/airflow/example_dags/example_params_ui_tutorial.py took 0.175 seconds
[2023-07-19T18:54:22.211+0000] {processor.py:157} INFO - Started process (PID=1433) to work on /home/airflow/.local/lib/python3.7/site-packages/airflow/example_dags/example_params_ui_tutorial.py
[2023-07-19T18:54:22.214+0000] {processor.py:826} INFO - Processing file /home/airflow/.local/lib/python3.7/site-packages/airflow/example_dags/example_params_ui_tutorial.py for tasks to queue
[2023-07-19T18:54:22.217+0000] {logging_mixin.py:150} INFO - [2023-07-19T18:54:22.217+0000] {dagbag.py:541} INFO - Filling up the DagBag from /home/airflow/.local/lib/python3.7/site-packages/airflow/example_dags/example_params_ui_tutorial.py
[2023-07-19T18:54:22.264+0000] {processor.py:836} INFO - DAG(s) dict_keys(['example_params_ui_tutorial']) retrieved from /home/airflow/.local/lib/python3.7/site-packages/airflow/example_dags/example_params_ui_tutorial.py
[2023-07-19T18:54:22.329+0000] {logging_mixin.py:150} INFO - [2023-07-19T18:54:22.328+0000] {dag.py:2742} INFO - Sync 1 DAGs
[2023-07-19T18:54:22.356+0000] {logging_mixin.py:150} INFO - [2023-07-19T18:54:22.355+0000] {dag.py:3508} INFO - Setting next_dagrun for example_params_ui_tutorial to None, run_after=None
[2023-07-19T18:54:22.379+0000] {processor.py:179} INFO - Processing /home/airflow/.local/lib/python3.7/site-packages/airflow/example_dags/example_params_ui_tutorial.py took 0.173 seconds
