[2023-07-19T18:42:23.419+0000] {processor.py:157} INFO - Started process (PID=73) to work on /home/airflow/.local/lib/python3.7/site-packages/airflow/example_dags/example_python_operator.py
[2023-07-19T18:42:23.439+0000] {processor.py:826} INFO - Processing file /home/airflow/.local/lib/python3.7/site-packages/airflow/example_dags/example_python_operator.py for tasks to queue
[2023-07-19T18:42:23.444+0000] {logging_mixin.py:150} INFO - [2023-07-19T18:42:23.443+0000] {dagbag.py:541} INFO - Filling up the DagBag from /home/airflow/.local/lib/python3.7/site-packages/airflow/example_dags/example_python_operator.py
[2023-07-19T18:42:23.508+0000] {processor.py:836} INFO - DAG(s) dict_keys(['example_python_operator']) retrieved from /home/airflow/.local/lib/python3.7/site-packages/airflow/example_dags/example_python_operator.py
[2023-07-19T18:42:23.575+0000] {logging_mixin.py:150} INFO - [2023-07-19T18:42:23.574+0000] {dag.py:2742} INFO - Sync 1 DAGs
[2023-07-19T18:42:23.613+0000] {logging_mixin.py:150} INFO - [2023-07-19T18:42:23.612+0000] {dag.py:3508} INFO - Setting next_dagrun for example_python_operator to None, run_after=None
[2023-07-19T18:42:23.651+0000] {processor.py:179} INFO - Processing /home/airflow/.local/lib/python3.7/site-packages/airflow/example_dags/example_python_operator.py took 0.238 seconds
[2023-07-19T18:42:54.479+0000] {processor.py:157} INFO - Started process (PID=133) to work on /home/airflow/.local/lib/python3.7/site-packages/airflow/example_dags/example_python_operator.py
[2023-07-19T18:42:54.483+0000] {processor.py:826} INFO - Processing file /home/airflow/.local/lib/python3.7/site-packages/airflow/example_dags/example_python_operator.py for tasks to queue
[2023-07-19T18:42:54.485+0000] {logging_mixin.py:150} INFO - [2023-07-19T18:42:54.484+0000] {dagbag.py:541} INFO - Filling up the DagBag from /home/airflow/.local/lib/python3.7/site-packages/airflow/example_dags/example_python_operator.py
[2023-07-19T18:42:54.500+0000] {processor.py:836} INFO - DAG(s) dict_keys(['example_python_operator']) retrieved from /home/airflow/.local/lib/python3.7/site-packages/airflow/example_dags/example_python_operator.py
[2023-07-19T18:42:54.636+0000] {logging_mixin.py:150} INFO - [2023-07-19T18:42:54.636+0000] {dag.py:2742} INFO - Sync 1 DAGs
[2023-07-19T18:42:54.657+0000] {logging_mixin.py:150} INFO - [2023-07-19T18:42:54.657+0000] {dag.py:3508} INFO - Setting next_dagrun for example_python_operator to None, run_after=None
[2023-07-19T18:42:54.677+0000] {processor.py:179} INFO - Processing /home/airflow/.local/lib/python3.7/site-packages/airflow/example_dags/example_python_operator.py took 0.204 seconds
[2023-07-19T18:43:24.791+0000] {processor.py:157} INFO - Started process (PID=192) to work on /home/airflow/.local/lib/python3.7/site-packages/airflow/example_dags/example_python_operator.py
[2023-07-19T18:43:24.795+0000] {processor.py:826} INFO - Processing file /home/airflow/.local/lib/python3.7/site-packages/airflow/example_dags/example_python_operator.py for tasks to queue
[2023-07-19T18:43:24.797+0000] {logging_mixin.py:150} INFO - [2023-07-19T18:43:24.797+0000] {dagbag.py:541} INFO - Filling up the DagBag from /home/airflow/.local/lib/python3.7/site-packages/airflow/example_dags/example_python_operator.py
[2023-07-19T18:43:24.808+0000] {processor.py:836} INFO - DAG(s) dict_keys(['example_python_operator']) retrieved from /home/airflow/.local/lib/python3.7/site-packages/airflow/example_dags/example_python_operator.py
[2023-07-19T18:43:24.838+0000] {logging_mixin.py:150} INFO - [2023-07-19T18:43:24.838+0000] {dag.py:2742} INFO - Sync 1 DAGs
[2023-07-19T18:43:24.863+0000] {logging_mixin.py:150} INFO - [2023-07-19T18:43:24.863+0000] {dag.py:3508} INFO - Setting next_dagrun for example_python_operator to None, run_after=None
[2023-07-19T18:43:24.878+0000] {processor.py:179} INFO - Processing /home/airflow/.local/lib/python3.7/site-packages/airflow/example_dags/example_python_operator.py took 0.091 seconds
[2023-07-19T18:43:56.221+0000] {processor.py:157} INFO - Started process (PID=251) to work on /home/airflow/.local/lib/python3.7/site-packages/airflow/example_dags/example_python_operator.py
[2023-07-19T18:43:56.233+0000] {processor.py:826} INFO - Processing file /home/airflow/.local/lib/python3.7/site-packages/airflow/example_dags/example_python_operator.py for tasks to queue
[2023-07-19T18:43:56.238+0000] {logging_mixin.py:150} INFO - [2023-07-19T18:43:56.237+0000] {dagbag.py:541} INFO - Filling up the DagBag from /home/airflow/.local/lib/python3.7/site-packages/airflow/example_dags/example_python_operator.py
[2023-07-19T18:43:56.262+0000] {processor.py:836} INFO - DAG(s) dict_keys(['example_python_operator']) retrieved from /home/airflow/.local/lib/python3.7/site-packages/airflow/example_dags/example_python_operator.py
[2023-07-19T18:43:56.330+0000] {logging_mixin.py:150} INFO - [2023-07-19T18:43:56.330+0000] {dag.py:2742} INFO - Sync 1 DAGs
[2023-07-19T18:43:56.368+0000] {logging_mixin.py:150} INFO - [2023-07-19T18:43:56.368+0000] {dag.py:3508} INFO - Setting next_dagrun for example_python_operator to None, run_after=None
[2023-07-19T18:43:56.404+0000] {processor.py:179} INFO - Processing /home/airflow/.local/lib/python3.7/site-packages/airflow/example_dags/example_python_operator.py took 0.195 seconds
[2023-07-19T18:44:27.205+0000] {processor.py:157} INFO - Started process (PID=309) to work on /home/airflow/.local/lib/python3.7/site-packages/airflow/example_dags/example_python_operator.py
[2023-07-19T18:44:27.211+0000] {processor.py:826} INFO - Processing file /home/airflow/.local/lib/python3.7/site-packages/airflow/example_dags/example_python_operator.py for tasks to queue
[2023-07-19T18:44:27.213+0000] {logging_mixin.py:150} INFO - [2023-07-19T18:44:27.213+0000] {dagbag.py:541} INFO - Filling up the DagBag from /home/airflow/.local/lib/python3.7/site-packages/airflow/example_dags/example_python_operator.py
[2023-07-19T18:44:27.233+0000] {processor.py:836} INFO - DAG(s) dict_keys(['example_python_operator']) retrieved from /home/airflow/.local/lib/python3.7/site-packages/airflow/example_dags/example_python_operator.py
[2023-07-19T18:44:27.296+0000] {logging_mixin.py:150} INFO - [2023-07-19T18:44:27.295+0000] {dag.py:2742} INFO - Sync 1 DAGs
[2023-07-19T18:44:27.339+0000] {logging_mixin.py:150} INFO - [2023-07-19T18:44:27.338+0000] {dag.py:3508} INFO - Setting next_dagrun for example_python_operator to None, run_after=None
[2023-07-19T18:44:27.374+0000] {processor.py:179} INFO - Processing /home/airflow/.local/lib/python3.7/site-packages/airflow/example_dags/example_python_operator.py took 0.177 seconds
[2023-07-19T18:44:57.833+0000] {processor.py:157} INFO - Started process (PID=367) to work on /home/airflow/.local/lib/python3.7/site-packages/airflow/example_dags/example_python_operator.py
[2023-07-19T18:44:57.838+0000] {processor.py:826} INFO - Processing file /home/airflow/.local/lib/python3.7/site-packages/airflow/example_dags/example_python_operator.py for tasks to queue
[2023-07-19T18:44:57.843+0000] {logging_mixin.py:150} INFO - [2023-07-19T18:44:57.843+0000] {dagbag.py:541} INFO - Filling up the DagBag from /home/airflow/.local/lib/python3.7/site-packages/airflow/example_dags/example_python_operator.py
[2023-07-19T18:44:57.885+0000] {processor.py:836} INFO - DAG(s) dict_keys(['example_python_operator']) retrieved from /home/airflow/.local/lib/python3.7/site-packages/airflow/example_dags/example_python_operator.py
[2023-07-19T18:44:57.966+0000] {logging_mixin.py:150} INFO - [2023-07-19T18:44:57.966+0000] {dag.py:2742} INFO - Sync 1 DAGs
[2023-07-19T18:44:58.015+0000] {logging_mixin.py:150} INFO - [2023-07-19T18:44:58.015+0000] {dag.py:3508} INFO - Setting next_dagrun for example_python_operator to None, run_after=None
[2023-07-19T18:44:58.066+0000] {processor.py:179} INFO - Processing /home/airflow/.local/lib/python3.7/site-packages/airflow/example_dags/example_python_operator.py took 0.241 seconds
[2023-07-19T18:45:28.439+0000] {processor.py:157} INFO - Started process (PID=426) to work on /home/airflow/.local/lib/python3.7/site-packages/airflow/example_dags/example_python_operator.py
[2023-07-19T18:45:28.447+0000] {processor.py:826} INFO - Processing file /home/airflow/.local/lib/python3.7/site-packages/airflow/example_dags/example_python_operator.py for tasks to queue
[2023-07-19T18:45:28.453+0000] {logging_mixin.py:150} INFO - [2023-07-19T18:45:28.453+0000] {dagbag.py:541} INFO - Filling up the DagBag from /home/airflow/.local/lib/python3.7/site-packages/airflow/example_dags/example_python_operator.py
[2023-07-19T18:45:28.489+0000] {processor.py:836} INFO - DAG(s) dict_keys(['example_python_operator']) retrieved from /home/airflow/.local/lib/python3.7/site-packages/airflow/example_dags/example_python_operator.py
[2023-07-19T18:45:28.530+0000] {logging_mixin.py:150} INFO - [2023-07-19T18:45:28.530+0000] {dag.py:2742} INFO - Sync 1 DAGs
[2023-07-19T18:45:28.565+0000] {logging_mixin.py:150} INFO - [2023-07-19T18:45:28.565+0000] {dag.py:3508} INFO - Setting next_dagrun for example_python_operator to None, run_after=None
[2023-07-19T18:45:28.594+0000] {processor.py:179} INFO - Processing /home/airflow/.local/lib/python3.7/site-packages/airflow/example_dags/example_python_operator.py took 0.161 seconds
[2023-07-19T18:45:58.827+0000] {processor.py:157} INFO - Started process (PID=485) to work on /home/airflow/.local/lib/python3.7/site-packages/airflow/example_dags/example_python_operator.py
[2023-07-19T18:45:58.834+0000] {processor.py:826} INFO - Processing file /home/airflow/.local/lib/python3.7/site-packages/airflow/example_dags/example_python_operator.py for tasks to queue
[2023-07-19T18:45:58.839+0000] {logging_mixin.py:150} INFO - [2023-07-19T18:45:58.838+0000] {dagbag.py:541} INFO - Filling up the DagBag from /home/airflow/.local/lib/python3.7/site-packages/airflow/example_dags/example_python_operator.py
[2023-07-19T18:45:58.878+0000] {processor.py:836} INFO - DAG(s) dict_keys(['example_python_operator']) retrieved from /home/airflow/.local/lib/python3.7/site-packages/airflow/example_dags/example_python_operator.py
[2023-07-19T18:45:58.962+0000] {logging_mixin.py:150} INFO - [2023-07-19T18:45:58.962+0000] {dag.py:2742} INFO - Sync 1 DAGs
[2023-07-19T18:45:59.023+0000] {logging_mixin.py:150} INFO - [2023-07-19T18:45:59.023+0000] {dag.py:3508} INFO - Setting next_dagrun for example_python_operator to None, run_after=None
[2023-07-19T18:45:59.054+0000] {processor.py:179} INFO - Processing /home/airflow/.local/lib/python3.7/site-packages/airflow/example_dags/example_python_operator.py took 0.239 seconds
[2023-07-19T18:46:29.972+0000] {processor.py:157} INFO - Started process (PID=544) to work on /home/airflow/.local/lib/python3.7/site-packages/airflow/example_dags/example_python_operator.py
[2023-07-19T18:46:29.978+0000] {processor.py:826} INFO - Processing file /home/airflow/.local/lib/python3.7/site-packages/airflow/example_dags/example_python_operator.py for tasks to queue
[2023-07-19T18:46:29.983+0000] {logging_mixin.py:150} INFO - [2023-07-19T18:46:29.982+0000] {dagbag.py:541} INFO - Filling up the DagBag from /home/airflow/.local/lib/python3.7/site-packages/airflow/example_dags/example_python_operator.py
[2023-07-19T18:46:30.013+0000] {processor.py:836} INFO - DAG(s) dict_keys(['example_python_operator']) retrieved from /home/airflow/.local/lib/python3.7/site-packages/airflow/example_dags/example_python_operator.py
[2023-07-19T18:46:30.091+0000] {logging_mixin.py:150} INFO - [2023-07-19T18:46:30.091+0000] {dag.py:2742} INFO - Sync 1 DAGs
[2023-07-19T18:46:30.140+0000] {logging_mixin.py:150} INFO - [2023-07-19T18:46:30.140+0000] {dag.py:3508} INFO - Setting next_dagrun for example_python_operator to None, run_after=None
[2023-07-19T18:46:30.192+0000] {processor.py:179} INFO - Processing /home/airflow/.local/lib/python3.7/site-packages/airflow/example_dags/example_python_operator.py took 0.232 seconds
[2023-07-19T18:47:06.959+0000] {processor.py:157} INFO - Started process (PID=604) to work on /home/airflow/.local/lib/python3.7/site-packages/airflow/example_dags/example_python_operator.py
[2023-07-19T18:47:06.980+0000] {processor.py:826} INFO - Processing file /home/airflow/.local/lib/python3.7/site-packages/airflow/example_dags/example_python_operator.py for tasks to queue
[2023-07-19T18:47:07.012+0000] {logging_mixin.py:150} INFO - [2023-07-19T18:47:07.011+0000] {dagbag.py:541} INFO - Filling up the DagBag from /home/airflow/.local/lib/python3.7/site-packages/airflow/example_dags/example_python_operator.py
[2023-07-19T18:47:07.127+0000] {processor.py:836} INFO - DAG(s) dict_keys(['example_python_operator']) retrieved from /home/airflow/.local/lib/python3.7/site-packages/airflow/example_dags/example_python_operator.py
[2023-07-19T18:47:07.447+0000] {logging_mixin.py:150} INFO - [2023-07-19T18:47:07.443+0000] {dag.py:2742} INFO - Sync 1 DAGs
[2023-07-19T18:47:07.502+0000] {logging_mixin.py:150} INFO - [2023-07-19T18:47:07.501+0000] {dag.py:3508} INFO - Setting next_dagrun for example_python_operator to None, run_after=None
[2023-07-19T18:47:07.872+0000] {processor.py:179} INFO - Processing /home/airflow/.local/lib/python3.7/site-packages/airflow/example_dags/example_python_operator.py took 0.949 seconds
[2023-07-19T18:47:38.723+0000] {processor.py:157} INFO - Started process (PID=663) to work on /home/airflow/.local/lib/python3.7/site-packages/airflow/example_dags/example_python_operator.py
[2023-07-19T18:47:38.738+0000] {processor.py:826} INFO - Processing file /home/airflow/.local/lib/python3.7/site-packages/airflow/example_dags/example_python_operator.py for tasks to queue
[2023-07-19T18:47:38.808+0000] {logging_mixin.py:150} INFO - [2023-07-19T18:47:38.806+0000] {dagbag.py:541} INFO - Filling up the DagBag from /home/airflow/.local/lib/python3.7/site-packages/airflow/example_dags/example_python_operator.py
[2023-07-19T18:47:38.919+0000] {processor.py:836} INFO - DAG(s) dict_keys(['example_python_operator']) retrieved from /home/airflow/.local/lib/python3.7/site-packages/airflow/example_dags/example_python_operator.py
[2023-07-19T18:47:39.070+0000] {logging_mixin.py:150} INFO - [2023-07-19T18:47:39.070+0000] {dag.py:2742} INFO - Sync 1 DAGs
[2023-07-19T18:47:39.123+0000] {logging_mixin.py:150} INFO - [2023-07-19T18:47:39.123+0000] {dag.py:3508} INFO - Setting next_dagrun for example_python_operator to None, run_after=None
[2023-07-19T18:47:39.165+0000] {processor.py:179} INFO - Processing /home/airflow/.local/lib/python3.7/site-packages/airflow/example_dags/example_python_operator.py took 0.466 seconds
[2023-07-19T18:48:09.413+0000] {processor.py:157} INFO - Started process (PID=722) to work on /home/airflow/.local/lib/python3.7/site-packages/airflow/example_dags/example_python_operator.py
[2023-07-19T18:48:09.432+0000] {processor.py:826} INFO - Processing file /home/airflow/.local/lib/python3.7/site-packages/airflow/example_dags/example_python_operator.py for tasks to queue
[2023-07-19T18:48:09.491+0000] {logging_mixin.py:150} INFO - [2023-07-19T18:48:09.470+0000] {dagbag.py:541} INFO - Filling up the DagBag from /home/airflow/.local/lib/python3.7/site-packages/airflow/example_dags/example_python_operator.py
[2023-07-19T18:48:09.584+0000] {processor.py:836} INFO - DAG(s) dict_keys(['example_python_operator']) retrieved from /home/airflow/.local/lib/python3.7/site-packages/airflow/example_dags/example_python_operator.py
[2023-07-19T18:48:09.769+0000] {logging_mixin.py:150} INFO - [2023-07-19T18:48:09.768+0000] {dag.py:2742} INFO - Sync 1 DAGs
[2023-07-19T18:48:09.916+0000] {logging_mixin.py:150} INFO - [2023-07-19T18:48:09.916+0000] {dag.py:3508} INFO - Setting next_dagrun for example_python_operator to None, run_after=None
[2023-07-19T18:48:09.971+0000] {processor.py:179} INFO - Processing /home/airflow/.local/lib/python3.7/site-packages/airflow/example_dags/example_python_operator.py took 0.588 seconds
[2023-07-19T18:48:42.941+0000] {processor.py:157} INFO - Started process (PID=780) to work on /home/airflow/.local/lib/python3.7/site-packages/airflow/example_dags/example_python_operator.py
[2023-07-19T18:48:42.946+0000] {processor.py:826} INFO - Processing file /home/airflow/.local/lib/python3.7/site-packages/airflow/example_dags/example_python_operator.py for tasks to queue
[2023-07-19T18:48:42.950+0000] {logging_mixin.py:150} INFO - [2023-07-19T18:48:42.949+0000] {dagbag.py:541} INFO - Filling up the DagBag from /home/airflow/.local/lib/python3.7/site-packages/airflow/example_dags/example_python_operator.py
[2023-07-19T18:48:42.989+0000] {processor.py:836} INFO - DAG(s) dict_keys(['example_python_operator']) retrieved from /home/airflow/.local/lib/python3.7/site-packages/airflow/example_dags/example_python_operator.py
[2023-07-19T18:48:43.041+0000] {logging_mixin.py:150} INFO - [2023-07-19T18:48:43.039+0000] {dag.py:2742} INFO - Sync 1 DAGs
[2023-07-19T18:48:43.101+0000] {logging_mixin.py:150} INFO - [2023-07-19T18:48:43.101+0000] {dag.py:3508} INFO - Setting next_dagrun for example_python_operator to None, run_after=None
[2023-07-19T18:48:43.151+0000] {processor.py:179} INFO - Processing /home/airflow/.local/lib/python3.7/site-packages/airflow/example_dags/example_python_operator.py took 0.220 seconds
[2023-07-19T18:49:13.614+0000] {processor.py:157} INFO - Started process (PID=840) to work on /home/airflow/.local/lib/python3.7/site-packages/airflow/example_dags/example_python_operator.py
[2023-07-19T18:49:13.646+0000] {processor.py:826} INFO - Processing file /home/airflow/.local/lib/python3.7/site-packages/airflow/example_dags/example_python_operator.py for tasks to queue
[2023-07-19T18:49:13.654+0000] {logging_mixin.py:150} INFO - [2023-07-19T18:49:13.653+0000] {dagbag.py:541} INFO - Filling up the DagBag from /home/airflow/.local/lib/python3.7/site-packages/airflow/example_dags/example_python_operator.py
[2023-07-19T18:49:13.704+0000] {processor.py:836} INFO - DAG(s) dict_keys(['example_python_operator']) retrieved from /home/airflow/.local/lib/python3.7/site-packages/airflow/example_dags/example_python_operator.py
[2023-07-19T18:49:13.792+0000] {logging_mixin.py:150} INFO - [2023-07-19T18:49:13.792+0000] {dag.py:2742} INFO - Sync 1 DAGs
[2023-07-19T18:49:13.896+0000] {logging_mixin.py:150} INFO - [2023-07-19T18:49:13.895+0000] {dag.py:3508} INFO - Setting next_dagrun for example_python_operator to None, run_after=None
[2023-07-19T18:49:13.984+0000] {processor.py:179} INFO - Processing /home/airflow/.local/lib/python3.7/site-packages/airflow/example_dags/example_python_operator.py took 0.392 seconds
[2023-07-19T18:49:44.727+0000] {processor.py:157} INFO - Started process (PID=899) to work on /home/airflow/.local/lib/python3.7/site-packages/airflow/example_dags/example_python_operator.py
[2023-07-19T18:49:44.730+0000] {processor.py:826} INFO - Processing file /home/airflow/.local/lib/python3.7/site-packages/airflow/example_dags/example_python_operator.py for tasks to queue
[2023-07-19T18:49:44.732+0000] {logging_mixin.py:150} INFO - [2023-07-19T18:49:44.732+0000] {dagbag.py:541} INFO - Filling up the DagBag from /home/airflow/.local/lib/python3.7/site-packages/airflow/example_dags/example_python_operator.py
[2023-07-19T18:49:44.747+0000] {processor.py:836} INFO - DAG(s) dict_keys(['example_python_operator']) retrieved from /home/airflow/.local/lib/python3.7/site-packages/airflow/example_dags/example_python_operator.py
[2023-07-19T18:49:44.774+0000] {logging_mixin.py:150} INFO - [2023-07-19T18:49:44.774+0000] {dag.py:2742} INFO - Sync 1 DAGs
[2023-07-19T18:49:44.797+0000] {logging_mixin.py:150} INFO - [2023-07-19T18:49:44.796+0000] {dag.py:3508} INFO - Setting next_dagrun for example_python_operator to None, run_after=None
[2023-07-19T18:49:44.817+0000] {processor.py:179} INFO - Processing /home/airflow/.local/lib/python3.7/site-packages/airflow/example_dags/example_python_operator.py took 0.095 seconds
[2023-07-19T18:50:15.221+0000] {processor.py:157} INFO - Started process (PID=958) to work on /home/airflow/.local/lib/python3.7/site-packages/airflow/example_dags/example_python_operator.py
[2023-07-19T18:50:15.225+0000] {processor.py:826} INFO - Processing file /home/airflow/.local/lib/python3.7/site-packages/airflow/example_dags/example_python_operator.py for tasks to queue
[2023-07-19T18:50:15.228+0000] {logging_mixin.py:150} INFO - [2023-07-19T18:50:15.228+0000] {dagbag.py:541} INFO - Filling up the DagBag from /home/airflow/.local/lib/python3.7/site-packages/airflow/example_dags/example_python_operator.py
[2023-07-19T18:50:15.244+0000] {processor.py:836} INFO - DAG(s) dict_keys(['example_python_operator']) retrieved from /home/airflow/.local/lib/python3.7/site-packages/airflow/example_dags/example_python_operator.py
[2023-07-19T18:50:15.271+0000] {logging_mixin.py:150} INFO - [2023-07-19T18:50:15.271+0000] {dag.py:2742} INFO - Sync 1 DAGs
[2023-07-19T18:50:15.290+0000] {logging_mixin.py:150} INFO - [2023-07-19T18:50:15.290+0000] {dag.py:3508} INFO - Setting next_dagrun for example_python_operator to None, run_after=None
[2023-07-19T18:50:15.307+0000] {processor.py:179} INFO - Processing /home/airflow/.local/lib/python3.7/site-packages/airflow/example_dags/example_python_operator.py took 0.092 seconds
[2023-07-19T18:50:46.570+0000] {processor.py:157} INFO - Started process (PID=1017) to work on /home/airflow/.local/lib/python3.7/site-packages/airflow/example_dags/example_python_operator.py
[2023-07-19T18:50:46.574+0000] {processor.py:826} INFO - Processing file /home/airflow/.local/lib/python3.7/site-packages/airflow/example_dags/example_python_operator.py for tasks to queue
[2023-07-19T18:50:46.578+0000] {logging_mixin.py:150} INFO - [2023-07-19T18:50:46.577+0000] {dagbag.py:541} INFO - Filling up the DagBag from /home/airflow/.local/lib/python3.7/site-packages/airflow/example_dags/example_python_operator.py
[2023-07-19T18:50:46.600+0000] {processor.py:836} INFO - DAG(s) dict_keys(['example_python_operator']) retrieved from /home/airflow/.local/lib/python3.7/site-packages/airflow/example_dags/example_python_operator.py
[2023-07-19T18:50:46.636+0000] {logging_mixin.py:150} INFO - [2023-07-19T18:50:46.635+0000] {dag.py:2742} INFO - Sync 1 DAGs
[2023-07-19T18:50:46.664+0000] {logging_mixin.py:150} INFO - [2023-07-19T18:50:46.664+0000] {dag.py:3508} INFO - Setting next_dagrun for example_python_operator to None, run_after=None
[2023-07-19T18:50:46.680+0000] {processor.py:179} INFO - Processing /home/airflow/.local/lib/python3.7/site-packages/airflow/example_dags/example_python_operator.py took 0.117 seconds
[2023-07-19T18:51:16.763+0000] {processor.py:157} INFO - Started process (PID=1076) to work on /home/airflow/.local/lib/python3.7/site-packages/airflow/example_dags/example_python_operator.py
[2023-07-19T18:51:16.765+0000] {processor.py:826} INFO - Processing file /home/airflow/.local/lib/python3.7/site-packages/airflow/example_dags/example_python_operator.py for tasks to queue
[2023-07-19T18:51:16.767+0000] {logging_mixin.py:150} INFO - [2023-07-19T18:51:16.767+0000] {dagbag.py:541} INFO - Filling up the DagBag from /home/airflow/.local/lib/python3.7/site-packages/airflow/example_dags/example_python_operator.py
[2023-07-19T18:51:16.778+0000] {processor.py:836} INFO - DAG(s) dict_keys(['example_python_operator']) retrieved from /home/airflow/.local/lib/python3.7/site-packages/airflow/example_dags/example_python_operator.py
[2023-07-19T18:51:16.808+0000] {logging_mixin.py:150} INFO - [2023-07-19T18:51:16.808+0000] {dag.py:2742} INFO - Sync 1 DAGs
[2023-07-19T18:51:16.829+0000] {logging_mixin.py:150} INFO - [2023-07-19T18:51:16.829+0000] {dag.py:3508} INFO - Setting next_dagrun for example_python_operator to None, run_after=None
[2023-07-19T18:51:16.842+0000] {processor.py:179} INFO - Processing /home/airflow/.local/lib/python3.7/site-packages/airflow/example_dags/example_python_operator.py took 0.083 seconds
[2023-07-19T18:51:48.115+0000] {processor.py:157} INFO - Started process (PID=1143) to work on /home/airflow/.local/lib/python3.7/site-packages/airflow/example_dags/example_python_operator.py
[2023-07-19T18:51:48.117+0000] {processor.py:826} INFO - Processing file /home/airflow/.local/lib/python3.7/site-packages/airflow/example_dags/example_python_operator.py for tasks to queue
[2023-07-19T18:51:48.119+0000] {logging_mixin.py:150} INFO - [2023-07-19T18:51:48.119+0000] {dagbag.py:541} INFO - Filling up the DagBag from /home/airflow/.local/lib/python3.7/site-packages/airflow/example_dags/example_python_operator.py
[2023-07-19T18:51:48.136+0000] {processor.py:836} INFO - DAG(s) dict_keys(['example_python_operator']) retrieved from /home/airflow/.local/lib/python3.7/site-packages/airflow/example_dags/example_python_operator.py
[2023-07-19T18:51:48.169+0000] {logging_mixin.py:150} INFO - [2023-07-19T18:51:48.169+0000] {dag.py:2742} INFO - Sync 1 DAGs
[2023-07-19T18:51:48.195+0000] {logging_mixin.py:150} INFO - [2023-07-19T18:51:48.195+0000] {dag.py:3508} INFO - Setting next_dagrun for example_python_operator to None, run_after=None
[2023-07-19T18:51:48.220+0000] {processor.py:179} INFO - Processing /home/airflow/.local/lib/python3.7/site-packages/airflow/example_dags/example_python_operator.py took 0.108 seconds
[2023-07-19T18:52:19.274+0000] {processor.py:157} INFO - Started process (PID=1203) to work on /home/airflow/.local/lib/python3.7/site-packages/airflow/example_dags/example_python_operator.py
[2023-07-19T18:52:19.277+0000] {processor.py:826} INFO - Processing file /home/airflow/.local/lib/python3.7/site-packages/airflow/example_dags/example_python_operator.py for tasks to queue
[2023-07-19T18:52:19.280+0000] {logging_mixin.py:150} INFO - [2023-07-19T18:52:19.279+0000] {dagbag.py:541} INFO - Filling up the DagBag from /home/airflow/.local/lib/python3.7/site-packages/airflow/example_dags/example_python_operator.py
[2023-07-19T18:52:19.292+0000] {processor.py:836} INFO - DAG(s) dict_keys(['example_python_operator']) retrieved from /home/airflow/.local/lib/python3.7/site-packages/airflow/example_dags/example_python_operator.py
[2023-07-19T18:52:19.329+0000] {logging_mixin.py:150} INFO - [2023-07-19T18:52:19.328+0000] {dag.py:2742} INFO - Sync 1 DAGs
[2023-07-19T18:52:19.357+0000] {logging_mixin.py:150} INFO - [2023-07-19T18:52:19.357+0000] {dag.py:3508} INFO - Setting next_dagrun for example_python_operator to None, run_after=None
[2023-07-19T18:52:19.376+0000] {processor.py:179} INFO - Processing /home/airflow/.local/lib/python3.7/site-packages/airflow/example_dags/example_python_operator.py took 0.106 seconds
[2023-07-19T18:52:50.403+0000] {processor.py:157} INFO - Started process (PID=1262) to work on /home/airflow/.local/lib/python3.7/site-packages/airflow/example_dags/example_python_operator.py
[2023-07-19T18:52:50.408+0000] {processor.py:826} INFO - Processing file /home/airflow/.local/lib/python3.7/site-packages/airflow/example_dags/example_python_operator.py for tasks to queue
[2023-07-19T18:52:50.412+0000] {logging_mixin.py:150} INFO - [2023-07-19T18:52:50.411+0000] {dagbag.py:541} INFO - Filling up the DagBag from /home/airflow/.local/lib/python3.7/site-packages/airflow/example_dags/example_python_operator.py
[2023-07-19T18:52:50.425+0000] {processor.py:836} INFO - DAG(s) dict_keys(['example_python_operator']) retrieved from /home/airflow/.local/lib/python3.7/site-packages/airflow/example_dags/example_python_operator.py
[2023-07-19T18:52:50.459+0000] {logging_mixin.py:150} INFO - [2023-07-19T18:52:50.459+0000] {dag.py:2742} INFO - Sync 1 DAGs
[2023-07-19T18:52:50.482+0000] {logging_mixin.py:150} INFO - [2023-07-19T18:52:50.482+0000] {dag.py:3508} INFO - Setting next_dagrun for example_python_operator to None, run_after=None
[2023-07-19T18:52:50.501+0000] {processor.py:179} INFO - Processing /home/airflow/.local/lib/python3.7/site-packages/airflow/example_dags/example_python_operator.py took 0.106 seconds
[2023-07-19T18:53:20.612+0000] {processor.py:157} INFO - Started process (PID=1321) to work on /home/airflow/.local/lib/python3.7/site-packages/airflow/example_dags/example_python_operator.py
[2023-07-19T18:53:20.616+0000] {processor.py:826} INFO - Processing file /home/airflow/.local/lib/python3.7/site-packages/airflow/example_dags/example_python_operator.py for tasks to queue
[2023-07-19T18:53:20.618+0000] {logging_mixin.py:150} INFO - [2023-07-19T18:53:20.618+0000] {dagbag.py:541} INFO - Filling up the DagBag from /home/airflow/.local/lib/python3.7/site-packages/airflow/example_dags/example_python_operator.py
[2023-07-19T18:53:20.631+0000] {processor.py:836} INFO - DAG(s) dict_keys(['example_python_operator']) retrieved from /home/airflow/.local/lib/python3.7/site-packages/airflow/example_dags/example_python_operator.py
[2023-07-19T18:53:20.657+0000] {logging_mixin.py:150} INFO - [2023-07-19T18:53:20.657+0000] {dag.py:2742} INFO - Sync 1 DAGs
[2023-07-19T18:53:20.676+0000] {logging_mixin.py:150} INFO - [2023-07-19T18:53:20.676+0000] {dag.py:3508} INFO - Setting next_dagrun for example_python_operator to None, run_after=None
[2023-07-19T18:53:20.690+0000] {processor.py:179} INFO - Processing /home/airflow/.local/lib/python3.7/site-packages/airflow/example_dags/example_python_operator.py took 0.080 seconds
[2023-07-19T18:53:51.540+0000] {processor.py:157} INFO - Started process (PID=1379) to work on /home/airflow/.local/lib/python3.7/site-packages/airflow/example_dags/example_python_operator.py
[2023-07-19T18:53:51.547+0000] {processor.py:826} INFO - Processing file /home/airflow/.local/lib/python3.7/site-packages/airflow/example_dags/example_python_operator.py for tasks to queue
[2023-07-19T18:53:51.550+0000] {logging_mixin.py:150} INFO - [2023-07-19T18:53:51.550+0000] {dagbag.py:541} INFO - Filling up the DagBag from /home/airflow/.local/lib/python3.7/site-packages/airflow/example_dags/example_python_operator.py
[2023-07-19T18:53:51.610+0000] {processor.py:836} INFO - DAG(s) dict_keys(['example_python_operator']) retrieved from /home/airflow/.local/lib/python3.7/site-packages/airflow/example_dags/example_python_operator.py
[2023-07-19T18:53:51.654+0000] {logging_mixin.py:150} INFO - [2023-07-19T18:53:51.654+0000] {dag.py:2742} INFO - Sync 1 DAGs
[2023-07-19T18:53:51.683+0000] {logging_mixin.py:150} INFO - [2023-07-19T18:53:51.683+0000] {dag.py:3508} INFO - Setting next_dagrun for example_python_operator to None, run_after=None
[2023-07-19T18:53:51.715+0000] {processor.py:179} INFO - Processing /home/airflow/.local/lib/python3.7/site-packages/airflow/example_dags/example_python_operator.py took 0.181 seconds
[2023-07-19T18:54:22.584+0000] {processor.py:157} INFO - Started process (PID=1438) to work on /home/airflow/.local/lib/python3.7/site-packages/airflow/example_dags/example_python_operator.py
[2023-07-19T18:54:22.587+0000] {processor.py:826} INFO - Processing file /home/airflow/.local/lib/python3.7/site-packages/airflow/example_dags/example_python_operator.py for tasks to queue
[2023-07-19T18:54:22.590+0000] {logging_mixin.py:150} INFO - [2023-07-19T18:54:22.589+0000] {dagbag.py:541} INFO - Filling up the DagBag from /home/airflow/.local/lib/python3.7/site-packages/airflow/example_dags/example_python_operator.py
[2023-07-19T18:54:22.607+0000] {processor.py:836} INFO - DAG(s) dict_keys(['example_python_operator']) retrieved from /home/airflow/.local/lib/python3.7/site-packages/airflow/example_dags/example_python_operator.py
[2023-07-19T18:54:22.648+0000] {logging_mixin.py:150} INFO - [2023-07-19T18:54:22.648+0000] {dag.py:2742} INFO - Sync 1 DAGs
[2023-07-19T18:54:22.678+0000] {logging_mixin.py:150} INFO - [2023-07-19T18:54:22.678+0000] {dag.py:3508} INFO - Setting next_dagrun for example_python_operator to None, run_after=None
[2023-07-19T18:54:22.702+0000] {processor.py:179} INFO - Processing /home/airflow/.local/lib/python3.7/site-packages/airflow/example_dags/example_python_operator.py took 0.122 seconds
