[2023-07-19T18:42:19.015+0000] {processor.py:157} INFO - Started process (PID=43) to work on /home/airflow/.local/lib/python3.7/site-packages/airflow/example_dags/example_xcomargs.py
[2023-07-19T18:42:19.021+0000] {processor.py:826} INFO - Processing file /home/airflow/.local/lib/python3.7/site-packages/airflow/example_dags/example_xcomargs.py for tasks to queue
[2023-07-19T18:42:19.033+0000] {logging_mixin.py:150} INFO - [2023-07-19T18:42:19.031+0000] {dagbag.py:541} INFO - Filling up the DagBag from /home/airflow/.local/lib/python3.7/site-packages/airflow/example_dags/example_xcomargs.py
[2023-07-19T18:42:19.062+0000] {processor.py:836} INFO - DAG(s) dict_keys(['example_xcom_args_with_operators', 'example_xcom_args']) retrieved from /home/airflow/.local/lib/python3.7/site-packages/airflow/example_dags/example_xcomargs.py
[2023-07-19T18:42:19.093+0000] {logging_mixin.py:150} INFO - [2023-07-19T18:42:19.093+0000] {dag.py:2742} INFO - Sync 2 DAGs
[2023-07-19T18:42:19.126+0000] {logging_mixin.py:150} INFO - [2023-07-19T18:42:19.125+0000] {dag.py:3508} INFO - Setting next_dagrun for example_xcom_args to None, run_after=None
[2023-07-19T18:42:19.132+0000] {logging_mixin.py:150} INFO - [2023-07-19T18:42:19.132+0000] {dag.py:3508} INFO - Setting next_dagrun for example_xcom_args_with_operators to None, run_after=None
[2023-07-19T18:42:19.153+0000] {processor.py:179} INFO - Processing /home/airflow/.local/lib/python3.7/site-packages/airflow/example_dags/example_xcomargs.py took 0.143 seconds
[2023-07-19T18:42:49.811+0000] {processor.py:157} INFO - Started process (PID=103) to work on /home/airflow/.local/lib/python3.7/site-packages/airflow/example_dags/example_xcomargs.py
[2023-07-19T18:42:49.815+0000] {processor.py:826} INFO - Processing file /home/airflow/.local/lib/python3.7/site-packages/airflow/example_dags/example_xcomargs.py for tasks to queue
[2023-07-19T18:42:49.817+0000] {logging_mixin.py:150} INFO - [2023-07-19T18:42:49.816+0000] {dagbag.py:541} INFO - Filling up the DagBag from /home/airflow/.local/lib/python3.7/site-packages/airflow/example_dags/example_xcomargs.py
[2023-07-19T18:42:49.825+0000] {processor.py:836} INFO - DAG(s) dict_keys(['example_xcom_args', 'example_xcom_args_with_operators']) retrieved from /home/airflow/.local/lib/python3.7/site-packages/airflow/example_dags/example_xcomargs.py
[2023-07-19T18:42:49.848+0000] {logging_mixin.py:150} INFO - [2023-07-19T18:42:49.848+0000] {dag.py:2742} INFO - Sync 2 DAGs
[2023-07-19T18:42:49.868+0000] {logging_mixin.py:150} INFO - [2023-07-19T18:42:49.867+0000] {dag.py:3508} INFO - Setting next_dagrun for example_xcom_args to None, run_after=None
[2023-07-19T18:42:49.871+0000] {logging_mixin.py:150} INFO - [2023-07-19T18:42:49.871+0000] {dag.py:3508} INFO - Setting next_dagrun for example_xcom_args_with_operators to None, run_after=None
[2023-07-19T18:42:49.884+0000] {processor.py:179} INFO - Processing /home/airflow/.local/lib/python3.7/site-packages/airflow/example_dags/example_xcomargs.py took 0.076 seconds
[2023-07-19T18:43:20.700+0000] {processor.py:157} INFO - Started process (PID=162) to work on /home/airflow/.local/lib/python3.7/site-packages/airflow/example_dags/example_xcomargs.py
[2023-07-19T18:43:20.703+0000] {processor.py:826} INFO - Processing file /home/airflow/.local/lib/python3.7/site-packages/airflow/example_dags/example_xcomargs.py for tasks to queue
[2023-07-19T18:43:20.705+0000] {logging_mixin.py:150} INFO - [2023-07-19T18:43:20.705+0000] {dagbag.py:541} INFO - Filling up the DagBag from /home/airflow/.local/lib/python3.7/site-packages/airflow/example_dags/example_xcomargs.py
[2023-07-19T18:43:20.718+0000] {processor.py:836} INFO - DAG(s) dict_keys(['example_xcom_args_with_operators', 'example_xcom_args']) retrieved from /home/airflow/.local/lib/python3.7/site-packages/airflow/example_dags/example_xcomargs.py
[2023-07-19T18:43:20.759+0000] {logging_mixin.py:150} INFO - [2023-07-19T18:43:20.758+0000] {dag.py:2742} INFO - Sync 2 DAGs
[2023-07-19T18:43:20.784+0000] {logging_mixin.py:150} INFO - [2023-07-19T18:43:20.783+0000] {dag.py:3508} INFO - Setting next_dagrun for example_xcom_args to None, run_after=None
[2023-07-19T18:43:20.791+0000] {logging_mixin.py:150} INFO - [2023-07-19T18:43:20.790+0000] {dag.py:3508} INFO - Setting next_dagrun for example_xcom_args_with_operators to None, run_after=None
[2023-07-19T18:43:20.809+0000] {processor.py:179} INFO - Processing /home/airflow/.local/lib/python3.7/site-packages/airflow/example_dags/example_xcomargs.py took 0.116 seconds
[2023-07-19T18:43:51.072+0000] {processor.py:157} INFO - Started process (PID=220) to work on /home/airflow/.local/lib/python3.7/site-packages/airflow/example_dags/example_xcomargs.py
[2023-07-19T18:43:51.076+0000] {processor.py:826} INFO - Processing file /home/airflow/.local/lib/python3.7/site-packages/airflow/example_dags/example_xcomargs.py for tasks to queue
[2023-07-19T18:43:51.081+0000] {logging_mixin.py:150} INFO - [2023-07-19T18:43:51.080+0000] {dagbag.py:541} INFO - Filling up the DagBag from /home/airflow/.local/lib/python3.7/site-packages/airflow/example_dags/example_xcomargs.py
[2023-07-19T18:43:51.093+0000] {processor.py:836} INFO - DAG(s) dict_keys(['example_xcom_args', 'example_xcom_args_with_operators']) retrieved from /home/airflow/.local/lib/python3.7/site-packages/airflow/example_dags/example_xcomargs.py
[2023-07-19T18:43:51.123+0000] {logging_mixin.py:150} INFO - [2023-07-19T18:43:51.123+0000] {dag.py:2742} INFO - Sync 2 DAGs
[2023-07-19T18:43:51.143+0000] {logging_mixin.py:150} INFO - [2023-07-19T18:43:51.143+0000] {dag.py:3508} INFO - Setting next_dagrun for example_xcom_args to None, run_after=None
[2023-07-19T18:43:51.147+0000] {logging_mixin.py:150} INFO - [2023-07-19T18:43:51.147+0000] {dag.py:3508} INFO - Setting next_dagrun for example_xcom_args_with_operators to None, run_after=None
[2023-07-19T18:43:51.162+0000] {processor.py:179} INFO - Processing /home/airflow/.local/lib/python3.7/site-packages/airflow/example_dags/example_xcomargs.py took 0.097 seconds
[2023-07-19T18:44:21.748+0000] {processor.py:157} INFO - Started process (PID=279) to work on /home/airflow/.local/lib/python3.7/site-packages/airflow/example_dags/example_xcomargs.py
[2023-07-19T18:44:21.757+0000] {processor.py:826} INFO - Processing file /home/airflow/.local/lib/python3.7/site-packages/airflow/example_dags/example_xcomargs.py for tasks to queue
[2023-07-19T18:44:21.768+0000] {logging_mixin.py:150} INFO - [2023-07-19T18:44:21.764+0000] {dagbag.py:541} INFO - Filling up the DagBag from /home/airflow/.local/lib/python3.7/site-packages/airflow/example_dags/example_xcomargs.py
[2023-07-19T18:44:21.843+0000] {processor.py:836} INFO - DAG(s) dict_keys(['example_xcom_args', 'example_xcom_args_with_operators']) retrieved from /home/airflow/.local/lib/python3.7/site-packages/airflow/example_dags/example_xcomargs.py
[2023-07-19T18:44:22.060+0000] {logging_mixin.py:150} INFO - [2023-07-19T18:44:22.059+0000] {dag.py:2742} INFO - Sync 2 DAGs
[2023-07-19T18:44:22.150+0000] {logging_mixin.py:150} INFO - [2023-07-19T18:44:22.150+0000] {dag.py:3508} INFO - Setting next_dagrun for example_xcom_args to None, run_after=None
[2023-07-19T18:44:22.159+0000] {logging_mixin.py:150} INFO - [2023-07-19T18:44:22.158+0000] {dag.py:3508} INFO - Setting next_dagrun for example_xcom_args_with_operators to None, run_after=None
[2023-07-19T18:44:22.188+0000] {processor.py:179} INFO - Processing /home/airflow/.local/lib/python3.7/site-packages/airflow/example_dags/example_xcomargs.py took 0.455 seconds
[2023-07-19T18:44:52.450+0000] {processor.py:157} INFO - Started process (PID=337) to work on /home/airflow/.local/lib/python3.7/site-packages/airflow/example_dags/example_xcomargs.py
[2023-07-19T18:44:52.452+0000] {processor.py:826} INFO - Processing file /home/airflow/.local/lib/python3.7/site-packages/airflow/example_dags/example_xcomargs.py for tasks to queue
[2023-07-19T18:44:52.455+0000] {logging_mixin.py:150} INFO - [2023-07-19T18:44:52.454+0000] {dagbag.py:541} INFO - Filling up the DagBag from /home/airflow/.local/lib/python3.7/site-packages/airflow/example_dags/example_xcomargs.py
[2023-07-19T18:44:52.465+0000] {processor.py:836} INFO - DAG(s) dict_keys(['example_xcom_args', 'example_xcom_args_with_operators']) retrieved from /home/airflow/.local/lib/python3.7/site-packages/airflow/example_dags/example_xcomargs.py
[2023-07-19T18:44:52.504+0000] {logging_mixin.py:150} INFO - [2023-07-19T18:44:52.504+0000] {dag.py:2742} INFO - Sync 2 DAGs
[2023-07-19T18:44:52.535+0000] {logging_mixin.py:150} INFO - [2023-07-19T18:44:52.535+0000] {dag.py:3508} INFO - Setting next_dagrun for example_xcom_args to None, run_after=None
[2023-07-19T18:44:52.540+0000] {logging_mixin.py:150} INFO - [2023-07-19T18:44:52.540+0000] {dag.py:3508} INFO - Setting next_dagrun for example_xcom_args_with_operators to None, run_after=None
[2023-07-19T18:44:52.566+0000] {processor.py:179} INFO - Processing /home/airflow/.local/lib/python3.7/site-packages/airflow/example_dags/example_xcomargs.py took 0.119 seconds
[2023-07-19T18:45:23.280+0000] {processor.py:157} INFO - Started process (PID=396) to work on /home/airflow/.local/lib/python3.7/site-packages/airflow/example_dags/example_xcomargs.py
[2023-07-19T18:45:23.283+0000] {processor.py:826} INFO - Processing file /home/airflow/.local/lib/python3.7/site-packages/airflow/example_dags/example_xcomargs.py for tasks to queue
[2023-07-19T18:45:23.285+0000] {logging_mixin.py:150} INFO - [2023-07-19T18:45:23.285+0000] {dagbag.py:541} INFO - Filling up the DagBag from /home/airflow/.local/lib/python3.7/site-packages/airflow/example_dags/example_xcomargs.py
[2023-07-19T18:45:23.307+0000] {processor.py:836} INFO - DAG(s) dict_keys(['example_xcom_args_with_operators', 'example_xcom_args']) retrieved from /home/airflow/.local/lib/python3.7/site-packages/airflow/example_dags/example_xcomargs.py
[2023-07-19T18:45:23.424+0000] {logging_mixin.py:150} INFO - [2023-07-19T18:45:23.424+0000] {dag.py:2742} INFO - Sync 2 DAGs
[2023-07-19T18:45:23.487+0000] {logging_mixin.py:150} INFO - [2023-07-19T18:45:23.487+0000] {dag.py:3508} INFO - Setting next_dagrun for example_xcom_args to None, run_after=None
[2023-07-19T18:45:23.500+0000] {logging_mixin.py:150} INFO - [2023-07-19T18:45:23.499+0000] {dag.py:3508} INFO - Setting next_dagrun for example_xcom_args_with_operators to None, run_after=None
[2023-07-19T18:45:23.563+0000] {processor.py:179} INFO - Processing /home/airflow/.local/lib/python3.7/site-packages/airflow/example_dags/example_xcomargs.py took 0.289 seconds
[2023-07-19T18:45:53.640+0000] {processor.py:157} INFO - Started process (PID=455) to work on /home/airflow/.local/lib/python3.7/site-packages/airflow/example_dags/example_xcomargs.py
[2023-07-19T18:45:53.645+0000] {processor.py:826} INFO - Processing file /home/airflow/.local/lib/python3.7/site-packages/airflow/example_dags/example_xcomargs.py for tasks to queue
[2023-07-19T18:45:53.649+0000] {logging_mixin.py:150} INFO - [2023-07-19T18:45:53.648+0000] {dagbag.py:541} INFO - Filling up the DagBag from /home/airflow/.local/lib/python3.7/site-packages/airflow/example_dags/example_xcomargs.py
[2023-07-19T18:45:53.662+0000] {processor.py:836} INFO - DAG(s) dict_keys(['example_xcom_args_with_operators', 'example_xcom_args']) retrieved from /home/airflow/.local/lib/python3.7/site-packages/airflow/example_dags/example_xcomargs.py
[2023-07-19T18:45:53.698+0000] {logging_mixin.py:150} INFO - [2023-07-19T18:45:53.698+0000] {dag.py:2742} INFO - Sync 2 DAGs
[2023-07-19T18:45:53.734+0000] {logging_mixin.py:150} INFO - [2023-07-19T18:45:53.733+0000] {dag.py:3508} INFO - Setting next_dagrun for example_xcom_args to None, run_after=None
[2023-07-19T18:45:53.741+0000] {logging_mixin.py:150} INFO - [2023-07-19T18:45:53.741+0000] {dag.py:3508} INFO - Setting next_dagrun for example_xcom_args_with_operators to None, run_after=None
[2023-07-19T18:45:53.758+0000] {processor.py:179} INFO - Processing /home/airflow/.local/lib/python3.7/site-packages/airflow/example_dags/example_xcomargs.py took 0.126 seconds
[2023-07-19T18:46:24.064+0000] {processor.py:157} INFO - Started process (PID=514) to work on /home/airflow/.local/lib/python3.7/site-packages/airflow/example_dags/example_xcomargs.py
[2023-07-19T18:46:24.068+0000] {processor.py:826} INFO - Processing file /home/airflow/.local/lib/python3.7/site-packages/airflow/example_dags/example_xcomargs.py for tasks to queue
[2023-07-19T18:46:24.073+0000] {logging_mixin.py:150} INFO - [2023-07-19T18:46:24.072+0000] {dagbag.py:541} INFO - Filling up the DagBag from /home/airflow/.local/lib/python3.7/site-packages/airflow/example_dags/example_xcomargs.py
[2023-07-19T18:46:24.107+0000] {processor.py:836} INFO - DAG(s) dict_keys(['example_xcom_args_with_operators', 'example_xcom_args']) retrieved from /home/airflow/.local/lib/python3.7/site-packages/airflow/example_dags/example_xcomargs.py
[2023-07-19T18:46:24.203+0000] {logging_mixin.py:150} INFO - [2023-07-19T18:46:24.203+0000] {dag.py:2742} INFO - Sync 2 DAGs
[2023-07-19T18:46:24.260+0000] {logging_mixin.py:150} INFO - [2023-07-19T18:46:24.259+0000] {dag.py:3508} INFO - Setting next_dagrun for example_xcom_args to None, run_after=None
[2023-07-19T18:46:24.266+0000] {logging_mixin.py:150} INFO - [2023-07-19T18:46:24.266+0000] {dag.py:3508} INFO - Setting next_dagrun for example_xcom_args_with_operators to None, run_after=None
[2023-07-19T18:46:24.292+0000] {processor.py:179} INFO - Processing /home/airflow/.local/lib/python3.7/site-packages/airflow/example_dags/example_xcomargs.py took 0.243 seconds
[2023-07-19T18:46:56.916+0000] {processor.py:157} INFO - Started process (PID=573) to work on /home/airflow/.local/lib/python3.7/site-packages/airflow/example_dags/example_xcomargs.py
[2023-07-19T18:46:56.926+0000] {processor.py:826} INFO - Processing file /home/airflow/.local/lib/python3.7/site-packages/airflow/example_dags/example_xcomargs.py for tasks to queue
[2023-07-19T18:46:56.930+0000] {logging_mixin.py:150} INFO - [2023-07-19T18:46:56.930+0000] {dagbag.py:541} INFO - Filling up the DagBag from /home/airflow/.local/lib/python3.7/site-packages/airflow/example_dags/example_xcomargs.py
[2023-07-19T18:46:56.961+0000] {processor.py:836} INFO - DAG(s) dict_keys(['example_xcom_args_with_operators', 'example_xcom_args']) retrieved from /home/airflow/.local/lib/python3.7/site-packages/airflow/example_dags/example_xcomargs.py
[2023-07-19T18:46:57.009+0000] {logging_mixin.py:150} INFO - [2023-07-19T18:46:57.009+0000] {dag.py:2742} INFO - Sync 2 DAGs
[2023-07-19T18:46:57.045+0000] {logging_mixin.py:150} INFO - [2023-07-19T18:46:57.044+0000] {dag.py:3508} INFO - Setting next_dagrun for example_xcom_args to None, run_after=None
[2023-07-19T18:46:57.050+0000] {logging_mixin.py:150} INFO - [2023-07-19T18:46:57.049+0000] {dag.py:3508} INFO - Setting next_dagrun for example_xcom_args_with_operators to None, run_after=None
[2023-07-19T18:46:57.136+0000] {processor.py:179} INFO - Processing /home/airflow/.local/lib/python3.7/site-packages/airflow/example_dags/example_xcomargs.py took 0.229 seconds
[2023-07-19T18:47:27.530+0000] {processor.py:157} INFO - Started process (PID=632) to work on /home/airflow/.local/lib/python3.7/site-packages/airflow/example_dags/example_xcomargs.py
[2023-07-19T18:47:27.540+0000] {processor.py:826} INFO - Processing file /home/airflow/.local/lib/python3.7/site-packages/airflow/example_dags/example_xcomargs.py for tasks to queue
[2023-07-19T18:47:27.551+0000] {logging_mixin.py:150} INFO - [2023-07-19T18:47:27.549+0000] {dagbag.py:541} INFO - Filling up the DagBag from /home/airflow/.local/lib/python3.7/site-packages/airflow/example_dags/example_xcomargs.py
[2023-07-19T18:47:27.579+0000] {processor.py:836} INFO - DAG(s) dict_keys(['example_xcom_args_with_operators', 'example_xcom_args']) retrieved from /home/airflow/.local/lib/python3.7/site-packages/airflow/example_dags/example_xcomargs.py
[2023-07-19T18:47:27.705+0000] {logging_mixin.py:150} INFO - [2023-07-19T18:47:27.704+0000] {dag.py:2742} INFO - Sync 2 DAGs
[2023-07-19T18:47:27.831+0000] {logging_mixin.py:150} INFO - [2023-07-19T18:47:27.831+0000] {dag.py:3508} INFO - Setting next_dagrun for example_xcom_args to None, run_after=None
[2023-07-19T18:47:27.850+0000] {logging_mixin.py:150} INFO - [2023-07-19T18:47:27.850+0000] {dag.py:3508} INFO - Setting next_dagrun for example_xcom_args_with_operators to None, run_after=None
[2023-07-19T18:47:27.896+0000] {processor.py:179} INFO - Processing /home/airflow/.local/lib/python3.7/site-packages/airflow/example_dags/example_xcomargs.py took 0.380 seconds
[2023-07-19T18:47:58.063+0000] {processor.py:157} INFO - Started process (PID=691) to work on /home/airflow/.local/lib/python3.7/site-packages/airflow/example_dags/example_xcomargs.py
[2023-07-19T18:47:58.069+0000] {processor.py:826} INFO - Processing file /home/airflow/.local/lib/python3.7/site-packages/airflow/example_dags/example_xcomargs.py for tasks to queue
[2023-07-19T18:47:58.076+0000] {logging_mixin.py:150} INFO - [2023-07-19T18:47:58.075+0000] {dagbag.py:541} INFO - Filling up the DagBag from /home/airflow/.local/lib/python3.7/site-packages/airflow/example_dags/example_xcomargs.py
[2023-07-19T18:47:58.087+0000] {processor.py:836} INFO - DAG(s) dict_keys(['example_xcom_args', 'example_xcom_args_with_operators']) retrieved from /home/airflow/.local/lib/python3.7/site-packages/airflow/example_dags/example_xcomargs.py
[2023-07-19T18:47:58.130+0000] {logging_mixin.py:150} INFO - [2023-07-19T18:47:58.130+0000] {dag.py:2742} INFO - Sync 2 DAGs
[2023-07-19T18:47:58.159+0000] {logging_mixin.py:150} INFO - [2023-07-19T18:47:58.158+0000] {dag.py:3508} INFO - Setting next_dagrun for example_xcom_args to None, run_after=None
[2023-07-19T18:47:58.167+0000] {logging_mixin.py:150} INFO - [2023-07-19T18:47:58.167+0000] {dag.py:3508} INFO - Setting next_dagrun for example_xcom_args_with_operators to None, run_after=None
[2023-07-19T18:47:58.187+0000] {processor.py:179} INFO - Processing /home/airflow/.local/lib/python3.7/site-packages/airflow/example_dags/example_xcomargs.py took 0.131 seconds
[2023-07-19T18:48:29.493+0000] {processor.py:157} INFO - Started process (PID=750) to work on /home/airflow/.local/lib/python3.7/site-packages/airflow/example_dags/example_xcomargs.py
[2023-07-19T18:48:29.498+0000] {processor.py:826} INFO - Processing file /home/airflow/.local/lib/python3.7/site-packages/airflow/example_dags/example_xcomargs.py for tasks to queue
[2023-07-19T18:48:29.511+0000] {logging_mixin.py:150} INFO - [2023-07-19T18:48:29.510+0000] {dagbag.py:541} INFO - Filling up the DagBag from /home/airflow/.local/lib/python3.7/site-packages/airflow/example_dags/example_xcomargs.py
[2023-07-19T18:48:29.552+0000] {processor.py:836} INFO - DAG(s) dict_keys(['example_xcom_args_with_operators', 'example_xcom_args']) retrieved from /home/airflow/.local/lib/python3.7/site-packages/airflow/example_dags/example_xcomargs.py
[2023-07-19T18:48:29.691+0000] {logging_mixin.py:150} INFO - [2023-07-19T18:48:29.691+0000] {dag.py:2742} INFO - Sync 2 DAGs
[2023-07-19T18:48:29.760+0000] {logging_mixin.py:150} INFO - [2023-07-19T18:48:29.755+0000] {dag.py:3508} INFO - Setting next_dagrun for example_xcom_args to None, run_after=None
[2023-07-19T18:48:29.783+0000] {logging_mixin.py:150} INFO - [2023-07-19T18:48:29.783+0000] {dag.py:3508} INFO - Setting next_dagrun for example_xcom_args_with_operators to None, run_after=None
[2023-07-19T18:48:29.930+0000] {processor.py:179} INFO - Processing /home/airflow/.local/lib/python3.7/site-packages/airflow/example_dags/example_xcomargs.py took 0.448 seconds
[2023-07-19T18:49:00.137+0000] {processor.py:157} INFO - Started process (PID=810) to work on /home/airflow/.local/lib/python3.7/site-packages/airflow/example_dags/example_xcomargs.py
[2023-07-19T18:49:00.141+0000] {processor.py:826} INFO - Processing file /home/airflow/.local/lib/python3.7/site-packages/airflow/example_dags/example_xcomargs.py for tasks to queue
[2023-07-19T18:49:00.144+0000] {logging_mixin.py:150} INFO - [2023-07-19T18:49:00.144+0000] {dagbag.py:541} INFO - Filling up the DagBag from /home/airflow/.local/lib/python3.7/site-packages/airflow/example_dags/example_xcomargs.py
[2023-07-19T18:49:00.161+0000] {processor.py:836} INFO - DAG(s) dict_keys(['example_xcom_args_with_operators', 'example_xcom_args']) retrieved from /home/airflow/.local/lib/python3.7/site-packages/airflow/example_dags/example_xcomargs.py
[2023-07-19T18:49:00.200+0000] {logging_mixin.py:150} INFO - [2023-07-19T18:49:00.199+0000] {dag.py:2742} INFO - Sync 2 DAGs
[2023-07-19T18:49:00.228+0000] {logging_mixin.py:150} INFO - [2023-07-19T18:49:00.228+0000] {dag.py:3508} INFO - Setting next_dagrun for example_xcom_args to None, run_after=None
[2023-07-19T18:49:00.233+0000] {logging_mixin.py:150} INFO - [2023-07-19T18:49:00.233+0000] {dag.py:3508} INFO - Setting next_dagrun for example_xcom_args_with_operators to None, run_after=None
[2023-07-19T18:49:00.254+0000] {processor.py:179} INFO - Processing /home/airflow/.local/lib/python3.7/site-packages/airflow/example_dags/example_xcomargs.py took 0.125 seconds
[2023-07-19T18:49:31.066+0000] {processor.py:157} INFO - Started process (PID=869) to work on /home/airflow/.local/lib/python3.7/site-packages/airflow/example_dags/example_xcomargs.py
[2023-07-19T18:49:31.072+0000] {processor.py:826} INFO - Processing file /home/airflow/.local/lib/python3.7/site-packages/airflow/example_dags/example_xcomargs.py for tasks to queue
[2023-07-19T18:49:31.078+0000] {logging_mixin.py:150} INFO - [2023-07-19T18:49:31.076+0000] {dagbag.py:541} INFO - Filling up the DagBag from /home/airflow/.local/lib/python3.7/site-packages/airflow/example_dags/example_xcomargs.py
[2023-07-19T18:49:31.097+0000] {processor.py:836} INFO - DAG(s) dict_keys(['example_xcom_args_with_operators', 'example_xcom_args']) retrieved from /home/airflow/.local/lib/python3.7/site-packages/airflow/example_dags/example_xcomargs.py
[2023-07-19T18:49:31.140+0000] {logging_mixin.py:150} INFO - [2023-07-19T18:49:31.140+0000] {dag.py:2742} INFO - Sync 2 DAGs
[2023-07-19T18:49:31.170+0000] {logging_mixin.py:150} INFO - [2023-07-19T18:49:31.169+0000] {dag.py:3508} INFO - Setting next_dagrun for example_xcom_args to None, run_after=None
[2023-07-19T18:49:31.178+0000] {logging_mixin.py:150} INFO - [2023-07-19T18:49:31.178+0000] {dag.py:3508} INFO - Setting next_dagrun for example_xcom_args_with_operators to None, run_after=None
[2023-07-19T18:49:31.208+0000] {processor.py:179} INFO - Processing /home/airflow/.local/lib/python3.7/site-packages/airflow/example_dags/example_xcomargs.py took 0.150 seconds
[2023-07-19T18:50:01.642+0000] {processor.py:157} INFO - Started process (PID=928) to work on /home/airflow/.local/lib/python3.7/site-packages/airflow/example_dags/example_xcomargs.py
[2023-07-19T18:50:01.644+0000] {processor.py:826} INFO - Processing file /home/airflow/.local/lib/python3.7/site-packages/airflow/example_dags/example_xcomargs.py for tasks to queue
[2023-07-19T18:50:01.645+0000] {logging_mixin.py:150} INFO - [2023-07-19T18:50:01.645+0000] {dagbag.py:541} INFO - Filling up the DagBag from /home/airflow/.local/lib/python3.7/site-packages/airflow/example_dags/example_xcomargs.py
[2023-07-19T18:50:01.656+0000] {processor.py:836} INFO - DAG(s) dict_keys(['example_xcom_args_with_operators', 'example_xcom_args']) retrieved from /home/airflow/.local/lib/python3.7/site-packages/airflow/example_dags/example_xcomargs.py
[2023-07-19T18:50:01.684+0000] {logging_mixin.py:150} INFO - [2023-07-19T18:50:01.684+0000] {dag.py:2742} INFO - Sync 2 DAGs
[2023-07-19T18:50:01.705+0000] {logging_mixin.py:150} INFO - [2023-07-19T18:50:01.704+0000] {dag.py:3508} INFO - Setting next_dagrun for example_xcom_args to None, run_after=None
[2023-07-19T18:50:01.710+0000] {logging_mixin.py:150} INFO - [2023-07-19T18:50:01.710+0000] {dag.py:3508} INFO - Setting next_dagrun for example_xcom_args_with_operators to None, run_after=None
[2023-07-19T18:50:01.722+0000] {processor.py:179} INFO - Processing /home/airflow/.local/lib/python3.7/site-packages/airflow/example_dags/example_xcomargs.py took 0.084 seconds
[2023-07-19T18:50:40.533+0000] {processor.py:157} INFO - Started process (PID=987) to work on /home/airflow/.local/lib/python3.7/site-packages/airflow/example_dags/example_xcomargs.py
[2023-07-19T18:50:40.542+0000] {processor.py:826} INFO - Processing file /home/airflow/.local/lib/python3.7/site-packages/airflow/example_dags/example_xcomargs.py for tasks to queue
[2023-07-19T18:50:40.552+0000] {logging_mixin.py:150} INFO - [2023-07-19T18:50:40.551+0000] {dagbag.py:541} INFO - Filling up the DagBag from /home/airflow/.local/lib/python3.7/site-packages/airflow/example_dags/example_xcomargs.py
[2023-07-19T18:50:40.578+0000] {processor.py:836} INFO - DAG(s) dict_keys(['example_xcom_args', 'example_xcom_args_with_operators']) retrieved from /home/airflow/.local/lib/python3.7/site-packages/airflow/example_dags/example_xcomargs.py
[2023-07-19T18:50:40.662+0000] {logging_mixin.py:150} INFO - [2023-07-19T18:50:40.662+0000] {dag.py:2742} INFO - Sync 2 DAGs
[2023-07-19T18:50:40.703+0000] {logging_mixin.py:150} INFO - [2023-07-19T18:50:40.702+0000] {dag.py:3508} INFO - Setting next_dagrun for example_xcom_args to None, run_after=None
[2023-07-19T18:50:40.721+0000] {logging_mixin.py:150} INFO - [2023-07-19T18:50:40.720+0000] {dag.py:3508} INFO - Setting next_dagrun for example_xcom_args_with_operators to None, run_after=None
[2023-07-19T18:50:40.779+0000] {processor.py:179} INFO - Processing /home/airflow/.local/lib/python3.7/site-packages/airflow/example_dags/example_xcomargs.py took 0.252 seconds
[2023-07-19T18:51:11.137+0000] {processor.py:157} INFO - Started process (PID=1046) to work on /home/airflow/.local/lib/python3.7/site-packages/airflow/example_dags/example_xcomargs.py
[2023-07-19T18:51:11.144+0000] {processor.py:826} INFO - Processing file /home/airflow/.local/lib/python3.7/site-packages/airflow/example_dags/example_xcomargs.py for tasks to queue
[2023-07-19T18:51:11.146+0000] {logging_mixin.py:150} INFO - [2023-07-19T18:51:11.146+0000] {dagbag.py:541} INFO - Filling up the DagBag from /home/airflow/.local/lib/python3.7/site-packages/airflow/example_dags/example_xcomargs.py
[2023-07-19T18:51:11.166+0000] {processor.py:836} INFO - DAG(s) dict_keys(['example_xcom_args', 'example_xcom_args_with_operators']) retrieved from /home/airflow/.local/lib/python3.7/site-packages/airflow/example_dags/example_xcomargs.py
[2023-07-19T18:51:11.208+0000] {logging_mixin.py:150} INFO - [2023-07-19T18:51:11.208+0000] {dag.py:2742} INFO - Sync 2 DAGs
[2023-07-19T18:51:11.239+0000] {logging_mixin.py:150} INFO - [2023-07-19T18:51:11.239+0000] {dag.py:3508} INFO - Setting next_dagrun for example_xcom_args to None, run_after=None
[2023-07-19T18:51:11.246+0000] {logging_mixin.py:150} INFO - [2023-07-19T18:51:11.245+0000] {dag.py:3508} INFO - Setting next_dagrun for example_xcom_args_with_operators to None, run_after=None
[2023-07-19T18:51:11.268+0000] {processor.py:179} INFO - Processing /home/airflow/.local/lib/python3.7/site-packages/airflow/example_dags/example_xcomargs.py took 0.138 seconds
[2023-07-19T18:51:41.634+0000] {processor.py:157} INFO - Started process (PID=1106) to work on /home/airflow/.local/lib/python3.7/site-packages/airflow/example_dags/example_xcomargs.py
[2023-07-19T18:51:41.638+0000] {processor.py:826} INFO - Processing file /home/airflow/.local/lib/python3.7/site-packages/airflow/example_dags/example_xcomargs.py for tasks to queue
[2023-07-19T18:51:41.644+0000] {logging_mixin.py:150} INFO - [2023-07-19T18:51:41.644+0000] {dagbag.py:541} INFO - Filling up the DagBag from /home/airflow/.local/lib/python3.7/site-packages/airflow/example_dags/example_xcomargs.py
[2023-07-19T18:51:41.655+0000] {processor.py:836} INFO - DAG(s) dict_keys(['example_xcom_args_with_operators', 'example_xcom_args']) retrieved from /home/airflow/.local/lib/python3.7/site-packages/airflow/example_dags/example_xcomargs.py
[2023-07-19T18:51:41.688+0000] {logging_mixin.py:150} INFO - [2023-07-19T18:51:41.688+0000] {dag.py:2742} INFO - Sync 2 DAGs
[2023-07-19T18:51:41.706+0000] {logging_mixin.py:150} INFO - [2023-07-19T18:51:41.706+0000] {dag.py:3508} INFO - Setting next_dagrun for example_xcom_args to None, run_after=None
[2023-07-19T18:51:41.710+0000] {logging_mixin.py:150} INFO - [2023-07-19T18:51:41.710+0000] {dag.py:3508} INFO - Setting next_dagrun for example_xcom_args_with_operators to None, run_after=None
[2023-07-19T18:51:41.720+0000] {processor.py:179} INFO - Processing /home/airflow/.local/lib/python3.7/site-packages/airflow/example_dags/example_xcomargs.py took 0.089 seconds
[2023-07-19T18:52:12.370+0000] {processor.py:157} INFO - Started process (PID=1165) to work on /home/airflow/.local/lib/python3.7/site-packages/airflow/example_dags/example_xcomargs.py
[2023-07-19T18:52:12.372+0000] {processor.py:826} INFO - Processing file /home/airflow/.local/lib/python3.7/site-packages/airflow/example_dags/example_xcomargs.py for tasks to queue
[2023-07-19T18:52:12.374+0000] {logging_mixin.py:150} INFO - [2023-07-19T18:52:12.373+0000] {dagbag.py:541} INFO - Filling up the DagBag from /home/airflow/.local/lib/python3.7/site-packages/airflow/example_dags/example_xcomargs.py
[2023-07-19T18:52:12.382+0000] {processor.py:836} INFO - DAG(s) dict_keys(['example_xcom_args_with_operators', 'example_xcom_args']) retrieved from /home/airflow/.local/lib/python3.7/site-packages/airflow/example_dags/example_xcomargs.py
[2023-07-19T18:52:12.413+0000] {logging_mixin.py:150} INFO - [2023-07-19T18:52:12.413+0000] {dag.py:2742} INFO - Sync 2 DAGs
[2023-07-19T18:52:12.441+0000] {logging_mixin.py:150} INFO - [2023-07-19T18:52:12.440+0000] {dag.py:3508} INFO - Setting next_dagrun for example_xcom_args to None, run_after=None
[2023-07-19T18:52:12.447+0000] {logging_mixin.py:150} INFO - [2023-07-19T18:52:12.446+0000] {dag.py:3508} INFO - Setting next_dagrun for example_xcom_args_with_operators to None, run_after=None
[2023-07-19T18:52:12.475+0000] {processor.py:179} INFO - Processing /home/airflow/.local/lib/python3.7/site-packages/airflow/example_dags/example_xcomargs.py took 0.108 seconds
[2023-07-19T18:52:42.768+0000] {processor.py:157} INFO - Started process (PID=1225) to work on /home/airflow/.local/lib/python3.7/site-packages/airflow/example_dags/example_xcomargs.py
[2023-07-19T18:52:42.770+0000] {processor.py:826} INFO - Processing file /home/airflow/.local/lib/python3.7/site-packages/airflow/example_dags/example_xcomargs.py for tasks to queue
[2023-07-19T18:52:42.771+0000] {logging_mixin.py:150} INFO - [2023-07-19T18:52:42.771+0000] {dagbag.py:541} INFO - Filling up the DagBag from /home/airflow/.local/lib/python3.7/site-packages/airflow/example_dags/example_xcomargs.py
[2023-07-19T18:52:42.780+0000] {processor.py:836} INFO - DAG(s) dict_keys(['example_xcom_args', 'example_xcom_args_with_operators']) retrieved from /home/airflow/.local/lib/python3.7/site-packages/airflow/example_dags/example_xcomargs.py
[2023-07-19T18:52:42.811+0000] {logging_mixin.py:150} INFO - [2023-07-19T18:52:42.811+0000] {dag.py:2742} INFO - Sync 2 DAGs
[2023-07-19T18:52:42.834+0000] {logging_mixin.py:150} INFO - [2023-07-19T18:52:42.834+0000] {dag.py:3508} INFO - Setting next_dagrun for example_xcom_args to None, run_after=None
[2023-07-19T18:52:42.840+0000] {logging_mixin.py:150} INFO - [2023-07-19T18:52:42.840+0000] {dag.py:3508} INFO - Setting next_dagrun for example_xcom_args_with_operators to None, run_after=None
[2023-07-19T18:52:42.868+0000] {processor.py:179} INFO - Processing /home/airflow/.local/lib/python3.7/site-packages/airflow/example_dags/example_xcomargs.py took 0.103 seconds
[2023-07-19T18:53:13.904+0000] {processor.py:157} INFO - Started process (PID=1284) to work on /home/airflow/.local/lib/python3.7/site-packages/airflow/example_dags/example_xcomargs.py
[2023-07-19T18:53:13.909+0000] {processor.py:826} INFO - Processing file /home/airflow/.local/lib/python3.7/site-packages/airflow/example_dags/example_xcomargs.py for tasks to queue
[2023-07-19T18:53:13.914+0000] {logging_mixin.py:150} INFO - [2023-07-19T18:53:13.913+0000] {dagbag.py:541} INFO - Filling up the DagBag from /home/airflow/.local/lib/python3.7/site-packages/airflow/example_dags/example_xcomargs.py
[2023-07-19T18:53:13.930+0000] {processor.py:836} INFO - DAG(s) dict_keys(['example_xcom_args', 'example_xcom_args_with_operators']) retrieved from /home/airflow/.local/lib/python3.7/site-packages/airflow/example_dags/example_xcomargs.py
[2023-07-19T18:53:13.980+0000] {logging_mixin.py:150} INFO - [2023-07-19T18:53:13.979+0000] {dag.py:2742} INFO - Sync 2 DAGs
[2023-07-19T18:53:14.012+0000] {logging_mixin.py:150} INFO - [2023-07-19T18:53:14.012+0000] {dag.py:3508} INFO - Setting next_dagrun for example_xcom_args to None, run_after=None
[2023-07-19T18:53:14.024+0000] {logging_mixin.py:150} INFO - [2023-07-19T18:53:14.024+0000] {dag.py:3508} INFO - Setting next_dagrun for example_xcom_args_with_operators to None, run_after=None
[2023-07-19T18:53:14.048+0000] {processor.py:179} INFO - Processing /home/airflow/.local/lib/python3.7/site-packages/airflow/example_dags/example_xcomargs.py took 0.149 seconds
[2023-07-19T18:53:44.358+0000] {processor.py:157} INFO - Started process (PID=1342) to work on /home/airflow/.local/lib/python3.7/site-packages/airflow/example_dags/example_xcomargs.py
[2023-07-19T18:53:44.365+0000] {processor.py:826} INFO - Processing file /home/airflow/.local/lib/python3.7/site-packages/airflow/example_dags/example_xcomargs.py for tasks to queue
[2023-07-19T18:53:44.373+0000] {logging_mixin.py:150} INFO - [2023-07-19T18:53:44.372+0000] {dagbag.py:541} INFO - Filling up the DagBag from /home/airflow/.local/lib/python3.7/site-packages/airflow/example_dags/example_xcomargs.py
[2023-07-19T18:53:44.399+0000] {processor.py:836} INFO - DAG(s) dict_keys(['example_xcom_args_with_operators', 'example_xcom_args']) retrieved from /home/airflow/.local/lib/python3.7/site-packages/airflow/example_dags/example_xcomargs.py
[2023-07-19T18:53:44.434+0000] {logging_mixin.py:150} INFO - [2023-07-19T18:53:44.433+0000] {dag.py:2742} INFO - Sync 2 DAGs
[2023-07-19T18:53:44.467+0000] {logging_mixin.py:150} INFO - [2023-07-19T18:53:44.466+0000] {dag.py:3508} INFO - Setting next_dagrun for example_xcom_args to None, run_after=None
[2023-07-19T18:53:44.473+0000] {logging_mixin.py:150} INFO - [2023-07-19T18:53:44.473+0000] {dag.py:3508} INFO - Setting next_dagrun for example_xcom_args_with_operators to None, run_after=None
[2023-07-19T18:53:44.501+0000] {processor.py:179} INFO - Processing /home/airflow/.local/lib/python3.7/site-packages/airflow/example_dags/example_xcomargs.py took 0.149 seconds
[2023-07-19T18:54:15.445+0000] {processor.py:157} INFO - Started process (PID=1396) to work on /home/airflow/.local/lib/python3.7/site-packages/airflow/example_dags/example_xcomargs.py
[2023-07-19T18:54:15.479+0000] {processor.py:826} INFO - Processing file /home/airflow/.local/lib/python3.7/site-packages/airflow/example_dags/example_xcomargs.py for tasks to queue
[2023-07-19T18:54:15.491+0000] {logging_mixin.py:150} INFO - [2023-07-19T18:54:15.491+0000] {dagbag.py:541} INFO - Filling up the DagBag from /home/airflow/.local/lib/python3.7/site-packages/airflow/example_dags/example_xcomargs.py
[2023-07-19T18:54:15.668+0000] {processor.py:836} INFO - DAG(s) dict_keys(['example_xcom_args_with_operators', 'example_xcom_args']) retrieved from /home/airflow/.local/lib/python3.7/site-packages/airflow/example_dags/example_xcomargs.py
[2023-07-19T18:54:16.155+0000] {logging_mixin.py:150} INFO - [2023-07-19T18:54:16.155+0000] {dag.py:2742} INFO - Sync 2 DAGs
[2023-07-19T18:54:16.242+0000] {logging_mixin.py:150} INFO - [2023-07-19T18:54:16.242+0000] {dag.py:3508} INFO - Setting next_dagrun for example_xcom_args to None, run_after=None
[2023-07-19T18:54:16.249+0000] {logging_mixin.py:150} INFO - [2023-07-19T18:54:16.249+0000] {dag.py:3508} INFO - Setting next_dagrun for example_xcom_args_with_operators to None, run_after=None
[2023-07-19T18:54:16.279+0000] {processor.py:179} INFO - Processing /home/airflow/.local/lib/python3.7/site-packages/airflow/example_dags/example_xcomargs.py took 0.838 seconds
