[2023-07-19T18:42:22.052+0000] {processor.py:157} INFO - Started process (PID=65) to work on /home/airflow/.local/lib/python3.7/site-packages/airflow/example_dags/example_complex.py
[2023-07-19T18:42:22.056+0000] {processor.py:826} INFO - Processing file /home/airflow/.local/lib/python3.7/site-packages/airflow/example_dags/example_complex.py for tasks to queue
[2023-07-19T18:42:22.066+0000] {logging_mixin.py:150} INFO - [2023-07-19T18:42:22.065+0000] {dagbag.py:541} INFO - Filling up the DagBag from /home/airflow/.local/lib/python3.7/site-packages/airflow/example_dags/example_complex.py
[2023-07-19T18:42:22.096+0000] {processor.py:836} INFO - DAG(s) dict_keys(['example_complex']) retrieved from /home/airflow/.local/lib/python3.7/site-packages/airflow/example_dags/example_complex.py
[2023-07-19T18:42:22.137+0000] {logging_mixin.py:150} INFO - [2023-07-19T18:42:22.137+0000] {dag.py:2742} INFO - Sync 1 DAGs
[2023-07-19T18:42:22.169+0000] {logging_mixin.py:150} INFO - [2023-07-19T18:42:22.168+0000] {dag.py:3508} INFO - Setting next_dagrun for example_complex to None, run_after=None
[2023-07-19T18:42:22.229+0000] {processor.py:179} INFO - Processing /home/airflow/.local/lib/python3.7/site-packages/airflow/example_dags/example_complex.py took 0.187 seconds
[2023-07-19T18:42:52.533+0000] {processor.py:157} INFO - Started process (PID=125) to work on /home/airflow/.local/lib/python3.7/site-packages/airflow/example_dags/example_complex.py
[2023-07-19T18:42:52.539+0000] {processor.py:826} INFO - Processing file /home/airflow/.local/lib/python3.7/site-packages/airflow/example_dags/example_complex.py for tasks to queue
[2023-07-19T18:42:52.544+0000] {logging_mixin.py:150} INFO - [2023-07-19T18:42:52.543+0000] {dagbag.py:541} INFO - Filling up the DagBag from /home/airflow/.local/lib/python3.7/site-packages/airflow/example_dags/example_complex.py
[2023-07-19T18:42:52.568+0000] {processor.py:836} INFO - DAG(s) dict_keys(['example_complex']) retrieved from /home/airflow/.local/lib/python3.7/site-packages/airflow/example_dags/example_complex.py
[2023-07-19T18:42:52.650+0000] {logging_mixin.py:150} INFO - [2023-07-19T18:42:52.649+0000] {dag.py:2742} INFO - Sync 1 DAGs
[2023-07-19T18:42:52.680+0000] {logging_mixin.py:150} INFO - [2023-07-19T18:42:52.679+0000] {dag.py:3508} INFO - Setting next_dagrun for example_complex to None, run_after=None
[2023-07-19T18:42:52.728+0000] {processor.py:179} INFO - Processing /home/airflow/.local/lib/python3.7/site-packages/airflow/example_dags/example_complex.py took 0.200 seconds
[2023-07-19T18:43:23.313+0000] {processor.py:157} INFO - Started process (PID=184) to work on /home/airflow/.local/lib/python3.7/site-packages/airflow/example_dags/example_complex.py
[2023-07-19T18:43:23.315+0000] {processor.py:826} INFO - Processing file /home/airflow/.local/lib/python3.7/site-packages/airflow/example_dags/example_complex.py for tasks to queue
[2023-07-19T18:43:23.317+0000] {logging_mixin.py:150} INFO - [2023-07-19T18:43:23.316+0000] {dagbag.py:541} INFO - Filling up the DagBag from /home/airflow/.local/lib/python3.7/site-packages/airflow/example_dags/example_complex.py
[2023-07-19T18:43:23.326+0000] {processor.py:836} INFO - DAG(s) dict_keys(['example_complex']) retrieved from /home/airflow/.local/lib/python3.7/site-packages/airflow/example_dags/example_complex.py
[2023-07-19T18:43:23.356+0000] {logging_mixin.py:150} INFO - [2023-07-19T18:43:23.356+0000] {dag.py:2742} INFO - Sync 1 DAGs
[2023-07-19T18:43:23.379+0000] {logging_mixin.py:150} INFO - [2023-07-19T18:43:23.378+0000] {dag.py:3508} INFO - Setting next_dagrun for example_complex to None, run_after=None
[2023-07-19T18:43:23.393+0000] {processor.py:179} INFO - Processing /home/airflow/.local/lib/python3.7/site-packages/airflow/example_dags/example_complex.py took 0.083 seconds
[2023-07-19T18:43:54.699+0000] {processor.py:157} INFO - Started process (PID=243) to work on /home/airflow/.local/lib/python3.7/site-packages/airflow/example_dags/example_complex.py
[2023-07-19T18:43:54.706+0000] {processor.py:826} INFO - Processing file /home/airflow/.local/lib/python3.7/site-packages/airflow/example_dags/example_complex.py for tasks to queue
[2023-07-19T18:43:54.729+0000] {logging_mixin.py:150} INFO - [2023-07-19T18:43:54.728+0000] {dagbag.py:541} INFO - Filling up the DagBag from /home/airflow/.local/lib/python3.7/site-packages/airflow/example_dags/example_complex.py
[2023-07-19T18:43:54.765+0000] {processor.py:836} INFO - DAG(s) dict_keys(['example_complex']) retrieved from /home/airflow/.local/lib/python3.7/site-packages/airflow/example_dags/example_complex.py
[2023-07-19T18:43:54.836+0000] {logging_mixin.py:150} INFO - [2023-07-19T18:43:54.836+0000] {dag.py:2742} INFO - Sync 1 DAGs
[2023-07-19T18:43:54.875+0000] {logging_mixin.py:150} INFO - [2023-07-19T18:43:54.875+0000] {dag.py:3508} INFO - Setting next_dagrun for example_complex to None, run_after=None
[2023-07-19T18:43:54.903+0000] {processor.py:179} INFO - Processing /home/airflow/.local/lib/python3.7/site-packages/airflow/example_dags/example_complex.py took 0.213 seconds
[2023-07-19T18:44:25.600+0000] {processor.py:157} INFO - Started process (PID=301) to work on /home/airflow/.local/lib/python3.7/site-packages/airflow/example_dags/example_complex.py
[2023-07-19T18:44:25.603+0000] {processor.py:826} INFO - Processing file /home/airflow/.local/lib/python3.7/site-packages/airflow/example_dags/example_complex.py for tasks to queue
[2023-07-19T18:44:25.605+0000] {logging_mixin.py:150} INFO - [2023-07-19T18:44:25.605+0000] {dagbag.py:541} INFO - Filling up the DagBag from /home/airflow/.local/lib/python3.7/site-packages/airflow/example_dags/example_complex.py
[2023-07-19T18:44:25.619+0000] {processor.py:836} INFO - DAG(s) dict_keys(['example_complex']) retrieved from /home/airflow/.local/lib/python3.7/site-packages/airflow/example_dags/example_complex.py
[2023-07-19T18:44:25.661+0000] {logging_mixin.py:150} INFO - [2023-07-19T18:44:25.660+0000] {dag.py:2742} INFO - Sync 1 DAGs
[2023-07-19T18:44:25.681+0000] {logging_mixin.py:150} INFO - [2023-07-19T18:44:25.681+0000] {dag.py:3508} INFO - Setting next_dagrun for example_complex to None, run_after=None
[2023-07-19T18:44:25.693+0000] {processor.py:179} INFO - Processing /home/airflow/.local/lib/python3.7/site-packages/airflow/example_dags/example_complex.py took 0.099 seconds
[2023-07-19T18:44:55.774+0000] {processor.py:157} INFO - Started process (PID=360) to work on /home/airflow/.local/lib/python3.7/site-packages/airflow/example_dags/example_complex.py
[2023-07-19T18:44:55.776+0000] {processor.py:826} INFO - Processing file /home/airflow/.local/lib/python3.7/site-packages/airflow/example_dags/example_complex.py for tasks to queue
[2023-07-19T18:44:55.777+0000] {logging_mixin.py:150} INFO - [2023-07-19T18:44:55.777+0000] {dagbag.py:541} INFO - Filling up the DagBag from /home/airflow/.local/lib/python3.7/site-packages/airflow/example_dags/example_complex.py
[2023-07-19T18:44:55.790+0000] {processor.py:836} INFO - DAG(s) dict_keys(['example_complex']) retrieved from /home/airflow/.local/lib/python3.7/site-packages/airflow/example_dags/example_complex.py
[2023-07-19T18:44:55.828+0000] {logging_mixin.py:150} INFO - [2023-07-19T18:44:55.828+0000] {dag.py:2742} INFO - Sync 1 DAGs
[2023-07-19T18:44:55.864+0000] {logging_mixin.py:150} INFO - [2023-07-19T18:44:55.864+0000] {dag.py:3508} INFO - Setting next_dagrun for example_complex to None, run_after=None
[2023-07-19T18:44:55.888+0000] {processor.py:179} INFO - Processing /home/airflow/.local/lib/python3.7/site-packages/airflow/example_dags/example_complex.py took 0.117 seconds
[2023-07-19T18:45:26.728+0000] {processor.py:157} INFO - Started process (PID=419) to work on /home/airflow/.local/lib/python3.7/site-packages/airflow/example_dags/example_complex.py
[2023-07-19T18:45:26.732+0000] {processor.py:826} INFO - Processing file /home/airflow/.local/lib/python3.7/site-packages/airflow/example_dags/example_complex.py for tasks to queue
[2023-07-19T18:45:26.736+0000] {logging_mixin.py:150} INFO - [2023-07-19T18:45:26.735+0000] {dagbag.py:541} INFO - Filling up the DagBag from /home/airflow/.local/lib/python3.7/site-packages/airflow/example_dags/example_complex.py
[2023-07-19T18:45:26.756+0000] {processor.py:836} INFO - DAG(s) dict_keys(['example_complex']) retrieved from /home/airflow/.local/lib/python3.7/site-packages/airflow/example_dags/example_complex.py
[2023-07-19T18:45:26.805+0000] {logging_mixin.py:150} INFO - [2023-07-19T18:45:26.805+0000] {dag.py:2742} INFO - Sync 1 DAGs
[2023-07-19T18:45:26.833+0000] {logging_mixin.py:150} INFO - [2023-07-19T18:45:26.832+0000] {dag.py:3508} INFO - Setting next_dagrun for example_complex to None, run_after=None
[2023-07-19T18:45:26.860+0000] {processor.py:179} INFO - Processing /home/airflow/.local/lib/python3.7/site-packages/airflow/example_dags/example_complex.py took 0.139 seconds
[2023-07-19T18:45:57.026+0000] {processor.py:157} INFO - Started process (PID=478) to work on /home/airflow/.local/lib/python3.7/site-packages/airflow/example_dags/example_complex.py
[2023-07-19T18:45:57.032+0000] {processor.py:826} INFO - Processing file /home/airflow/.local/lib/python3.7/site-packages/airflow/example_dags/example_complex.py for tasks to queue
[2023-07-19T18:45:57.035+0000] {logging_mixin.py:150} INFO - [2023-07-19T18:45:57.034+0000] {dagbag.py:541} INFO - Filling up the DagBag from /home/airflow/.local/lib/python3.7/site-packages/airflow/example_dags/example_complex.py
[2023-07-19T18:45:57.050+0000] {processor.py:836} INFO - DAG(s) dict_keys(['example_complex']) retrieved from /home/airflow/.local/lib/python3.7/site-packages/airflow/example_dags/example_complex.py
[2023-07-19T18:45:57.108+0000] {logging_mixin.py:150} INFO - [2023-07-19T18:45:57.108+0000] {dag.py:2742} INFO - Sync 1 DAGs
[2023-07-19T18:45:57.142+0000] {logging_mixin.py:150} INFO - [2023-07-19T18:45:57.142+0000] {dag.py:3508} INFO - Setting next_dagrun for example_complex to None, run_after=None
[2023-07-19T18:45:57.179+0000] {processor.py:179} INFO - Processing /home/airflow/.local/lib/python3.7/site-packages/airflow/example_dags/example_complex.py took 0.162 seconds
[2023-07-19T18:46:27.371+0000] {processor.py:157} INFO - Started process (PID=537) to work on /home/airflow/.local/lib/python3.7/site-packages/airflow/example_dags/example_complex.py
[2023-07-19T18:46:27.373+0000] {processor.py:826} INFO - Processing file /home/airflow/.local/lib/python3.7/site-packages/airflow/example_dags/example_complex.py for tasks to queue
[2023-07-19T18:46:27.375+0000] {logging_mixin.py:150} INFO - [2023-07-19T18:46:27.375+0000] {dagbag.py:541} INFO - Filling up the DagBag from /home/airflow/.local/lib/python3.7/site-packages/airflow/example_dags/example_complex.py
[2023-07-19T18:46:27.385+0000] {processor.py:836} INFO - DAG(s) dict_keys(['example_complex']) retrieved from /home/airflow/.local/lib/python3.7/site-packages/airflow/example_dags/example_complex.py
[2023-07-19T18:46:27.414+0000] {logging_mixin.py:150} INFO - [2023-07-19T18:46:27.414+0000] {dag.py:2742} INFO - Sync 1 DAGs
[2023-07-19T18:46:27.434+0000] {logging_mixin.py:150} INFO - [2023-07-19T18:46:27.434+0000] {dag.py:3508} INFO - Setting next_dagrun for example_complex to None, run_after=None
[2023-07-19T18:46:27.450+0000] {processor.py:179} INFO - Processing /home/airflow/.local/lib/python3.7/site-packages/airflow/example_dags/example_complex.py took 0.082 seconds
[2023-07-19T18:47:02.882+0000] {processor.py:157} INFO - Started process (PID=596) to work on /home/airflow/.local/lib/python3.7/site-packages/airflow/example_dags/example_complex.py
[2023-07-19T18:47:02.886+0000] {processor.py:826} INFO - Processing file /home/airflow/.local/lib/python3.7/site-packages/airflow/example_dags/example_complex.py for tasks to queue
[2023-07-19T18:47:02.890+0000] {logging_mixin.py:150} INFO - [2023-07-19T18:47:02.890+0000] {dagbag.py:541} INFO - Filling up the DagBag from /home/airflow/.local/lib/python3.7/site-packages/airflow/example_dags/example_complex.py
[2023-07-19T18:47:02.929+0000] {processor.py:836} INFO - DAG(s) dict_keys(['example_complex']) retrieved from /home/airflow/.local/lib/python3.7/site-packages/airflow/example_dags/example_complex.py
[2023-07-19T18:47:03.023+0000] {logging_mixin.py:150} INFO - [2023-07-19T18:47:03.022+0000] {dag.py:2742} INFO - Sync 1 DAGs
[2023-07-19T18:47:03.163+0000] {logging_mixin.py:150} INFO - [2023-07-19T18:47:03.161+0000] {dag.py:3508} INFO - Setting next_dagrun for example_complex to None, run_after=None
[2023-07-19T18:47:03.255+0000] {processor.py:179} INFO - Processing /home/airflow/.local/lib/python3.7/site-packages/airflow/example_dags/example_complex.py took 0.378 seconds
[2023-07-19T18:47:33.573+0000] {processor.py:157} INFO - Started process (PID=655) to work on /home/airflow/.local/lib/python3.7/site-packages/airflow/example_dags/example_complex.py
[2023-07-19T18:47:33.596+0000] {processor.py:826} INFO - Processing file /home/airflow/.local/lib/python3.7/site-packages/airflow/example_dags/example_complex.py for tasks to queue
[2023-07-19T18:47:33.604+0000] {logging_mixin.py:150} INFO - [2023-07-19T18:47:33.604+0000] {dagbag.py:541} INFO - Filling up the DagBag from /home/airflow/.local/lib/python3.7/site-packages/airflow/example_dags/example_complex.py
[2023-07-19T18:47:33.632+0000] {processor.py:836} INFO - DAG(s) dict_keys(['example_complex']) retrieved from /home/airflow/.local/lib/python3.7/site-packages/airflow/example_dags/example_complex.py
[2023-07-19T18:47:33.719+0000] {logging_mixin.py:150} INFO - [2023-07-19T18:47:33.717+0000] {dag.py:2742} INFO - Sync 1 DAGs
[2023-07-19T18:47:33.760+0000] {logging_mixin.py:150} INFO - [2023-07-19T18:47:33.760+0000] {dag.py:3508} INFO - Setting next_dagrun for example_complex to None, run_after=None
[2023-07-19T18:47:33.790+0000] {processor.py:179} INFO - Processing /home/airflow/.local/lib/python3.7/site-packages/airflow/example_dags/example_complex.py took 0.222 seconds
[2023-07-19T18:48:04.769+0000] {processor.py:157} INFO - Started process (PID=714) to work on /home/airflow/.local/lib/python3.7/site-packages/airflow/example_dags/example_complex.py
[2023-07-19T18:48:04.773+0000] {processor.py:826} INFO - Processing file /home/airflow/.local/lib/python3.7/site-packages/airflow/example_dags/example_complex.py for tasks to queue
[2023-07-19T18:48:04.776+0000] {logging_mixin.py:150} INFO - [2023-07-19T18:48:04.775+0000] {dagbag.py:541} INFO - Filling up the DagBag from /home/airflow/.local/lib/python3.7/site-packages/airflow/example_dags/example_complex.py
[2023-07-19T18:48:04.792+0000] {processor.py:836} INFO - DAG(s) dict_keys(['example_complex']) retrieved from /home/airflow/.local/lib/python3.7/site-packages/airflow/example_dags/example_complex.py
[2023-07-19T18:48:04.862+0000] {logging_mixin.py:150} INFO - [2023-07-19T18:48:04.860+0000] {dag.py:2742} INFO - Sync 1 DAGs
[2023-07-19T18:48:04.908+0000] {logging_mixin.py:150} INFO - [2023-07-19T18:48:04.907+0000] {dag.py:3508} INFO - Setting next_dagrun for example_complex to None, run_after=None
[2023-07-19T18:48:04.947+0000] {processor.py:179} INFO - Processing /home/airflow/.local/lib/python3.7/site-packages/airflow/example_dags/example_complex.py took 0.184 seconds
[2023-07-19T18:48:36.380+0000] {processor.py:157} INFO - Started process (PID=773) to work on /home/airflow/.local/lib/python3.7/site-packages/airflow/example_dags/example_complex.py
[2023-07-19T18:48:36.396+0000] {processor.py:826} INFO - Processing file /home/airflow/.local/lib/python3.7/site-packages/airflow/example_dags/example_complex.py for tasks to queue
[2023-07-19T18:48:36.413+0000] {logging_mixin.py:150} INFO - [2023-07-19T18:48:36.410+0000] {dagbag.py:541} INFO - Filling up the DagBag from /home/airflow/.local/lib/python3.7/site-packages/airflow/example_dags/example_complex.py
[2023-07-19T18:48:36.543+0000] {processor.py:836} INFO - DAG(s) dict_keys(['example_complex']) retrieved from /home/airflow/.local/lib/python3.7/site-packages/airflow/example_dags/example_complex.py
[2023-07-19T18:48:37.161+0000] {logging_mixin.py:150} INFO - [2023-07-19T18:48:37.145+0000] {dag.py:2742} INFO - Sync 1 DAGs
[2023-07-19T18:48:38.578+0000] {logging_mixin.py:150} INFO - [2023-07-19T18:48:38.573+0000] {dag.py:3508} INFO - Setting next_dagrun for example_complex to None, run_after=None
[2023-07-19T18:48:40.008+0000] {processor.py:179} INFO - Processing /home/airflow/.local/lib/python3.7/site-packages/airflow/example_dags/example_complex.py took 3.675 seconds
[2023-07-19T18:49:11.179+0000] {processor.py:157} INFO - Started process (PID=833) to work on /home/airflow/.local/lib/python3.7/site-packages/airflow/example_dags/example_complex.py
[2023-07-19T18:49:11.193+0000] {processor.py:826} INFO - Processing file /home/airflow/.local/lib/python3.7/site-packages/airflow/example_dags/example_complex.py for tasks to queue
[2023-07-19T18:49:11.315+0000] {logging_mixin.py:150} INFO - [2023-07-19T18:49:11.314+0000] {dagbag.py:541} INFO - Filling up the DagBag from /home/airflow/.local/lib/python3.7/site-packages/airflow/example_dags/example_complex.py
[2023-07-19T18:49:11.379+0000] {processor.py:836} INFO - DAG(s) dict_keys(['example_complex']) retrieved from /home/airflow/.local/lib/python3.7/site-packages/airflow/example_dags/example_complex.py
[2023-07-19T18:49:11.517+0000] {logging_mixin.py:150} INFO - [2023-07-19T18:49:11.517+0000] {dag.py:2742} INFO - Sync 1 DAGs
[2023-07-19T18:49:11.765+0000] {logging_mixin.py:150} INFO - [2023-07-19T18:49:11.765+0000] {dag.py:3508} INFO - Setting next_dagrun for example_complex to None, run_after=None
[2023-07-19T18:49:11.817+0000] {processor.py:179} INFO - Processing /home/airflow/.local/lib/python3.7/site-packages/airflow/example_dags/example_complex.py took 0.663 seconds
[2023-07-19T18:49:42.351+0000] {processor.py:157} INFO - Started process (PID=892) to work on /home/airflow/.local/lib/python3.7/site-packages/airflow/example_dags/example_complex.py
[2023-07-19T18:49:42.354+0000] {processor.py:826} INFO - Processing file /home/airflow/.local/lib/python3.7/site-packages/airflow/example_dags/example_complex.py for tasks to queue
[2023-07-19T18:49:42.356+0000] {logging_mixin.py:150} INFO - [2023-07-19T18:49:42.356+0000] {dagbag.py:541} INFO - Filling up the DagBag from /home/airflow/.local/lib/python3.7/site-packages/airflow/example_dags/example_complex.py
[2023-07-19T18:49:42.372+0000] {processor.py:836} INFO - DAG(s) dict_keys(['example_complex']) retrieved from /home/airflow/.local/lib/python3.7/site-packages/airflow/example_dags/example_complex.py
[2023-07-19T18:49:42.416+0000] {logging_mixin.py:150} INFO - [2023-07-19T18:49:42.416+0000] {dag.py:2742} INFO - Sync 1 DAGs
[2023-07-19T18:49:42.438+0000] {logging_mixin.py:150} INFO - [2023-07-19T18:49:42.437+0000] {dag.py:3508} INFO - Setting next_dagrun for example_complex to None, run_after=None
[2023-07-19T18:49:42.455+0000] {processor.py:179} INFO - Processing /home/airflow/.local/lib/python3.7/site-packages/airflow/example_dags/example_complex.py took 0.112 seconds
[2023-07-19T18:50:12.806+0000] {processor.py:157} INFO - Started process (PID=951) to work on /home/airflow/.local/lib/python3.7/site-packages/airflow/example_dags/example_complex.py
[2023-07-19T18:50:12.810+0000] {processor.py:826} INFO - Processing file /home/airflow/.local/lib/python3.7/site-packages/airflow/example_dags/example_complex.py for tasks to queue
[2023-07-19T18:50:12.814+0000] {logging_mixin.py:150} INFO - [2023-07-19T18:50:12.814+0000] {dagbag.py:541} INFO - Filling up the DagBag from /home/airflow/.local/lib/python3.7/site-packages/airflow/example_dags/example_complex.py
[2023-07-19T18:50:12.841+0000] {processor.py:836} INFO - DAG(s) dict_keys(['example_complex']) retrieved from /home/airflow/.local/lib/python3.7/site-packages/airflow/example_dags/example_complex.py
[2023-07-19T18:50:12.895+0000] {logging_mixin.py:150} INFO - [2023-07-19T18:50:12.895+0000] {dag.py:2742} INFO - Sync 1 DAGs
[2023-07-19T18:50:12.924+0000] {logging_mixin.py:150} INFO - [2023-07-19T18:50:12.923+0000] {dag.py:3508} INFO - Setting next_dagrun for example_complex to None, run_after=None
[2023-07-19T18:50:12.942+0000] {processor.py:179} INFO - Processing /home/airflow/.local/lib/python3.7/site-packages/airflow/example_dags/example_complex.py took 0.149 seconds
[2023-07-19T18:50:45.792+0000] {processor.py:157} INFO - Started process (PID=1010) to work on /home/airflow/.local/lib/python3.7/site-packages/airflow/example_dags/example_complex.py
[2023-07-19T18:50:45.795+0000] {processor.py:826} INFO - Processing file /home/airflow/.local/lib/python3.7/site-packages/airflow/example_dags/example_complex.py for tasks to queue
[2023-07-19T18:50:45.797+0000] {logging_mixin.py:150} INFO - [2023-07-19T18:50:45.797+0000] {dagbag.py:541} INFO - Filling up the DagBag from /home/airflow/.local/lib/python3.7/site-packages/airflow/example_dags/example_complex.py
[2023-07-19T18:50:45.814+0000] {processor.py:836} INFO - DAG(s) dict_keys(['example_complex']) retrieved from /home/airflow/.local/lib/python3.7/site-packages/airflow/example_dags/example_complex.py
[2023-07-19T18:50:45.874+0000] {logging_mixin.py:150} INFO - [2023-07-19T18:50:45.873+0000] {dag.py:2742} INFO - Sync 1 DAGs
[2023-07-19T18:50:45.909+0000] {logging_mixin.py:150} INFO - [2023-07-19T18:50:45.909+0000] {dag.py:3508} INFO - Setting next_dagrun for example_complex to None, run_after=None
[2023-07-19T18:50:45.946+0000] {processor.py:179} INFO - Processing /home/airflow/.local/lib/python3.7/site-packages/airflow/example_dags/example_complex.py took 0.159 seconds
[2023-07-19T18:51:16.309+0000] {processor.py:157} INFO - Started process (PID=1069) to work on /home/airflow/.local/lib/python3.7/site-packages/airflow/example_dags/example_complex.py
[2023-07-19T18:51:16.311+0000] {processor.py:826} INFO - Processing file /home/airflow/.local/lib/python3.7/site-packages/airflow/example_dags/example_complex.py for tasks to queue
[2023-07-19T18:51:16.314+0000] {logging_mixin.py:150} INFO - [2023-07-19T18:51:16.313+0000] {dagbag.py:541} INFO - Filling up the DagBag from /home/airflow/.local/lib/python3.7/site-packages/airflow/example_dags/example_complex.py
[2023-07-19T18:51:16.325+0000] {processor.py:836} INFO - DAG(s) dict_keys(['example_complex']) retrieved from /home/airflow/.local/lib/python3.7/site-packages/airflow/example_dags/example_complex.py
[2023-07-19T18:51:16.363+0000] {logging_mixin.py:150} INFO - [2023-07-19T18:51:16.363+0000] {dag.py:2742} INFO - Sync 1 DAGs
[2023-07-19T18:51:16.385+0000] {logging_mixin.py:150} INFO - [2023-07-19T18:51:16.385+0000] {dag.py:3508} INFO - Setting next_dagrun for example_complex to None, run_after=None
[2023-07-19T18:51:16.402+0000] {processor.py:179} INFO - Processing /home/airflow/.local/lib/python3.7/site-packages/airflow/example_dags/example_complex.py took 0.097 seconds
[2023-07-19T18:51:47.434+0000] {processor.py:157} INFO - Started process (PID=1129) to work on /home/airflow/.local/lib/python3.7/site-packages/airflow/example_dags/example_complex.py
[2023-07-19T18:51:47.437+0000] {processor.py:826} INFO - Processing file /home/airflow/.local/lib/python3.7/site-packages/airflow/example_dags/example_complex.py for tasks to queue
[2023-07-19T18:51:47.439+0000] {logging_mixin.py:150} INFO - [2023-07-19T18:51:47.439+0000] {dagbag.py:541} INFO - Filling up the DagBag from /home/airflow/.local/lib/python3.7/site-packages/airflow/example_dags/example_complex.py
[2023-07-19T18:51:47.452+0000] {processor.py:836} INFO - DAG(s) dict_keys(['example_complex']) retrieved from /home/airflow/.local/lib/python3.7/site-packages/airflow/example_dags/example_complex.py
[2023-07-19T18:51:47.510+0000] {logging_mixin.py:150} INFO - [2023-07-19T18:51:47.509+0000] {dag.py:2742} INFO - Sync 1 DAGs
[2023-07-19T18:51:47.544+0000] {logging_mixin.py:150} INFO - [2023-07-19T18:51:47.544+0000] {dag.py:3508} INFO - Setting next_dagrun for example_complex to None, run_after=None
[2023-07-19T18:51:47.582+0000] {processor.py:179} INFO - Processing /home/airflow/.local/lib/python3.7/site-packages/airflow/example_dags/example_complex.py took 0.153 seconds
[2023-07-19T18:52:18.680+0000] {processor.py:157} INFO - Started process (PID=1196) to work on /home/airflow/.local/lib/python3.7/site-packages/airflow/example_dags/example_complex.py
[2023-07-19T18:52:18.682+0000] {processor.py:826} INFO - Processing file /home/airflow/.local/lib/python3.7/site-packages/airflow/example_dags/example_complex.py for tasks to queue
[2023-07-19T18:52:18.684+0000] {logging_mixin.py:150} INFO - [2023-07-19T18:52:18.684+0000] {dagbag.py:541} INFO - Filling up the DagBag from /home/airflow/.local/lib/python3.7/site-packages/airflow/example_dags/example_complex.py
[2023-07-19T18:52:18.697+0000] {processor.py:836} INFO - DAG(s) dict_keys(['example_complex']) retrieved from /home/airflow/.local/lib/python3.7/site-packages/airflow/example_dags/example_complex.py
[2023-07-19T18:52:18.737+0000] {logging_mixin.py:150} INFO - [2023-07-19T18:52:18.737+0000] {dag.py:2742} INFO - Sync 1 DAGs
[2023-07-19T18:52:18.766+0000] {logging_mixin.py:150} INFO - [2023-07-19T18:52:18.766+0000] {dag.py:3508} INFO - Setting next_dagrun for example_complex to None, run_after=None
[2023-07-19T18:52:18.787+0000] {processor.py:179} INFO - Processing /home/airflow/.local/lib/python3.7/site-packages/airflow/example_dags/example_complex.py took 0.112 seconds
[2023-07-19T18:52:49.720+0000] {processor.py:157} INFO - Started process (PID=1255) to work on /home/airflow/.local/lib/python3.7/site-packages/airflow/example_dags/example_complex.py
[2023-07-19T18:52:49.725+0000] {processor.py:826} INFO - Processing file /home/airflow/.local/lib/python3.7/site-packages/airflow/example_dags/example_complex.py for tasks to queue
[2023-07-19T18:52:49.727+0000] {logging_mixin.py:150} INFO - [2023-07-19T18:52:49.727+0000] {dagbag.py:541} INFO - Filling up the DagBag from /home/airflow/.local/lib/python3.7/site-packages/airflow/example_dags/example_complex.py
[2023-07-19T18:52:49.747+0000] {processor.py:836} INFO - DAG(s) dict_keys(['example_complex']) retrieved from /home/airflow/.local/lib/python3.7/site-packages/airflow/example_dags/example_complex.py
[2023-07-19T18:52:49.797+0000] {logging_mixin.py:150} INFO - [2023-07-19T18:52:49.796+0000] {dag.py:2742} INFO - Sync 1 DAGs
[2023-07-19T18:52:49.837+0000] {logging_mixin.py:150} INFO - [2023-07-19T18:52:49.836+0000] {dag.py:3508} INFO - Setting next_dagrun for example_complex to None, run_after=None
[2023-07-19T18:52:49.867+0000] {processor.py:179} INFO - Processing /home/airflow/.local/lib/python3.7/site-packages/airflow/example_dags/example_complex.py took 0.159 seconds
[2023-07-19T18:53:20.122+0000] {processor.py:157} INFO - Started process (PID=1314) to work on /home/airflow/.local/lib/python3.7/site-packages/airflow/example_dags/example_complex.py
[2023-07-19T18:53:20.124+0000] {processor.py:826} INFO - Processing file /home/airflow/.local/lib/python3.7/site-packages/airflow/example_dags/example_complex.py for tasks to queue
[2023-07-19T18:53:20.126+0000] {logging_mixin.py:150} INFO - [2023-07-19T18:53:20.125+0000] {dagbag.py:541} INFO - Filling up the DagBag from /home/airflow/.local/lib/python3.7/site-packages/airflow/example_dags/example_complex.py
[2023-07-19T18:53:20.136+0000] {processor.py:836} INFO - DAG(s) dict_keys(['example_complex']) retrieved from /home/airflow/.local/lib/python3.7/site-packages/airflow/example_dags/example_complex.py
[2023-07-19T18:53:20.170+0000] {logging_mixin.py:150} INFO - [2023-07-19T18:53:20.170+0000] {dag.py:2742} INFO - Sync 1 DAGs
[2023-07-19T18:53:20.194+0000] {logging_mixin.py:150} INFO - [2023-07-19T18:53:20.193+0000] {dag.py:3508} INFO - Setting next_dagrun for example_complex to None, run_after=None
[2023-07-19T18:53:20.214+0000] {processor.py:179} INFO - Processing /home/airflow/.local/lib/python3.7/site-packages/airflow/example_dags/example_complex.py took 0.097 seconds
[2023-07-19T18:53:50.786+0000] {processor.py:157} INFO - Started process (PID=1372) to work on /home/airflow/.local/lib/python3.7/site-packages/airflow/example_dags/example_complex.py
[2023-07-19T18:53:50.788+0000] {processor.py:826} INFO - Processing file /home/airflow/.local/lib/python3.7/site-packages/airflow/example_dags/example_complex.py for tasks to queue
[2023-07-19T18:53:50.790+0000] {logging_mixin.py:150} INFO - [2023-07-19T18:53:50.789+0000] {dagbag.py:541} INFO - Filling up the DagBag from /home/airflow/.local/lib/python3.7/site-packages/airflow/example_dags/example_complex.py
[2023-07-19T18:53:50.800+0000] {processor.py:836} INFO - DAG(s) dict_keys(['example_complex']) retrieved from /home/airflow/.local/lib/python3.7/site-packages/airflow/example_dags/example_complex.py
[2023-07-19T18:53:50.840+0000] {logging_mixin.py:150} INFO - [2023-07-19T18:53:50.839+0000] {dag.py:2742} INFO - Sync 1 DAGs
[2023-07-19T18:53:50.867+0000] {logging_mixin.py:150} INFO - [2023-07-19T18:53:50.867+0000] {dag.py:3508} INFO - Setting next_dagrun for example_complex to None, run_after=None
[2023-07-19T18:53:50.889+0000] {processor.py:179} INFO - Processing /home/airflow/.local/lib/python3.7/site-packages/airflow/example_dags/example_complex.py took 0.107 seconds
[2023-07-19T18:54:22.037+0000] {processor.py:157} INFO - Started process (PID=1431) to work on /home/airflow/.local/lib/python3.7/site-packages/airflow/example_dags/example_complex.py
[2023-07-19T18:54:22.039+0000] {processor.py:826} INFO - Processing file /home/airflow/.local/lib/python3.7/site-packages/airflow/example_dags/example_complex.py for tasks to queue
[2023-07-19T18:54:22.042+0000] {logging_mixin.py:150} INFO - [2023-07-19T18:54:22.041+0000] {dagbag.py:541} INFO - Filling up the DagBag from /home/airflow/.local/lib/python3.7/site-packages/airflow/example_dags/example_complex.py
[2023-07-19T18:54:22.058+0000] {processor.py:836} INFO - DAG(s) dict_keys(['example_complex']) retrieved from /home/airflow/.local/lib/python3.7/site-packages/airflow/example_dags/example_complex.py
[2023-07-19T18:54:22.115+0000] {logging_mixin.py:150} INFO - [2023-07-19T18:54:22.114+0000] {dag.py:2742} INFO - Sync 1 DAGs
[2023-07-19T18:54:22.152+0000] {logging_mixin.py:150} INFO - [2023-07-19T18:54:22.152+0000] {dag.py:3508} INFO - Setting next_dagrun for example_complex to None, run_after=None
[2023-07-19T18:54:22.170+0000] {processor.py:179} INFO - Processing /home/airflow/.local/lib/python3.7/site-packages/airflow/example_dags/example_complex.py took 0.138 seconds
