[2023-07-19T18:42:19.373+0000] {processor.py:157} INFO - Started process (PID=46) to work on /home/airflow/.local/lib/python3.7/site-packages/airflow/example_dags/example_sensor_decorator.py
[2023-07-19T18:42:19.388+0000] {processor.py:826} INFO - Processing file /home/airflow/.local/lib/python3.7/site-packages/airflow/example_dags/example_sensor_decorator.py for tasks to queue
[2023-07-19T18:42:19.392+0000] {logging_mixin.py:150} INFO - [2023-07-19T18:42:19.392+0000] {dagbag.py:541} INFO - Filling up the DagBag from /home/airflow/.local/lib/python3.7/site-packages/airflow/example_dags/example_sensor_decorator.py
[2023-07-19T18:42:19.429+0000] {processor.py:836} INFO - DAG(s) dict_keys(['example_sensor_decorator']) retrieved from /home/airflow/.local/lib/python3.7/site-packages/airflow/example_dags/example_sensor_decorator.py
[2023-07-19T18:42:19.493+0000] {logging_mixin.py:150} INFO - [2023-07-19T18:42:19.493+0000] {dag.py:2742} INFO - Sync 1 DAGs
[2023-07-19T18:42:19.543+0000] {logging_mixin.py:150} INFO - [2023-07-19T18:42:19.543+0000] {dag.py:3508} INFO - Setting next_dagrun for example_sensor_decorator to None, run_after=None
[2023-07-19T18:42:19.569+0000] {processor.py:179} INFO - Processing /home/airflow/.local/lib/python3.7/site-packages/airflow/example_dags/example_sensor_decorator.py took 0.215 seconds
[2023-07-19T18:42:50.007+0000] {processor.py:157} INFO - Started process (PID=106) to work on /home/airflow/.local/lib/python3.7/site-packages/airflow/example_dags/example_sensor_decorator.py
[2023-07-19T18:42:50.009+0000] {processor.py:826} INFO - Processing file /home/airflow/.local/lib/python3.7/site-packages/airflow/example_dags/example_sensor_decorator.py for tasks to queue
[2023-07-19T18:42:50.011+0000] {logging_mixin.py:150} INFO - [2023-07-19T18:42:50.011+0000] {dagbag.py:541} INFO - Filling up the DagBag from /home/airflow/.local/lib/python3.7/site-packages/airflow/example_dags/example_sensor_decorator.py
[2023-07-19T18:42:50.019+0000] {processor.py:836} INFO - DAG(s) dict_keys(['example_sensor_decorator']) retrieved from /home/airflow/.local/lib/python3.7/site-packages/airflow/example_dags/example_sensor_decorator.py
[2023-07-19T18:42:50.041+0000] {logging_mixin.py:150} INFO - [2023-07-19T18:42:50.041+0000] {dag.py:2742} INFO - Sync 1 DAGs
[2023-07-19T18:42:50.059+0000] {logging_mixin.py:150} INFO - [2023-07-19T18:42:50.059+0000] {dag.py:3508} INFO - Setting next_dagrun for example_sensor_decorator to None, run_after=None
[2023-07-19T18:42:50.074+0000] {processor.py:179} INFO - Processing /home/airflow/.local/lib/python3.7/site-packages/airflow/example_dags/example_sensor_decorator.py took 0.069 seconds
[2023-07-19T18:43:21.101+0000] {processor.py:157} INFO - Started process (PID=165) to work on /home/airflow/.local/lib/python3.7/site-packages/airflow/example_dags/example_sensor_decorator.py
[2023-07-19T18:43:21.103+0000] {processor.py:826} INFO - Processing file /home/airflow/.local/lib/python3.7/site-packages/airflow/example_dags/example_sensor_decorator.py for tasks to queue
[2023-07-19T18:43:21.104+0000] {logging_mixin.py:150} INFO - [2023-07-19T18:43:21.104+0000] {dagbag.py:541} INFO - Filling up the DagBag from /home/airflow/.local/lib/python3.7/site-packages/airflow/example_dags/example_sensor_decorator.py
[2023-07-19T18:43:21.111+0000] {processor.py:836} INFO - DAG(s) dict_keys(['example_sensor_decorator']) retrieved from /home/airflow/.local/lib/python3.7/site-packages/airflow/example_dags/example_sensor_decorator.py
[2023-07-19T18:43:21.137+0000] {logging_mixin.py:150} INFO - [2023-07-19T18:43:21.137+0000] {dag.py:2742} INFO - Sync 1 DAGs
[2023-07-19T18:43:21.156+0000] {logging_mixin.py:150} INFO - [2023-07-19T18:43:21.156+0000] {dag.py:3508} INFO - Setting next_dagrun for example_sensor_decorator to None, run_after=None
[2023-07-19T18:43:21.171+0000] {processor.py:179} INFO - Processing /home/airflow/.local/lib/python3.7/site-packages/airflow/example_dags/example_sensor_decorator.py took 0.073 seconds
[2023-07-19T18:43:51.565+0000] {processor.py:157} INFO - Started process (PID=224) to work on /home/airflow/.local/lib/python3.7/site-packages/airflow/example_dags/example_sensor_decorator.py
[2023-07-19T18:43:51.568+0000] {processor.py:826} INFO - Processing file /home/airflow/.local/lib/python3.7/site-packages/airflow/example_dags/example_sensor_decorator.py for tasks to queue
[2023-07-19T18:43:51.570+0000] {logging_mixin.py:150} INFO - [2023-07-19T18:43:51.569+0000] {dagbag.py:541} INFO - Filling up the DagBag from /home/airflow/.local/lib/python3.7/site-packages/airflow/example_dags/example_sensor_decorator.py
[2023-07-19T18:43:51.578+0000] {processor.py:836} INFO - DAG(s) dict_keys(['example_sensor_decorator']) retrieved from /home/airflow/.local/lib/python3.7/site-packages/airflow/example_dags/example_sensor_decorator.py
[2023-07-19T18:43:51.607+0000] {logging_mixin.py:150} INFO - [2023-07-19T18:43:51.607+0000] {dag.py:2742} INFO - Sync 1 DAGs
[2023-07-19T18:43:51.627+0000] {logging_mixin.py:150} INFO - [2023-07-19T18:43:51.627+0000] {dag.py:3508} INFO - Setting next_dagrun for example_sensor_decorator to None, run_after=None
[2023-07-19T18:43:51.643+0000] {processor.py:179} INFO - Processing /home/airflow/.local/lib/python3.7/site-packages/airflow/example_dags/example_sensor_decorator.py took 0.082 seconds
[2023-07-19T18:44:22.717+0000] {processor.py:157} INFO - Started process (PID=282) to work on /home/airflow/.local/lib/python3.7/site-packages/airflow/example_dags/example_sensor_decorator.py
[2023-07-19T18:44:22.723+0000] {processor.py:826} INFO - Processing file /home/airflow/.local/lib/python3.7/site-packages/airflow/example_dags/example_sensor_decorator.py for tasks to queue
[2023-07-19T18:44:22.727+0000] {logging_mixin.py:150} INFO - [2023-07-19T18:44:22.726+0000] {dagbag.py:541} INFO - Filling up the DagBag from /home/airflow/.local/lib/python3.7/site-packages/airflow/example_dags/example_sensor_decorator.py
[2023-07-19T18:44:22.742+0000] {processor.py:836} INFO - DAG(s) dict_keys(['example_sensor_decorator']) retrieved from /home/airflow/.local/lib/python3.7/site-packages/airflow/example_dags/example_sensor_decorator.py
[2023-07-19T18:44:22.779+0000] {logging_mixin.py:150} INFO - [2023-07-19T18:44:22.779+0000] {dag.py:2742} INFO - Sync 1 DAGs
[2023-07-19T18:44:22.809+0000] {logging_mixin.py:150} INFO - [2023-07-19T18:44:22.809+0000] {dag.py:3508} INFO - Setting next_dagrun for example_sensor_decorator to None, run_after=None
[2023-07-19T18:44:22.831+0000] {processor.py:179} INFO - Processing /home/airflow/.local/lib/python3.7/site-packages/airflow/example_dags/example_sensor_decorator.py took 0.118 seconds
[2023-07-19T18:44:52.931+0000] {processor.py:157} INFO - Started process (PID=341) to work on /home/airflow/.local/lib/python3.7/site-packages/airflow/example_dags/example_sensor_decorator.py
[2023-07-19T18:44:52.935+0000] {processor.py:826} INFO - Processing file /home/airflow/.local/lib/python3.7/site-packages/airflow/example_dags/example_sensor_decorator.py for tasks to queue
[2023-07-19T18:44:52.942+0000] {logging_mixin.py:150} INFO - [2023-07-19T18:44:52.942+0000] {dagbag.py:541} INFO - Filling up the DagBag from /home/airflow/.local/lib/python3.7/site-packages/airflow/example_dags/example_sensor_decorator.py
[2023-07-19T18:44:52.951+0000] {processor.py:836} INFO - DAG(s) dict_keys(['example_sensor_decorator']) retrieved from /home/airflow/.local/lib/python3.7/site-packages/airflow/example_dags/example_sensor_decorator.py
[2023-07-19T18:44:52.985+0000] {logging_mixin.py:150} INFO - [2023-07-19T18:44:52.985+0000] {dag.py:2742} INFO - Sync 1 DAGs
[2023-07-19T18:44:53.014+0000] {logging_mixin.py:150} INFO - [2023-07-19T18:44:53.014+0000] {dag.py:3508} INFO - Setting next_dagrun for example_sensor_decorator to None, run_after=None
[2023-07-19T18:44:53.034+0000] {processor.py:179} INFO - Processing /home/airflow/.local/lib/python3.7/site-packages/airflow/example_dags/example_sensor_decorator.py took 0.106 seconds
[2023-07-19T18:45:23.641+0000] {processor.py:157} INFO - Started process (PID=399) to work on /home/airflow/.local/lib/python3.7/site-packages/airflow/example_dags/example_sensor_decorator.py
[2023-07-19T18:45:23.649+0000] {processor.py:826} INFO - Processing file /home/airflow/.local/lib/python3.7/site-packages/airflow/example_dags/example_sensor_decorator.py for tasks to queue
[2023-07-19T18:45:23.651+0000] {logging_mixin.py:150} INFO - [2023-07-19T18:45:23.651+0000] {dagbag.py:541} INFO - Filling up the DagBag from /home/airflow/.local/lib/python3.7/site-packages/airflow/example_dags/example_sensor_decorator.py
[2023-07-19T18:45:23.663+0000] {processor.py:836} INFO - DAG(s) dict_keys(['example_sensor_decorator']) retrieved from /home/airflow/.local/lib/python3.7/site-packages/airflow/example_dags/example_sensor_decorator.py
[2023-07-19T18:45:23.702+0000] {logging_mixin.py:150} INFO - [2023-07-19T18:45:23.702+0000] {dag.py:2742} INFO - Sync 1 DAGs
[2023-07-19T18:45:23.742+0000] {logging_mixin.py:150} INFO - [2023-07-19T18:45:23.742+0000] {dag.py:3508} INFO - Setting next_dagrun for example_sensor_decorator to None, run_after=None
[2023-07-19T18:45:23.783+0000] {processor.py:179} INFO - Processing /home/airflow/.local/lib/python3.7/site-packages/airflow/example_dags/example_sensor_decorator.py took 0.147 seconds
[2023-07-19T18:45:54.708+0000] {processor.py:157} INFO - Started process (PID=458) to work on /home/airflow/.local/lib/python3.7/site-packages/airflow/example_dags/example_sensor_decorator.py
[2023-07-19T18:45:54.714+0000] {processor.py:826} INFO - Processing file /home/airflow/.local/lib/python3.7/site-packages/airflow/example_dags/example_sensor_decorator.py for tasks to queue
[2023-07-19T18:45:54.716+0000] {logging_mixin.py:150} INFO - [2023-07-19T18:45:54.715+0000] {dagbag.py:541} INFO - Filling up the DagBag from /home/airflow/.local/lib/python3.7/site-packages/airflow/example_dags/example_sensor_decorator.py
[2023-07-19T18:45:54.724+0000] {processor.py:836} INFO - DAG(s) dict_keys(['example_sensor_decorator']) retrieved from /home/airflow/.local/lib/python3.7/site-packages/airflow/example_dags/example_sensor_decorator.py
[2023-07-19T18:45:54.763+0000] {logging_mixin.py:150} INFO - [2023-07-19T18:45:54.763+0000] {dag.py:2742} INFO - Sync 1 DAGs
[2023-07-19T18:45:54.791+0000] {logging_mixin.py:150} INFO - [2023-07-19T18:45:54.791+0000] {dag.py:3508} INFO - Setting next_dagrun for example_sensor_decorator to None, run_after=None
[2023-07-19T18:45:54.817+0000] {processor.py:179} INFO - Processing /home/airflow/.local/lib/python3.7/site-packages/airflow/example_dags/example_sensor_decorator.py took 0.118 seconds
[2023-07-19T18:46:25.401+0000] {processor.py:157} INFO - Started process (PID=517) to work on /home/airflow/.local/lib/python3.7/site-packages/airflow/example_dags/example_sensor_decorator.py
[2023-07-19T18:46:25.404+0000] {processor.py:826} INFO - Processing file /home/airflow/.local/lib/python3.7/site-packages/airflow/example_dags/example_sensor_decorator.py for tasks to queue
[2023-07-19T18:46:25.407+0000] {logging_mixin.py:150} INFO - [2023-07-19T18:46:25.406+0000] {dagbag.py:541} INFO - Filling up the DagBag from /home/airflow/.local/lib/python3.7/site-packages/airflow/example_dags/example_sensor_decorator.py
[2023-07-19T18:46:25.418+0000] {processor.py:836} INFO - DAG(s) dict_keys(['example_sensor_decorator']) retrieved from /home/airflow/.local/lib/python3.7/site-packages/airflow/example_dags/example_sensor_decorator.py
[2023-07-19T18:46:25.459+0000] {logging_mixin.py:150} INFO - [2023-07-19T18:46:25.459+0000] {dag.py:2742} INFO - Sync 1 DAGs
[2023-07-19T18:46:25.492+0000] {logging_mixin.py:150} INFO - [2023-07-19T18:46:25.491+0000] {dag.py:3508} INFO - Setting next_dagrun for example_sensor_decorator to None, run_after=None
[2023-07-19T18:46:25.517+0000] {processor.py:179} INFO - Processing /home/airflow/.local/lib/python3.7/site-packages/airflow/example_dags/example_sensor_decorator.py took 0.124 seconds
[2023-07-19T18:46:58.449+0000] {processor.py:157} INFO - Started process (PID=577) to work on /home/airflow/.local/lib/python3.7/site-packages/airflow/example_dags/example_sensor_decorator.py
[2023-07-19T18:46:58.453+0000] {processor.py:826} INFO - Processing file /home/airflow/.local/lib/python3.7/site-packages/airflow/example_dags/example_sensor_decorator.py for tasks to queue
[2023-07-19T18:46:58.467+0000] {logging_mixin.py:150} INFO - [2023-07-19T18:46:58.466+0000] {dagbag.py:541} INFO - Filling up the DagBag from /home/airflow/.local/lib/python3.7/site-packages/airflow/example_dags/example_sensor_decorator.py
[2023-07-19T18:46:58.479+0000] {processor.py:836} INFO - DAG(s) dict_keys(['example_sensor_decorator']) retrieved from /home/airflow/.local/lib/python3.7/site-packages/airflow/example_dags/example_sensor_decorator.py
[2023-07-19T18:46:58.558+0000] {logging_mixin.py:150} INFO - [2023-07-19T18:46:58.557+0000] {dag.py:2742} INFO - Sync 1 DAGs
[2023-07-19T18:46:58.649+0000] {logging_mixin.py:150} INFO - [2023-07-19T18:46:58.648+0000] {dag.py:3508} INFO - Setting next_dagrun for example_sensor_decorator to None, run_after=None
[2023-07-19T18:46:58.695+0000] {processor.py:179} INFO - Processing /home/airflow/.local/lib/python3.7/site-packages/airflow/example_dags/example_sensor_decorator.py took 0.252 seconds
[2023-07-19T18:47:29.106+0000] {processor.py:157} INFO - Started process (PID=635) to work on /home/airflow/.local/lib/python3.7/site-packages/airflow/example_dags/example_sensor_decorator.py
[2023-07-19T18:47:29.121+0000] {processor.py:826} INFO - Processing file /home/airflow/.local/lib/python3.7/site-packages/airflow/example_dags/example_sensor_decorator.py for tasks to queue
[2023-07-19T18:47:29.130+0000] {logging_mixin.py:150} INFO - [2023-07-19T18:47:29.129+0000] {dagbag.py:541} INFO - Filling up the DagBag from /home/airflow/.local/lib/python3.7/site-packages/airflow/example_dags/example_sensor_decorator.py
[2023-07-19T18:47:29.214+0000] {processor.py:836} INFO - DAG(s) dict_keys(['example_sensor_decorator']) retrieved from /home/airflow/.local/lib/python3.7/site-packages/airflow/example_dags/example_sensor_decorator.py
[2023-07-19T18:47:29.399+0000] {logging_mixin.py:150} INFO - [2023-07-19T18:47:29.399+0000] {dag.py:2742} INFO - Sync 1 DAGs
[2023-07-19T18:47:29.470+0000] {logging_mixin.py:150} INFO - [2023-07-19T18:47:29.470+0000] {dag.py:3508} INFO - Setting next_dagrun for example_sensor_decorator to None, run_after=None
[2023-07-19T18:47:29.509+0000] {processor.py:179} INFO - Processing /home/airflow/.local/lib/python3.7/site-packages/airflow/example_dags/example_sensor_decorator.py took 0.416 seconds
[2023-07-19T18:48:00.280+0000] {processor.py:157} INFO - Started process (PID=694) to work on /home/airflow/.local/lib/python3.7/site-packages/airflow/example_dags/example_sensor_decorator.py
[2023-07-19T18:48:00.286+0000] {processor.py:826} INFO - Processing file /home/airflow/.local/lib/python3.7/site-packages/airflow/example_dags/example_sensor_decorator.py for tasks to queue
[2023-07-19T18:48:00.291+0000] {logging_mixin.py:150} INFO - [2023-07-19T18:48:00.290+0000] {dagbag.py:541} INFO - Filling up the DagBag from /home/airflow/.local/lib/python3.7/site-packages/airflow/example_dags/example_sensor_decorator.py
[2023-07-19T18:48:00.312+0000] {processor.py:836} INFO - DAG(s) dict_keys(['example_sensor_decorator']) retrieved from /home/airflow/.local/lib/python3.7/site-packages/airflow/example_dags/example_sensor_decorator.py
[2023-07-19T18:48:00.391+0000] {logging_mixin.py:150} INFO - [2023-07-19T18:48:00.391+0000] {dag.py:2742} INFO - Sync 1 DAGs
[2023-07-19T18:48:00.447+0000] {logging_mixin.py:150} INFO - [2023-07-19T18:48:00.446+0000] {dag.py:3508} INFO - Setting next_dagrun for example_sensor_decorator to None, run_after=None
[2023-07-19T18:48:00.496+0000] {processor.py:179} INFO - Processing /home/airflow/.local/lib/python3.7/site-packages/airflow/example_dags/example_sensor_decorator.py took 0.225 seconds
[2023-07-19T18:48:31.175+0000] {processor.py:157} INFO - Started process (PID=753) to work on /home/airflow/.local/lib/python3.7/site-packages/airflow/example_dags/example_sensor_decorator.py
[2023-07-19T18:48:31.184+0000] {processor.py:826} INFO - Processing file /home/airflow/.local/lib/python3.7/site-packages/airflow/example_dags/example_sensor_decorator.py for tasks to queue
[2023-07-19T18:48:31.204+0000] {logging_mixin.py:150} INFO - [2023-07-19T18:48:31.202+0000] {dagbag.py:541} INFO - Filling up the DagBag from /home/airflow/.local/lib/python3.7/site-packages/airflow/example_dags/example_sensor_decorator.py
[2023-07-19T18:48:31.249+0000] {processor.py:836} INFO - DAG(s) dict_keys(['example_sensor_decorator']) retrieved from /home/airflow/.local/lib/python3.7/site-packages/airflow/example_dags/example_sensor_decorator.py
[2023-07-19T18:48:31.368+0000] {logging_mixin.py:150} INFO - [2023-07-19T18:48:31.368+0000] {dag.py:2742} INFO - Sync 1 DAGs
[2023-07-19T18:48:31.459+0000] {logging_mixin.py:150} INFO - [2023-07-19T18:48:31.459+0000] {dag.py:3508} INFO - Setting next_dagrun for example_sensor_decorator to None, run_after=None
[2023-07-19T18:48:31.607+0000] {processor.py:179} INFO - Processing /home/airflow/.local/lib/python3.7/site-packages/airflow/example_dags/example_sensor_decorator.py took 0.456 seconds
[2023-07-19T18:49:02.465+0000] {processor.py:157} INFO - Started process (PID=813) to work on /home/airflow/.local/lib/python3.7/site-packages/airflow/example_dags/example_sensor_decorator.py
[2023-07-19T18:49:02.491+0000] {processor.py:826} INFO - Processing file /home/airflow/.local/lib/python3.7/site-packages/airflow/example_dags/example_sensor_decorator.py for tasks to queue
[2023-07-19T18:49:02.517+0000] {logging_mixin.py:150} INFO - [2023-07-19T18:49:02.509+0000] {dagbag.py:541} INFO - Filling up the DagBag from /home/airflow/.local/lib/python3.7/site-packages/airflow/example_dags/example_sensor_decorator.py
[2023-07-19T18:49:02.609+0000] {processor.py:836} INFO - DAG(s) dict_keys(['example_sensor_decorator']) retrieved from /home/airflow/.local/lib/python3.7/site-packages/airflow/example_dags/example_sensor_decorator.py
[2023-07-19T18:49:02.792+0000] {logging_mixin.py:150} INFO - [2023-07-19T18:49:02.792+0000] {dag.py:2742} INFO - Sync 1 DAGs
[2023-07-19T18:49:02.880+0000] {logging_mixin.py:150} INFO - [2023-07-19T18:49:02.880+0000] {dag.py:3508} INFO - Setting next_dagrun for example_sensor_decorator to None, run_after=None
[2023-07-19T18:49:02.929+0000] {processor.py:179} INFO - Processing /home/airflow/.local/lib/python3.7/site-packages/airflow/example_dags/example_sensor_decorator.py took 0.486 seconds
[2023-07-19T18:49:33.360+0000] {processor.py:157} INFO - Started process (PID=872) to work on /home/airflow/.local/lib/python3.7/site-packages/airflow/example_dags/example_sensor_decorator.py
[2023-07-19T18:49:33.363+0000] {processor.py:826} INFO - Processing file /home/airflow/.local/lib/python3.7/site-packages/airflow/example_dags/example_sensor_decorator.py for tasks to queue
[2023-07-19T18:49:33.365+0000] {logging_mixin.py:150} INFO - [2023-07-19T18:49:33.365+0000] {dagbag.py:541} INFO - Filling up the DagBag from /home/airflow/.local/lib/python3.7/site-packages/airflow/example_dags/example_sensor_decorator.py
[2023-07-19T18:49:33.377+0000] {processor.py:836} INFO - DAG(s) dict_keys(['example_sensor_decorator']) retrieved from /home/airflow/.local/lib/python3.7/site-packages/airflow/example_dags/example_sensor_decorator.py
[2023-07-19T18:49:33.424+0000] {logging_mixin.py:150} INFO - [2023-07-19T18:49:33.423+0000] {dag.py:2742} INFO - Sync 1 DAGs
[2023-07-19T18:49:33.454+0000] {logging_mixin.py:150} INFO - [2023-07-19T18:49:33.454+0000] {dag.py:3508} INFO - Setting next_dagrun for example_sensor_decorator to None, run_after=None
[2023-07-19T18:49:33.475+0000] {processor.py:179} INFO - Processing /home/airflow/.local/lib/python3.7/site-packages/airflow/example_dags/example_sensor_decorator.py took 0.121 seconds
[2023-07-19T18:50:03.824+0000] {processor.py:157} INFO - Started process (PID=931) to work on /home/airflow/.local/lib/python3.7/site-packages/airflow/example_dags/example_sensor_decorator.py
[2023-07-19T18:50:03.827+0000] {processor.py:826} INFO - Processing file /home/airflow/.local/lib/python3.7/site-packages/airflow/example_dags/example_sensor_decorator.py for tasks to queue
[2023-07-19T18:50:03.829+0000] {logging_mixin.py:150} INFO - [2023-07-19T18:50:03.829+0000] {dagbag.py:541} INFO - Filling up the DagBag from /home/airflow/.local/lib/python3.7/site-packages/airflow/example_dags/example_sensor_decorator.py
[2023-07-19T18:50:03.842+0000] {processor.py:836} INFO - DAG(s) dict_keys(['example_sensor_decorator']) retrieved from /home/airflow/.local/lib/python3.7/site-packages/airflow/example_dags/example_sensor_decorator.py
[2023-07-19T18:50:03.878+0000] {logging_mixin.py:150} INFO - [2023-07-19T18:50:03.878+0000] {dag.py:2742} INFO - Sync 1 DAGs
[2023-07-19T18:50:03.902+0000] {logging_mixin.py:150} INFO - [2023-07-19T18:50:03.901+0000] {dag.py:3508} INFO - Setting next_dagrun for example_sensor_decorator to None, run_after=None
[2023-07-19T18:50:03.919+0000] {processor.py:179} INFO - Processing /home/airflow/.local/lib/python3.7/site-packages/airflow/example_dags/example_sensor_decorator.py took 0.104 seconds
[2023-07-19T18:50:41.528+0000] {processor.py:157} INFO - Started process (PID=991) to work on /home/airflow/.local/lib/python3.7/site-packages/airflow/example_dags/example_sensor_decorator.py
[2023-07-19T18:50:41.544+0000] {processor.py:826} INFO - Processing file /home/airflow/.local/lib/python3.7/site-packages/airflow/example_dags/example_sensor_decorator.py for tasks to queue
[2023-07-19T18:50:41.560+0000] {logging_mixin.py:150} INFO - [2023-07-19T18:50:41.559+0000] {dagbag.py:541} INFO - Filling up the DagBag from /home/airflow/.local/lib/python3.7/site-packages/airflow/example_dags/example_sensor_decorator.py
[2023-07-19T18:50:41.621+0000] {processor.py:836} INFO - DAG(s) dict_keys(['example_sensor_decorator']) retrieved from /home/airflow/.local/lib/python3.7/site-packages/airflow/example_dags/example_sensor_decorator.py
[2023-07-19T18:50:41.842+0000] {logging_mixin.py:150} INFO - [2023-07-19T18:50:41.842+0000] {dag.py:2742} INFO - Sync 1 DAGs
[2023-07-19T18:50:41.901+0000] {logging_mixin.py:150} INFO - [2023-07-19T18:50:41.900+0000] {dag.py:3508} INFO - Setting next_dagrun for example_sensor_decorator to None, run_after=None
[2023-07-19T18:50:41.940+0000] {processor.py:179} INFO - Processing /home/airflow/.local/lib/python3.7/site-packages/airflow/example_dags/example_sensor_decorator.py took 0.433 seconds
[2023-07-19T18:51:12.356+0000] {processor.py:157} INFO - Started process (PID=1049) to work on /home/airflow/.local/lib/python3.7/site-packages/airflow/example_dags/example_sensor_decorator.py
[2023-07-19T18:51:12.361+0000] {processor.py:826} INFO - Processing file /home/airflow/.local/lib/python3.7/site-packages/airflow/example_dags/example_sensor_decorator.py for tasks to queue
[2023-07-19T18:51:12.366+0000] {logging_mixin.py:150} INFO - [2023-07-19T18:51:12.366+0000] {dagbag.py:541} INFO - Filling up the DagBag from /home/airflow/.local/lib/python3.7/site-packages/airflow/example_dags/example_sensor_decorator.py
[2023-07-19T18:51:12.379+0000] {processor.py:836} INFO - DAG(s) dict_keys(['example_sensor_decorator']) retrieved from /home/airflow/.local/lib/python3.7/site-packages/airflow/example_dags/example_sensor_decorator.py
[2023-07-19T18:51:12.426+0000] {logging_mixin.py:150} INFO - [2023-07-19T18:51:12.426+0000] {dag.py:2742} INFO - Sync 1 DAGs
[2023-07-19T18:51:12.461+0000] {logging_mixin.py:150} INFO - [2023-07-19T18:51:12.461+0000] {dag.py:3508} INFO - Setting next_dagrun for example_sensor_decorator to None, run_after=None
[2023-07-19T18:51:12.486+0000] {processor.py:179} INFO - Processing /home/airflow/.local/lib/python3.7/site-packages/airflow/example_dags/example_sensor_decorator.py took 0.134 seconds
[2023-07-19T18:51:42.827+0000] {processor.py:157} INFO - Started process (PID=1109) to work on /home/airflow/.local/lib/python3.7/site-packages/airflow/example_dags/example_sensor_decorator.py
[2023-07-19T18:51:42.831+0000] {processor.py:826} INFO - Processing file /home/airflow/.local/lib/python3.7/site-packages/airflow/example_dags/example_sensor_decorator.py for tasks to queue
[2023-07-19T18:51:42.836+0000] {logging_mixin.py:150} INFO - [2023-07-19T18:51:42.835+0000] {dagbag.py:541} INFO - Filling up the DagBag from /home/airflow/.local/lib/python3.7/site-packages/airflow/example_dags/example_sensor_decorator.py
[2023-07-19T18:51:42.850+0000] {processor.py:836} INFO - DAG(s) dict_keys(['example_sensor_decorator']) retrieved from /home/airflow/.local/lib/python3.7/site-packages/airflow/example_dags/example_sensor_decorator.py
[2023-07-19T18:51:42.885+0000] {logging_mixin.py:150} INFO - [2023-07-19T18:51:42.885+0000] {dag.py:2742} INFO - Sync 1 DAGs
[2023-07-19T18:51:42.941+0000] {logging_mixin.py:150} INFO - [2023-07-19T18:51:42.941+0000] {dag.py:3508} INFO - Setting next_dagrun for example_sensor_decorator to None, run_after=None
[2023-07-19T18:51:42.978+0000] {processor.py:179} INFO - Processing /home/airflow/.local/lib/python3.7/site-packages/airflow/example_dags/example_sensor_decorator.py took 0.158 seconds
[2023-07-19T18:52:13.574+0000] {processor.py:157} INFO - Started process (PID=1168) to work on /home/airflow/.local/lib/python3.7/site-packages/airflow/example_dags/example_sensor_decorator.py
[2023-07-19T18:52:13.576+0000] {processor.py:826} INFO - Processing file /home/airflow/.local/lib/python3.7/site-packages/airflow/example_dags/example_sensor_decorator.py for tasks to queue
[2023-07-19T18:52:13.577+0000] {logging_mixin.py:150} INFO - [2023-07-19T18:52:13.577+0000] {dagbag.py:541} INFO - Filling up the DagBag from /home/airflow/.local/lib/python3.7/site-packages/airflow/example_dags/example_sensor_decorator.py
[2023-07-19T18:52:13.588+0000] {processor.py:836} INFO - DAG(s) dict_keys(['example_sensor_decorator']) retrieved from /home/airflow/.local/lib/python3.7/site-packages/airflow/example_dags/example_sensor_decorator.py
[2023-07-19T18:52:13.615+0000] {logging_mixin.py:150} INFO - [2023-07-19T18:52:13.615+0000] {dag.py:2742} INFO - Sync 1 DAGs
[2023-07-19T18:52:13.636+0000] {logging_mixin.py:150} INFO - [2023-07-19T18:52:13.636+0000] {dag.py:3508} INFO - Setting next_dagrun for example_sensor_decorator to None, run_after=None
[2023-07-19T18:52:13.656+0000] {processor.py:179} INFO - Processing /home/airflow/.local/lib/python3.7/site-packages/airflow/example_dags/example_sensor_decorator.py took 0.086 seconds
[2023-07-19T18:52:43.949+0000] {processor.py:157} INFO - Started process (PID=1228) to work on /home/airflow/.local/lib/python3.7/site-packages/airflow/example_dags/example_sensor_decorator.py
[2023-07-19T18:52:43.954+0000] {processor.py:826} INFO - Processing file /home/airflow/.local/lib/python3.7/site-packages/airflow/example_dags/example_sensor_decorator.py for tasks to queue
[2023-07-19T18:52:43.956+0000] {logging_mixin.py:150} INFO - [2023-07-19T18:52:43.956+0000] {dagbag.py:541} INFO - Filling up the DagBag from /home/airflow/.local/lib/python3.7/site-packages/airflow/example_dags/example_sensor_decorator.py
[2023-07-19T18:52:43.972+0000] {processor.py:836} INFO - DAG(s) dict_keys(['example_sensor_decorator']) retrieved from /home/airflow/.local/lib/python3.7/site-packages/airflow/example_dags/example_sensor_decorator.py
[2023-07-19T18:52:44.021+0000] {logging_mixin.py:150} INFO - [2023-07-19T18:52:44.021+0000] {dag.py:2742} INFO - Sync 1 DAGs
[2023-07-19T18:52:44.044+0000] {logging_mixin.py:150} INFO - [2023-07-19T18:52:44.043+0000] {dag.py:3508} INFO - Setting next_dagrun for example_sensor_decorator to None, run_after=None
[2023-07-19T18:52:44.059+0000] {processor.py:179} INFO - Processing /home/airflow/.local/lib/python3.7/site-packages/airflow/example_dags/example_sensor_decorator.py took 0.117 seconds
[2023-07-19T18:53:14.105+0000] {processor.py:157} INFO - Started process (PID=1286) to work on /home/airflow/.local/lib/python3.7/site-packages/airflow/example_dags/example_sensor_decorator.py
[2023-07-19T18:53:14.109+0000] {processor.py:826} INFO - Processing file /home/airflow/.local/lib/python3.7/site-packages/airflow/example_dags/example_sensor_decorator.py for tasks to queue
[2023-07-19T18:53:14.115+0000] {logging_mixin.py:150} INFO - [2023-07-19T18:53:14.113+0000] {dagbag.py:541} INFO - Filling up the DagBag from /home/airflow/.local/lib/python3.7/site-packages/airflow/example_dags/example_sensor_decorator.py
[2023-07-19T18:53:14.127+0000] {processor.py:836} INFO - DAG(s) dict_keys(['example_sensor_decorator']) retrieved from /home/airflow/.local/lib/python3.7/site-packages/airflow/example_dags/example_sensor_decorator.py
[2023-07-19T18:53:14.162+0000] {logging_mixin.py:150} INFO - [2023-07-19T18:53:14.162+0000] {dag.py:2742} INFO - Sync 1 DAGs
[2023-07-19T18:53:14.185+0000] {logging_mixin.py:150} INFO - [2023-07-19T18:53:14.185+0000] {dag.py:3508} INFO - Setting next_dagrun for example_sensor_decorator to None, run_after=None
[2023-07-19T18:53:14.204+0000] {processor.py:179} INFO - Processing /home/airflow/.local/lib/python3.7/site-packages/airflow/example_dags/example_sensor_decorator.py took 0.103 seconds
[2023-07-19T18:53:45.044+0000] {processor.py:157} INFO - Started process (PID=1346) to work on /home/airflow/.local/lib/python3.7/site-packages/airflow/example_dags/example_sensor_decorator.py
[2023-07-19T18:53:45.047+0000] {processor.py:826} INFO - Processing file /home/airflow/.local/lib/python3.7/site-packages/airflow/example_dags/example_sensor_decorator.py for tasks to queue
[2023-07-19T18:53:45.049+0000] {logging_mixin.py:150} INFO - [2023-07-19T18:53:45.049+0000] {dagbag.py:541} INFO - Filling up the DagBag from /home/airflow/.local/lib/python3.7/site-packages/airflow/example_dags/example_sensor_decorator.py
[2023-07-19T18:53:45.060+0000] {processor.py:836} INFO - DAG(s) dict_keys(['example_sensor_decorator']) retrieved from /home/airflow/.local/lib/python3.7/site-packages/airflow/example_dags/example_sensor_decorator.py
[2023-07-19T18:53:45.123+0000] {logging_mixin.py:150} INFO - [2023-07-19T18:53:45.123+0000] {dag.py:2742} INFO - Sync 1 DAGs
[2023-07-19T18:53:45.178+0000] {logging_mixin.py:150} INFO - [2023-07-19T18:53:45.177+0000] {dag.py:3508} INFO - Setting next_dagrun for example_sensor_decorator to None, run_after=None
[2023-07-19T18:53:45.213+0000] {processor.py:179} INFO - Processing /home/airflow/.local/lib/python3.7/site-packages/airflow/example_dags/example_sensor_decorator.py took 0.174 seconds
[2023-07-19T18:54:16.366+0000] {processor.py:157} INFO - Started process (PID=1399) to work on /home/airflow/.local/lib/python3.7/site-packages/airflow/example_dags/example_sensor_decorator.py
[2023-07-19T18:54:16.372+0000] {processor.py:826} INFO - Processing file /home/airflow/.local/lib/python3.7/site-packages/airflow/example_dags/example_sensor_decorator.py for tasks to queue
[2023-07-19T18:54:16.379+0000] {logging_mixin.py:150} INFO - [2023-07-19T18:54:16.379+0000] {dagbag.py:541} INFO - Filling up the DagBag from /home/airflow/.local/lib/python3.7/site-packages/airflow/example_dags/example_sensor_decorator.py
[2023-07-19T18:54:16.407+0000] {processor.py:836} INFO - DAG(s) dict_keys(['example_sensor_decorator']) retrieved from /home/airflow/.local/lib/python3.7/site-packages/airflow/example_dags/example_sensor_decorator.py
[2023-07-19T18:54:16.463+0000] {logging_mixin.py:150} INFO - [2023-07-19T18:54:16.462+0000] {dag.py:2742} INFO - Sync 1 DAGs
[2023-07-19T18:54:16.503+0000] {logging_mixin.py:150} INFO - [2023-07-19T18:54:16.503+0000] {dag.py:3508} INFO - Setting next_dagrun for example_sensor_decorator to None, run_after=None
[2023-07-19T18:54:16.542+0000] {processor.py:179} INFO - Processing /home/airflow/.local/lib/python3.7/site-packages/airflow/example_dags/example_sensor_decorator.py took 0.180 seconds
