[2023-07-19T18:42:23.654+0000] {processor.py:157} INFO - Started process (PID=74) to work on /home/airflow/.local/lib/python3.7/site-packages/airflow/example_dags/example_latest_only_with_trigger.py
[2023-07-19T18:42:23.656+0000] {processor.py:826} INFO - Processing file /home/airflow/.local/lib/python3.7/site-packages/airflow/example_dags/example_latest_only_with_trigger.py for tasks to queue
[2023-07-19T18:42:23.661+0000] {logging_mixin.py:150} INFO - [2023-07-19T18:42:23.661+0000] {dagbag.py:541} INFO - Filling up the DagBag from /home/airflow/.local/lib/python3.7/site-packages/airflow/example_dags/example_latest_only_with_trigger.py
[2023-07-19T18:42:23.681+0000] {processor.py:836} INFO - DAG(s) dict_keys(['latest_only_with_trigger']) retrieved from /home/airflow/.local/lib/python3.7/site-packages/airflow/example_dags/example_latest_only_with_trigger.py
[2023-07-19T18:42:23.730+0000] {logging_mixin.py:150} INFO - [2023-07-19T18:42:23.730+0000] {dag.py:2742} INFO - Sync 1 DAGs
[2023-07-19T18:42:23.808+0000] {logging_mixin.py:150} INFO - [2023-07-19T18:42:23.808+0000] {dag.py:3508} INFO - Setting next_dagrun for latest_only_with_trigger to 2023-07-19T14:42:23.807459+00:00, run_after=2023-07-19T18:42:23.807459+00:00
[2023-07-19T18:42:23.836+0000] {processor.py:179} INFO - Processing /home/airflow/.local/lib/python3.7/site-packages/airflow/example_dags/example_latest_only_with_trigger.py took 0.189 seconds
[2023-07-19T18:42:54.695+0000] {processor.py:157} INFO - Started process (PID=134) to work on /home/airflow/.local/lib/python3.7/site-packages/airflow/example_dags/example_latest_only_with_trigger.py
[2023-07-19T18:42:54.697+0000] {processor.py:826} INFO - Processing file /home/airflow/.local/lib/python3.7/site-packages/airflow/example_dags/example_latest_only_with_trigger.py for tasks to queue
[2023-07-19T18:42:54.699+0000] {logging_mixin.py:150} INFO - [2023-07-19T18:42:54.699+0000] {dagbag.py:541} INFO - Filling up the DagBag from /home/airflow/.local/lib/python3.7/site-packages/airflow/example_dags/example_latest_only_with_trigger.py
[2023-07-19T18:42:54.709+0000] {processor.py:836} INFO - DAG(s) dict_keys(['latest_only_with_trigger']) retrieved from /home/airflow/.local/lib/python3.7/site-packages/airflow/example_dags/example_latest_only_with_trigger.py
[2023-07-19T18:42:54.733+0000] {logging_mixin.py:150} INFO - [2023-07-19T18:42:54.733+0000] {dag.py:2742} INFO - Sync 1 DAGs
[2023-07-19T18:42:54.754+0000] {logging_mixin.py:150} INFO - [2023-07-19T18:42:54.754+0000] {dag.py:3508} INFO - Setting next_dagrun for latest_only_with_trigger to 2023-07-19T14:42:54.753704+00:00, run_after=2023-07-19T18:42:54.753704+00:00
[2023-07-19T18:42:54.770+0000] {processor.py:179} INFO - Processing /home/airflow/.local/lib/python3.7/site-packages/airflow/example_dags/example_latest_only_with_trigger.py took 0.079 seconds
[2023-07-19T18:43:24.912+0000] {processor.py:157} INFO - Started process (PID=193) to work on /home/airflow/.local/lib/python3.7/site-packages/airflow/example_dags/example_latest_only_with_trigger.py
[2023-07-19T18:43:24.915+0000] {processor.py:826} INFO - Processing file /home/airflow/.local/lib/python3.7/site-packages/airflow/example_dags/example_latest_only_with_trigger.py for tasks to queue
[2023-07-19T18:43:24.918+0000] {logging_mixin.py:150} INFO - [2023-07-19T18:43:24.917+0000] {dagbag.py:541} INFO - Filling up the DagBag from /home/airflow/.local/lib/python3.7/site-packages/airflow/example_dags/example_latest_only_with_trigger.py
[2023-07-19T18:43:24.928+0000] {processor.py:836} INFO - DAG(s) dict_keys(['latest_only_with_trigger']) retrieved from /home/airflow/.local/lib/python3.7/site-packages/airflow/example_dags/example_latest_only_with_trigger.py
[2023-07-19T18:43:24.971+0000] {logging_mixin.py:150} INFO - [2023-07-19T18:43:24.971+0000] {dag.py:2742} INFO - Sync 1 DAGs
[2023-07-19T18:43:24.999+0000] {logging_mixin.py:150} INFO - [2023-07-19T18:43:24.999+0000] {dag.py:3508} INFO - Setting next_dagrun for latest_only_with_trigger to 2023-07-19T14:43:24.999296+00:00, run_after=2023-07-19T18:43:24.999296+00:00
[2023-07-19T18:43:25.019+0000] {processor.py:179} INFO - Processing /home/airflow/.local/lib/python3.7/site-packages/airflow/example_dags/example_latest_only_with_trigger.py took 0.111 seconds
[2023-07-19T18:43:56.395+0000] {processor.py:157} INFO - Started process (PID=252) to work on /home/airflow/.local/lib/python3.7/site-packages/airflow/example_dags/example_latest_only_with_trigger.py
[2023-07-19T18:43:56.398+0000] {processor.py:826} INFO - Processing file /home/airflow/.local/lib/python3.7/site-packages/airflow/example_dags/example_latest_only_with_trigger.py for tasks to queue
[2023-07-19T18:43:56.403+0000] {logging_mixin.py:150} INFO - [2023-07-19T18:43:56.402+0000] {dagbag.py:541} INFO - Filling up the DagBag from /home/airflow/.local/lib/python3.7/site-packages/airflow/example_dags/example_latest_only_with_trigger.py
[2023-07-19T18:43:56.417+0000] {processor.py:836} INFO - DAG(s) dict_keys(['latest_only_with_trigger']) retrieved from /home/airflow/.local/lib/python3.7/site-packages/airflow/example_dags/example_latest_only_with_trigger.py
[2023-07-19T18:43:56.452+0000] {logging_mixin.py:150} INFO - [2023-07-19T18:43:56.452+0000] {dag.py:2742} INFO - Sync 1 DAGs
[2023-07-19T18:43:56.472+0000] {logging_mixin.py:150} INFO - [2023-07-19T18:43:56.472+0000] {dag.py:3508} INFO - Setting next_dagrun for latest_only_with_trigger to 2023-07-19T14:43:56.472286+00:00, run_after=2023-07-19T18:43:56.472286+00:00
[2023-07-19T18:43:56.500+0000] {processor.py:179} INFO - Processing /home/airflow/.local/lib/python3.7/site-packages/airflow/example_dags/example_latest_only_with_trigger.py took 0.110 seconds
[2023-07-19T18:44:27.428+0000] {processor.py:157} INFO - Started process (PID=310) to work on /home/airflow/.local/lib/python3.7/site-packages/airflow/example_dags/example_latest_only_with_trigger.py
[2023-07-19T18:44:27.436+0000] {processor.py:826} INFO - Processing file /home/airflow/.local/lib/python3.7/site-packages/airflow/example_dags/example_latest_only_with_trigger.py for tasks to queue
[2023-07-19T18:44:27.450+0000] {logging_mixin.py:150} INFO - [2023-07-19T18:44:27.450+0000] {dagbag.py:541} INFO - Filling up the DagBag from /home/airflow/.local/lib/python3.7/site-packages/airflow/example_dags/example_latest_only_with_trigger.py
[2023-07-19T18:44:27.461+0000] {processor.py:836} INFO - DAG(s) dict_keys(['latest_only_with_trigger']) retrieved from /home/airflow/.local/lib/python3.7/site-packages/airflow/example_dags/example_latest_only_with_trigger.py
[2023-07-19T18:44:27.497+0000] {logging_mixin.py:150} INFO - [2023-07-19T18:44:27.497+0000] {dag.py:2742} INFO - Sync 1 DAGs
[2023-07-19T18:44:27.534+0000] {logging_mixin.py:150} INFO - [2023-07-19T18:44:27.534+0000] {dag.py:3508} INFO - Setting next_dagrun for latest_only_with_trigger to 2023-07-19T14:44:27.533910+00:00, run_after=2023-07-19T18:44:27.533910+00:00
[2023-07-19T18:44:27.557+0000] {processor.py:179} INFO - Processing /home/airflow/.local/lib/python3.7/site-packages/airflow/example_dags/example_latest_only_with_trigger.py took 0.134 seconds
[2023-07-19T18:44:57.834+0000] {processor.py:157} INFO - Started process (PID=368) to work on /home/airflow/.local/lib/python3.7/site-packages/airflow/example_dags/example_latest_only_with_trigger.py
[2023-07-19T18:44:57.838+0000] {processor.py:826} INFO - Processing file /home/airflow/.local/lib/python3.7/site-packages/airflow/example_dags/example_latest_only_with_trigger.py for tasks to queue
[2023-07-19T18:44:57.842+0000] {logging_mixin.py:150} INFO - [2023-07-19T18:44:57.842+0000] {dagbag.py:541} INFO - Filling up the DagBag from /home/airflow/.local/lib/python3.7/site-packages/airflow/example_dags/example_latest_only_with_trigger.py
[2023-07-19T18:44:57.874+0000] {processor.py:836} INFO - DAG(s) dict_keys(['latest_only_with_trigger']) retrieved from /home/airflow/.local/lib/python3.7/site-packages/airflow/example_dags/example_latest_only_with_trigger.py
[2023-07-19T18:44:57.965+0000] {logging_mixin.py:150} INFO - [2023-07-19T18:44:57.965+0000] {dag.py:2742} INFO - Sync 1 DAGs
[2023-07-19T18:44:58.017+0000] {logging_mixin.py:150} INFO - [2023-07-19T18:44:58.016+0000] {dag.py:3508} INFO - Setting next_dagrun for latest_only_with_trigger to 2023-07-19T14:44:58.015287+00:00, run_after=2023-07-19T18:44:58.015287+00:00
[2023-07-19T18:44:58.066+0000] {processor.py:179} INFO - Processing /home/airflow/.local/lib/python3.7/site-packages/airflow/example_dags/example_latest_only_with_trigger.py took 0.237 seconds
[2023-07-19T18:45:28.439+0000] {processor.py:157} INFO - Started process (PID=427) to work on /home/airflow/.local/lib/python3.7/site-packages/airflow/example_dags/example_latest_only_with_trigger.py
[2023-07-19T18:45:28.443+0000] {processor.py:826} INFO - Processing file /home/airflow/.local/lib/python3.7/site-packages/airflow/example_dags/example_latest_only_with_trigger.py for tasks to queue
[2023-07-19T18:45:28.445+0000] {logging_mixin.py:150} INFO - [2023-07-19T18:45:28.445+0000] {dagbag.py:541} INFO - Filling up the DagBag from /home/airflow/.local/lib/python3.7/site-packages/airflow/example_dags/example_latest_only_with_trigger.py
[2023-07-19T18:45:28.460+0000] {processor.py:836} INFO - DAG(s) dict_keys(['latest_only_with_trigger']) retrieved from /home/airflow/.local/lib/python3.7/site-packages/airflow/example_dags/example_latest_only_with_trigger.py
[2023-07-19T18:45:28.491+0000] {logging_mixin.py:150} INFO - [2023-07-19T18:45:28.491+0000] {dag.py:2742} INFO - Sync 1 DAGs
[2023-07-19T18:45:28.527+0000] {logging_mixin.py:150} INFO - [2023-07-19T18:45:28.526+0000] {dag.py:3508} INFO - Setting next_dagrun for latest_only_with_trigger to 2023-07-19T14:45:28.526595+00:00, run_after=2023-07-19T18:45:28.526595+00:00
[2023-07-19T18:45:28.556+0000] {processor.py:179} INFO - Processing /home/airflow/.local/lib/python3.7/site-packages/airflow/example_dags/example_latest_only_with_trigger.py took 0.124 seconds
[2023-07-19T18:45:58.837+0000] {processor.py:157} INFO - Started process (PID=486) to work on /home/airflow/.local/lib/python3.7/site-packages/airflow/example_dags/example_latest_only_with_trigger.py
[2023-07-19T18:45:58.843+0000] {processor.py:826} INFO - Processing file /home/airflow/.local/lib/python3.7/site-packages/airflow/example_dags/example_latest_only_with_trigger.py for tasks to queue
[2023-07-19T18:45:58.848+0000] {logging_mixin.py:150} INFO - [2023-07-19T18:45:58.847+0000] {dagbag.py:541} INFO - Filling up the DagBag from /home/airflow/.local/lib/python3.7/site-packages/airflow/example_dags/example_latest_only_with_trigger.py
[2023-07-19T18:45:58.870+0000] {processor.py:836} INFO - DAG(s) dict_keys(['latest_only_with_trigger']) retrieved from /home/airflow/.local/lib/python3.7/site-packages/airflow/example_dags/example_latest_only_with_trigger.py
[2023-07-19T18:45:58.949+0000] {logging_mixin.py:150} INFO - [2023-07-19T18:45:58.948+0000] {dag.py:2742} INFO - Sync 1 DAGs
[2023-07-19T18:45:59.019+0000] {logging_mixin.py:150} INFO - [2023-07-19T18:45:59.019+0000] {dag.py:3508} INFO - Setting next_dagrun for latest_only_with_trigger to 2023-07-19T14:45:59.018446+00:00, run_after=2023-07-19T18:45:59.018446+00:00
[2023-07-19T18:45:59.050+0000] {processor.py:179} INFO - Processing /home/airflow/.local/lib/python3.7/site-packages/airflow/example_dags/example_latest_only_with_trigger.py took 0.221 seconds
[2023-07-19T18:46:29.977+0000] {processor.py:157} INFO - Started process (PID=545) to work on /home/airflow/.local/lib/python3.7/site-packages/airflow/example_dags/example_latest_only_with_trigger.py
[2023-07-19T18:46:29.980+0000] {processor.py:826} INFO - Processing file /home/airflow/.local/lib/python3.7/site-packages/airflow/example_dags/example_latest_only_with_trigger.py for tasks to queue
[2023-07-19T18:46:29.983+0000] {logging_mixin.py:150} INFO - [2023-07-19T18:46:29.982+0000] {dagbag.py:541} INFO - Filling up the DagBag from /home/airflow/.local/lib/python3.7/site-packages/airflow/example_dags/example_latest_only_with_trigger.py
[2023-07-19T18:46:30.011+0000] {processor.py:836} INFO - DAG(s) dict_keys(['latest_only_with_trigger']) retrieved from /home/airflow/.local/lib/python3.7/site-packages/airflow/example_dags/example_latest_only_with_trigger.py
[2023-07-19T18:46:30.089+0000] {logging_mixin.py:150} INFO - [2023-07-19T18:46:30.089+0000] {dag.py:2742} INFO - Sync 1 DAGs
[2023-07-19T18:46:30.142+0000] {logging_mixin.py:150} INFO - [2023-07-19T18:46:30.142+0000] {dag.py:3508} INFO - Setting next_dagrun for latest_only_with_trigger to 2023-07-19T14:46:30.141793+00:00, run_after=2023-07-19T18:46:30.141793+00:00
[2023-07-19T18:46:30.192+0000] {processor.py:179} INFO - Processing /home/airflow/.local/lib/python3.7/site-packages/airflow/example_dags/example_latest_only_with_trigger.py took 0.225 seconds
[2023-07-19T18:47:07.828+0000] {processor.py:157} INFO - Started process (PID=605) to work on /home/airflow/.local/lib/python3.7/site-packages/airflow/example_dags/example_latest_only_with_trigger.py
[2023-07-19T18:47:07.838+0000] {processor.py:826} INFO - Processing file /home/airflow/.local/lib/python3.7/site-packages/airflow/example_dags/example_latest_only_with_trigger.py for tasks to queue
[2023-07-19T18:47:07.850+0000] {logging_mixin.py:150} INFO - [2023-07-19T18:47:07.848+0000] {dagbag.py:541} INFO - Filling up the DagBag from /home/airflow/.local/lib/python3.7/site-packages/airflow/example_dags/example_latest_only_with_trigger.py
[2023-07-19T18:47:07.882+0000] {processor.py:836} INFO - DAG(s) dict_keys(['latest_only_with_trigger']) retrieved from /home/airflow/.local/lib/python3.7/site-packages/airflow/example_dags/example_latest_only_with_trigger.py
[2023-07-19T18:47:07.984+0000] {logging_mixin.py:150} INFO - [2023-07-19T18:47:07.984+0000] {dag.py:2742} INFO - Sync 1 DAGs
[2023-07-19T18:47:08.083+0000] {logging_mixin.py:150} INFO - [2023-07-19T18:47:08.082+0000] {dag.py:3508} INFO - Setting next_dagrun for latest_only_with_trigger to 2023-07-19T14:47:08.081729+00:00, run_after=2023-07-19T18:47:08.081729+00:00
[2023-07-19T18:47:08.123+0000] {processor.py:179} INFO - Processing /home/airflow/.local/lib/python3.7/site-packages/airflow/example_dags/example_latest_only_with_trigger.py took 0.311 seconds
[2023-07-19T18:47:39.122+0000] {processor.py:157} INFO - Started process (PID=664) to work on /home/airflow/.local/lib/python3.7/site-packages/airflow/example_dags/example_latest_only_with_trigger.py
[2023-07-19T18:47:39.133+0000] {processor.py:826} INFO - Processing file /home/airflow/.local/lib/python3.7/site-packages/airflow/example_dags/example_latest_only_with_trigger.py for tasks to queue
[2023-07-19T18:47:39.151+0000] {logging_mixin.py:150} INFO - [2023-07-19T18:47:39.149+0000] {dagbag.py:541} INFO - Filling up the DagBag from /home/airflow/.local/lib/python3.7/site-packages/airflow/example_dags/example_latest_only_with_trigger.py
[2023-07-19T18:47:39.191+0000] {processor.py:836} INFO - DAG(s) dict_keys(['latest_only_with_trigger']) retrieved from /home/airflow/.local/lib/python3.7/site-packages/airflow/example_dags/example_latest_only_with_trigger.py
[2023-07-19T18:47:39.254+0000] {logging_mixin.py:150} INFO - [2023-07-19T18:47:39.254+0000] {dag.py:2742} INFO - Sync 1 DAGs
[2023-07-19T18:47:39.297+0000] {logging_mixin.py:150} INFO - [2023-07-19T18:47:39.297+0000] {dag.py:3508} INFO - Setting next_dagrun for latest_only_with_trigger to 2023-07-19T14:47:39.295739+00:00, run_after=2023-07-19T18:47:39.295739+00:00
[2023-07-19T18:47:39.389+0000] {processor.py:179} INFO - Processing /home/airflow/.local/lib/python3.7/site-packages/airflow/example_dags/example_latest_only_with_trigger.py took 0.286 seconds
[2023-07-19T18:48:10.092+0000] {processor.py:157} INFO - Started process (PID=723) to work on /home/airflow/.local/lib/python3.7/site-packages/airflow/example_dags/example_latest_only_with_trigger.py
[2023-07-19T18:48:10.103+0000] {processor.py:826} INFO - Processing file /home/airflow/.local/lib/python3.7/site-packages/airflow/example_dags/example_latest_only_with_trigger.py for tasks to queue
[2023-07-19T18:48:10.115+0000] {logging_mixin.py:150} INFO - [2023-07-19T18:48:10.114+0000] {dagbag.py:541} INFO - Filling up the DagBag from /home/airflow/.local/lib/python3.7/site-packages/airflow/example_dags/example_latest_only_with_trigger.py
[2023-07-19T18:48:10.152+0000] {processor.py:836} INFO - DAG(s) dict_keys(['latest_only_with_trigger']) retrieved from /home/airflow/.local/lib/python3.7/site-packages/airflow/example_dags/example_latest_only_with_trigger.py
[2023-07-19T18:48:10.234+0000] {logging_mixin.py:150} INFO - [2023-07-19T18:48:10.233+0000] {dag.py:2742} INFO - Sync 1 DAGs
[2023-07-19T18:48:10.351+0000] {logging_mixin.py:150} INFO - [2023-07-19T18:48:10.350+0000] {dag.py:3508} INFO - Setting next_dagrun for latest_only_with_trigger to 2023-07-19T14:48:10.342958+00:00, run_after=2023-07-19T18:48:10.342958+00:00
[2023-07-19T18:48:10.483+0000] {processor.py:179} INFO - Processing /home/airflow/.local/lib/python3.7/site-packages/airflow/example_dags/example_latest_only_with_trigger.py took 0.402 seconds
[2023-07-19T18:48:43.984+0000] {processor.py:157} INFO - Started process (PID=790) to work on /home/airflow/.local/lib/python3.7/site-packages/airflow/example_dags/example_latest_only_with_trigger.py
[2023-07-19T18:48:43.993+0000] {processor.py:826} INFO - Processing file /home/airflow/.local/lib/python3.7/site-packages/airflow/example_dags/example_latest_only_with_trigger.py for tasks to queue
[2023-07-19T18:48:44.001+0000] {logging_mixin.py:150} INFO - [2023-07-19T18:48:44.000+0000] {dagbag.py:541} INFO - Filling up the DagBag from /home/airflow/.local/lib/python3.7/site-packages/airflow/example_dags/example_latest_only_with_trigger.py
[2023-07-19T18:48:44.030+0000] {processor.py:836} INFO - DAG(s) dict_keys(['latest_only_with_trigger']) retrieved from /home/airflow/.local/lib/python3.7/site-packages/airflow/example_dags/example_latest_only_with_trigger.py
[2023-07-19T18:48:44.114+0000] {logging_mixin.py:150} INFO - [2023-07-19T18:48:44.113+0000] {dag.py:2742} INFO - Sync 1 DAGs
[2023-07-19T18:48:44.171+0000] {logging_mixin.py:150} INFO - [2023-07-19T18:48:44.170+0000] {dag.py:3508} INFO - Setting next_dagrun for latest_only_with_trigger to 2023-07-19T14:48:44.169454+00:00, run_after=2023-07-19T18:48:44.169454+00:00
[2023-07-19T18:48:44.218+0000] {processor.py:179} INFO - Processing /home/airflow/.local/lib/python3.7/site-packages/airflow/example_dags/example_latest_only_with_trigger.py took 0.251 seconds
[2023-07-19T18:49:15.437+0000] {processor.py:157} INFO - Started process (PID=842) to work on /home/airflow/.local/lib/python3.7/site-packages/airflow/example_dags/example_latest_only_with_trigger.py
[2023-07-19T18:49:15.483+0000] {processor.py:826} INFO - Processing file /home/airflow/.local/lib/python3.7/site-packages/airflow/example_dags/example_latest_only_with_trigger.py for tasks to queue
[2023-07-19T18:49:15.515+0000] {logging_mixin.py:150} INFO - [2023-07-19T18:49:15.515+0000] {dagbag.py:541} INFO - Filling up the DagBag from /home/airflow/.local/lib/python3.7/site-packages/airflow/example_dags/example_latest_only_with_trigger.py
[2023-07-19T18:49:15.642+0000] {processor.py:836} INFO - DAG(s) dict_keys(['latest_only_with_trigger']) retrieved from /home/airflow/.local/lib/python3.7/site-packages/airflow/example_dags/example_latest_only_with_trigger.py
[2023-07-19T18:49:16.132+0000] {logging_mixin.py:150} INFO - [2023-07-19T18:49:16.132+0000] {dag.py:2742} INFO - Sync 1 DAGs
[2023-07-19T18:49:16.256+0000] {logging_mixin.py:150} INFO - [2023-07-19T18:49:16.255+0000] {dag.py:3508} INFO - Setting next_dagrun for latest_only_with_trigger to 2023-07-19T14:49:16.254326+00:00, run_after=2023-07-19T18:49:16.254326+00:00
[2023-07-19T18:49:16.449+0000] {processor.py:179} INFO - Processing /home/airflow/.local/lib/python3.7/site-packages/airflow/example_dags/example_latest_only_with_trigger.py took 1.014 seconds
[2023-07-19T18:49:46.919+0000] {processor.py:157} INFO - Started process (PID=906) to work on /home/airflow/.local/lib/python3.7/site-packages/airflow/example_dags/example_latest_only_with_trigger.py
[2023-07-19T18:49:46.924+0000] {processor.py:826} INFO - Processing file /home/airflow/.local/lib/python3.7/site-packages/airflow/example_dags/example_latest_only_with_trigger.py for tasks to queue
[2023-07-19T18:49:46.930+0000] {logging_mixin.py:150} INFO - [2023-07-19T18:49:46.929+0000] {dagbag.py:541} INFO - Filling up the DagBag from /home/airflow/.local/lib/python3.7/site-packages/airflow/example_dags/example_latest_only_with_trigger.py
[2023-07-19T18:49:46.947+0000] {processor.py:836} INFO - DAG(s) dict_keys(['latest_only_with_trigger']) retrieved from /home/airflow/.local/lib/python3.7/site-packages/airflow/example_dags/example_latest_only_with_trigger.py
[2023-07-19T18:49:46.993+0000] {logging_mixin.py:150} INFO - [2023-07-19T18:49:46.992+0000] {dag.py:2742} INFO - Sync 1 DAGs
[2023-07-19T18:49:47.054+0000] {logging_mixin.py:150} INFO - [2023-07-19T18:49:47.054+0000] {dag.py:3508} INFO - Setting next_dagrun for latest_only_with_trigger to 2023-07-19T14:49:47.053856+00:00, run_after=2023-07-19T18:49:47.053856+00:00
[2023-07-19T18:49:47.090+0000] {processor.py:179} INFO - Processing /home/airflow/.local/lib/python3.7/site-packages/airflow/example_dags/example_latest_only_with_trigger.py took 0.185 seconds
[2023-07-19T18:50:17.368+0000] {processor.py:157} INFO - Started process (PID=966) to work on /home/airflow/.local/lib/python3.7/site-packages/airflow/example_dags/example_latest_only_with_trigger.py
[2023-07-19T18:50:17.371+0000] {processor.py:826} INFO - Processing file /home/airflow/.local/lib/python3.7/site-packages/airflow/example_dags/example_latest_only_with_trigger.py for tasks to queue
[2023-07-19T18:50:17.373+0000] {logging_mixin.py:150} INFO - [2023-07-19T18:50:17.373+0000] {dagbag.py:541} INFO - Filling up the DagBag from /home/airflow/.local/lib/python3.7/site-packages/airflow/example_dags/example_latest_only_with_trigger.py
[2023-07-19T18:50:17.382+0000] {processor.py:836} INFO - DAG(s) dict_keys(['latest_only_with_trigger']) retrieved from /home/airflow/.local/lib/python3.7/site-packages/airflow/example_dags/example_latest_only_with_trigger.py
[2023-07-19T18:50:17.416+0000] {logging_mixin.py:150} INFO - [2023-07-19T18:50:17.416+0000] {dag.py:2742} INFO - Sync 1 DAGs
[2023-07-19T18:50:17.437+0000] {logging_mixin.py:150} INFO - [2023-07-19T18:50:17.437+0000] {dag.py:3508} INFO - Setting next_dagrun for latest_only_with_trigger to 2023-07-19T14:50:17.437319+00:00, run_after=2023-07-19T18:50:17.437319+00:00
[2023-07-19T18:50:17.451+0000] {processor.py:179} INFO - Processing /home/airflow/.local/lib/python3.7/site-packages/airflow/example_dags/example_latest_only_with_trigger.py took 0.087 seconds
[2023-07-19T18:50:47.699+0000] {processor.py:157} INFO - Started process (PID=1025) to work on /home/airflow/.local/lib/python3.7/site-packages/airflow/example_dags/example_latest_only_with_trigger.py
[2023-07-19T18:50:47.702+0000] {processor.py:826} INFO - Processing file /home/airflow/.local/lib/python3.7/site-packages/airflow/example_dags/example_latest_only_with_trigger.py for tasks to queue
[2023-07-19T18:50:47.705+0000] {logging_mixin.py:150} INFO - [2023-07-19T18:50:47.704+0000] {dagbag.py:541} INFO - Filling up the DagBag from /home/airflow/.local/lib/python3.7/site-packages/airflow/example_dags/example_latest_only_with_trigger.py
[2023-07-19T18:50:47.740+0000] {processor.py:836} INFO - DAG(s) dict_keys(['latest_only_with_trigger']) retrieved from /home/airflow/.local/lib/python3.7/site-packages/airflow/example_dags/example_latest_only_with_trigger.py
[2023-07-19T18:50:47.790+0000] {logging_mixin.py:150} INFO - [2023-07-19T18:50:47.790+0000] {dag.py:2742} INFO - Sync 1 DAGs
[2023-07-19T18:50:47.850+0000] {logging_mixin.py:150} INFO - [2023-07-19T18:50:47.849+0000] {dag.py:3508} INFO - Setting next_dagrun for latest_only_with_trigger to 2023-07-19T14:50:47.848542+00:00, run_after=2023-07-19T18:50:47.848542+00:00
[2023-07-19T18:50:47.907+0000] {processor.py:179} INFO - Processing /home/airflow/.local/lib/python3.7/site-packages/airflow/example_dags/example_latest_only_with_trigger.py took 0.213 seconds
[2023-07-19T18:51:18.831+0000] {processor.py:157} INFO - Started process (PID=1085) to work on /home/airflow/.local/lib/python3.7/site-packages/airflow/example_dags/example_latest_only_with_trigger.py
[2023-07-19T18:51:18.835+0000] {processor.py:826} INFO - Processing file /home/airflow/.local/lib/python3.7/site-packages/airflow/example_dags/example_latest_only_with_trigger.py for tasks to queue
[2023-07-19T18:51:18.839+0000] {logging_mixin.py:150} INFO - [2023-07-19T18:51:18.838+0000] {dagbag.py:541} INFO - Filling up the DagBag from /home/airflow/.local/lib/python3.7/site-packages/airflow/example_dags/example_latest_only_with_trigger.py
[2023-07-19T18:51:18.849+0000] {processor.py:836} INFO - DAG(s) dict_keys(['latest_only_with_trigger']) retrieved from /home/airflow/.local/lib/python3.7/site-packages/airflow/example_dags/example_latest_only_with_trigger.py
[2023-07-19T18:51:18.877+0000] {logging_mixin.py:150} INFO - [2023-07-19T18:51:18.877+0000] {dag.py:2742} INFO - Sync 1 DAGs
[2023-07-19T18:51:18.897+0000] {logging_mixin.py:150} INFO - [2023-07-19T18:51:18.897+0000] {dag.py:3508} INFO - Setting next_dagrun for latest_only_with_trigger to 2023-07-19T14:51:18.897012+00:00, run_after=2023-07-19T18:51:18.897012+00:00
[2023-07-19T18:51:18.910+0000] {processor.py:179} INFO - Processing /home/airflow/.local/lib/python3.7/site-packages/airflow/example_dags/example_latest_only_with_trigger.py took 0.087 seconds
[2023-07-19T18:51:49.288+0000] {processor.py:157} INFO - Started process (PID=1144) to work on /home/airflow/.local/lib/python3.7/site-packages/airflow/example_dags/example_latest_only_with_trigger.py
[2023-07-19T18:51:49.292+0000] {processor.py:826} INFO - Processing file /home/airflow/.local/lib/python3.7/site-packages/airflow/example_dags/example_latest_only_with_trigger.py for tasks to queue
[2023-07-19T18:51:49.294+0000] {logging_mixin.py:150} INFO - [2023-07-19T18:51:49.293+0000] {dagbag.py:541} INFO - Filling up the DagBag from /home/airflow/.local/lib/python3.7/site-packages/airflow/example_dags/example_latest_only_with_trigger.py
[2023-07-19T18:51:49.306+0000] {processor.py:836} INFO - DAG(s) dict_keys(['latest_only_with_trigger']) retrieved from /home/airflow/.local/lib/python3.7/site-packages/airflow/example_dags/example_latest_only_with_trigger.py
[2023-07-19T18:51:49.347+0000] {logging_mixin.py:150} INFO - [2023-07-19T18:51:49.347+0000] {dag.py:2742} INFO - Sync 1 DAGs
[2023-07-19T18:51:49.374+0000] {logging_mixin.py:150} INFO - [2023-07-19T18:51:49.374+0000] {dag.py:3508} INFO - Setting next_dagrun for latest_only_with_trigger to 2023-07-19T14:51:49.374376+00:00, run_after=2023-07-19T18:51:49.374376+00:00
[2023-07-19T18:51:49.394+0000] {processor.py:179} INFO - Processing /home/airflow/.local/lib/python3.7/site-packages/airflow/example_dags/example_latest_only_with_trigger.py took 0.113 seconds
[2023-07-19T18:52:20.326+0000] {processor.py:157} INFO - Started process (PID=1204) to work on /home/airflow/.local/lib/python3.7/site-packages/airflow/example_dags/example_latest_only_with_trigger.py
[2023-07-19T18:52:20.334+0000] {processor.py:826} INFO - Processing file /home/airflow/.local/lib/python3.7/site-packages/airflow/example_dags/example_latest_only_with_trigger.py for tasks to queue
[2023-07-19T18:52:20.338+0000] {logging_mixin.py:150} INFO - [2023-07-19T18:52:20.337+0000] {dagbag.py:541} INFO - Filling up the DagBag from /home/airflow/.local/lib/python3.7/site-packages/airflow/example_dags/example_latest_only_with_trigger.py
[2023-07-19T18:52:20.350+0000] {processor.py:836} INFO - DAG(s) dict_keys(['latest_only_with_trigger']) retrieved from /home/airflow/.local/lib/python3.7/site-packages/airflow/example_dags/example_latest_only_with_trigger.py
[2023-07-19T18:52:20.391+0000] {logging_mixin.py:150} INFO - [2023-07-19T18:52:20.391+0000] {dag.py:2742} INFO - Sync 1 DAGs
[2023-07-19T18:52:20.428+0000] {logging_mixin.py:150} INFO - [2023-07-19T18:52:20.427+0000] {dag.py:3508} INFO - Setting next_dagrun for latest_only_with_trigger to 2023-07-19T14:52:20.427359+00:00, run_after=2023-07-19T18:52:20.427359+00:00
[2023-07-19T18:52:20.470+0000] {processor.py:179} INFO - Processing /home/airflow/.local/lib/python3.7/site-packages/airflow/example_dags/example_latest_only_with_trigger.py took 0.153 seconds
[2023-07-19T18:52:50.545+0000] {processor.py:157} INFO - Started process (PID=1263) to work on /home/airflow/.local/lib/python3.7/site-packages/airflow/example_dags/example_latest_only_with_trigger.py
[2023-07-19T18:52:50.550+0000] {processor.py:826} INFO - Processing file /home/airflow/.local/lib/python3.7/site-packages/airflow/example_dags/example_latest_only_with_trigger.py for tasks to queue
[2023-07-19T18:52:50.552+0000] {logging_mixin.py:150} INFO - [2023-07-19T18:52:50.552+0000] {dagbag.py:541} INFO - Filling up the DagBag from /home/airflow/.local/lib/python3.7/site-packages/airflow/example_dags/example_latest_only_with_trigger.py
[2023-07-19T18:52:50.561+0000] {processor.py:836} INFO - DAG(s) dict_keys(['latest_only_with_trigger']) retrieved from /home/airflow/.local/lib/python3.7/site-packages/airflow/example_dags/example_latest_only_with_trigger.py
[2023-07-19T18:52:50.592+0000] {logging_mixin.py:150} INFO - [2023-07-19T18:52:50.592+0000] {dag.py:2742} INFO - Sync 1 DAGs
[2023-07-19T18:52:50.626+0000] {logging_mixin.py:150} INFO - [2023-07-19T18:52:50.626+0000] {dag.py:3508} INFO - Setting next_dagrun for latest_only_with_trigger to 2023-07-19T14:52:50.625931+00:00, run_after=2023-07-19T18:52:50.625931+00:00
[2023-07-19T18:52:50.651+0000] {processor.py:179} INFO - Processing /home/airflow/.local/lib/python3.7/site-packages/airflow/example_dags/example_latest_only_with_trigger.py took 0.112 seconds
[2023-07-19T18:53:20.720+0000] {processor.py:157} INFO - Started process (PID=1322) to work on /home/airflow/.local/lib/python3.7/site-packages/airflow/example_dags/example_latest_only_with_trigger.py
[2023-07-19T18:53:20.722+0000] {processor.py:826} INFO - Processing file /home/airflow/.local/lib/python3.7/site-packages/airflow/example_dags/example_latest_only_with_trigger.py for tasks to queue
[2023-07-19T18:53:20.724+0000] {logging_mixin.py:150} INFO - [2023-07-19T18:53:20.723+0000] {dagbag.py:541} INFO - Filling up the DagBag from /home/airflow/.local/lib/python3.7/site-packages/airflow/example_dags/example_latest_only_with_trigger.py
[2023-07-19T18:53:20.731+0000] {processor.py:836} INFO - DAG(s) dict_keys(['latest_only_with_trigger']) retrieved from /home/airflow/.local/lib/python3.7/site-packages/airflow/example_dags/example_latest_only_with_trigger.py
[2023-07-19T18:53:20.757+0000] {logging_mixin.py:150} INFO - [2023-07-19T18:53:20.757+0000] {dag.py:2742} INFO - Sync 1 DAGs
[2023-07-19T18:53:20.785+0000] {logging_mixin.py:150} INFO - [2023-07-19T18:53:20.785+0000] {dag.py:3508} INFO - Setting next_dagrun for latest_only_with_trigger to 2023-07-19T14:53:20.785513+00:00, run_after=2023-07-19T18:53:20.785513+00:00
[2023-07-19T18:53:20.803+0000] {processor.py:179} INFO - Processing /home/airflow/.local/lib/python3.7/site-packages/airflow/example_dags/example_latest_only_with_trigger.py took 0.087 seconds
[2023-07-19T18:53:51.779+0000] {processor.py:157} INFO - Started process (PID=1380) to work on /home/airflow/.local/lib/python3.7/site-packages/airflow/example_dags/example_latest_only_with_trigger.py
[2023-07-19T18:53:51.789+0000] {processor.py:826} INFO - Processing file /home/airflow/.local/lib/python3.7/site-packages/airflow/example_dags/example_latest_only_with_trigger.py for tasks to queue
[2023-07-19T18:53:51.795+0000] {logging_mixin.py:150} INFO - [2023-07-19T18:53:51.795+0000] {dagbag.py:541} INFO - Filling up the DagBag from /home/airflow/.local/lib/python3.7/site-packages/airflow/example_dags/example_latest_only_with_trigger.py
[2023-07-19T18:53:51.819+0000] {processor.py:836} INFO - DAG(s) dict_keys(['latest_only_with_trigger']) retrieved from /home/airflow/.local/lib/python3.7/site-packages/airflow/example_dags/example_latest_only_with_trigger.py
[2023-07-19T18:53:51.873+0000] {logging_mixin.py:150} INFO - [2023-07-19T18:53:51.873+0000] {dag.py:2742} INFO - Sync 1 DAGs
[2023-07-19T18:53:51.914+0000] {logging_mixin.py:150} INFO - [2023-07-19T18:53:51.914+0000] {dag.py:3508} INFO - Setting next_dagrun for latest_only_with_trigger to 2023-07-19T14:53:51.914140+00:00, run_after=2023-07-19T18:53:51.914140+00:00
[2023-07-19T18:53:51.958+0000] {processor.py:179} INFO - Processing /home/airflow/.local/lib/python3.7/site-packages/airflow/example_dags/example_latest_only_with_trigger.py took 0.183 seconds
[2023-07-19T18:54:22.754+0000] {processor.py:157} INFO - Started process (PID=1440) to work on /home/airflow/.local/lib/python3.7/site-packages/airflow/example_dags/example_latest_only_with_trigger.py
[2023-07-19T18:54:22.758+0000] {processor.py:826} INFO - Processing file /home/airflow/.local/lib/python3.7/site-packages/airflow/example_dags/example_latest_only_with_trigger.py for tasks to queue
[2023-07-19T18:54:22.760+0000] {logging_mixin.py:150} INFO - [2023-07-19T18:54:22.760+0000] {dagbag.py:541} INFO - Filling up the DagBag from /home/airflow/.local/lib/python3.7/site-packages/airflow/example_dags/example_latest_only_with_trigger.py
[2023-07-19T18:54:22.771+0000] {processor.py:836} INFO - DAG(s) dict_keys(['latest_only_with_trigger']) retrieved from /home/airflow/.local/lib/python3.7/site-packages/airflow/example_dags/example_latest_only_with_trigger.py
[2023-07-19T18:54:22.803+0000] {logging_mixin.py:150} INFO - [2023-07-19T18:54:22.803+0000] {dag.py:2742} INFO - Sync 1 DAGs
[2023-07-19T18:54:22.826+0000] {logging_mixin.py:150} INFO - [2023-07-19T18:54:22.826+0000] {dag.py:3508} INFO - Setting next_dagrun for latest_only_with_trigger to 2023-07-19T14:54:22.826011+00:00, run_after=2023-07-19T18:54:22.826011+00:00
[2023-07-19T18:54:22.841+0000] {processor.py:179} INFO - Processing /home/airflow/.local/lib/python3.7/site-packages/airflow/example_dags/example_latest_only_with_trigger.py took 0.092 seconds
