[2023-07-19T18:42:20.869+0000] {processor.py:157} INFO - Started process (PID=57) to work on /home/airflow/.local/lib/python3.7/site-packages/airflow/example_dags/tutorial_taskflow_api.py
[2023-07-19T18:42:20.873+0000] {processor.py:826} INFO - Processing file /home/airflow/.local/lib/python3.7/site-packages/airflow/example_dags/tutorial_taskflow_api.py for tasks to queue
[2023-07-19T18:42:20.876+0000] {logging_mixin.py:150} INFO - [2023-07-19T18:42:20.876+0000] {dagbag.py:541} INFO - Filling up the DagBag from /home/airflow/.local/lib/python3.7/site-packages/airflow/example_dags/tutorial_taskflow_api.py
[2023-07-19T18:42:20.905+0000] {processor.py:836} INFO - DAG(s) dict_keys(['tutorial_taskflow_api']) retrieved from /home/airflow/.local/lib/python3.7/site-packages/airflow/example_dags/tutorial_taskflow_api.py
[2023-07-19T18:42:20.975+0000] {logging_mixin.py:150} INFO - [2023-07-19T18:42:20.974+0000] {dag.py:2742} INFO - Sync 1 DAGs
[2023-07-19T18:42:21.119+0000] {logging_mixin.py:150} INFO - [2023-07-19T18:42:21.118+0000] {dag.py:3508} INFO - Setting next_dagrun for tutorial_taskflow_api to None, run_after=None
[2023-07-19T18:42:21.198+0000] {processor.py:179} INFO - Processing /home/airflow/.local/lib/python3.7/site-packages/airflow/example_dags/tutorial_taskflow_api.py took 0.357 seconds
[2023-07-19T18:42:51.767+0000] {processor.py:157} INFO - Started process (PID=117) to work on /home/airflow/.local/lib/python3.7/site-packages/airflow/example_dags/tutorial_taskflow_api.py
[2023-07-19T18:42:51.769+0000] {processor.py:826} INFO - Processing file /home/airflow/.local/lib/python3.7/site-packages/airflow/example_dags/tutorial_taskflow_api.py for tasks to queue
[2023-07-19T18:42:51.772+0000] {logging_mixin.py:150} INFO - [2023-07-19T18:42:51.772+0000] {dagbag.py:541} INFO - Filling up the DagBag from /home/airflow/.local/lib/python3.7/site-packages/airflow/example_dags/tutorial_taskflow_api.py
[2023-07-19T18:42:51.779+0000] {processor.py:836} INFO - DAG(s) dict_keys(['tutorial_taskflow_api']) retrieved from /home/airflow/.local/lib/python3.7/site-packages/airflow/example_dags/tutorial_taskflow_api.py
[2023-07-19T18:42:51.808+0000] {logging_mixin.py:150} INFO - [2023-07-19T18:42:51.808+0000] {dag.py:2742} INFO - Sync 1 DAGs
[2023-07-19T18:42:51.835+0000] {logging_mixin.py:150} INFO - [2023-07-19T18:42:51.835+0000] {dag.py:3508} INFO - Setting next_dagrun for tutorial_taskflow_api to None, run_after=None
[2023-07-19T18:42:51.854+0000] {processor.py:179} INFO - Processing /home/airflow/.local/lib/python3.7/site-packages/airflow/example_dags/tutorial_taskflow_api.py took 0.090 seconds
[2023-07-19T18:43:22.814+0000] {processor.py:157} INFO - Started process (PID=176) to work on /home/airflow/.local/lib/python3.7/site-packages/airflow/example_dags/tutorial_taskflow_api.py
[2023-07-19T18:43:22.816+0000] {processor.py:826} INFO - Processing file /home/airflow/.local/lib/python3.7/site-packages/airflow/example_dags/tutorial_taskflow_api.py for tasks to queue
[2023-07-19T18:43:22.819+0000] {logging_mixin.py:150} INFO - [2023-07-19T18:43:22.819+0000] {dagbag.py:541} INFO - Filling up the DagBag from /home/airflow/.local/lib/python3.7/site-packages/airflow/example_dags/tutorial_taskflow_api.py
[2023-07-19T18:43:22.827+0000] {processor.py:836} INFO - DAG(s) dict_keys(['tutorial_taskflow_api']) retrieved from /home/airflow/.local/lib/python3.7/site-packages/airflow/example_dags/tutorial_taskflow_api.py
[2023-07-19T18:43:22.880+0000] {logging_mixin.py:150} INFO - [2023-07-19T18:43:22.880+0000] {dag.py:2742} INFO - Sync 1 DAGs
[2023-07-19T18:43:22.912+0000] {logging_mixin.py:150} INFO - [2023-07-19T18:43:22.911+0000] {dag.py:3508} INFO - Setting next_dagrun for tutorial_taskflow_api to None, run_after=None
[2023-07-19T18:43:22.939+0000] {processor.py:179} INFO - Processing /home/airflow/.local/lib/python3.7/site-packages/airflow/example_dags/tutorial_taskflow_api.py took 0.128 seconds
[2023-07-19T18:43:53.471+0000] {processor.py:157} INFO - Started process (PID=235) to work on /home/airflow/.local/lib/python3.7/site-packages/airflow/example_dags/tutorial_taskflow_api.py
[2023-07-19T18:43:53.474+0000] {processor.py:826} INFO - Processing file /home/airflow/.local/lib/python3.7/site-packages/airflow/example_dags/tutorial_taskflow_api.py for tasks to queue
[2023-07-19T18:43:53.477+0000] {logging_mixin.py:150} INFO - [2023-07-19T18:43:53.476+0000] {dagbag.py:541} INFO - Filling up the DagBag from /home/airflow/.local/lib/python3.7/site-packages/airflow/example_dags/tutorial_taskflow_api.py
[2023-07-19T18:43:53.489+0000] {processor.py:836} INFO - DAG(s) dict_keys(['tutorial_taskflow_api']) retrieved from /home/airflow/.local/lib/python3.7/site-packages/airflow/example_dags/tutorial_taskflow_api.py
[2023-07-19T18:43:53.522+0000] {logging_mixin.py:150} INFO - [2023-07-19T18:43:53.522+0000] {dag.py:2742} INFO - Sync 1 DAGs
[2023-07-19T18:43:53.549+0000] {logging_mixin.py:150} INFO - [2023-07-19T18:43:53.549+0000] {dag.py:3508} INFO - Setting next_dagrun for tutorial_taskflow_api to None, run_after=None
[2023-07-19T18:43:53.570+0000] {processor.py:179} INFO - Processing /home/airflow/.local/lib/python3.7/site-packages/airflow/example_dags/tutorial_taskflow_api.py took 0.104 seconds
[2023-07-19T18:44:23.861+0000] {processor.py:157} INFO - Started process (PID=293) to work on /home/airflow/.local/lib/python3.7/site-packages/airflow/example_dags/tutorial_taskflow_api.py
[2023-07-19T18:44:23.867+0000] {processor.py:826} INFO - Processing file /home/airflow/.local/lib/python3.7/site-packages/airflow/example_dags/tutorial_taskflow_api.py for tasks to queue
[2023-07-19T18:44:23.870+0000] {logging_mixin.py:150} INFO - [2023-07-19T18:44:23.869+0000] {dagbag.py:541} INFO - Filling up the DagBag from /home/airflow/.local/lib/python3.7/site-packages/airflow/example_dags/tutorial_taskflow_api.py
[2023-07-19T18:44:23.876+0000] {processor.py:836} INFO - DAG(s) dict_keys(['tutorial_taskflow_api']) retrieved from /home/airflow/.local/lib/python3.7/site-packages/airflow/example_dags/tutorial_taskflow_api.py
[2023-07-19T18:44:23.905+0000] {logging_mixin.py:150} INFO - [2023-07-19T18:44:23.904+0000] {dag.py:2742} INFO - Sync 1 DAGs
[2023-07-19T18:44:23.930+0000] {logging_mixin.py:150} INFO - [2023-07-19T18:44:23.930+0000] {dag.py:3508} INFO - Setting next_dagrun for tutorial_taskflow_api to None, run_after=None
[2023-07-19T18:44:23.951+0000] {processor.py:179} INFO - Processing /home/airflow/.local/lib/python3.7/site-packages/airflow/example_dags/tutorial_taskflow_api.py took 0.094 seconds
[2023-07-19T18:44:54.090+0000] {processor.py:157} INFO - Started process (PID=352) to work on /home/airflow/.local/lib/python3.7/site-packages/airflow/example_dags/tutorial_taskflow_api.py
[2023-07-19T18:44:54.095+0000] {processor.py:826} INFO - Processing file /home/airflow/.local/lib/python3.7/site-packages/airflow/example_dags/tutorial_taskflow_api.py for tasks to queue
[2023-07-19T18:44:54.097+0000] {logging_mixin.py:150} INFO - [2023-07-19T18:44:54.097+0000] {dagbag.py:541} INFO - Filling up the DagBag from /home/airflow/.local/lib/python3.7/site-packages/airflow/example_dags/tutorial_taskflow_api.py
[2023-07-19T18:44:54.104+0000] {processor.py:836} INFO - DAG(s) dict_keys(['tutorial_taskflow_api']) retrieved from /home/airflow/.local/lib/python3.7/site-packages/airflow/example_dags/tutorial_taskflow_api.py
[2023-07-19T18:44:54.134+0000] {logging_mixin.py:150} INFO - [2023-07-19T18:44:54.134+0000] {dag.py:2742} INFO - Sync 1 DAGs
[2023-07-19T18:44:54.155+0000] {logging_mixin.py:150} INFO - [2023-07-19T18:44:54.155+0000] {dag.py:3508} INFO - Setting next_dagrun for tutorial_taskflow_api to None, run_after=None
[2023-07-19T18:44:54.169+0000] {processor.py:179} INFO - Processing /home/airflow/.local/lib/python3.7/site-packages/airflow/example_dags/tutorial_taskflow_api.py took 0.082 seconds
[2023-07-19T18:45:25.771+0000] {processor.py:157} INFO - Started process (PID=411) to work on /home/airflow/.local/lib/python3.7/site-packages/airflow/example_dags/tutorial_taskflow_api.py
[2023-07-19T18:45:25.782+0000] {processor.py:826} INFO - Processing file /home/airflow/.local/lib/python3.7/site-packages/airflow/example_dags/tutorial_taskflow_api.py for tasks to queue
[2023-07-19T18:45:25.788+0000] {logging_mixin.py:150} INFO - [2023-07-19T18:45:25.787+0000] {dagbag.py:541} INFO - Filling up the DagBag from /home/airflow/.local/lib/python3.7/site-packages/airflow/example_dags/tutorial_taskflow_api.py
[2023-07-19T18:45:25.801+0000] {processor.py:836} INFO - DAG(s) dict_keys(['tutorial_taskflow_api']) retrieved from /home/airflow/.local/lib/python3.7/site-packages/airflow/example_dags/tutorial_taskflow_api.py
[2023-07-19T18:45:25.838+0000] {logging_mixin.py:150} INFO - [2023-07-19T18:45:25.838+0000] {dag.py:2742} INFO - Sync 1 DAGs
[2023-07-19T18:45:25.868+0000] {logging_mixin.py:150} INFO - [2023-07-19T18:45:25.868+0000] {dag.py:3508} INFO - Setting next_dagrun for tutorial_taskflow_api to None, run_after=None
[2023-07-19T18:45:25.901+0000] {processor.py:179} INFO - Processing /home/airflow/.local/lib/python3.7/site-packages/airflow/example_dags/tutorial_taskflow_api.py took 0.134 seconds
[2023-07-19T18:45:56.237+0000] {processor.py:157} INFO - Started process (PID=470) to work on /home/airflow/.local/lib/python3.7/site-packages/airflow/example_dags/tutorial_taskflow_api.py
[2023-07-19T18:45:56.242+0000] {processor.py:826} INFO - Processing file /home/airflow/.local/lib/python3.7/site-packages/airflow/example_dags/tutorial_taskflow_api.py for tasks to queue
[2023-07-19T18:45:56.245+0000] {logging_mixin.py:150} INFO - [2023-07-19T18:45:56.245+0000] {dagbag.py:541} INFO - Filling up the DagBag from /home/airflow/.local/lib/python3.7/site-packages/airflow/example_dags/tutorial_taskflow_api.py
[2023-07-19T18:45:56.254+0000] {processor.py:836} INFO - DAG(s) dict_keys(['tutorial_taskflow_api']) retrieved from /home/airflow/.local/lib/python3.7/site-packages/airflow/example_dags/tutorial_taskflow_api.py
[2023-07-19T18:45:56.290+0000] {logging_mixin.py:150} INFO - [2023-07-19T18:45:56.290+0000] {dag.py:2742} INFO - Sync 1 DAGs
[2023-07-19T18:45:56.313+0000] {logging_mixin.py:150} INFO - [2023-07-19T18:45:56.313+0000] {dag.py:3508} INFO - Setting next_dagrun for tutorial_taskflow_api to None, run_after=None
[2023-07-19T18:45:56.340+0000] {processor.py:179} INFO - Processing /home/airflow/.local/lib/python3.7/site-packages/airflow/example_dags/tutorial_taskflow_api.py took 0.106 seconds
[2023-07-19T18:46:26.725+0000] {processor.py:157} INFO - Started process (PID=529) to work on /home/airflow/.local/lib/python3.7/site-packages/airflow/example_dags/tutorial_taskflow_api.py
[2023-07-19T18:46:26.727+0000] {processor.py:826} INFO - Processing file /home/airflow/.local/lib/python3.7/site-packages/airflow/example_dags/tutorial_taskflow_api.py for tasks to queue
[2023-07-19T18:46:26.729+0000] {logging_mixin.py:150} INFO - [2023-07-19T18:46:26.729+0000] {dagbag.py:541} INFO - Filling up the DagBag from /home/airflow/.local/lib/python3.7/site-packages/airflow/example_dags/tutorial_taskflow_api.py
[2023-07-19T18:46:26.738+0000] {processor.py:836} INFO - DAG(s) dict_keys(['tutorial_taskflow_api']) retrieved from /home/airflow/.local/lib/python3.7/site-packages/airflow/example_dags/tutorial_taskflow_api.py
[2023-07-19T18:46:26.772+0000] {logging_mixin.py:150} INFO - [2023-07-19T18:46:26.772+0000] {dag.py:2742} INFO - Sync 1 DAGs
[2023-07-19T18:46:26.808+0000] {logging_mixin.py:150} INFO - [2023-07-19T18:46:26.808+0000] {dag.py:3508} INFO - Setting next_dagrun for tutorial_taskflow_api to None, run_after=None
[2023-07-19T18:46:26.835+0000] {processor.py:179} INFO - Processing /home/airflow/.local/lib/python3.7/site-packages/airflow/example_dags/tutorial_taskflow_api.py took 0.113 seconds
[2023-07-19T18:47:00.854+0000] {processor.py:157} INFO - Started process (PID=588) to work on /home/airflow/.local/lib/python3.7/site-packages/airflow/example_dags/tutorial_taskflow_api.py
[2023-07-19T18:47:00.867+0000] {processor.py:826} INFO - Processing file /home/airflow/.local/lib/python3.7/site-packages/airflow/example_dags/tutorial_taskflow_api.py for tasks to queue
[2023-07-19T18:47:00.877+0000] {logging_mixin.py:150} INFO - [2023-07-19T18:47:00.876+0000] {dagbag.py:541} INFO - Filling up the DagBag from /home/airflow/.local/lib/python3.7/site-packages/airflow/example_dags/tutorial_taskflow_api.py
[2023-07-19T18:47:00.931+0000] {processor.py:836} INFO - DAG(s) dict_keys(['tutorial_taskflow_api']) retrieved from /home/airflow/.local/lib/python3.7/site-packages/airflow/example_dags/tutorial_taskflow_api.py
[2023-07-19T18:47:01.051+0000] {logging_mixin.py:150} INFO - [2023-07-19T18:47:01.050+0000] {dag.py:2742} INFO - Sync 1 DAGs
[2023-07-19T18:47:01.165+0000] {logging_mixin.py:150} INFO - [2023-07-19T18:47:01.164+0000] {dag.py:3508} INFO - Setting next_dagrun for tutorial_taskflow_api to None, run_after=None
[2023-07-19T18:47:01.233+0000] {processor.py:179} INFO - Processing /home/airflow/.local/lib/python3.7/site-packages/airflow/example_dags/tutorial_taskflow_api.py took 0.386 seconds
[2023-07-19T18:47:32.528+0000] {processor.py:157} INFO - Started process (PID=647) to work on /home/airflow/.local/lib/python3.7/site-packages/airflow/example_dags/tutorial_taskflow_api.py
[2023-07-19T18:47:32.533+0000] {processor.py:826} INFO - Processing file /home/airflow/.local/lib/python3.7/site-packages/airflow/example_dags/tutorial_taskflow_api.py for tasks to queue
[2023-07-19T18:47:32.541+0000] {logging_mixin.py:150} INFO - [2023-07-19T18:47:32.540+0000] {dagbag.py:541} INFO - Filling up the DagBag from /home/airflow/.local/lib/python3.7/site-packages/airflow/example_dags/tutorial_taskflow_api.py
[2023-07-19T18:47:32.566+0000] {processor.py:836} INFO - DAG(s) dict_keys(['tutorial_taskflow_api']) retrieved from /home/airflow/.local/lib/python3.7/site-packages/airflow/example_dags/tutorial_taskflow_api.py
[2023-07-19T18:47:32.617+0000] {logging_mixin.py:150} INFO - [2023-07-19T18:47:32.617+0000] {dag.py:2742} INFO - Sync 1 DAGs
[2023-07-19T18:47:32.642+0000] {logging_mixin.py:150} INFO - [2023-07-19T18:47:32.642+0000] {dag.py:3508} INFO - Setting next_dagrun for tutorial_taskflow_api to None, run_after=None
[2023-07-19T18:47:32.681+0000] {processor.py:179} INFO - Processing /home/airflow/.local/lib/python3.7/site-packages/airflow/example_dags/tutorial_taskflow_api.py took 0.158 seconds
[2023-07-19T18:48:03.685+0000] {processor.py:157} INFO - Started process (PID=706) to work on /home/airflow/.local/lib/python3.7/site-packages/airflow/example_dags/tutorial_taskflow_api.py
[2023-07-19T18:48:03.702+0000] {processor.py:826} INFO - Processing file /home/airflow/.local/lib/python3.7/site-packages/airflow/example_dags/tutorial_taskflow_api.py for tasks to queue
[2023-07-19T18:48:03.709+0000] {logging_mixin.py:150} INFO - [2023-07-19T18:48:03.708+0000] {dagbag.py:541} INFO - Filling up the DagBag from /home/airflow/.local/lib/python3.7/site-packages/airflow/example_dags/tutorial_taskflow_api.py
[2023-07-19T18:48:03.736+0000] {processor.py:836} INFO - DAG(s) dict_keys(['tutorial_taskflow_api']) retrieved from /home/airflow/.local/lib/python3.7/site-packages/airflow/example_dags/tutorial_taskflow_api.py
[2023-07-19T18:48:03.796+0000] {logging_mixin.py:150} INFO - [2023-07-19T18:48:03.796+0000] {dag.py:2742} INFO - Sync 1 DAGs
[2023-07-19T18:48:03.839+0000] {logging_mixin.py:150} INFO - [2023-07-19T18:48:03.839+0000] {dag.py:3508} INFO - Setting next_dagrun for tutorial_taskflow_api to None, run_after=None
[2023-07-19T18:48:03.871+0000] {processor.py:179} INFO - Processing /home/airflow/.local/lib/python3.7/site-packages/airflow/example_dags/tutorial_taskflow_api.py took 0.196 seconds
[2023-07-19T18:48:35.108+0000] {processor.py:157} INFO - Started process (PID=765) to work on /home/airflow/.local/lib/python3.7/site-packages/airflow/example_dags/tutorial_taskflow_api.py
[2023-07-19T18:48:35.114+0000] {processor.py:826} INFO - Processing file /home/airflow/.local/lib/python3.7/site-packages/airflow/example_dags/tutorial_taskflow_api.py for tasks to queue
[2023-07-19T18:48:35.125+0000] {logging_mixin.py:150} INFO - [2023-07-19T18:48:35.124+0000] {dagbag.py:541} INFO - Filling up the DagBag from /home/airflow/.local/lib/python3.7/site-packages/airflow/example_dags/tutorial_taskflow_api.py
[2023-07-19T18:48:35.141+0000] {processor.py:836} INFO - DAG(s) dict_keys(['tutorial_taskflow_api']) retrieved from /home/airflow/.local/lib/python3.7/site-packages/airflow/example_dags/tutorial_taskflow_api.py
[2023-07-19T18:48:35.199+0000] {logging_mixin.py:150} INFO - [2023-07-19T18:48:35.198+0000] {dag.py:2742} INFO - Sync 1 DAGs
[2023-07-19T18:48:35.241+0000] {logging_mixin.py:150} INFO - [2023-07-19T18:48:35.241+0000] {dag.py:3508} INFO - Setting next_dagrun for tutorial_taskflow_api to None, run_after=None
[2023-07-19T18:48:35.269+0000] {processor.py:179} INFO - Processing /home/airflow/.local/lib/python3.7/site-packages/airflow/example_dags/tutorial_taskflow_api.py took 0.169 seconds
[2023-07-19T18:49:07.036+0000] {processor.py:157} INFO - Started process (PID=824) to work on /home/airflow/.local/lib/python3.7/site-packages/airflow/example_dags/tutorial_taskflow_api.py
[2023-07-19T18:49:07.059+0000] {processor.py:826} INFO - Processing file /home/airflow/.local/lib/python3.7/site-packages/airflow/example_dags/tutorial_taskflow_api.py for tasks to queue
[2023-07-19T18:49:07.069+0000] {logging_mixin.py:150} INFO - [2023-07-19T18:49:07.068+0000] {dagbag.py:541} INFO - Filling up the DagBag from /home/airflow/.local/lib/python3.7/site-packages/airflow/example_dags/tutorial_taskflow_api.py
[2023-07-19T18:49:07.090+0000] {processor.py:836} INFO - DAG(s) dict_keys(['tutorial_taskflow_api']) retrieved from /home/airflow/.local/lib/python3.7/site-packages/airflow/example_dags/tutorial_taskflow_api.py
[2023-07-19T18:49:07.133+0000] {logging_mixin.py:150} INFO - [2023-07-19T18:49:07.133+0000] {dag.py:2742} INFO - Sync 1 DAGs
[2023-07-19T18:49:07.176+0000] {logging_mixin.py:150} INFO - [2023-07-19T18:49:07.175+0000] {dag.py:3508} INFO - Setting next_dagrun for tutorial_taskflow_api to None, run_after=None
[2023-07-19T18:49:07.206+0000] {processor.py:179} INFO - Processing /home/airflow/.local/lib/python3.7/site-packages/airflow/example_dags/tutorial_taskflow_api.py took 0.177 seconds
[2023-07-19T18:49:37.604+0000] {processor.py:157} INFO - Started process (PID=883) to work on /home/airflow/.local/lib/python3.7/site-packages/airflow/example_dags/tutorial_taskflow_api.py
[2023-07-19T18:49:37.607+0000] {processor.py:826} INFO - Processing file /home/airflow/.local/lib/python3.7/site-packages/airflow/example_dags/tutorial_taskflow_api.py for tasks to queue
[2023-07-19T18:49:37.608+0000] {logging_mixin.py:150} INFO - [2023-07-19T18:49:37.608+0000] {dagbag.py:541} INFO - Filling up the DagBag from /home/airflow/.local/lib/python3.7/site-packages/airflow/example_dags/tutorial_taskflow_api.py
[2023-07-19T18:49:37.617+0000] {processor.py:836} INFO - DAG(s) dict_keys(['tutorial_taskflow_api']) retrieved from /home/airflow/.local/lib/python3.7/site-packages/airflow/example_dags/tutorial_taskflow_api.py
[2023-07-19T18:49:37.646+0000] {logging_mixin.py:150} INFO - [2023-07-19T18:49:37.646+0000] {dag.py:2742} INFO - Sync 1 DAGs
[2023-07-19T18:49:37.670+0000] {logging_mixin.py:150} INFO - [2023-07-19T18:49:37.670+0000] {dag.py:3508} INFO - Setting next_dagrun for tutorial_taskflow_api to None, run_after=None
[2023-07-19T18:49:37.696+0000] {processor.py:179} INFO - Processing /home/airflow/.local/lib/python3.7/site-packages/airflow/example_dags/tutorial_taskflow_api.py took 0.096 seconds
[2023-07-19T18:50:08.076+0000] {processor.py:157} INFO - Started process (PID=942) to work on /home/airflow/.local/lib/python3.7/site-packages/airflow/example_dags/tutorial_taskflow_api.py
[2023-07-19T18:50:08.078+0000] {processor.py:826} INFO - Processing file /home/airflow/.local/lib/python3.7/site-packages/airflow/example_dags/tutorial_taskflow_api.py for tasks to queue
[2023-07-19T18:50:08.081+0000] {logging_mixin.py:150} INFO - [2023-07-19T18:50:08.081+0000] {dagbag.py:541} INFO - Filling up the DagBag from /home/airflow/.local/lib/python3.7/site-packages/airflow/example_dags/tutorial_taskflow_api.py
[2023-07-19T18:50:08.088+0000] {processor.py:836} INFO - DAG(s) dict_keys(['tutorial_taskflow_api']) retrieved from /home/airflow/.local/lib/python3.7/site-packages/airflow/example_dags/tutorial_taskflow_api.py
[2023-07-19T18:50:08.120+0000] {logging_mixin.py:150} INFO - [2023-07-19T18:50:08.120+0000] {dag.py:2742} INFO - Sync 1 DAGs
[2023-07-19T18:50:08.143+0000] {logging_mixin.py:150} INFO - [2023-07-19T18:50:08.143+0000] {dag.py:3508} INFO - Setting next_dagrun for tutorial_taskflow_api to None, run_after=None
[2023-07-19T18:50:08.159+0000] {processor.py:179} INFO - Processing /home/airflow/.local/lib/python3.7/site-packages/airflow/example_dags/tutorial_taskflow_api.py took 0.086 seconds
[2023-07-19T18:50:44.747+0000] {processor.py:157} INFO - Started process (PID=1002) to work on /home/airflow/.local/lib/python3.7/site-packages/airflow/example_dags/tutorial_taskflow_api.py
[2023-07-19T18:50:44.757+0000] {processor.py:826} INFO - Processing file /home/airflow/.local/lib/python3.7/site-packages/airflow/example_dags/tutorial_taskflow_api.py for tasks to queue
[2023-07-19T18:50:44.759+0000] {logging_mixin.py:150} INFO - [2023-07-19T18:50:44.759+0000] {dagbag.py:541} INFO - Filling up the DagBag from /home/airflow/.local/lib/python3.7/site-packages/airflow/example_dags/tutorial_taskflow_api.py
[2023-07-19T18:50:44.775+0000] {processor.py:836} INFO - DAG(s) dict_keys(['tutorial_taskflow_api']) retrieved from /home/airflow/.local/lib/python3.7/site-packages/airflow/example_dags/tutorial_taskflow_api.py
[2023-07-19T18:50:44.814+0000] {logging_mixin.py:150} INFO - [2023-07-19T18:50:44.813+0000] {dag.py:2742} INFO - Sync 1 DAGs
[2023-07-19T18:50:44.843+0000] {logging_mixin.py:150} INFO - [2023-07-19T18:50:44.843+0000] {dag.py:3508} INFO - Setting next_dagrun for tutorial_taskflow_api to None, run_after=None
[2023-07-19T18:50:44.888+0000] {processor.py:179} INFO - Processing /home/airflow/.local/lib/python3.7/site-packages/airflow/example_dags/tutorial_taskflow_api.py took 0.149 seconds
[2023-07-19T18:51:15.807+0000] {processor.py:157} INFO - Started process (PID=1061) to work on /home/airflow/.local/lib/python3.7/site-packages/airflow/example_dags/tutorial_taskflow_api.py
[2023-07-19T18:51:15.809+0000] {processor.py:826} INFO - Processing file /home/airflow/.local/lib/python3.7/site-packages/airflow/example_dags/tutorial_taskflow_api.py for tasks to queue
[2023-07-19T18:51:15.810+0000] {logging_mixin.py:150} INFO - [2023-07-19T18:51:15.810+0000] {dagbag.py:541} INFO - Filling up the DagBag from /home/airflow/.local/lib/python3.7/site-packages/airflow/example_dags/tutorial_taskflow_api.py
[2023-07-19T18:51:15.818+0000] {processor.py:836} INFO - DAG(s) dict_keys(['tutorial_taskflow_api']) retrieved from /home/airflow/.local/lib/python3.7/site-packages/airflow/example_dags/tutorial_taskflow_api.py
[2023-07-19T18:51:15.847+0000] {logging_mixin.py:150} INFO - [2023-07-19T18:51:15.847+0000] {dag.py:2742} INFO - Sync 1 DAGs
[2023-07-19T18:51:15.874+0000] {logging_mixin.py:150} INFO - [2023-07-19T18:51:15.874+0000] {dag.py:3508} INFO - Setting next_dagrun for tutorial_taskflow_api to None, run_after=None
[2023-07-19T18:51:15.890+0000] {processor.py:179} INFO - Processing /home/airflow/.local/lib/python3.7/site-packages/airflow/example_dags/tutorial_taskflow_api.py took 0.086 seconds
[2023-07-19T18:51:46.895+0000] {processor.py:157} INFO - Started process (PID=1121) to work on /home/airflow/.local/lib/python3.7/site-packages/airflow/example_dags/tutorial_taskflow_api.py
[2023-07-19T18:51:46.901+0000] {processor.py:826} INFO - Processing file /home/airflow/.local/lib/python3.7/site-packages/airflow/example_dags/tutorial_taskflow_api.py for tasks to queue
[2023-07-19T18:51:46.904+0000] {logging_mixin.py:150} INFO - [2023-07-19T18:51:46.903+0000] {dagbag.py:541} INFO - Filling up the DagBag from /home/airflow/.local/lib/python3.7/site-packages/airflow/example_dags/tutorial_taskflow_api.py
[2023-07-19T18:51:46.914+0000] {processor.py:836} INFO - DAG(s) dict_keys(['tutorial_taskflow_api']) retrieved from /home/airflow/.local/lib/python3.7/site-packages/airflow/example_dags/tutorial_taskflow_api.py
[2023-07-19T18:51:46.959+0000] {logging_mixin.py:150} INFO - [2023-07-19T18:51:46.959+0000] {dag.py:2742} INFO - Sync 1 DAGs
[2023-07-19T18:51:46.984+0000] {logging_mixin.py:150} INFO - [2023-07-19T18:51:46.983+0000] {dag.py:3508} INFO - Setting next_dagrun for tutorial_taskflow_api to None, run_after=None
[2023-07-19T18:51:47.000+0000] {processor.py:179} INFO - Processing /home/airflow/.local/lib/python3.7/site-packages/airflow/example_dags/tutorial_taskflow_api.py took 0.109 seconds
[2023-07-19T18:52:17.438+0000] {processor.py:157} INFO - Started process (PID=1180) to work on /home/airflow/.local/lib/python3.7/site-packages/airflow/example_dags/tutorial_taskflow_api.py
[2023-07-19T18:52:17.443+0000] {processor.py:826} INFO - Processing file /home/airflow/.local/lib/python3.7/site-packages/airflow/example_dags/tutorial_taskflow_api.py for tasks to queue
[2023-07-19T18:52:17.449+0000] {logging_mixin.py:150} INFO - [2023-07-19T18:52:17.448+0000] {dagbag.py:541} INFO - Filling up the DagBag from /home/airflow/.local/lib/python3.7/site-packages/airflow/example_dags/tutorial_taskflow_api.py
[2023-07-19T18:52:17.464+0000] {processor.py:836} INFO - DAG(s) dict_keys(['tutorial_taskflow_api']) retrieved from /home/airflow/.local/lib/python3.7/site-packages/airflow/example_dags/tutorial_taskflow_api.py
[2023-07-19T18:52:17.531+0000] {logging_mixin.py:150} INFO - [2023-07-19T18:52:17.531+0000] {dag.py:2742} INFO - Sync 1 DAGs
[2023-07-19T18:52:17.569+0000] {logging_mixin.py:150} INFO - [2023-07-19T18:52:17.568+0000] {dag.py:3508} INFO - Setting next_dagrun for tutorial_taskflow_api to None, run_after=None
[2023-07-19T18:52:17.601+0000] {processor.py:179} INFO - Processing /home/airflow/.local/lib/python3.7/site-packages/airflow/example_dags/tutorial_taskflow_api.py took 0.168 seconds
[2023-07-19T18:52:48.130+0000] {processor.py:157} INFO - Started process (PID=1242) to work on /home/airflow/.local/lib/python3.7/site-packages/airflow/example_dags/tutorial_taskflow_api.py
[2023-07-19T18:52:48.132+0000] {processor.py:826} INFO - Processing file /home/airflow/.local/lib/python3.7/site-packages/airflow/example_dags/tutorial_taskflow_api.py for tasks to queue
[2023-07-19T18:52:48.135+0000] {logging_mixin.py:150} INFO - [2023-07-19T18:52:48.134+0000] {dagbag.py:541} INFO - Filling up the DagBag from /home/airflow/.local/lib/python3.7/site-packages/airflow/example_dags/tutorial_taskflow_api.py
[2023-07-19T18:52:48.155+0000] {processor.py:836} INFO - DAG(s) dict_keys(['tutorial_taskflow_api']) retrieved from /home/airflow/.local/lib/python3.7/site-packages/airflow/example_dags/tutorial_taskflow_api.py
[2023-07-19T18:52:48.206+0000] {logging_mixin.py:150} INFO - [2023-07-19T18:52:48.206+0000] {dag.py:2742} INFO - Sync 1 DAGs
[2023-07-19T18:52:48.240+0000] {logging_mixin.py:150} INFO - [2023-07-19T18:52:48.240+0000] {dag.py:3508} INFO - Setting next_dagrun for tutorial_taskflow_api to None, run_after=None
[2023-07-19T18:52:48.256+0000] {processor.py:179} INFO - Processing /home/airflow/.local/lib/python3.7/site-packages/airflow/example_dags/tutorial_taskflow_api.py took 0.130 seconds
[2023-07-19T18:53:18.615+0000] {processor.py:157} INFO - Started process (PID=1306) to work on /home/airflow/.local/lib/python3.7/site-packages/airflow/example_dags/tutorial_taskflow_api.py
[2023-07-19T18:53:18.618+0000] {processor.py:826} INFO - Processing file /home/airflow/.local/lib/python3.7/site-packages/airflow/example_dags/tutorial_taskflow_api.py for tasks to queue
[2023-07-19T18:53:18.622+0000] {logging_mixin.py:150} INFO - [2023-07-19T18:53:18.622+0000] {dagbag.py:541} INFO - Filling up the DagBag from /home/airflow/.local/lib/python3.7/site-packages/airflow/example_dags/tutorial_taskflow_api.py
[2023-07-19T18:53:18.631+0000] {processor.py:836} INFO - DAG(s) dict_keys(['tutorial_taskflow_api']) retrieved from /home/airflow/.local/lib/python3.7/site-packages/airflow/example_dags/tutorial_taskflow_api.py
[2023-07-19T18:53:18.687+0000] {logging_mixin.py:150} INFO - [2023-07-19T18:53:18.686+0000] {dag.py:2742} INFO - Sync 1 DAGs
[2023-07-19T18:53:18.720+0000] {logging_mixin.py:150} INFO - [2023-07-19T18:53:18.720+0000] {dag.py:3508} INFO - Setting next_dagrun for tutorial_taskflow_api to None, run_after=None
[2023-07-19T18:53:18.743+0000] {processor.py:179} INFO - Processing /home/airflow/.local/lib/python3.7/site-packages/airflow/example_dags/tutorial_taskflow_api.py took 0.132 seconds
[2023-07-19T18:53:48.924+0000] {processor.py:157} INFO - Started process (PID=1364) to work on /home/airflow/.local/lib/python3.7/site-packages/airflow/example_dags/tutorial_taskflow_api.py
[2023-07-19T18:53:48.928+0000] {processor.py:826} INFO - Processing file /home/airflow/.local/lib/python3.7/site-packages/airflow/example_dags/tutorial_taskflow_api.py for tasks to queue
[2023-07-19T18:53:48.931+0000] {logging_mixin.py:150} INFO - [2023-07-19T18:53:48.930+0000] {dagbag.py:541} INFO - Filling up the DagBag from /home/airflow/.local/lib/python3.7/site-packages/airflow/example_dags/tutorial_taskflow_api.py
[2023-07-19T18:53:48.943+0000] {processor.py:836} INFO - DAG(s) dict_keys(['tutorial_taskflow_api']) retrieved from /home/airflow/.local/lib/python3.7/site-packages/airflow/example_dags/tutorial_taskflow_api.py
[2023-07-19T18:53:48.978+0000] {logging_mixin.py:150} INFO - [2023-07-19T18:53:48.977+0000] {dag.py:2742} INFO - Sync 1 DAGs
[2023-07-19T18:53:49.013+0000] {logging_mixin.py:150} INFO - [2023-07-19T18:53:49.012+0000] {dag.py:3508} INFO - Setting next_dagrun for tutorial_taskflow_api to None, run_after=None
[2023-07-19T18:53:49.038+0000] {processor.py:179} INFO - Processing /home/airflow/.local/lib/python3.7/site-packages/airflow/example_dags/tutorial_taskflow_api.py took 0.119 seconds
[2023-07-19T18:54:21.192+0000] {processor.py:157} INFO - Started process (PID=1423) to work on /home/airflow/.local/lib/python3.7/site-packages/airflow/example_dags/tutorial_taskflow_api.py
[2023-07-19T18:54:21.199+0000] {processor.py:826} INFO - Processing file /home/airflow/.local/lib/python3.7/site-packages/airflow/example_dags/tutorial_taskflow_api.py for tasks to queue
[2023-07-19T18:54:21.203+0000] {logging_mixin.py:150} INFO - [2023-07-19T18:54:21.203+0000] {dagbag.py:541} INFO - Filling up the DagBag from /home/airflow/.local/lib/python3.7/site-packages/airflow/example_dags/tutorial_taskflow_api.py
[2023-07-19T18:54:21.224+0000] {processor.py:836} INFO - DAG(s) dict_keys(['tutorial_taskflow_api']) retrieved from /home/airflow/.local/lib/python3.7/site-packages/airflow/example_dags/tutorial_taskflow_api.py
[2023-07-19T18:54:21.291+0000] {logging_mixin.py:150} INFO - [2023-07-19T18:54:21.291+0000] {dag.py:2742} INFO - Sync 1 DAGs
[2023-07-19T18:54:21.331+0000] {logging_mixin.py:150} INFO - [2023-07-19T18:54:21.331+0000] {dag.py:3508} INFO - Setting next_dagrun for tutorial_taskflow_api to None, run_after=None
[2023-07-19T18:54:21.358+0000] {processor.py:179} INFO - Processing /home/airflow/.local/lib/python3.7/site-packages/airflow/example_dags/tutorial_taskflow_api.py took 0.175 seconds
