[2023-07-19T18:42:18.217+0000] {processor.py:157} INFO - Started process (PID=39) to work on /home/airflow/.local/lib/python3.7/site-packages/airflow/example_dags/tutorial_dag.py
[2023-07-19T18:42:18.225+0000] {processor.py:826} INFO - Processing file /home/airflow/.local/lib/python3.7/site-packages/airflow/example_dags/tutorial_dag.py for tasks to queue
[2023-07-19T18:42:18.231+0000] {logging_mixin.py:150} INFO - [2023-07-19T18:42:18.231+0000] {dagbag.py:541} INFO - Filling up the DagBag from /home/airflow/.local/lib/python3.7/site-packages/airflow/example_dags/tutorial_dag.py
[2023-07-19T18:42:18.248+0000] {processor.py:836} INFO - DAG(s) dict_keys(['tutorial_dag']) retrieved from /home/airflow/.local/lib/python3.7/site-packages/airflow/example_dags/tutorial_dag.py
[2023-07-19T18:42:18.271+0000] {logging_mixin.py:150} INFO - [2023-07-19T18:42:18.270+0000] {dag.py:2742} INFO - Sync 1 DAGs
[2023-07-19T18:42:18.307+0000] {logging_mixin.py:150} INFO - [2023-07-19T18:42:18.306+0000] {dag.py:3508} INFO - Setting next_dagrun for tutorial_dag to None, run_after=None
[2023-07-19T18:42:18.353+0000] {processor.py:179} INFO - Processing /home/airflow/.local/lib/python3.7/site-packages/airflow/example_dags/tutorial_dag.py took 0.140 seconds
[2023-07-19T18:42:49.093+0000] {processor.py:157} INFO - Started process (PID=98) to work on /home/airflow/.local/lib/python3.7/site-packages/airflow/example_dags/tutorial_dag.py
[2023-07-19T18:42:49.097+0000] {processor.py:826} INFO - Processing file /home/airflow/.local/lib/python3.7/site-packages/airflow/example_dags/tutorial_dag.py for tasks to queue
[2023-07-19T18:42:49.100+0000] {logging_mixin.py:150} INFO - [2023-07-19T18:42:49.099+0000] {dagbag.py:541} INFO - Filling up the DagBag from /home/airflow/.local/lib/python3.7/site-packages/airflow/example_dags/tutorial_dag.py
[2023-07-19T18:42:49.109+0000] {processor.py:836} INFO - DAG(s) dict_keys(['tutorial_dag']) retrieved from /home/airflow/.local/lib/python3.7/site-packages/airflow/example_dags/tutorial_dag.py
[2023-07-19T18:42:49.142+0000] {logging_mixin.py:150} INFO - [2023-07-19T18:42:49.141+0000] {dag.py:2742} INFO - Sync 1 DAGs
[2023-07-19T18:42:49.171+0000] {logging_mixin.py:150} INFO - [2023-07-19T18:42:49.171+0000] {dag.py:3508} INFO - Setting next_dagrun for tutorial_dag to None, run_after=None
[2023-07-19T18:42:49.189+0000] {processor.py:179} INFO - Processing /home/airflow/.local/lib/python3.7/site-packages/airflow/example_dags/tutorial_dag.py took 0.105 seconds
[2023-07-19T18:43:19.390+0000] {processor.py:157} INFO - Started process (PID=157) to work on /home/airflow/.local/lib/python3.7/site-packages/airflow/example_dags/tutorial_dag.py
[2023-07-19T18:43:19.393+0000] {processor.py:826} INFO - Processing file /home/airflow/.local/lib/python3.7/site-packages/airflow/example_dags/tutorial_dag.py for tasks to queue
[2023-07-19T18:43:19.395+0000] {logging_mixin.py:150} INFO - [2023-07-19T18:43:19.394+0000] {dagbag.py:541} INFO - Filling up the DagBag from /home/airflow/.local/lib/python3.7/site-packages/airflow/example_dags/tutorial_dag.py
[2023-07-19T18:43:19.403+0000] {processor.py:836} INFO - DAG(s) dict_keys(['tutorial_dag']) retrieved from /home/airflow/.local/lib/python3.7/site-packages/airflow/example_dags/tutorial_dag.py
[2023-07-19T18:43:19.444+0000] {logging_mixin.py:150} INFO - [2023-07-19T18:43:19.444+0000] {dag.py:2742} INFO - Sync 1 DAGs
[2023-07-19T18:43:19.465+0000] {logging_mixin.py:150} INFO - [2023-07-19T18:43:19.465+0000] {dag.py:3508} INFO - Setting next_dagrun for tutorial_dag to None, run_after=None
[2023-07-19T18:43:19.481+0000] {processor.py:179} INFO - Processing /home/airflow/.local/lib/python3.7/site-packages/airflow/example_dags/tutorial_dag.py took 0.095 seconds
[2023-07-19T18:43:49.699+0000] {processor.py:157} INFO - Started process (PID=216) to work on /home/airflow/.local/lib/python3.7/site-packages/airflow/example_dags/tutorial_dag.py
[2023-07-19T18:43:49.702+0000] {processor.py:826} INFO - Processing file /home/airflow/.local/lib/python3.7/site-packages/airflow/example_dags/tutorial_dag.py for tasks to queue
[2023-07-19T18:43:49.705+0000] {logging_mixin.py:150} INFO - [2023-07-19T18:43:49.704+0000] {dagbag.py:541} INFO - Filling up the DagBag from /home/airflow/.local/lib/python3.7/site-packages/airflow/example_dags/tutorial_dag.py
[2023-07-19T18:43:49.713+0000] {processor.py:836} INFO - DAG(s) dict_keys(['tutorial_dag']) retrieved from /home/airflow/.local/lib/python3.7/site-packages/airflow/example_dags/tutorial_dag.py
[2023-07-19T18:43:49.743+0000] {logging_mixin.py:150} INFO - [2023-07-19T18:43:49.743+0000] {dag.py:2742} INFO - Sync 1 DAGs
[2023-07-19T18:43:49.763+0000] {logging_mixin.py:150} INFO - [2023-07-19T18:43:49.763+0000] {dag.py:3508} INFO - Setting next_dagrun for tutorial_dag to None, run_after=None
[2023-07-19T18:43:49.776+0000] {processor.py:179} INFO - Processing /home/airflow/.local/lib/python3.7/site-packages/airflow/example_dags/tutorial_dag.py took 0.081 seconds
[2023-07-19T18:44:20.301+0000] {processor.py:157} INFO - Started process (PID=274) to work on /home/airflow/.local/lib/python3.7/site-packages/airflow/example_dags/tutorial_dag.py
[2023-07-19T18:44:20.311+0000] {processor.py:826} INFO - Processing file /home/airflow/.local/lib/python3.7/site-packages/airflow/example_dags/tutorial_dag.py for tasks to queue
[2023-07-19T18:44:20.313+0000] {logging_mixin.py:150} INFO - [2023-07-19T18:44:20.313+0000] {dagbag.py:541} INFO - Filling up the DagBag from /home/airflow/.local/lib/python3.7/site-packages/airflow/example_dags/tutorial_dag.py
[2023-07-19T18:44:20.327+0000] {processor.py:836} INFO - DAG(s) dict_keys(['tutorial_dag']) retrieved from /home/airflow/.local/lib/python3.7/site-packages/airflow/example_dags/tutorial_dag.py
[2023-07-19T18:44:20.357+0000] {logging_mixin.py:150} INFO - [2023-07-19T18:44:20.356+0000] {dag.py:2742} INFO - Sync 1 DAGs
[2023-07-19T18:44:20.390+0000] {logging_mixin.py:150} INFO - [2023-07-19T18:44:20.390+0000] {dag.py:3508} INFO - Setting next_dagrun for tutorial_dag to None, run_after=None
[2023-07-19T18:44:20.417+0000] {processor.py:179} INFO - Processing /home/airflow/.local/lib/python3.7/site-packages/airflow/example_dags/tutorial_dag.py took 0.120 seconds
[2023-07-19T18:44:50.682+0000] {processor.py:157} INFO - Started process (PID=333) to work on /home/airflow/.local/lib/python3.7/site-packages/airflow/example_dags/tutorial_dag.py
[2023-07-19T18:44:50.692+0000] {processor.py:826} INFO - Processing file /home/airflow/.local/lib/python3.7/site-packages/airflow/example_dags/tutorial_dag.py for tasks to queue
[2023-07-19T18:44:50.696+0000] {logging_mixin.py:150} INFO - [2023-07-19T18:44:50.695+0000] {dagbag.py:541} INFO - Filling up the DagBag from /home/airflow/.local/lib/python3.7/site-packages/airflow/example_dags/tutorial_dag.py
[2023-07-19T18:44:50.704+0000] {processor.py:836} INFO - DAG(s) dict_keys(['tutorial_dag']) retrieved from /home/airflow/.local/lib/python3.7/site-packages/airflow/example_dags/tutorial_dag.py
[2023-07-19T18:44:50.745+0000] {logging_mixin.py:150} INFO - [2023-07-19T18:44:50.745+0000] {dag.py:2742} INFO - Sync 1 DAGs
[2023-07-19T18:44:50.815+0000] {logging_mixin.py:150} INFO - [2023-07-19T18:44:50.814+0000] {dag.py:3508} INFO - Setting next_dagrun for tutorial_dag to None, run_after=None
[2023-07-19T18:44:50.876+0000] {processor.py:179} INFO - Processing /home/airflow/.local/lib/python3.7/site-packages/airflow/example_dags/tutorial_dag.py took 0.199 seconds
[2023-07-19T18:45:22.006+0000] {processor.py:157} INFO - Started process (PID=392) to work on /home/airflow/.local/lib/python3.7/site-packages/airflow/example_dags/tutorial_dag.py
[2023-07-19T18:45:22.010+0000] {processor.py:826} INFO - Processing file /home/airflow/.local/lib/python3.7/site-packages/airflow/example_dags/tutorial_dag.py for tasks to queue
[2023-07-19T18:45:22.013+0000] {logging_mixin.py:150} INFO - [2023-07-19T18:45:22.012+0000] {dagbag.py:541} INFO - Filling up the DagBag from /home/airflow/.local/lib/python3.7/site-packages/airflow/example_dags/tutorial_dag.py
[2023-07-19T18:45:22.020+0000] {processor.py:836} INFO - DAG(s) dict_keys(['tutorial_dag']) retrieved from /home/airflow/.local/lib/python3.7/site-packages/airflow/example_dags/tutorial_dag.py
[2023-07-19T18:45:22.050+0000] {logging_mixin.py:150} INFO - [2023-07-19T18:45:22.050+0000] {dag.py:2742} INFO - Sync 1 DAGs
[2023-07-19T18:45:22.071+0000] {logging_mixin.py:150} INFO - [2023-07-19T18:45:22.071+0000] {dag.py:3508} INFO - Setting next_dagrun for tutorial_dag to None, run_after=None
[2023-07-19T18:45:22.085+0000] {processor.py:179} INFO - Processing /home/airflow/.local/lib/python3.7/site-packages/airflow/example_dags/tutorial_dag.py took 0.084 seconds
[2023-07-19T18:45:52.326+0000] {processor.py:157} INFO - Started process (PID=451) to work on /home/airflow/.local/lib/python3.7/site-packages/airflow/example_dags/tutorial_dag.py
[2023-07-19T18:45:52.329+0000] {processor.py:826} INFO - Processing file /home/airflow/.local/lib/python3.7/site-packages/airflow/example_dags/tutorial_dag.py for tasks to queue
[2023-07-19T18:45:52.330+0000] {logging_mixin.py:150} INFO - [2023-07-19T18:45:52.330+0000] {dagbag.py:541} INFO - Filling up the DagBag from /home/airflow/.local/lib/python3.7/site-packages/airflow/example_dags/tutorial_dag.py
[2023-07-19T18:45:52.336+0000] {processor.py:836} INFO - DAG(s) dict_keys(['tutorial_dag']) retrieved from /home/airflow/.local/lib/python3.7/site-packages/airflow/example_dags/tutorial_dag.py
[2023-07-19T18:45:52.364+0000] {logging_mixin.py:150} INFO - [2023-07-19T18:45:52.364+0000] {dag.py:2742} INFO - Sync 1 DAGs
[2023-07-19T18:45:52.402+0000] {logging_mixin.py:150} INFO - [2023-07-19T18:45:52.402+0000] {dag.py:3508} INFO - Setting next_dagrun for tutorial_dag to None, run_after=None
[2023-07-19T18:45:52.421+0000] {processor.py:179} INFO - Processing /home/airflow/.local/lib/python3.7/site-packages/airflow/example_dags/tutorial_dag.py took 0.099 seconds
[2023-07-19T18:46:23.114+0000] {processor.py:157} INFO - Started process (PID=510) to work on /home/airflow/.local/lib/python3.7/site-packages/airflow/example_dags/tutorial_dag.py
[2023-07-19T18:46:23.117+0000] {processor.py:826} INFO - Processing file /home/airflow/.local/lib/python3.7/site-packages/airflow/example_dags/tutorial_dag.py for tasks to queue
[2023-07-19T18:46:23.119+0000] {logging_mixin.py:150} INFO - [2023-07-19T18:46:23.119+0000] {dagbag.py:541} INFO - Filling up the DagBag from /home/airflow/.local/lib/python3.7/site-packages/airflow/example_dags/tutorial_dag.py
[2023-07-19T18:46:23.129+0000] {processor.py:836} INFO - DAG(s) dict_keys(['tutorial_dag']) retrieved from /home/airflow/.local/lib/python3.7/site-packages/airflow/example_dags/tutorial_dag.py
[2023-07-19T18:46:23.187+0000] {logging_mixin.py:150} INFO - [2023-07-19T18:46:23.187+0000] {dag.py:2742} INFO - Sync 1 DAGs
[2023-07-19T18:46:23.282+0000] {logging_mixin.py:150} INFO - [2023-07-19T18:46:23.281+0000] {dag.py:3508} INFO - Setting next_dagrun for tutorial_dag to None, run_after=None
[2023-07-19T18:46:23.386+0000] {processor.py:179} INFO - Processing /home/airflow/.local/lib/python3.7/site-packages/airflow/example_dags/tutorial_dag.py took 0.276 seconds
[2023-07-19T18:46:55.445+0000] {processor.py:157} INFO - Started process (PID=569) to work on /home/airflow/.local/lib/python3.7/site-packages/airflow/example_dags/tutorial_dag.py
[2023-07-19T18:46:55.469+0000] {processor.py:826} INFO - Processing file /home/airflow/.local/lib/python3.7/site-packages/airflow/example_dags/tutorial_dag.py for tasks to queue
[2023-07-19T18:46:55.484+0000] {logging_mixin.py:150} INFO - [2023-07-19T18:46:55.481+0000] {dagbag.py:541} INFO - Filling up the DagBag from /home/airflow/.local/lib/python3.7/site-packages/airflow/example_dags/tutorial_dag.py
[2023-07-19T18:46:55.609+0000] {processor.py:836} INFO - DAG(s) dict_keys(['tutorial_dag']) retrieved from /home/airflow/.local/lib/python3.7/site-packages/airflow/example_dags/tutorial_dag.py
[2023-07-19T18:46:55.763+0000] {logging_mixin.py:150} INFO - [2023-07-19T18:46:55.763+0000] {dag.py:2742} INFO - Sync 1 DAGs
[2023-07-19T18:46:55.890+0000] {logging_mixin.py:150} INFO - [2023-07-19T18:46:55.889+0000] {dag.py:3508} INFO - Setting next_dagrun for tutorial_dag to None, run_after=None
[2023-07-19T18:46:56.021+0000] {processor.py:179} INFO - Processing /home/airflow/.local/lib/python3.7/site-packages/airflow/example_dags/tutorial_dag.py took 0.618 seconds
[2023-07-19T18:47:26.623+0000] {processor.py:157} INFO - Started process (PID=628) to work on /home/airflow/.local/lib/python3.7/site-packages/airflow/example_dags/tutorial_dag.py
[2023-07-19T18:47:26.628+0000] {processor.py:826} INFO - Processing file /home/airflow/.local/lib/python3.7/site-packages/airflow/example_dags/tutorial_dag.py for tasks to queue
[2023-07-19T18:47:26.634+0000] {logging_mixin.py:150} INFO - [2023-07-19T18:47:26.632+0000] {dagbag.py:541} INFO - Filling up the DagBag from /home/airflow/.local/lib/python3.7/site-packages/airflow/example_dags/tutorial_dag.py
[2023-07-19T18:47:26.657+0000] {processor.py:836} INFO - DAG(s) dict_keys(['tutorial_dag']) retrieved from /home/airflow/.local/lib/python3.7/site-packages/airflow/example_dags/tutorial_dag.py
[2023-07-19T18:47:26.787+0000] {logging_mixin.py:150} INFO - [2023-07-19T18:47:26.787+0000] {dag.py:2742} INFO - Sync 1 DAGs
[2023-07-19T18:47:26.912+0000] {logging_mixin.py:150} INFO - [2023-07-19T18:47:26.912+0000] {dag.py:3508} INFO - Setting next_dagrun for tutorial_dag to None, run_after=None
[2023-07-19T18:47:26.980+0000] {processor.py:179} INFO - Processing /home/airflow/.local/lib/python3.7/site-packages/airflow/example_dags/tutorial_dag.py took 0.367 seconds
[2023-07-19T18:47:57.588+0000] {processor.py:157} INFO - Started process (PID=687) to work on /home/airflow/.local/lib/python3.7/site-packages/airflow/example_dags/tutorial_dag.py
[2023-07-19T18:47:57.606+0000] {processor.py:826} INFO - Processing file /home/airflow/.local/lib/python3.7/site-packages/airflow/example_dags/tutorial_dag.py for tasks to queue
[2023-07-19T18:47:57.613+0000] {logging_mixin.py:150} INFO - [2023-07-19T18:47:57.613+0000] {dagbag.py:541} INFO - Filling up the DagBag from /home/airflow/.local/lib/python3.7/site-packages/airflow/example_dags/tutorial_dag.py
[2023-07-19T18:47:57.634+0000] {processor.py:836} INFO - DAG(s) dict_keys(['tutorial_dag']) retrieved from /home/airflow/.local/lib/python3.7/site-packages/airflow/example_dags/tutorial_dag.py
[2023-07-19T18:47:57.686+0000] {logging_mixin.py:150} INFO - [2023-07-19T18:47:57.686+0000] {dag.py:2742} INFO - Sync 1 DAGs
[2023-07-19T18:47:57.754+0000] {logging_mixin.py:150} INFO - [2023-07-19T18:47:57.752+0000] {dag.py:3508} INFO - Setting next_dagrun for tutorial_dag to None, run_after=None
[2023-07-19T18:47:57.784+0000] {processor.py:179} INFO - Processing /home/airflow/.local/lib/python3.7/site-packages/airflow/example_dags/tutorial_dag.py took 0.210 seconds
[2023-07-19T18:48:28.645+0000] {processor.py:157} INFO - Started process (PID=746) to work on /home/airflow/.local/lib/python3.7/site-packages/airflow/example_dags/tutorial_dag.py
[2023-07-19T18:48:28.658+0000] {processor.py:826} INFO - Processing file /home/airflow/.local/lib/python3.7/site-packages/airflow/example_dags/tutorial_dag.py for tasks to queue
[2023-07-19T18:48:28.663+0000] {logging_mixin.py:150} INFO - [2023-07-19T18:48:28.663+0000] {dagbag.py:541} INFO - Filling up the DagBag from /home/airflow/.local/lib/python3.7/site-packages/airflow/example_dags/tutorial_dag.py
[2023-07-19T18:48:28.699+0000] {processor.py:836} INFO - DAG(s) dict_keys(['tutorial_dag']) retrieved from /home/airflow/.local/lib/python3.7/site-packages/airflow/example_dags/tutorial_dag.py
[2023-07-19T18:48:28.816+0000] {logging_mixin.py:150} INFO - [2023-07-19T18:48:28.815+0000] {dag.py:2742} INFO - Sync 1 DAGs
[2023-07-19T18:48:28.898+0000] {logging_mixin.py:150} INFO - [2023-07-19T18:48:28.898+0000] {dag.py:3508} INFO - Setting next_dagrun for tutorial_dag to None, run_after=None
[2023-07-19T18:48:28.946+0000] {processor.py:179} INFO - Processing /home/airflow/.local/lib/python3.7/site-packages/airflow/example_dags/tutorial_dag.py took 0.328 seconds
[2023-07-19T18:48:59.323+0000] {processor.py:157} INFO - Started process (PID=806) to work on /home/airflow/.local/lib/python3.7/site-packages/airflow/example_dags/tutorial_dag.py
[2023-07-19T18:48:59.330+0000] {processor.py:826} INFO - Processing file /home/airflow/.local/lib/python3.7/site-packages/airflow/example_dags/tutorial_dag.py for tasks to queue
[2023-07-19T18:48:59.334+0000] {logging_mixin.py:150} INFO - [2023-07-19T18:48:59.332+0000] {dagbag.py:541} INFO - Filling up the DagBag from /home/airflow/.local/lib/python3.7/site-packages/airflow/example_dags/tutorial_dag.py
[2023-07-19T18:48:59.369+0000] {processor.py:836} INFO - DAG(s) dict_keys(['tutorial_dag']) retrieved from /home/airflow/.local/lib/python3.7/site-packages/airflow/example_dags/tutorial_dag.py
[2023-07-19T18:48:59.479+0000] {logging_mixin.py:150} INFO - [2023-07-19T18:48:59.478+0000] {dag.py:2742} INFO - Sync 1 DAGs
[2023-07-19T18:48:59.545+0000] {logging_mixin.py:150} INFO - [2023-07-19T18:48:59.544+0000] {dag.py:3508} INFO - Setting next_dagrun for tutorial_dag to None, run_after=None
[2023-07-19T18:48:59.585+0000] {processor.py:179} INFO - Processing /home/airflow/.local/lib/python3.7/site-packages/airflow/example_dags/tutorial_dag.py took 0.305 seconds
[2023-07-19T18:49:29.705+0000] {processor.py:157} INFO - Started process (PID=865) to work on /home/airflow/.local/lib/python3.7/site-packages/airflow/example_dags/tutorial_dag.py
[2023-07-19T18:49:29.708+0000] {processor.py:826} INFO - Processing file /home/airflow/.local/lib/python3.7/site-packages/airflow/example_dags/tutorial_dag.py for tasks to queue
[2023-07-19T18:49:29.711+0000] {logging_mixin.py:150} INFO - [2023-07-19T18:49:29.710+0000] {dagbag.py:541} INFO - Filling up the DagBag from /home/airflow/.local/lib/python3.7/site-packages/airflow/example_dags/tutorial_dag.py
[2023-07-19T18:49:29.721+0000] {processor.py:836} INFO - DAG(s) dict_keys(['tutorial_dag']) retrieved from /home/airflow/.local/lib/python3.7/site-packages/airflow/example_dags/tutorial_dag.py
[2023-07-19T18:49:29.754+0000] {logging_mixin.py:150} INFO - [2023-07-19T18:49:29.754+0000] {dag.py:2742} INFO - Sync 1 DAGs
[2023-07-19T18:49:29.785+0000] {logging_mixin.py:150} INFO - [2023-07-19T18:49:29.785+0000] {dag.py:3508} INFO - Setting next_dagrun for tutorial_dag to None, run_after=None
[2023-07-19T18:49:29.805+0000] {processor.py:179} INFO - Processing /home/airflow/.local/lib/python3.7/site-packages/airflow/example_dags/tutorial_dag.py took 0.107 seconds
[2023-07-19T18:50:00.342+0000] {processor.py:157} INFO - Started process (PID=924) to work on /home/airflow/.local/lib/python3.7/site-packages/airflow/example_dags/tutorial_dag.py
[2023-07-19T18:50:00.347+0000] {processor.py:826} INFO - Processing file /home/airflow/.local/lib/python3.7/site-packages/airflow/example_dags/tutorial_dag.py for tasks to queue
[2023-07-19T18:50:00.352+0000] {logging_mixin.py:150} INFO - [2023-07-19T18:50:00.351+0000] {dagbag.py:541} INFO - Filling up the DagBag from /home/airflow/.local/lib/python3.7/site-packages/airflow/example_dags/tutorial_dag.py
[2023-07-19T18:50:00.359+0000] {processor.py:836} INFO - DAG(s) dict_keys(['tutorial_dag']) retrieved from /home/airflow/.local/lib/python3.7/site-packages/airflow/example_dags/tutorial_dag.py
[2023-07-19T18:50:00.393+0000] {logging_mixin.py:150} INFO - [2023-07-19T18:50:00.392+0000] {dag.py:2742} INFO - Sync 1 DAGs
[2023-07-19T18:50:00.419+0000] {logging_mixin.py:150} INFO - [2023-07-19T18:50:00.419+0000] {dag.py:3508} INFO - Setting next_dagrun for tutorial_dag to None, run_after=None
[2023-07-19T18:50:00.436+0000] {processor.py:179} INFO - Processing /home/airflow/.local/lib/python3.7/site-packages/airflow/example_dags/tutorial_dag.py took 0.099 seconds
[2023-07-19T18:50:33.185+0000] {processor.py:157} INFO - Started process (PID=983) to work on /home/airflow/.local/lib/python3.7/site-packages/airflow/example_dags/tutorial_dag.py
[2023-07-19T18:50:33.258+0000] {processor.py:826} INFO - Processing file /home/airflow/.local/lib/python3.7/site-packages/airflow/example_dags/tutorial_dag.py for tasks to queue
[2023-07-19T18:50:33.341+0000] {logging_mixin.py:150} INFO - [2023-07-19T18:50:33.317+0000] {dagbag.py:541} INFO - Filling up the DagBag from /home/airflow/.local/lib/python3.7/site-packages/airflow/example_dags/tutorial_dag.py
[2023-07-19T18:50:34.542+0000] {processor.py:836} INFO - DAG(s) dict_keys(['tutorial_dag']) retrieved from /home/airflow/.local/lib/python3.7/site-packages/airflow/example_dags/tutorial_dag.py
[2023-07-19T18:50:38.372+0000] {logging_mixin.py:150} INFO - [2023-07-19T18:50:38.316+0000] {dag.py:2742} INFO - Sync 1 DAGs
[2023-07-19T18:50:39.335+0000] {logging_mixin.py:150} INFO - [2023-07-19T18:50:39.331+0000] {dag.py:3508} INFO - Setting next_dagrun for tutorial_dag to None, run_after=None
[2023-07-19T18:50:39.543+0000] {processor.py:179} INFO - Processing /home/airflow/.local/lib/python3.7/site-packages/airflow/example_dags/tutorial_dag.py took 6.497 seconds
[2023-07-19T18:51:10.518+0000] {processor.py:157} INFO - Started process (PID=1042) to work on /home/airflow/.local/lib/python3.7/site-packages/airflow/example_dags/tutorial_dag.py
[2023-07-19T18:51:10.525+0000] {processor.py:826} INFO - Processing file /home/airflow/.local/lib/python3.7/site-packages/airflow/example_dags/tutorial_dag.py for tasks to queue
[2023-07-19T18:51:10.527+0000] {logging_mixin.py:150} INFO - [2023-07-19T18:51:10.527+0000] {dagbag.py:541} INFO - Filling up the DagBag from /home/airflow/.local/lib/python3.7/site-packages/airflow/example_dags/tutorial_dag.py
[2023-07-19T18:51:10.552+0000] {processor.py:836} INFO - DAG(s) dict_keys(['tutorial_dag']) retrieved from /home/airflow/.local/lib/python3.7/site-packages/airflow/example_dags/tutorial_dag.py
[2023-07-19T18:51:10.629+0000] {logging_mixin.py:150} INFO - [2023-07-19T18:51:10.629+0000] {dag.py:2742} INFO - Sync 1 DAGs
[2023-07-19T18:51:10.670+0000] {logging_mixin.py:150} INFO - [2023-07-19T18:51:10.670+0000] {dag.py:3508} INFO - Setting next_dagrun for tutorial_dag to None, run_after=None
[2023-07-19T18:51:10.702+0000] {processor.py:179} INFO - Processing /home/airflow/.local/lib/python3.7/site-packages/airflow/example_dags/tutorial_dag.py took 0.190 seconds
[2023-07-19T18:51:41.322+0000] {processor.py:157} INFO - Started process (PID=1102) to work on /home/airflow/.local/lib/python3.7/site-packages/airflow/example_dags/tutorial_dag.py
[2023-07-19T18:51:41.324+0000] {processor.py:826} INFO - Processing file /home/airflow/.local/lib/python3.7/site-packages/airflow/example_dags/tutorial_dag.py for tasks to queue
[2023-07-19T18:51:41.326+0000] {logging_mixin.py:150} INFO - [2023-07-19T18:51:41.326+0000] {dagbag.py:541} INFO - Filling up the DagBag from /home/airflow/.local/lib/python3.7/site-packages/airflow/example_dags/tutorial_dag.py
[2023-07-19T18:51:41.337+0000] {processor.py:836} INFO - DAG(s) dict_keys(['tutorial_dag']) retrieved from /home/airflow/.local/lib/python3.7/site-packages/airflow/example_dags/tutorial_dag.py
[2023-07-19T18:51:41.383+0000] {logging_mixin.py:150} INFO - [2023-07-19T18:51:41.383+0000] {dag.py:2742} INFO - Sync 1 DAGs
[2023-07-19T18:51:41.443+0000] {logging_mixin.py:150} INFO - [2023-07-19T18:51:41.442+0000] {dag.py:3508} INFO - Setting next_dagrun for tutorial_dag to None, run_after=None
[2023-07-19T18:51:41.468+0000] {processor.py:179} INFO - Processing /home/airflow/.local/lib/python3.7/site-packages/airflow/example_dags/tutorial_dag.py took 0.154 seconds
[2023-07-19T18:52:11.783+0000] {processor.py:157} INFO - Started process (PID=1161) to work on /home/airflow/.local/lib/python3.7/site-packages/airflow/example_dags/tutorial_dag.py
[2023-07-19T18:52:11.795+0000] {processor.py:826} INFO - Processing file /home/airflow/.local/lib/python3.7/site-packages/airflow/example_dags/tutorial_dag.py for tasks to queue
[2023-07-19T18:52:11.810+0000] {logging_mixin.py:150} INFO - [2023-07-19T18:52:11.805+0000] {dagbag.py:541} INFO - Filling up the DagBag from /home/airflow/.local/lib/python3.7/site-packages/airflow/example_dags/tutorial_dag.py
[2023-07-19T18:52:11.882+0000] {processor.py:836} INFO - DAG(s) dict_keys(['tutorial_dag']) retrieved from /home/airflow/.local/lib/python3.7/site-packages/airflow/example_dags/tutorial_dag.py
[2023-07-19T18:52:12.005+0000] {logging_mixin.py:150} INFO - [2023-07-19T18:52:12.005+0000] {dag.py:2742} INFO - Sync 1 DAGs
[2023-07-19T18:52:12.043+0000] {logging_mixin.py:150} INFO - [2023-07-19T18:52:12.043+0000] {dag.py:3508} INFO - Setting next_dagrun for tutorial_dag to None, run_after=None
[2023-07-19T18:52:12.068+0000] {processor.py:179} INFO - Processing /home/airflow/.local/lib/python3.7/site-packages/airflow/example_dags/tutorial_dag.py took 0.302 seconds
[2023-07-19T18:52:42.529+0000] {processor.py:157} INFO - Started process (PID=1221) to work on /home/airflow/.local/lib/python3.7/site-packages/airflow/example_dags/tutorial_dag.py
[2023-07-19T18:52:42.534+0000] {processor.py:826} INFO - Processing file /home/airflow/.local/lib/python3.7/site-packages/airflow/example_dags/tutorial_dag.py for tasks to queue
[2023-07-19T18:52:42.538+0000] {logging_mixin.py:150} INFO - [2023-07-19T18:52:42.537+0000] {dagbag.py:541} INFO - Filling up the DagBag from /home/airflow/.local/lib/python3.7/site-packages/airflow/example_dags/tutorial_dag.py
[2023-07-19T18:52:42.547+0000] {processor.py:836} INFO - DAG(s) dict_keys(['tutorial_dag']) retrieved from /home/airflow/.local/lib/python3.7/site-packages/airflow/example_dags/tutorial_dag.py
[2023-07-19T18:52:42.582+0000] {logging_mixin.py:150} INFO - [2023-07-19T18:52:42.582+0000] {dag.py:2742} INFO - Sync 1 DAGs
[2023-07-19T18:52:42.610+0000] {logging_mixin.py:150} INFO - [2023-07-19T18:52:42.610+0000] {dag.py:3508} INFO - Setting next_dagrun for tutorial_dag to None, run_after=None
[2023-07-19T18:52:42.628+0000] {processor.py:179} INFO - Processing /home/airflow/.local/lib/python3.7/site-packages/airflow/example_dags/tutorial_dag.py took 0.110 seconds
[2023-07-19T18:53:13.341+0000] {processor.py:157} INFO - Started process (PID=1280) to work on /home/airflow/.local/lib/python3.7/site-packages/airflow/example_dags/tutorial_dag.py
[2023-07-19T18:53:13.346+0000] {processor.py:826} INFO - Processing file /home/airflow/.local/lib/python3.7/site-packages/airflow/example_dags/tutorial_dag.py for tasks to queue
[2023-07-19T18:53:13.352+0000] {logging_mixin.py:150} INFO - [2023-07-19T18:53:13.352+0000] {dagbag.py:541} INFO - Filling up the DagBag from /home/airflow/.local/lib/python3.7/site-packages/airflow/example_dags/tutorial_dag.py
[2023-07-19T18:53:13.369+0000] {processor.py:836} INFO - DAG(s) dict_keys(['tutorial_dag']) retrieved from /home/airflow/.local/lib/python3.7/site-packages/airflow/example_dags/tutorial_dag.py
[2023-07-19T18:53:13.443+0000] {logging_mixin.py:150} INFO - [2023-07-19T18:53:13.443+0000] {dag.py:2742} INFO - Sync 1 DAGs
[2023-07-19T18:53:13.495+0000] {logging_mixin.py:150} INFO - [2023-07-19T18:53:13.495+0000] {dag.py:3508} INFO - Setting next_dagrun for tutorial_dag to None, run_after=None
[2023-07-19T18:53:13.526+0000] {processor.py:179} INFO - Processing /home/airflow/.local/lib/python3.7/site-packages/airflow/example_dags/tutorial_dag.py took 0.196 seconds
[2023-07-19T18:53:43.722+0000] {processor.py:157} INFO - Started process (PID=1334) to work on /home/airflow/.local/lib/python3.7/site-packages/airflow/example_dags/tutorial_dag.py
[2023-07-19T18:53:43.726+0000] {processor.py:826} INFO - Processing file /home/airflow/.local/lib/python3.7/site-packages/airflow/example_dags/tutorial_dag.py for tasks to queue
[2023-07-19T18:53:43.729+0000] {logging_mixin.py:150} INFO - [2023-07-19T18:53:43.729+0000] {dagbag.py:541} INFO - Filling up the DagBag from /home/airflow/.local/lib/python3.7/site-packages/airflow/example_dags/tutorial_dag.py
[2023-07-19T18:53:43.768+0000] {processor.py:836} INFO - DAG(s) dict_keys(['tutorial_dag']) retrieved from /home/airflow/.local/lib/python3.7/site-packages/airflow/example_dags/tutorial_dag.py
[2023-07-19T18:53:43.831+0000] {logging_mixin.py:150} INFO - [2023-07-19T18:53:43.831+0000] {dag.py:2742} INFO - Sync 1 DAGs
[2023-07-19T18:53:43.875+0000] {logging_mixin.py:150} INFO - [2023-07-19T18:53:43.875+0000] {dag.py:3508} INFO - Setting next_dagrun for tutorial_dag to None, run_after=None
[2023-07-19T18:53:43.898+0000] {processor.py:179} INFO - Processing /home/airflow/.local/lib/python3.7/site-packages/airflow/example_dags/tutorial_dag.py took 0.191 seconds
[2023-07-19T18:54:14.501+0000] {processor.py:157} INFO - Started process (PID=1392) to work on /home/airflow/.local/lib/python3.7/site-packages/airflow/example_dags/tutorial_dag.py
[2023-07-19T18:54:14.510+0000] {processor.py:826} INFO - Processing file /home/airflow/.local/lib/python3.7/site-packages/airflow/example_dags/tutorial_dag.py for tasks to queue
[2023-07-19T18:54:14.516+0000] {logging_mixin.py:150} INFO - [2023-07-19T18:54:14.515+0000] {dagbag.py:541} INFO - Filling up the DagBag from /home/airflow/.local/lib/python3.7/site-packages/airflow/example_dags/tutorial_dag.py
[2023-07-19T18:54:14.583+0000] {processor.py:836} INFO - DAG(s) dict_keys(['tutorial_dag']) retrieved from /home/airflow/.local/lib/python3.7/site-packages/airflow/example_dags/tutorial_dag.py
[2023-07-19T18:54:14.681+0000] {logging_mixin.py:150} INFO - [2023-07-19T18:54:14.680+0000] {dag.py:2742} INFO - Sync 1 DAGs
[2023-07-19T18:54:14.735+0000] {logging_mixin.py:150} INFO - [2023-07-19T18:54:14.735+0000] {dag.py:3508} INFO - Setting next_dagrun for tutorial_dag to None, run_after=None
[2023-07-19T18:54:14.784+0000] {processor.py:179} INFO - Processing /home/airflow/.local/lib/python3.7/site-packages/airflow/example_dags/tutorial_dag.py took 0.301 seconds
