[2023-07-19T18:42:23.722+0000] {processor.py:157} INFO - Started process (PID=75) to work on /home/airflow/.local/lib/python3.7/site-packages/airflow/example_dags/tutorial.py
[2023-07-19T18:42:23.728+0000] {processor.py:826} INFO - Processing file /home/airflow/.local/lib/python3.7/site-packages/airflow/example_dags/tutorial.py for tasks to queue
[2023-07-19T18:42:23.743+0000] {logging_mixin.py:150} INFO - [2023-07-19T18:42:23.738+0000] {dagbag.py:541} INFO - Filling up the DagBag from /home/airflow/.local/lib/python3.7/site-packages/airflow/example_dags/tutorial.py
[2023-07-19T18:42:23.765+0000] {processor.py:836} INFO - DAG(s) dict_keys(['tutorial']) retrieved from /home/airflow/.local/lib/python3.7/site-packages/airflow/example_dags/tutorial.py
[2023-07-19T18:42:23.794+0000] {logging_mixin.py:150} INFO - [2023-07-19T18:42:23.794+0000] {dag.py:2742} INFO - Sync 1 DAGs
[2023-07-19T18:42:23.852+0000] {logging_mixin.py:150} INFO - [2023-07-19T18:42:23.852+0000] {dag.py:3508} INFO - Setting next_dagrun for tutorial to 2023-07-18T18:42:23.851810+00:00, run_after=2023-07-19T18:42:23.851810+00:00
[2023-07-19T18:42:23.909+0000] {processor.py:179} INFO - Processing /home/airflow/.local/lib/python3.7/site-packages/airflow/example_dags/tutorial.py took 0.194 seconds
[2023-07-19T18:42:54.717+0000] {processor.py:157} INFO - Started process (PID=135) to work on /home/airflow/.local/lib/python3.7/site-packages/airflow/example_dags/tutorial.py
[2023-07-19T18:42:54.719+0000] {processor.py:826} INFO - Processing file /home/airflow/.local/lib/python3.7/site-packages/airflow/example_dags/tutorial.py for tasks to queue
[2023-07-19T18:42:54.720+0000] {logging_mixin.py:150} INFO - [2023-07-19T18:42:54.720+0000] {dagbag.py:541} INFO - Filling up the DagBag from /home/airflow/.local/lib/python3.7/site-packages/airflow/example_dags/tutorial.py
[2023-07-19T18:42:54.727+0000] {processor.py:836} INFO - DAG(s) dict_keys(['tutorial']) retrieved from /home/airflow/.local/lib/python3.7/site-packages/airflow/example_dags/tutorial.py
[2023-07-19T18:42:54.749+0000] {logging_mixin.py:150} INFO - [2023-07-19T18:42:54.749+0000] {dag.py:2742} INFO - Sync 1 DAGs
[2023-07-19T18:42:54.770+0000] {logging_mixin.py:150} INFO - [2023-07-19T18:42:54.770+0000] {dag.py:3508} INFO - Setting next_dagrun for tutorial to 2023-07-18T18:42:54.770173+00:00, run_after=2023-07-19T18:42:54.770173+00:00
[2023-07-19T18:42:54.791+0000] {processor.py:179} INFO - Processing /home/airflow/.local/lib/python3.7/site-packages/airflow/example_dags/tutorial.py took 0.078 seconds
[2023-07-19T18:43:25.028+0000] {processor.py:157} INFO - Started process (PID=194) to work on /home/airflow/.local/lib/python3.7/site-packages/airflow/example_dags/tutorial.py
[2023-07-19T18:43:25.030+0000] {processor.py:826} INFO - Processing file /home/airflow/.local/lib/python3.7/site-packages/airflow/example_dags/tutorial.py for tasks to queue
[2023-07-19T18:43:25.031+0000] {logging_mixin.py:150} INFO - [2023-07-19T18:43:25.031+0000] {dagbag.py:541} INFO - Filling up the DagBag from /home/airflow/.local/lib/python3.7/site-packages/airflow/example_dags/tutorial.py
[2023-07-19T18:43:25.039+0000] {processor.py:836} INFO - DAG(s) dict_keys(['tutorial']) retrieved from /home/airflow/.local/lib/python3.7/site-packages/airflow/example_dags/tutorial.py
[2023-07-19T18:43:25.064+0000] {logging_mixin.py:150} INFO - [2023-07-19T18:43:25.064+0000] {dag.py:2742} INFO - Sync 1 DAGs
[2023-07-19T18:43:25.089+0000] {logging_mixin.py:150} INFO - [2023-07-19T18:43:25.088+0000] {dag.py:3508} INFO - Setting next_dagrun for tutorial to 2023-07-18T18:43:25.088724+00:00, run_after=2023-07-19T18:43:25.088724+00:00
[2023-07-19T18:43:25.106+0000] {processor.py:179} INFO - Processing /home/airflow/.local/lib/python3.7/site-packages/airflow/example_dags/tutorial.py took 0.082 seconds
[2023-07-19T18:43:56.450+0000] {processor.py:157} INFO - Started process (PID=253) to work on /home/airflow/.local/lib/python3.7/site-packages/airflow/example_dags/tutorial.py
[2023-07-19T18:43:56.452+0000] {processor.py:826} INFO - Processing file /home/airflow/.local/lib/python3.7/site-packages/airflow/example_dags/tutorial.py for tasks to queue
[2023-07-19T18:43:56.455+0000] {logging_mixin.py:150} INFO - [2023-07-19T18:43:56.455+0000] {dagbag.py:541} INFO - Filling up the DagBag from /home/airflow/.local/lib/python3.7/site-packages/airflow/example_dags/tutorial.py
[2023-07-19T18:43:56.464+0000] {processor.py:836} INFO - DAG(s) dict_keys(['tutorial']) retrieved from /home/airflow/.local/lib/python3.7/site-packages/airflow/example_dags/tutorial.py
[2023-07-19T18:43:56.493+0000] {logging_mixin.py:150} INFO - [2023-07-19T18:43:56.492+0000] {dag.py:2742} INFO - Sync 1 DAGs
[2023-07-19T18:43:56.527+0000] {logging_mixin.py:150} INFO - [2023-07-19T18:43:56.527+0000] {dag.py:3508} INFO - Setting next_dagrun for tutorial to 2023-07-18T18:43:56.526742+00:00, run_after=2023-07-19T18:43:56.526742+00:00
[2023-07-19T18:43:56.547+0000] {processor.py:179} INFO - Processing /home/airflow/.local/lib/python3.7/site-packages/airflow/example_dags/tutorial.py took 0.100 seconds
[2023-07-19T18:44:27.634+0000] {processor.py:157} INFO - Started process (PID=311) to work on /home/airflow/.local/lib/python3.7/site-packages/airflow/example_dags/tutorial.py
[2023-07-19T18:44:27.639+0000] {processor.py:826} INFO - Processing file /home/airflow/.local/lib/python3.7/site-packages/airflow/example_dags/tutorial.py for tasks to queue
[2023-07-19T18:44:27.643+0000] {logging_mixin.py:150} INFO - [2023-07-19T18:44:27.642+0000] {dagbag.py:541} INFO - Filling up the DagBag from /home/airflow/.local/lib/python3.7/site-packages/airflow/example_dags/tutorial.py
[2023-07-19T18:44:27.652+0000] {processor.py:836} INFO - DAG(s) dict_keys(['tutorial']) retrieved from /home/airflow/.local/lib/python3.7/site-packages/airflow/example_dags/tutorial.py
[2023-07-19T18:44:27.690+0000] {logging_mixin.py:150} INFO - [2023-07-19T18:44:27.689+0000] {dag.py:2742} INFO - Sync 1 DAGs
[2023-07-19T18:44:27.746+0000] {logging_mixin.py:150} INFO - [2023-07-19T18:44:27.746+0000] {dag.py:3508} INFO - Setting next_dagrun for tutorial to 2023-07-18T18:44:27.745813+00:00, run_after=2023-07-19T18:44:27.745813+00:00
[2023-07-19T18:44:27.775+0000] {processor.py:179} INFO - Processing /home/airflow/.local/lib/python3.7/site-packages/airflow/example_dags/tutorial.py took 0.147 seconds
[2023-07-19T18:44:58.799+0000] {processor.py:157} INFO - Started process (PID=370) to work on /home/airflow/.local/lib/python3.7/site-packages/airflow/example_dags/tutorial.py
[2023-07-19T18:44:58.805+0000] {processor.py:826} INFO - Processing file /home/airflow/.local/lib/python3.7/site-packages/airflow/example_dags/tutorial.py for tasks to queue
[2023-07-19T18:44:58.825+0000] {logging_mixin.py:150} INFO - [2023-07-19T18:44:58.824+0000] {dagbag.py:541} INFO - Filling up the DagBag from /home/airflow/.local/lib/python3.7/site-packages/airflow/example_dags/tutorial.py
[2023-07-19T18:44:58.841+0000] {processor.py:836} INFO - DAG(s) dict_keys(['tutorial']) retrieved from /home/airflow/.local/lib/python3.7/site-packages/airflow/example_dags/tutorial.py
[2023-07-19T18:44:58.879+0000] {logging_mixin.py:150} INFO - [2023-07-19T18:44:58.879+0000] {dag.py:2742} INFO - Sync 1 DAGs
[2023-07-19T18:44:58.902+0000] {logging_mixin.py:150} INFO - [2023-07-19T18:44:58.902+0000] {dag.py:3508} INFO - Setting next_dagrun for tutorial to 2023-07-18T18:44:58.902285+00:00, run_after=2023-07-19T18:44:58.902285+00:00
[2023-07-19T18:44:58.917+0000] {processor.py:179} INFO - Processing /home/airflow/.local/lib/python3.7/site-packages/airflow/example_dags/tutorial.py took 0.125 seconds
[2023-07-19T18:45:29.644+0000] {processor.py:157} INFO - Started process (PID=429) to work on /home/airflow/.local/lib/python3.7/site-packages/airflow/example_dags/tutorial.py
[2023-07-19T18:45:29.650+0000] {processor.py:826} INFO - Processing file /home/airflow/.local/lib/python3.7/site-packages/airflow/example_dags/tutorial.py for tasks to queue
[2023-07-19T18:45:29.652+0000] {logging_mixin.py:150} INFO - [2023-07-19T18:45:29.652+0000] {dagbag.py:541} INFO - Filling up the DagBag from /home/airflow/.local/lib/python3.7/site-packages/airflow/example_dags/tutorial.py
[2023-07-19T18:45:29.664+0000] {processor.py:836} INFO - DAG(s) dict_keys(['tutorial']) retrieved from /home/airflow/.local/lib/python3.7/site-packages/airflow/example_dags/tutorial.py
[2023-07-19T18:45:29.697+0000] {logging_mixin.py:150} INFO - [2023-07-19T18:45:29.697+0000] {dag.py:2742} INFO - Sync 1 DAGs
[2023-07-19T18:45:29.763+0000] {logging_mixin.py:150} INFO - [2023-07-19T18:45:29.763+0000] {dag.py:3508} INFO - Setting next_dagrun for tutorial to 2023-07-18T18:45:29.762805+00:00, run_after=2023-07-19T18:45:29.762805+00:00
[2023-07-19T18:45:29.814+0000] {processor.py:179} INFO - Processing /home/airflow/.local/lib/python3.7/site-packages/airflow/example_dags/tutorial.py took 0.174 seconds
[2023-07-19T18:46:00.174+0000] {processor.py:157} INFO - Started process (PID=487) to work on /home/airflow/.local/lib/python3.7/site-packages/airflow/example_dags/tutorial.py
[2023-07-19T18:46:00.180+0000] {processor.py:826} INFO - Processing file /home/airflow/.local/lib/python3.7/site-packages/airflow/example_dags/tutorial.py for tasks to queue
[2023-07-19T18:46:00.184+0000] {logging_mixin.py:150} INFO - [2023-07-19T18:46:00.183+0000] {dagbag.py:541} INFO - Filling up the DagBag from /home/airflow/.local/lib/python3.7/site-packages/airflow/example_dags/tutorial.py
[2023-07-19T18:46:00.207+0000] {processor.py:836} INFO - DAG(s) dict_keys(['tutorial']) retrieved from /home/airflow/.local/lib/python3.7/site-packages/airflow/example_dags/tutorial.py
[2023-07-19T18:46:00.285+0000] {logging_mixin.py:150} INFO - [2023-07-19T18:46:00.285+0000] {dag.py:2742} INFO - Sync 1 DAGs
[2023-07-19T18:46:00.333+0000] {logging_mixin.py:150} INFO - [2023-07-19T18:46:00.333+0000] {dag.py:3508} INFO - Setting next_dagrun for tutorial to 2023-07-18T18:46:00.333230+00:00, run_after=2023-07-19T18:46:00.333230+00:00
[2023-07-19T18:46:00.370+0000] {processor.py:179} INFO - Processing /home/airflow/.local/lib/python3.7/site-packages/airflow/example_dags/tutorial.py took 0.205 seconds
[2023-07-19T18:46:31.124+0000] {processor.py:157} INFO - Started process (PID=547) to work on /home/airflow/.local/lib/python3.7/site-packages/airflow/example_dags/tutorial.py
[2023-07-19T18:46:31.127+0000] {processor.py:826} INFO - Processing file /home/airflow/.local/lib/python3.7/site-packages/airflow/example_dags/tutorial.py for tasks to queue
[2023-07-19T18:46:31.132+0000] {logging_mixin.py:150} INFO - [2023-07-19T18:46:31.131+0000] {dagbag.py:541} INFO - Filling up the DagBag from /home/airflow/.local/lib/python3.7/site-packages/airflow/example_dags/tutorial.py
[2023-07-19T18:46:31.146+0000] {processor.py:836} INFO - DAG(s) dict_keys(['tutorial']) retrieved from /home/airflow/.local/lib/python3.7/site-packages/airflow/example_dags/tutorial.py
[2023-07-19T18:46:31.193+0000] {logging_mixin.py:150} INFO - [2023-07-19T18:46:31.193+0000] {dag.py:2742} INFO - Sync 1 DAGs
[2023-07-19T18:46:31.244+0000] {logging_mixin.py:150} INFO - [2023-07-19T18:46:31.244+0000] {dag.py:3508} INFO - Setting next_dagrun for tutorial to 2023-07-18T18:46:31.244240+00:00, run_after=2023-07-19T18:46:31.244240+00:00
[2023-07-19T18:46:31.267+0000] {processor.py:179} INFO - Processing /home/airflow/.local/lib/python3.7/site-packages/airflow/example_dags/tutorial.py took 0.150 seconds
[2023-07-19T18:47:07.992+0000] {processor.py:157} INFO - Started process (PID=606) to work on /home/airflow/.local/lib/python3.7/site-packages/airflow/example_dags/tutorial.py
[2023-07-19T18:47:08.004+0000] {processor.py:826} INFO - Processing file /home/airflow/.local/lib/python3.7/site-packages/airflow/example_dags/tutorial.py for tasks to queue
[2023-07-19T18:47:08.013+0000] {logging_mixin.py:150} INFO - [2023-07-19T18:47:08.011+0000] {dagbag.py:541} INFO - Filling up the DagBag from /home/airflow/.local/lib/python3.7/site-packages/airflow/example_dags/tutorial.py
[2023-07-19T18:47:08.049+0000] {processor.py:836} INFO - DAG(s) dict_keys(['tutorial']) retrieved from /home/airflow/.local/lib/python3.7/site-packages/airflow/example_dags/tutorial.py
[2023-07-19T18:47:08.117+0000] {logging_mixin.py:150} INFO - [2023-07-19T18:47:08.117+0000] {dag.py:2742} INFO - Sync 1 DAGs
[2023-07-19T18:47:08.223+0000] {logging_mixin.py:150} INFO - [2023-07-19T18:47:08.222+0000] {dag.py:3508} INFO - Setting next_dagrun for tutorial to 2023-07-18T18:47:08.221117+00:00, run_after=2023-07-19T18:47:08.221117+00:00
[2023-07-19T18:47:08.280+0000] {processor.py:179} INFO - Processing /home/airflow/.local/lib/python3.7/site-packages/airflow/example_dags/tutorial.py took 0.302 seconds
[2023-07-19T18:47:39.281+0000] {processor.py:157} INFO - Started process (PID=665) to work on /home/airflow/.local/lib/python3.7/site-packages/airflow/example_dags/tutorial.py
[2023-07-19T18:47:39.286+0000] {processor.py:826} INFO - Processing file /home/airflow/.local/lib/python3.7/site-packages/airflow/example_dags/tutorial.py for tasks to queue
[2023-07-19T18:47:39.292+0000] {logging_mixin.py:150} INFO - [2023-07-19T18:47:39.291+0000] {dagbag.py:541} INFO - Filling up the DagBag from /home/airflow/.local/lib/python3.7/site-packages/airflow/example_dags/tutorial.py
[2023-07-19T18:47:39.323+0000] {processor.py:836} INFO - DAG(s) dict_keys(['tutorial']) retrieved from /home/airflow/.local/lib/python3.7/site-packages/airflow/example_dags/tutorial.py
[2023-07-19T18:47:39.422+0000] {logging_mixin.py:150} INFO - [2023-07-19T18:47:39.422+0000] {dag.py:2742} INFO - Sync 1 DAGs
[2023-07-19T18:47:39.498+0000] {logging_mixin.py:150} INFO - [2023-07-19T18:47:39.498+0000] {dag.py:3508} INFO - Setting next_dagrun for tutorial to 2023-07-18T18:47:39.497730+00:00, run_after=2023-07-19T18:47:39.497730+00:00
[2023-07-19T18:47:39.563+0000] {processor.py:179} INFO - Processing /home/airflow/.local/lib/python3.7/site-packages/airflow/example_dags/tutorial.py took 0.289 seconds
[2023-07-19T18:48:10.651+0000] {processor.py:157} INFO - Started process (PID=724) to work on /home/airflow/.local/lib/python3.7/site-packages/airflow/example_dags/tutorial.py
[2023-07-19T18:48:10.666+0000] {processor.py:826} INFO - Processing file /home/airflow/.local/lib/python3.7/site-packages/airflow/example_dags/tutorial.py for tasks to queue
[2023-07-19T18:48:10.673+0000] {logging_mixin.py:150} INFO - [2023-07-19T18:48:10.671+0000] {dagbag.py:541} INFO - Filling up the DagBag from /home/airflow/.local/lib/python3.7/site-packages/airflow/example_dags/tutorial.py
[2023-07-19T18:48:10.702+0000] {processor.py:836} INFO - DAG(s) dict_keys(['tutorial']) retrieved from /home/airflow/.local/lib/python3.7/site-packages/airflow/example_dags/tutorial.py
[2023-07-19T18:48:10.766+0000] {logging_mixin.py:150} INFO - [2023-07-19T18:48:10.766+0000] {dag.py:2742} INFO - Sync 1 DAGs
[2023-07-19T18:48:10.835+0000] {logging_mixin.py:150} INFO - [2023-07-19T18:48:10.834+0000] {dag.py:3508} INFO - Setting next_dagrun for tutorial to 2023-07-18T18:48:10.833884+00:00, run_after=2023-07-19T18:48:10.833884+00:00
[2023-07-19T18:48:10.907+0000] {processor.py:179} INFO - Processing /home/airflow/.local/lib/python3.7/site-packages/airflow/example_dags/tutorial.py took 0.267 seconds
[2023-07-19T18:48:44.128+0000] {processor.py:157} INFO - Started process (PID=791) to work on /home/airflow/.local/lib/python3.7/site-packages/airflow/example_dags/tutorial.py
[2023-07-19T18:48:44.134+0000] {processor.py:826} INFO - Processing file /home/airflow/.local/lib/python3.7/site-packages/airflow/example_dags/tutorial.py for tasks to queue
[2023-07-19T18:48:44.139+0000] {logging_mixin.py:150} INFO - [2023-07-19T18:48:44.138+0000] {dagbag.py:541} INFO - Filling up the DagBag from /home/airflow/.local/lib/python3.7/site-packages/airflow/example_dags/tutorial.py
[2023-07-19T18:48:44.158+0000] {processor.py:836} INFO - DAG(s) dict_keys(['tutorial']) retrieved from /home/airflow/.local/lib/python3.7/site-packages/airflow/example_dags/tutorial.py
[2023-07-19T18:48:44.224+0000] {logging_mixin.py:150} INFO - [2023-07-19T18:48:44.223+0000] {dag.py:2742} INFO - Sync 1 DAGs
[2023-07-19T18:48:44.287+0000] {logging_mixin.py:150} INFO - [2023-07-19T18:48:44.287+0000] {dag.py:3508} INFO - Setting next_dagrun for tutorial to 2023-07-18T18:48:44.287262+00:00, run_after=2023-07-19T18:48:44.287262+00:00
[2023-07-19T18:48:44.330+0000] {processor.py:179} INFO - Processing /home/airflow/.local/lib/python3.7/site-packages/airflow/example_dags/tutorial.py took 0.215 seconds
[2023-07-19T18:49:16.670+0000] {processor.py:157} INFO - Started process (PID=850) to work on /home/airflow/.local/lib/python3.7/site-packages/airflow/example_dags/tutorial.py
[2023-07-19T18:49:16.674+0000] {processor.py:826} INFO - Processing file /home/airflow/.local/lib/python3.7/site-packages/airflow/example_dags/tutorial.py for tasks to queue
[2023-07-19T18:49:16.679+0000] {logging_mixin.py:150} INFO - [2023-07-19T18:49:16.679+0000] {dagbag.py:541} INFO - Filling up the DagBag from /home/airflow/.local/lib/python3.7/site-packages/airflow/example_dags/tutorial.py
[2023-07-19T18:49:16.692+0000] {processor.py:836} INFO - DAG(s) dict_keys(['tutorial']) retrieved from /home/airflow/.local/lib/python3.7/site-packages/airflow/example_dags/tutorial.py
[2023-07-19T18:49:16.740+0000] {logging_mixin.py:150} INFO - [2023-07-19T18:49:16.740+0000] {dag.py:2742} INFO - Sync 1 DAGs
[2023-07-19T18:49:16.788+0000] {logging_mixin.py:150} INFO - [2023-07-19T18:49:16.788+0000] {dag.py:3508} INFO - Setting next_dagrun for tutorial to 2023-07-18T18:49:16.787980+00:00, run_after=2023-07-19T18:49:16.787980+00:00
[2023-07-19T18:49:16.826+0000] {processor.py:179} INFO - Processing /home/airflow/.local/lib/python3.7/site-packages/airflow/example_dags/tutorial.py took 0.162 seconds
[2023-07-19T18:49:47.242+0000] {processor.py:157} INFO - Started process (PID=909) to work on /home/airflow/.local/lib/python3.7/site-packages/airflow/example_dags/tutorial.py
[2023-07-19T18:49:47.253+0000] {processor.py:826} INFO - Processing file /home/airflow/.local/lib/python3.7/site-packages/airflow/example_dags/tutorial.py for tasks to queue
[2023-07-19T18:49:47.269+0000] {logging_mixin.py:150} INFO - [2023-07-19T18:49:47.268+0000] {dagbag.py:541} INFO - Filling up the DagBag from /home/airflow/.local/lib/python3.7/site-packages/airflow/example_dags/tutorial.py
[2023-07-19T18:49:47.359+0000] {processor.py:836} INFO - DAG(s) dict_keys(['tutorial']) retrieved from /home/airflow/.local/lib/python3.7/site-packages/airflow/example_dags/tutorial.py
[2023-07-19T18:49:47.472+0000] {logging_mixin.py:150} INFO - [2023-07-19T18:49:47.472+0000] {dag.py:2742} INFO - Sync 1 DAGs
[2023-07-19T18:49:47.552+0000] {logging_mixin.py:150} INFO - [2023-07-19T18:49:47.552+0000] {dag.py:3508} INFO - Setting next_dagrun for tutorial to 2023-07-18T18:49:47.551571+00:00, run_after=2023-07-19T18:49:47.551571+00:00
[2023-07-19T18:49:47.624+0000] {processor.py:179} INFO - Processing /home/airflow/.local/lib/python3.7/site-packages/airflow/example_dags/tutorial.py took 0.413 seconds
[2023-07-19T18:50:18.440+0000] {processor.py:157} INFO - Started process (PID=968) to work on /home/airflow/.local/lib/python3.7/site-packages/airflow/example_dags/tutorial.py
[2023-07-19T18:50:18.445+0000] {processor.py:826} INFO - Processing file /home/airflow/.local/lib/python3.7/site-packages/airflow/example_dags/tutorial.py for tasks to queue
[2023-07-19T18:50:18.450+0000] {logging_mixin.py:150} INFO - [2023-07-19T18:50:18.449+0000] {dagbag.py:541} INFO - Filling up the DagBag from /home/airflow/.local/lib/python3.7/site-packages/airflow/example_dags/tutorial.py
[2023-07-19T18:50:18.471+0000] {processor.py:836} INFO - DAG(s) dict_keys(['tutorial']) retrieved from /home/airflow/.local/lib/python3.7/site-packages/airflow/example_dags/tutorial.py
[2023-07-19T18:50:18.526+0000] {logging_mixin.py:150} INFO - [2023-07-19T18:50:18.526+0000] {dag.py:2742} INFO - Sync 1 DAGs
[2023-07-19T18:50:18.600+0000] {logging_mixin.py:150} INFO - [2023-07-19T18:50:18.600+0000] {dag.py:3508} INFO - Setting next_dagrun for tutorial to 2023-07-18T18:50:18.600020+00:00, run_after=2023-07-19T18:50:18.600020+00:00
[2023-07-19T18:50:18.652+0000] {processor.py:179} INFO - Processing /home/airflow/.local/lib/python3.7/site-packages/airflow/example_dags/tutorial.py took 0.223 seconds
[2023-07-19T18:50:48.775+0000] {processor.py:157} INFO - Started process (PID=1026) to work on /home/airflow/.local/lib/python3.7/site-packages/airflow/example_dags/tutorial.py
[2023-07-19T18:50:48.783+0000] {processor.py:826} INFO - Processing file /home/airflow/.local/lib/python3.7/site-packages/airflow/example_dags/tutorial.py for tasks to queue
[2023-07-19T18:50:48.786+0000] {logging_mixin.py:150} INFO - [2023-07-19T18:50:48.786+0000] {dagbag.py:541} INFO - Filling up the DagBag from /home/airflow/.local/lib/python3.7/site-packages/airflow/example_dags/tutorial.py
[2023-07-19T18:50:48.797+0000] {processor.py:836} INFO - DAG(s) dict_keys(['tutorial']) retrieved from /home/airflow/.local/lib/python3.7/site-packages/airflow/example_dags/tutorial.py
[2023-07-19T18:50:48.829+0000] {logging_mixin.py:150} INFO - [2023-07-19T18:50:48.828+0000] {dag.py:2742} INFO - Sync 1 DAGs
[2023-07-19T18:50:48.870+0000] {logging_mixin.py:150} INFO - [2023-07-19T18:50:48.870+0000] {dag.py:3508} INFO - Setting next_dagrun for tutorial to 2023-07-18T18:50:48.869713+00:00, run_after=2023-07-19T18:50:48.869713+00:00
[2023-07-19T18:50:48.888+0000] {processor.py:179} INFO - Processing /home/airflow/.local/lib/python3.7/site-packages/airflow/example_dags/tutorial.py took 0.118 seconds
[2023-07-19T18:51:18.938+0000] {processor.py:157} INFO - Started process (PID=1086) to work on /home/airflow/.local/lib/python3.7/site-packages/airflow/example_dags/tutorial.py
[2023-07-19T18:51:18.939+0000] {processor.py:826} INFO - Processing file /home/airflow/.local/lib/python3.7/site-packages/airflow/example_dags/tutorial.py for tasks to queue
[2023-07-19T18:51:18.941+0000] {logging_mixin.py:150} INFO - [2023-07-19T18:51:18.940+0000] {dagbag.py:541} INFO - Filling up the DagBag from /home/airflow/.local/lib/python3.7/site-packages/airflow/example_dags/tutorial.py
[2023-07-19T18:51:18.948+0000] {processor.py:836} INFO - DAG(s) dict_keys(['tutorial']) retrieved from /home/airflow/.local/lib/python3.7/site-packages/airflow/example_dags/tutorial.py
[2023-07-19T18:51:18.972+0000] {logging_mixin.py:150} INFO - [2023-07-19T18:51:18.972+0000] {dag.py:2742} INFO - Sync 1 DAGs
[2023-07-19T18:51:18.993+0000] {logging_mixin.py:150} INFO - [2023-07-19T18:51:18.993+0000] {dag.py:3508} INFO - Setting next_dagrun for tutorial to 2023-07-18T18:51:18.992755+00:00, run_after=2023-07-19T18:51:18.992755+00:00
[2023-07-19T18:51:19.007+0000] {processor.py:179} INFO - Processing /home/airflow/.local/lib/python3.7/site-packages/airflow/example_dags/tutorial.py took 0.072 seconds
[2023-07-19T18:51:49.297+0000] {processor.py:157} INFO - Started process (PID=1145) to work on /home/airflow/.local/lib/python3.7/site-packages/airflow/example_dags/tutorial.py
[2023-07-19T18:51:49.299+0000] {processor.py:826} INFO - Processing file /home/airflow/.local/lib/python3.7/site-packages/airflow/example_dags/tutorial.py for tasks to queue
[2023-07-19T18:51:49.305+0000] {logging_mixin.py:150} INFO - [2023-07-19T18:51:49.305+0000] {dagbag.py:541} INFO - Filling up the DagBag from /home/airflow/.local/lib/python3.7/site-packages/airflow/example_dags/tutorial.py
[2023-07-19T18:51:49.319+0000] {processor.py:836} INFO - DAG(s) dict_keys(['tutorial']) retrieved from /home/airflow/.local/lib/python3.7/site-packages/airflow/example_dags/tutorial.py
[2023-07-19T18:51:49.355+0000] {logging_mixin.py:150} INFO - [2023-07-19T18:51:49.354+0000] {dag.py:2742} INFO - Sync 1 DAGs
[2023-07-19T18:51:49.380+0000] {logging_mixin.py:150} INFO - [2023-07-19T18:51:49.380+0000] {dag.py:3508} INFO - Setting next_dagrun for tutorial to 2023-07-18T18:51:49.380489+00:00, run_after=2023-07-19T18:51:49.380489+00:00
[2023-07-19T18:51:49.403+0000] {processor.py:179} INFO - Processing /home/airflow/.local/lib/python3.7/site-packages/airflow/example_dags/tutorial.py took 0.115 seconds
[2023-07-19T18:52:20.337+0000] {processor.py:157} INFO - Started process (PID=1205) to work on /home/airflow/.local/lib/python3.7/site-packages/airflow/example_dags/tutorial.py
[2023-07-19T18:52:20.341+0000] {processor.py:826} INFO - Processing file /home/airflow/.local/lib/python3.7/site-packages/airflow/example_dags/tutorial.py for tasks to queue
[2023-07-19T18:52:20.350+0000] {logging_mixin.py:150} INFO - [2023-07-19T18:52:20.349+0000] {dagbag.py:541} INFO - Filling up the DagBag from /home/airflow/.local/lib/python3.7/site-packages/airflow/example_dags/tutorial.py
[2023-07-19T18:52:20.366+0000] {processor.py:836} INFO - DAG(s) dict_keys(['tutorial']) retrieved from /home/airflow/.local/lib/python3.7/site-packages/airflow/example_dags/tutorial.py
[2023-07-19T18:52:20.409+0000] {logging_mixin.py:150} INFO - [2023-07-19T18:52:20.409+0000] {dag.py:2742} INFO - Sync 1 DAGs
[2023-07-19T18:52:20.454+0000] {logging_mixin.py:150} INFO - [2023-07-19T18:52:20.453+0000] {dag.py:3508} INFO - Setting next_dagrun for tutorial to 2023-07-18T18:52:20.453612+00:00, run_after=2023-07-19T18:52:20.453612+00:00
[2023-07-19T18:52:20.495+0000] {processor.py:179} INFO - Processing /home/airflow/.local/lib/python3.7/site-packages/airflow/example_dags/tutorial.py took 0.167 seconds
[2023-07-19T18:52:50.553+0000] {processor.py:157} INFO - Started process (PID=1264) to work on /home/airflow/.local/lib/python3.7/site-packages/airflow/example_dags/tutorial.py
[2023-07-19T18:52:50.555+0000] {processor.py:826} INFO - Processing file /home/airflow/.local/lib/python3.7/site-packages/airflow/example_dags/tutorial.py for tasks to queue
[2023-07-19T18:52:50.559+0000] {logging_mixin.py:150} INFO - [2023-07-19T18:52:50.559+0000] {dagbag.py:541} INFO - Filling up the DagBag from /home/airflow/.local/lib/python3.7/site-packages/airflow/example_dags/tutorial.py
[2023-07-19T18:52:50.568+0000] {processor.py:836} INFO - DAG(s) dict_keys(['tutorial']) retrieved from /home/airflow/.local/lib/python3.7/site-packages/airflow/example_dags/tutorial.py
[2023-07-19T18:52:50.605+0000] {logging_mixin.py:150} INFO - [2023-07-19T18:52:50.604+0000] {dag.py:2742} INFO - Sync 1 DAGs
[2023-07-19T18:52:50.636+0000] {logging_mixin.py:150} INFO - [2023-07-19T18:52:50.636+0000] {dag.py:3508} INFO - Setting next_dagrun for tutorial to 2023-07-18T18:52:50.635775+00:00, run_after=2023-07-19T18:52:50.635775+00:00
[2023-07-19T18:52:50.666+0000] {processor.py:179} INFO - Processing /home/airflow/.local/lib/python3.7/site-packages/airflow/example_dags/tutorial.py took 0.118 seconds
[2023-07-19T18:53:20.727+0000] {processor.py:157} INFO - Started process (PID=1323) to work on /home/airflow/.local/lib/python3.7/site-packages/airflow/example_dags/tutorial.py
[2023-07-19T18:53:20.729+0000] {processor.py:826} INFO - Processing file /home/airflow/.local/lib/python3.7/site-packages/airflow/example_dags/tutorial.py for tasks to queue
[2023-07-19T18:53:20.730+0000] {logging_mixin.py:150} INFO - [2023-07-19T18:53:20.730+0000] {dagbag.py:541} INFO - Filling up the DagBag from /home/airflow/.local/lib/python3.7/site-packages/airflow/example_dags/tutorial.py
[2023-07-19T18:53:20.738+0000] {processor.py:836} INFO - DAG(s) dict_keys(['tutorial']) retrieved from /home/airflow/.local/lib/python3.7/site-packages/airflow/example_dags/tutorial.py
[2023-07-19T18:53:20.763+0000] {logging_mixin.py:150} INFO - [2023-07-19T18:53:20.763+0000] {dag.py:2742} INFO - Sync 1 DAGs
[2023-07-19T18:53:20.791+0000] {logging_mixin.py:150} INFO - [2023-07-19T18:53:20.791+0000] {dag.py:3508} INFO - Setting next_dagrun for tutorial to 2023-07-18T18:53:20.791281+00:00, run_after=2023-07-19T18:53:20.791281+00:00
[2023-07-19T18:53:20.809+0000] {processor.py:179} INFO - Processing /home/airflow/.local/lib/python3.7/site-packages/airflow/example_dags/tutorial.py took 0.085 seconds
[2023-07-19T18:53:51.794+0000] {processor.py:157} INFO - Started process (PID=1381) to work on /home/airflow/.local/lib/python3.7/site-packages/airflow/example_dags/tutorial.py
[2023-07-19T18:53:51.800+0000] {processor.py:826} INFO - Processing file /home/airflow/.local/lib/python3.7/site-packages/airflow/example_dags/tutorial.py for tasks to queue
[2023-07-19T18:53:51.810+0000] {logging_mixin.py:150} INFO - [2023-07-19T18:53:51.809+0000] {dagbag.py:541} INFO - Filling up the DagBag from /home/airflow/.local/lib/python3.7/site-packages/airflow/example_dags/tutorial.py
[2023-07-19T18:53:51.823+0000] {processor.py:836} INFO - DAG(s) dict_keys(['tutorial']) retrieved from /home/airflow/.local/lib/python3.7/site-packages/airflow/example_dags/tutorial.py
[2023-07-19T18:53:51.873+0000] {logging_mixin.py:150} INFO - [2023-07-19T18:53:51.873+0000] {dag.py:2742} INFO - Sync 1 DAGs
[2023-07-19T18:53:51.914+0000] {logging_mixin.py:150} INFO - [2023-07-19T18:53:51.914+0000] {dag.py:3508} INFO - Setting next_dagrun for tutorial to 2023-07-18T18:53:51.914166+00:00, run_after=2023-07-19T18:53:51.914166+00:00
[2023-07-19T18:53:51.952+0000] {processor.py:179} INFO - Processing /home/airflow/.local/lib/python3.7/site-packages/airflow/example_dags/tutorial.py took 0.162 seconds
[2023-07-19T18:54:22.629+0000] {processor.py:157} INFO - Started process (PID=1439) to work on /home/airflow/.local/lib/python3.7/site-packages/airflow/example_dags/tutorial.py
[2023-07-19T18:54:22.633+0000] {processor.py:826} INFO - Processing file /home/airflow/.local/lib/python3.7/site-packages/airflow/example_dags/tutorial.py for tasks to queue
[2023-07-19T18:54:22.636+0000] {logging_mixin.py:150} INFO - [2023-07-19T18:54:22.635+0000] {dagbag.py:541} INFO - Filling up the DagBag from /home/airflow/.local/lib/python3.7/site-packages/airflow/example_dags/tutorial.py
[2023-07-19T18:54:22.645+0000] {processor.py:836} INFO - DAG(s) dict_keys(['tutorial']) retrieved from /home/airflow/.local/lib/python3.7/site-packages/airflow/example_dags/tutorial.py
[2023-07-19T18:54:22.681+0000] {logging_mixin.py:150} INFO - [2023-07-19T18:54:22.681+0000] {dag.py:2742} INFO - Sync 1 DAGs
[2023-07-19T18:54:22.713+0000] {logging_mixin.py:150} INFO - [2023-07-19T18:54:22.712+0000] {dag.py:3508} INFO - Setting next_dagrun for tutorial to 2023-07-18T18:54:22.712641+00:00, run_after=2023-07-19T18:54:22.712641+00:00
[2023-07-19T18:54:22.742+0000] {processor.py:179} INFO - Processing /home/airflow/.local/lib/python3.7/site-packages/airflow/example_dags/tutorial.py took 0.118 seconds
