[2024-02-25T11:13:51.535+0000] {taskinstance.py:1103} INFO - Dependencies all met for dep_context=non-requeueable deps ti=<TaskInstance: load_data_from_csv.stg_to_ods manual__2024-02-25T11:13:42.718565+00:00 [queued]>
[2024-02-25T11:13:51.542+0000] {taskinstance.py:1103} INFO - Dependencies all met for dep_context=requeueable deps ti=<TaskInstance: load_data_from_csv.stg_to_ods manual__2024-02-25T11:13:42.718565+00:00 [queued]>
[2024-02-25T11:13:51.543+0000] {taskinstance.py:1308} INFO - Starting attempt 1 of 1
[2024-02-25T11:13:51.552+0000] {taskinstance.py:1327} INFO - Executing <Task(PythonOperator): stg_to_ods> on 2024-02-25 11:13:42.718565+00:00
[2024-02-25T11:13:51.560+0000] {standard_task_runner.py:57} INFO - Started process 783 to run task
[2024-02-25T11:13:51.565+0000] {standard_task_runner.py:84} INFO - Running: ['***', 'tasks', 'run', 'load_data_from_csv', 'stg_to_ods', 'manual__2024-02-25T11:13:42.718565+00:00', '--job-id', '113', '--raw', '--subdir', 'DAGS_FOLDER/dag_raw_to_dds.py', '--cfg-path', '/tmp/tmph_5etkvz']
[2024-02-25T11:13:51.567+0000] {standard_task_runner.py:85} INFO - Job 113: Subtask stg_to_ods
[2024-02-25T11:13:51.622+0000] {task_command.py:410} INFO - Running <TaskInstance: load_data_from_csv.stg_to_ods manual__2024-02-25T11:13:42.718565+00:00 [running]> on host 44b084e90875
[2024-02-25T11:13:51.700+0000] {taskinstance.py:1547} INFO - Exporting env vars: AIRFLOW_CTX_DAG_OWNER='***' AIRFLOW_CTX_DAG_ID='load_data_from_csv' AIRFLOW_CTX_TASK_ID='stg_to_ods' AIRFLOW_CTX_EXECUTION_DATE='2024-02-25T11:13:42.718565+00:00' AIRFLOW_CTX_TRY_NUMBER='1' AIRFLOW_CTX_DAG_RUN_ID='manual__2024-02-25T11:13:42.718565+00:00'
[2024-02-25T11:13:51.704+0000] {logging_mixin.py:150} INFO - priver_hello
[2024-02-25T11:13:51.846+0000] {log.py:232} WARNING - 2024-02-25 11:13:51,846 INFO sqlalchemy.engine.Engine select pg_catalog.version()
[2024-02-25T11:13:51.846+0000] {log.py:128} INFO - select pg_catalog.version()
[2024-02-25T11:13:51.849+0000] {log.py:232} WARNING - 2024-02-25 11:13:51,849 INFO sqlalchemy.engine.Engine [raw sql] {}
[2024-02-25T11:13:51.849+0000] {log.py:128} INFO - [raw sql] {}
[2024-02-25T11:13:51.879+0000] {log.py:232} WARNING - 2024-02-25 11:13:51,879 INFO sqlalchemy.engine.Engine select current_schema()
[2024-02-25T11:13:51.879+0000] {log.py:128} INFO - select current_schema()
[2024-02-25T11:13:51.884+0000] {log.py:232} WARNING - 2024-02-25 11:13:51,884 INFO sqlalchemy.engine.Engine [raw sql] {}
[2024-02-25T11:13:51.884+0000] {log.py:128} INFO - [raw sql] {}
[2024-02-25T11:13:51.914+0000] {log.py:232} WARNING - 2024-02-25 11:13:51,914 INFO sqlalchemy.engine.Engine show standard_conforming_strings
[2024-02-25T11:13:51.914+0000] {log.py:128} INFO - show standard_conforming_strings
[2024-02-25T11:13:51.919+0000] {log.py:232} WARNING - 2024-02-25 11:13:51,919 INFO sqlalchemy.engine.Engine [raw sql] {}
[2024-02-25T11:13:51.919+0000] {log.py:128} INFO - [raw sql] {}
[2024-02-25T11:13:51.947+0000] {log.py:232} WARNING - 2024-02-25 11:13:51,947 INFO sqlalchemy.engine.Engine SELECT ods.load_fraud_full();
[2024-02-25T11:13:51.947+0000] {log.py:128} INFO - SELECT ods.load_fraud_full();
[2024-02-25T11:13:51.949+0000] {log.py:232} WARNING - 2024-02-25 11:13:51,949 INFO sqlalchemy.engine.Engine [raw sql] {}
[2024-02-25T11:13:51.949+0000] {log.py:128} INFO - [raw sql] {}
[2024-02-25T11:13:52.024+0000] {logging_mixin.py:150} INFO - priver_hello_2
[2024-02-25T11:13:52.028+0000] {python.py:183} INFO - Done. Returned value was: None
[2024-02-25T11:13:52.055+0000] {taskinstance.py:1350} INFO - Marking task as SUCCESS. dag_id=load_data_from_csv, task_id=stg_to_ods, execution_date=20240225T111342, start_date=20240225T111351, end_date=20240225T111352
[2024-02-25T11:13:52.103+0000] {local_task_job_runner.py:225} INFO - Task exited with return code 0
[2024-02-25T11:13:52.146+0000] {taskinstance.py:2653} INFO - 2 downstream tasks scheduled from follow-on schedule check
