[2024-02-25T11:12:15.435+0000] {taskinstance.py:1103} INFO - Dependencies all met for dep_context=non-requeueable deps ti=<TaskInstance: load_data_from_csv.stg_to_ods manual__2024-02-25T11:10:41.000099+00:00 [queued]>
[2024-02-25T11:12:15.443+0000] {taskinstance.py:1103} INFO - Dependencies all met for dep_context=requeueable deps ti=<TaskInstance: load_data_from_csv.stg_to_ods manual__2024-02-25T11:10:41.000099+00:00 [queued]>
[2024-02-25T11:12:15.445+0000] {taskinstance.py:1308} INFO - Starting attempt 2 of 2
[2024-02-25T11:12:15.455+0000] {taskinstance.py:1327} INFO - Executing <Task(PythonOperator): stg_to_ods> on 2024-02-25 11:10:41.000099+00:00
[2024-02-25T11:12:15.463+0000] {standard_task_runner.py:57} INFO - Started process 738 to run task
[2024-02-25T11:12:15.467+0000] {standard_task_runner.py:84} INFO - Running: ['***', 'tasks', 'run', 'load_data_from_csv', 'stg_to_ods', 'manual__2024-02-25T11:10:41.000099+00:00', '--job-id', '107', '--raw', '--subdir', 'DAGS_FOLDER/dag_raw_to_dds.py', '--cfg-path', '/tmp/tmp3oqj1fna']
[2024-02-25T11:12:15.469+0000] {standard_task_runner.py:85} INFO - Job 107: Subtask stg_to_ods
[2024-02-25T11:12:15.520+0000] {task_command.py:410} INFO - Running <TaskInstance: load_data_from_csv.stg_to_ods manual__2024-02-25T11:10:41.000099+00:00 [running]> on host 44b084e90875
[2024-02-25T11:12:15.615+0000] {taskinstance.py:1547} INFO - Exporting env vars: AIRFLOW_CTX_DAG_OWNER='***' AIRFLOW_CTX_DAG_ID='load_data_from_csv' AIRFLOW_CTX_TASK_ID='stg_to_ods' AIRFLOW_CTX_EXECUTION_DATE='2024-02-25T11:10:41.000099+00:00' AIRFLOW_CTX_TRY_NUMBER='2' AIRFLOW_CTX_DAG_RUN_ID='manual__2024-02-25T11:10:41.000099+00:00'
[2024-02-25T11:12:15.775+0000] {log.py:232} WARNING - 2024-02-25 11:12:15,775 INFO sqlalchemy.engine.Engine select pg_catalog.version()
[2024-02-25T11:12:15.775+0000] {log.py:128} INFO - select pg_catalog.version()
[2024-02-25T11:12:15.780+0000] {log.py:232} WARNING - 2024-02-25 11:12:15,779 INFO sqlalchemy.engine.Engine [raw sql] {}
[2024-02-25T11:12:15.779+0000] {log.py:128} INFO - [raw sql] {}
[2024-02-25T11:12:15.809+0000] {log.py:232} WARNING - 2024-02-25 11:12:15,808 INFO sqlalchemy.engine.Engine select current_schema()
[2024-02-25T11:12:15.808+0000] {log.py:128} INFO - select current_schema()
[2024-02-25T11:12:15.814+0000] {log.py:232} WARNING - 2024-02-25 11:12:15,814 INFO sqlalchemy.engine.Engine [raw sql] {}
[2024-02-25T11:12:15.814+0000] {log.py:128} INFO - [raw sql] {}
[2024-02-25T11:12:15.842+0000] {log.py:232} WARNING - 2024-02-25 11:12:15,842 INFO sqlalchemy.engine.Engine show standard_conforming_strings
[2024-02-25T11:12:15.842+0000] {log.py:128} INFO - show standard_conforming_strings
[2024-02-25T11:12:15.845+0000] {log.py:232} WARNING - 2024-02-25 11:12:15,845 INFO sqlalchemy.engine.Engine [raw sql] {}
[2024-02-25T11:12:15.845+0000] {log.py:128} INFO - [raw sql] {}
[2024-02-25T11:12:15.874+0000] {log.py:232} WARNING - 2024-02-25 11:12:15,873 INFO sqlalchemy.engine.Engine SELECT ods.load_fraud_full();
[2024-02-25T11:12:15.873+0000] {log.py:128} INFO - SELECT ods.load_fraud_full();
[2024-02-25T11:12:15.876+0000] {log.py:232} WARNING - 2024-02-25 11:12:15,876 INFO sqlalchemy.engine.Engine [raw sql] {}
[2024-02-25T11:12:15.876+0000] {log.py:128} INFO - [raw sql] {}
[2024-02-25T11:12:15.954+0000] {python.py:183} INFO - Done. Returned value was: None
[2024-02-25T11:12:15.968+0000] {taskinstance.py:1350} INFO - Marking task as SUCCESS. dag_id=load_data_from_csv, task_id=stg_to_ods, execution_date=20240225T111041, start_date=20240225T111215, end_date=20240225T111215
[2024-02-25T11:12:16.013+0000] {local_task_job_runner.py:225} INFO - Task exited with return code 0
[2024-02-25T11:12:16.044+0000] {taskinstance.py:2653} INFO - 0 downstream tasks scheduled from follow-on schedule check
