[2023-07-19T18:42:17.491+0000] {processor.py:157} INFO - Started process (PID=34) to work on /opt/airflow/dags/python_scripts/config.py
[2023-07-19T18:42:17.493+0000] {processor.py:826} INFO - Processing file /opt/airflow/dags/python_scripts/config.py for tasks to queue
[2023-07-19T18:42:17.496+0000] {logging_mixin.py:150} INFO - [2023-07-19T18:42:17.495+0000] {dagbag.py:541} INFO - Filling up the DagBag from /opt/airflow/dags/python_scripts/config.py
[2023-07-19T18:42:17.523+0000] {processor.py:838} WARNING - No viable dags retrieved from /opt/airflow/dags/python_scripts/config.py
[2023-07-19T18:42:17.559+0000] {processor.py:179} INFO - Processing /opt/airflow/dags/python_scripts/config.py took 0.072 seconds
[2023-07-19T18:42:47.728+0000] {processor.py:157} INFO - Started process (PID=94) to work on /opt/airflow/dags/python_scripts/config.py
[2023-07-19T18:42:47.753+0000] {processor.py:826} INFO - Processing file /opt/airflow/dags/python_scripts/config.py for tasks to queue
[2023-07-19T18:42:47.757+0000] {logging_mixin.py:150} INFO - [2023-07-19T18:42:47.756+0000] {dagbag.py:541} INFO - Filling up the DagBag from /opt/airflow/dags/python_scripts/config.py
[2023-07-19T18:42:47.779+0000] {processor.py:838} WARNING - No viable dags retrieved from /opt/airflow/dags/python_scripts/config.py
[2023-07-19T18:42:47.822+0000] {processor.py:179} INFO - Processing /opt/airflow/dags/python_scripts/config.py took 0.101 seconds
[2023-07-19T18:43:18.089+0000] {processor.py:157} INFO - Started process (PID=153) to work on /opt/airflow/dags/python_scripts/config.py
[2023-07-19T18:43:18.093+0000] {processor.py:826} INFO - Processing file /opt/airflow/dags/python_scripts/config.py for tasks to queue
[2023-07-19T18:43:18.097+0000] {logging_mixin.py:150} INFO - [2023-07-19T18:43:18.096+0000] {dagbag.py:541} INFO - Filling up the DagBag from /opt/airflow/dags/python_scripts/config.py
[2023-07-19T18:43:18.111+0000] {processor.py:838} WARNING - No viable dags retrieved from /opt/airflow/dags/python_scripts/config.py
[2023-07-19T18:43:18.151+0000] {processor.py:179} INFO - Processing /opt/airflow/dags/python_scripts/config.py took 0.075 seconds
[2023-07-19T18:43:48.556+0000] {processor.py:157} INFO - Started process (PID=212) to work on /opt/airflow/dags/python_scripts/config.py
[2023-07-19T18:43:48.561+0000] {processor.py:826} INFO - Processing file /opt/airflow/dags/python_scripts/config.py for tasks to queue
[2023-07-19T18:43:48.564+0000] {logging_mixin.py:150} INFO - [2023-07-19T18:43:48.563+0000] {dagbag.py:541} INFO - Filling up the DagBag from /opt/airflow/dags/python_scripts/config.py
[2023-07-19T18:43:48.578+0000] {processor.py:838} WARNING - No viable dags retrieved from /opt/airflow/dags/python_scripts/config.py
[2023-07-19T18:43:48.610+0000] {processor.py:179} INFO - Processing /opt/airflow/dags/python_scripts/config.py took 0.072 seconds
[2023-07-19T18:44:19.407+0000] {processor.py:157} INFO - Started process (PID=270) to work on /opt/airflow/dags/python_scripts/config.py
[2023-07-19T18:44:19.439+0000] {processor.py:826} INFO - Processing file /opt/airflow/dags/python_scripts/config.py for tasks to queue
[2023-07-19T18:44:19.449+0000] {logging_mixin.py:150} INFO - [2023-07-19T18:44:19.448+0000] {dagbag.py:541} INFO - Filling up the DagBag from /opt/airflow/dags/python_scripts/config.py
[2023-07-19T18:44:19.478+0000] {processor.py:838} WARNING - No viable dags retrieved from /opt/airflow/dags/python_scripts/config.py
[2023-07-19T18:44:19.602+0000] {processor.py:179} INFO - Processing /opt/airflow/dags/python_scripts/config.py took 0.227 seconds
[2023-07-19T18:44:49.905+0000] {processor.py:157} INFO - Started process (PID=329) to work on /opt/airflow/dags/python_scripts/config.py
[2023-07-19T18:44:49.928+0000] {processor.py:826} INFO - Processing file /opt/airflow/dags/python_scripts/config.py for tasks to queue
[2023-07-19T18:44:49.934+0000] {logging_mixin.py:150} INFO - [2023-07-19T18:44:49.933+0000] {dagbag.py:541} INFO - Filling up the DagBag from /opt/airflow/dags/python_scripts/config.py
[2023-07-19T18:44:50.000+0000] {processor.py:838} WARNING - No viable dags retrieved from /opt/airflow/dags/python_scripts/config.py
[2023-07-19T18:44:50.186+0000] {processor.py:179} INFO - Processing /opt/airflow/dags/python_scripts/config.py took 0.298 seconds
[2023-07-19T18:45:20.381+0000] {processor.py:157} INFO - Started process (PID=387) to work on /opt/airflow/dags/python_scripts/config.py
[2023-07-19T18:45:20.385+0000] {processor.py:826} INFO - Processing file /opt/airflow/dags/python_scripts/config.py for tasks to queue
[2023-07-19T18:45:20.388+0000] {logging_mixin.py:150} INFO - [2023-07-19T18:45:20.387+0000] {dagbag.py:541} INFO - Filling up the DagBag from /opt/airflow/dags/python_scripts/config.py
[2023-07-19T18:45:20.406+0000] {processor.py:838} WARNING - No viable dags retrieved from /opt/airflow/dags/python_scripts/config.py
[2023-07-19T18:45:20.475+0000] {processor.py:179} INFO - Processing /opt/airflow/dags/python_scripts/config.py took 0.115 seconds
[2023-07-19T18:45:51.033+0000] {processor.py:157} INFO - Started process (PID=447) to work on /opt/airflow/dags/python_scripts/config.py
[2023-07-19T18:45:51.039+0000] {processor.py:826} INFO - Processing file /opt/airflow/dags/python_scripts/config.py for tasks to queue
[2023-07-19T18:45:51.042+0000] {logging_mixin.py:150} INFO - [2023-07-19T18:45:51.042+0000] {dagbag.py:541} INFO - Filling up the DagBag from /opt/airflow/dags/python_scripts/config.py
[2023-07-19T18:45:51.055+0000] {processor.py:838} WARNING - No viable dags retrieved from /opt/airflow/dags/python_scripts/config.py
[2023-07-19T18:45:51.074+0000] {processor.py:179} INFO - Processing /opt/airflow/dags/python_scripts/config.py took 0.047 seconds
[2023-07-19T18:46:21.560+0000] {processor.py:157} INFO - Started process (PID=506) to work on /opt/airflow/dags/python_scripts/config.py
[2023-07-19T18:46:21.573+0000] {processor.py:826} INFO - Processing file /opt/airflow/dags/python_scripts/config.py for tasks to queue
[2023-07-19T18:46:21.582+0000] {logging_mixin.py:150} INFO - [2023-07-19T18:46:21.580+0000] {dagbag.py:541} INFO - Filling up the DagBag from /opt/airflow/dags/python_scripts/config.py
[2023-07-19T18:46:21.623+0000] {processor.py:838} WARNING - No viable dags retrieved from /opt/airflow/dags/python_scripts/config.py
[2023-07-19T18:46:21.692+0000] {processor.py:179} INFO - Processing /opt/airflow/dags/python_scripts/config.py took 0.139 seconds
[2023-07-19T18:46:53.022+0000] {processor.py:157} INFO - Started process (PID=565) to work on /opt/airflow/dags/python_scripts/config.py
[2023-07-19T18:46:53.164+0000] {processor.py:826} INFO - Processing file /opt/airflow/dags/python_scripts/config.py for tasks to queue
[2023-07-19T18:46:53.189+0000] {logging_mixin.py:150} INFO - [2023-07-19T18:46:53.187+0000] {dagbag.py:541} INFO - Filling up the DagBag from /opt/airflow/dags/python_scripts/config.py
[2023-07-19T18:46:53.497+0000] {processor.py:838} WARNING - No viable dags retrieved from /opt/airflow/dags/python_scripts/config.py
[2023-07-19T18:46:53.640+0000] {processor.py:179} INFO - Processing /opt/airflow/dags/python_scripts/config.py took 0.871 seconds
[2023-07-19T18:47:24.560+0000] {processor.py:157} INFO - Started process (PID=624) to work on /opt/airflow/dags/python_scripts/config.py
[2023-07-19T18:47:24.571+0000] {processor.py:826} INFO - Processing file /opt/airflow/dags/python_scripts/config.py for tasks to queue
[2023-07-19T18:47:24.581+0000] {logging_mixin.py:150} INFO - [2023-07-19T18:47:24.580+0000] {dagbag.py:541} INFO - Filling up the DagBag from /opt/airflow/dags/python_scripts/config.py
[2023-07-19T18:47:24.620+0000] {processor.py:838} WARNING - No viable dags retrieved from /opt/airflow/dags/python_scripts/config.py
[2023-07-19T18:47:24.689+0000] {processor.py:179} INFO - Processing /opt/airflow/dags/python_scripts/config.py took 0.164 seconds
[2023-07-19T18:47:55.544+0000] {processor.py:157} INFO - Started process (PID=683) to work on /opt/airflow/dags/python_scripts/config.py
[2023-07-19T18:47:55.562+0000] {processor.py:826} INFO - Processing file /opt/airflow/dags/python_scripts/config.py for tasks to queue
[2023-07-19T18:47:55.588+0000] {logging_mixin.py:150} INFO - [2023-07-19T18:47:55.587+0000] {dagbag.py:541} INFO - Filling up the DagBag from /opt/airflow/dags/python_scripts/config.py
[2023-07-19T18:47:55.668+0000] {processor.py:838} WARNING - No viable dags retrieved from /opt/airflow/dags/python_scripts/config.py
[2023-07-19T18:47:55.790+0000] {processor.py:179} INFO - Processing /opt/airflow/dags/python_scripts/config.py took 0.303 seconds
[2023-07-19T18:48:26.674+0000] {processor.py:157} INFO - Started process (PID=742) to work on /opt/airflow/dags/python_scripts/config.py
[2023-07-19T18:48:26.688+0000] {processor.py:826} INFO - Processing file /opt/airflow/dags/python_scripts/config.py for tasks to queue
[2023-07-19T18:48:26.696+0000] {logging_mixin.py:150} INFO - [2023-07-19T18:48:26.695+0000] {dagbag.py:541} INFO - Filling up the DagBag from /opt/airflow/dags/python_scripts/config.py
[2023-07-19T18:48:26.747+0000] {processor.py:838} WARNING - No viable dags retrieved from /opt/airflow/dags/python_scripts/config.py
[2023-07-19T18:48:26.858+0000] {processor.py:179} INFO - Processing /opt/airflow/dags/python_scripts/config.py took 0.210 seconds
[2023-07-19T18:48:57.321+0000] {processor.py:157} INFO - Started process (PID=802) to work on /opt/airflow/dags/python_scripts/config.py
[2023-07-19T18:48:57.330+0000] {processor.py:826} INFO - Processing file /opt/airflow/dags/python_scripts/config.py for tasks to queue
[2023-07-19T18:48:57.340+0000] {logging_mixin.py:150} INFO - [2023-07-19T18:48:57.338+0000] {dagbag.py:541} INFO - Filling up the DagBag from /opt/airflow/dags/python_scripts/config.py
[2023-07-19T18:48:57.398+0000] {processor.py:838} WARNING - No viable dags retrieved from /opt/airflow/dags/python_scripts/config.py
[2023-07-19T18:48:57.546+0000] {processor.py:179} INFO - Processing /opt/airflow/dags/python_scripts/config.py took 0.280 seconds
[2023-07-19T18:49:28.359+0000] {processor.py:157} INFO - Started process (PID=861) to work on /opt/airflow/dags/python_scripts/config.py
[2023-07-19T18:49:28.362+0000] {processor.py:826} INFO - Processing file /opt/airflow/dags/python_scripts/config.py for tasks to queue
[2023-07-19T18:49:28.366+0000] {logging_mixin.py:150} INFO - [2023-07-19T18:49:28.365+0000] {dagbag.py:541} INFO - Filling up the DagBag from /opt/airflow/dags/python_scripts/config.py
[2023-07-19T18:49:28.381+0000] {processor.py:838} WARNING - No viable dags retrieved from /opt/airflow/dags/python_scripts/config.py
[2023-07-19T18:49:28.415+0000] {processor.py:179} INFO - Processing /opt/airflow/dags/python_scripts/config.py took 0.062 seconds
[2023-07-19T18:49:59.082+0000] {processor.py:157} INFO - Started process (PID=920) to work on /opt/airflow/dags/python_scripts/config.py
[2023-07-19T18:49:59.086+0000] {processor.py:826} INFO - Processing file /opt/airflow/dags/python_scripts/config.py for tasks to queue
[2023-07-19T18:49:59.090+0000] {logging_mixin.py:150} INFO - [2023-07-19T18:49:59.089+0000] {dagbag.py:541} INFO - Filling up the DagBag from /opt/airflow/dags/python_scripts/config.py
[2023-07-19T18:49:59.098+0000] {processor.py:838} WARNING - No viable dags retrieved from /opt/airflow/dags/python_scripts/config.py
[2023-07-19T18:49:59.119+0000] {processor.py:179} INFO - Processing /opt/airflow/dags/python_scripts/config.py took 0.042 seconds
[2023-07-19T18:50:29.968+0000] {processor.py:157} INFO - Started process (PID=979) to work on /opt/airflow/dags/python_scripts/config.py
[2023-07-19T18:50:29.973+0000] {processor.py:826} INFO - Processing file /opt/airflow/dags/python_scripts/config.py for tasks to queue
[2023-07-19T18:50:29.976+0000] {logging_mixin.py:150} INFO - [2023-07-19T18:50:29.975+0000] {dagbag.py:541} INFO - Filling up the DagBag from /opt/airflow/dags/python_scripts/config.py
[2023-07-19T18:50:29.992+0000] {processor.py:838} WARNING - No viable dags retrieved from /opt/airflow/dags/python_scripts/config.py
[2023-07-19T18:50:30.081+0000] {processor.py:179} INFO - Processing /opt/airflow/dags/python_scripts/config.py took 0.120 seconds
[2023-07-19T18:51:01.876+0000] {processor.py:157} INFO - Started process (PID=1033) to work on /opt/airflow/dags/python_scripts/config.py
[2023-07-19T18:51:02.099+0000] {processor.py:826} INFO - Processing file /opt/airflow/dags/python_scripts/config.py for tasks to queue
[2023-07-19T18:51:02.141+0000] {logging_mixin.py:150} INFO - [2023-07-19T18:51:02.136+0000] {dagbag.py:541} INFO - Filling up the DagBag from /opt/airflow/dags/python_scripts/config.py
[2023-07-19T18:51:02.239+0000] {processor.py:838} WARNING - No viable dags retrieved from /opt/airflow/dags/python_scripts/config.py
[2023-07-19T18:51:02.670+0000] {processor.py:179} INFO - Processing /opt/airflow/dags/python_scripts/config.py took 1.037 seconds
[2023-07-19T18:51:32.972+0000] {processor.py:157} INFO - Started process (PID=1093) to work on /opt/airflow/dags/python_scripts/config.py
[2023-07-19T18:51:32.976+0000] {processor.py:826} INFO - Processing file /opt/airflow/dags/python_scripts/config.py for tasks to queue
[2023-07-19T18:51:32.979+0000] {logging_mixin.py:150} INFO - [2023-07-19T18:51:32.979+0000] {dagbag.py:541} INFO - Filling up the DagBag from /opt/airflow/dags/python_scripts/config.py
[2023-07-19T18:51:32.994+0000] {processor.py:838} WARNING - No viable dags retrieved from /opt/airflow/dags/python_scripts/config.py
[2023-07-19T18:51:33.022+0000] {processor.py:179} INFO - Processing /opt/airflow/dags/python_scripts/config.py took 0.055 seconds
[2023-07-19T18:52:03.135+0000] {processor.py:157} INFO - Started process (PID=1152) to work on /opt/airflow/dags/python_scripts/config.py
[2023-07-19T18:52:03.142+0000] {processor.py:826} INFO - Processing file /opt/airflow/dags/python_scripts/config.py for tasks to queue
[2023-07-19T18:52:03.147+0000] {logging_mixin.py:150} INFO - [2023-07-19T18:52:03.146+0000] {dagbag.py:541} INFO - Filling up the DagBag from /opt/airflow/dags/python_scripts/config.py
[2023-07-19T18:52:03.174+0000] {processor.py:838} WARNING - No viable dags retrieved from /opt/airflow/dags/python_scripts/config.py
[2023-07-19T18:52:03.219+0000] {processor.py:179} INFO - Processing /opt/airflow/dags/python_scripts/config.py took 0.087 seconds
[2023-07-19T18:52:33.522+0000] {processor.py:157} INFO - Started process (PID=1212) to work on /opt/airflow/dags/python_scripts/config.py
[2023-07-19T18:52:33.545+0000] {processor.py:826} INFO - Processing file /opt/airflow/dags/python_scripts/config.py for tasks to queue
[2023-07-19T18:52:33.552+0000] {logging_mixin.py:150} INFO - [2023-07-19T18:52:33.551+0000] {dagbag.py:541} INFO - Filling up the DagBag from /opt/airflow/dags/python_scripts/config.py
[2023-07-19T18:52:33.576+0000] {processor.py:838} WARNING - No viable dags retrieved from /opt/airflow/dags/python_scripts/config.py
[2023-07-19T18:52:33.639+0000] {processor.py:179} INFO - Processing /opt/airflow/dags/python_scripts/config.py took 0.130 seconds
[2023-07-19T18:53:04.706+0000] {processor.py:157} INFO - Started process (PID=1271) to work on /opt/airflow/dags/python_scripts/config.py
[2023-07-19T18:53:04.715+0000] {processor.py:826} INFO - Processing file /opt/airflow/dags/python_scripts/config.py for tasks to queue
[2023-07-19T18:53:04.718+0000] {logging_mixin.py:150} INFO - [2023-07-19T18:53:04.718+0000] {dagbag.py:541} INFO - Filling up the DagBag from /opt/airflow/dags/python_scripts/config.py
[2023-07-19T18:53:04.738+0000] {processor.py:838} WARNING - No viable dags retrieved from /opt/airflow/dags/python_scripts/config.py
[2023-07-19T18:53:04.784+0000] {processor.py:179} INFO - Processing /opt/airflow/dags/python_scripts/config.py took 0.097 seconds
[2023-07-19T18:53:36.564+0000] {processor.py:157} INFO - Started process (PID=1330) to work on /opt/airflow/dags/python_scripts/config.py
[2023-07-19T18:53:36.585+0000] {processor.py:826} INFO - Processing file /opt/airflow/dags/python_scripts/config.py for tasks to queue
[2023-07-19T18:53:36.600+0000] {logging_mixin.py:150} INFO - [2023-07-19T18:53:36.599+0000] {dagbag.py:541} INFO - Filling up the DagBag from /opt/airflow/dags/python_scripts/config.py
[2023-07-19T18:53:36.712+0000] {processor.py:838} WARNING - No viable dags retrieved from /opt/airflow/dags/python_scripts/config.py
[2023-07-19T18:53:37.016+0000] {processor.py:179} INFO - Processing /opt/airflow/dags/python_scripts/config.py took 0.476 seconds
[2023-07-19T18:54:07.466+0000] {processor.py:157} INFO - Started process (PID=1388) to work on /opt/airflow/dags/python_scripts/config.py
[2023-07-19T18:54:07.483+0000] {processor.py:826} INFO - Processing file /opt/airflow/dags/python_scripts/config.py for tasks to queue
[2023-07-19T18:54:07.491+0000] {logging_mixin.py:150} INFO - [2023-07-19T18:54:07.486+0000] {dagbag.py:541} INFO - Filling up the DagBag from /opt/airflow/dags/python_scripts/config.py
[2023-07-19T18:54:07.540+0000] {processor.py:838} WARNING - No viable dags retrieved from /opt/airflow/dags/python_scripts/config.py
[2023-07-19T18:54:07.615+0000] {processor.py:179} INFO - Processing /opt/airflow/dags/python_scripts/config.py took 0.158 seconds
