[2024-02-25T11:12:08.565+0000] {taskinstance.py:1103} INFO - Dependencies all met for dep_context=non-requeueable deps ti=<TaskInstance: load_data_from_csv.stg_to_ods scheduled__2024-02-25T11:11:00+00:00 [queued]>
[2024-02-25T11:12:08.573+0000] {taskinstance.py:1103} INFO - Dependencies all met for dep_context=requeueable deps ti=<TaskInstance: load_data_from_csv.stg_to_ods scheduled__2024-02-25T11:11:00+00:00 [queued]>
[2024-02-25T11:12:08.574+0000] {taskinstance.py:1308} INFO - Starting attempt 1 of 1
[2024-02-25T11:12:08.584+0000] {taskinstance.py:1327} INFO - Executing <Task(PythonOperator): stg_to_ods> on 2024-02-25 11:11:00+00:00
[2024-02-25T11:12:08.593+0000] {standard_task_runner.py:57} INFO - Started process 729 to run task
[2024-02-25T11:12:08.598+0000] {standard_task_runner.py:84} INFO - Running: ['***', 'tasks', 'run', 'load_data_from_csv', 'stg_to_ods', 'scheduled__2024-02-25T11:11:00+00:00', '--job-id', '104', '--raw', '--subdir', 'DAGS_FOLDER/dag_raw_to_dds.py', '--cfg-path', '/tmp/tmpm02w1lae']
[2024-02-25T11:12:08.600+0000] {standard_task_runner.py:85} INFO - Job 104: Subtask stg_to_ods
[2024-02-25T11:12:08.659+0000] {task_command.py:410} INFO - Running <TaskInstance: load_data_from_csv.stg_to_ods scheduled__2024-02-25T11:11:00+00:00 [running]> on host 44b084e90875
[2024-02-25T11:12:08.747+0000] {taskinstance.py:1547} INFO - Exporting env vars: AIRFLOW_CTX_DAG_OWNER='***' AIRFLOW_CTX_DAG_ID='load_data_from_csv' AIRFLOW_CTX_TASK_ID='stg_to_ods' AIRFLOW_CTX_EXECUTION_DATE='2024-02-25T11:11:00+00:00' AIRFLOW_CTX_TRY_NUMBER='1' AIRFLOW_CTX_DAG_RUN_ID='scheduled__2024-02-25T11:11:00+00:00'
[2024-02-25T11:12:08.883+0000] {log.py:232} WARNING - 2024-02-25 11:12:08,883 INFO sqlalchemy.engine.Engine select pg_catalog.version()
[2024-02-25T11:12:08.883+0000] {log.py:128} INFO - select pg_catalog.version()
[2024-02-25T11:12:08.890+0000] {log.py:232} WARNING - 2024-02-25 11:12:08,889 INFO sqlalchemy.engine.Engine [raw sql] {}
[2024-02-25T11:12:08.889+0000] {log.py:128} INFO - [raw sql] {}
[2024-02-25T11:12:08.918+0000] {log.py:232} WARNING - 2024-02-25 11:12:08,918 INFO sqlalchemy.engine.Engine select current_schema()
[2024-02-25T11:12:08.918+0000] {log.py:128} INFO - select current_schema()
[2024-02-25T11:12:08.921+0000] {log.py:232} WARNING - 2024-02-25 11:12:08,921 INFO sqlalchemy.engine.Engine [raw sql] {}
[2024-02-25T11:12:08.921+0000] {log.py:128} INFO - [raw sql] {}
[2024-02-25T11:12:08.946+0000] {log.py:232} WARNING - 2024-02-25 11:12:08,946 INFO sqlalchemy.engine.Engine show standard_conforming_strings
[2024-02-25T11:12:08.946+0000] {log.py:128} INFO - show standard_conforming_strings
[2024-02-25T11:12:08.948+0000] {log.py:232} WARNING - 2024-02-25 11:12:08,948 INFO sqlalchemy.engine.Engine [raw sql] {}
[2024-02-25T11:12:08.948+0000] {log.py:128} INFO - [raw sql] {}
[2024-02-25T11:12:08.974+0000] {log.py:232} WARNING - 2024-02-25 11:12:08,974 INFO sqlalchemy.engine.Engine SELECT ods.load_fraud_full();
[2024-02-25T11:12:08.974+0000] {log.py:128} INFO - SELECT ods.load_fraud_full();
[2024-02-25T11:12:08.976+0000] {log.py:232} WARNING - 2024-02-25 11:12:08,976 INFO sqlalchemy.engine.Engine [raw sql] {}
[2024-02-25T11:12:08.976+0000] {log.py:128} INFO - [raw sql] {}
[2024-02-25T11:12:09.049+0000] {python.py:183} INFO - Done. Returned value was: None
[2024-02-25T11:12:09.073+0000] {taskinstance.py:1350} INFO - Marking task as SUCCESS. dag_id=load_data_from_csv, task_id=stg_to_ods, execution_date=20240225T111100, start_date=20240225T111208, end_date=20240225T111209
[2024-02-25T11:12:09.139+0000] {local_task_job_runner.py:225} INFO - Task exited with return code 0
[2024-02-25T11:12:09.166+0000] {taskinstance.py:2653} INFO - 2 downstream tasks scheduled from follow-on schedule check
