[2024-02-25T11:16:13.484+0000] {taskinstance.py:1103} INFO - Dependencies all met for dep_context=non-requeueable deps ti=<TaskInstance: load_data_from_csv.stg_to_ods scheduled__2024-02-25T11:15:00+00:00 [queued]>
[2024-02-25T11:16:13.493+0000] {taskinstance.py:1103} INFO - Dependencies all met for dep_context=requeueable deps ti=<TaskInstance: load_data_from_csv.stg_to_ods scheduled__2024-02-25T11:15:00+00:00 [queued]>
[2024-02-25T11:16:13.495+0000] {taskinstance.py:1308} INFO - Starting attempt 1 of 1
[2024-02-25T11:16:13.507+0000] {taskinstance.py:1327} INFO - Executing <Task(PythonOperator): stg_to_ods> on 2024-02-25 11:15:00+00:00
[2024-02-25T11:16:13.516+0000] {standard_task_runner.py:57} INFO - Started process 863 to run task
[2024-02-25T11:16:13.522+0000] {standard_task_runner.py:84} INFO - Running: ['***', 'tasks', 'run', 'load_data_from_csv', 'stg_to_ods', 'scheduled__2024-02-25T11:15:00+00:00', '--job-id', '125', '--raw', '--subdir', 'DAGS_FOLDER/dag_raw_to_dds.py', '--cfg-path', '/tmp/tmpx3hhvsci']
[2024-02-25T11:16:13.524+0000] {standard_task_runner.py:85} INFO - Job 125: Subtask stg_to_ods
[2024-02-25T11:16:13.584+0000] {task_command.py:410} INFO - Running <TaskInstance: load_data_from_csv.stg_to_ods scheduled__2024-02-25T11:15:00+00:00 [running]> on host 44b084e90875
[2024-02-25T11:16:13.696+0000] {taskinstance.py:1547} INFO - Exporting env vars: AIRFLOW_CTX_DAG_OWNER='***' AIRFLOW_CTX_DAG_ID='load_data_from_csv' AIRFLOW_CTX_TASK_ID='stg_to_ods' AIRFLOW_CTX_EXECUTION_DATE='2024-02-25T11:15:00+00:00' AIRFLOW_CTX_TRY_NUMBER='1' AIRFLOW_CTX_DAG_RUN_ID='scheduled__2024-02-25T11:15:00+00:00'
[2024-02-25T11:16:13.701+0000] {logging_mixin.py:150} INFO - priver_hello
[2024-02-25T11:16:13.841+0000] {log.py:232} WARNING - 2024-02-25 11:16:13,840 INFO sqlalchemy.engine.Engine select pg_catalog.version()
[2024-02-25T11:16:13.840+0000] {log.py:128} INFO - select pg_catalog.version()
[2024-02-25T11:16:13.844+0000] {log.py:232} WARNING - 2024-02-25 11:16:13,844 INFO sqlalchemy.engine.Engine [raw sql] {}
[2024-02-25T11:16:13.844+0000] {log.py:128} INFO - [raw sql] {}
[2024-02-25T11:16:13.870+0000] {log.py:232} WARNING - 2024-02-25 11:16:13,870 INFO sqlalchemy.engine.Engine select current_schema()
[2024-02-25T11:16:13.870+0000] {log.py:128} INFO - select current_schema()
[2024-02-25T11:16:13.876+0000] {log.py:232} WARNING - 2024-02-25 11:16:13,876 INFO sqlalchemy.engine.Engine [raw sql] {}
[2024-02-25T11:16:13.876+0000] {log.py:128} INFO - [raw sql] {}
[2024-02-25T11:16:13.902+0000] {log.py:232} WARNING - 2024-02-25 11:16:13,902 INFO sqlalchemy.engine.Engine show standard_conforming_strings
[2024-02-25T11:16:13.902+0000] {log.py:128} INFO - show standard_conforming_strings
[2024-02-25T11:16:13.906+0000] {log.py:232} WARNING - 2024-02-25 11:16:13,906 INFO sqlalchemy.engine.Engine [raw sql] {}
[2024-02-25T11:16:13.906+0000] {log.py:128} INFO - [raw sql] {}
[2024-02-25T11:16:13.933+0000] {log.py:232} WARNING - 2024-02-25 11:16:13,933 INFO sqlalchemy.engine.Engine SELECT ods.load_fraud_full();
[2024-02-25T11:16:13.933+0000] {log.py:128} INFO - SELECT ods.load_fraud_full();
[2024-02-25T11:16:13.936+0000] {log.py:232} WARNING - 2024-02-25 11:16:13,936 INFO sqlalchemy.engine.Engine [raw sql] {}
[2024-02-25T11:16:13.936+0000] {log.py:128} INFO - [raw sql] {}
[2024-02-25T11:16:14.014+0000] {logging_mixin.py:150} INFO - priver_hello_2
[2024-02-25T11:16:14.015+0000] {python.py:183} INFO - Done. Returned value was: None
[2024-02-25T11:16:14.031+0000] {taskinstance.py:1350} INFO - Marking task as SUCCESS. dag_id=load_data_from_csv, task_id=stg_to_ods, execution_date=20240225T111500, start_date=20240225T111613, end_date=20240225T111614
[2024-02-25T11:16:14.063+0000] {local_task_job_runner.py:225} INFO - Task exited with return code 0
[2024-02-25T11:16:14.118+0000] {taskinstance.py:2653} INFO - 2 downstream tasks scheduled from follow-on schedule check
