[2024-02-25T11:15:12.842+0000] {taskinstance.py:1103} INFO - Dependencies all met for dep_context=non-requeueable deps ti=<TaskInstance: load_data_from_csv.stg_to_ods scheduled__2024-02-25T11:14:00+00:00 [queued]>
[2024-02-25T11:15:12.852+0000] {taskinstance.py:1103} INFO - Dependencies all met for dep_context=requeueable deps ti=<TaskInstance: load_data_from_csv.stg_to_ods scheduled__2024-02-25T11:14:00+00:00 [queued]>
[2024-02-25T11:15:12.853+0000] {taskinstance.py:1308} INFO - Starting attempt 1 of 1
[2024-02-25T11:15:12.871+0000] {taskinstance.py:1327} INFO - Executing <Task(PythonOperator): stg_to_ods> on 2024-02-25 11:14:00+00:00
[2024-02-25T11:15:12.883+0000] {standard_task_runner.py:57} INFO - Started process 834 to run task
[2024-02-25T11:15:12.889+0000] {standard_task_runner.py:84} INFO - Running: ['***', 'tasks', 'run', 'load_data_from_csv', 'stg_to_ods', 'scheduled__2024-02-25T11:14:00+00:00', '--job-id', '121', '--raw', '--subdir', 'DAGS_FOLDER/dag_raw_to_dds.py', '--cfg-path', '/tmp/tmp8hfab85c']
[2024-02-25T11:15:12.893+0000] {standard_task_runner.py:85} INFO - Job 121: Subtask stg_to_ods
[2024-02-25T11:15:12.948+0000] {task_command.py:410} INFO - Running <TaskInstance: load_data_from_csv.stg_to_ods scheduled__2024-02-25T11:14:00+00:00 [running]> on host 44b084e90875
[2024-02-25T11:15:13.024+0000] {taskinstance.py:1547} INFO - Exporting env vars: AIRFLOW_CTX_DAG_OWNER='***' AIRFLOW_CTX_DAG_ID='load_data_from_csv' AIRFLOW_CTX_TASK_ID='stg_to_ods' AIRFLOW_CTX_EXECUTION_DATE='2024-02-25T11:14:00+00:00' AIRFLOW_CTX_TRY_NUMBER='1' AIRFLOW_CTX_DAG_RUN_ID='scheduled__2024-02-25T11:14:00+00:00'
[2024-02-25T11:15:13.028+0000] {logging_mixin.py:150} INFO - priver_hello
[2024-02-25T11:15:13.162+0000] {log.py:232} WARNING - 2024-02-25 11:15:13,162 INFO sqlalchemy.engine.Engine select pg_catalog.version()
[2024-02-25T11:15:13.162+0000] {log.py:128} INFO - select pg_catalog.version()
[2024-02-25T11:15:13.166+0000] {log.py:232} WARNING - 2024-02-25 11:15:13,166 INFO sqlalchemy.engine.Engine [raw sql] {}
[2024-02-25T11:15:13.166+0000] {log.py:128} INFO - [raw sql] {}
[2024-02-25T11:15:13.191+0000] {log.py:232} WARNING - 2024-02-25 11:15:13,191 INFO sqlalchemy.engine.Engine select current_schema()
[2024-02-25T11:15:13.191+0000] {log.py:128} INFO - select current_schema()
[2024-02-25T11:15:13.194+0000] {log.py:232} WARNING - 2024-02-25 11:15:13,194 INFO sqlalchemy.engine.Engine [raw sql] {}
[2024-02-25T11:15:13.194+0000] {log.py:128} INFO - [raw sql] {}
[2024-02-25T11:15:13.219+0000] {log.py:232} WARNING - 2024-02-25 11:15:13,219 INFO sqlalchemy.engine.Engine show standard_conforming_strings
[2024-02-25T11:15:13.219+0000] {log.py:128} INFO - show standard_conforming_strings
[2024-02-25T11:15:13.221+0000] {log.py:232} WARNING - 2024-02-25 11:15:13,221 INFO sqlalchemy.engine.Engine [raw sql] {}
[2024-02-25T11:15:13.221+0000] {log.py:128} INFO - [raw sql] {}
[2024-02-25T11:15:13.247+0000] {log.py:232} WARNING - 2024-02-25 11:15:13,247 INFO sqlalchemy.engine.Engine SELECT ods.load_fraud_full();
[2024-02-25T11:15:13.247+0000] {log.py:128} INFO - SELECT ods.load_fraud_full();
[2024-02-25T11:15:13.249+0000] {log.py:232} WARNING - 2024-02-25 11:15:13,249 INFO sqlalchemy.engine.Engine [raw sql] {}
[2024-02-25T11:15:13.249+0000] {log.py:128} INFO - [raw sql] {}
[2024-02-25T11:15:13.328+0000] {logging_mixin.py:150} INFO - priver_hello_2
[2024-02-25T11:15:13.329+0000] {python.py:183} INFO - Done. Returned value was: None
[2024-02-25T11:15:13.342+0000] {taskinstance.py:1350} INFO - Marking task as SUCCESS. dag_id=load_data_from_csv, task_id=stg_to_ods, execution_date=20240225T111400, start_date=20240225T111512, end_date=20240225T111513
[2024-02-25T11:15:13.387+0000] {local_task_job_runner.py:225} INFO - Task exited with return code 0
[2024-02-25T11:15:13.407+0000] {taskinstance.py:2653} INFO - 2 downstream tasks scheduled from follow-on schedule check
